CRITICAL - 2020-09-21 03:23:37 --> Undefined property: App\Controllers\Fairs::$validationRules
#0 /var/www/hosttest.com/app/Controllers/Fairs.php(53): CodeIgniter\Debug\Exceptions->errorHandler()
#1 /var/www/hosttest.com/system/CodeIgniter.php(926): App\Controllers\Fairs->uploadFile()
#2 /var/www/hosttest.com/system/CodeIgniter.php(412): CodeIgniter\CodeIgniter->runController()
#3 /var/www/hosttest.com/system/CodeIgniter.php(320): CodeIgniter\CodeIgniter->handleRequest()
#4 /var/www/hosttest.com/public/index.php(45): CodeIgniter\CodeIgniter->run()
#5 /var/www/hosttest.com/system/Commands/Server/rewrite.php(34): require_once('/var/www/hostte...')
#6 {main}
CRITICAL - 2020-09-21 03:24:15 --> Undefined property: App\Controllers\Fairs::$validationRules
#0 /var/www/hosttest.com/app/Controllers/Fairs.php(53): CodeIgniter\Debug\Exceptions->errorHandler()
#1 /var/www/hosttest.com/system/CodeIgniter.php(926): App\Controllers\Fairs->uploadFile()
#2 /var/www/hosttest.com/system/CodeIgniter.php(412): CodeIgniter\CodeIgniter->runController()
#3 /var/www/hosttest.com/system/CodeIgniter.php(320): CodeIgniter\CodeIgniter->handleRequest()
#4 /var/www/hosttest.com/public/index.php(45): CodeIgniter\CodeIgniter->run()
#5 /var/www/hosttest.com/system/Commands/Server/rewrite.php(34): require_once('/var/www/hostte...')
#6 {main}
CRITICAL - 2020-09-21 04:24:15 --> Undefined variable: id
#0 /var/www/hosttest.com/app/Controllers/Fairs.php(58): CodeIgniter\Debug\Exceptions->errorHandler()
#1 /var/www/hosttest.com/system/CodeIgniter.php(926): App\Controllers\Fairs->uploadFile()
#2 /var/www/hosttest.com/system/CodeIgniter.php(412): CodeIgniter\CodeIgniter->runController()
#3 /var/www/hosttest.com/system/CodeIgniter.php(320): CodeIgniter\CodeIgniter->handleRequest()
#4 /var/www/hosttest.com/public/index.php(45): CodeIgniter\CodeIgniter->run()
#5 /var/www/hosttest.com/system/Commands/Server/rewrite.php(34): require_once('/var/www/hostte...')
#6 {main}
CRITICAL - 2020-09-21 04:31:10 --> Call to undefined method CodeIgniter\Files\File::getName()
#0 /var/www/hosttest.com/app/Controllers/Fairs.php(58): App\Controllers\Fairs->displayImage()
#1 /var/www/hosttest.com/system/CodeIgniter.php(926): App\Controllers\Fairs->uploadFile()
#2 /var/www/hosttest.com/system/CodeIgniter.php(412): CodeIgniter\CodeIgniter->runController()
#3 /var/www/hosttest.com/system/CodeIgniter.php(320): CodeIgniter\CodeIgniter->handleRequest()
#4 /var/www/hosttest.com/public/index.php(45): CodeIgniter\CodeIgniter->run()
#5 /var/www/hosttest.com/system/Commands/Server/rewrite.php(34): require_once('/var/www/hostte...')
#6 {main}
CRITICAL - 2020-09-21 04:32:17 --> Too few arguments to function CodeIgniter\Files\File::__construct(), 0 passed in /var/www/hosttest.com/app/Controllers/Fairs.php on line 85 and at least 1 expected
#0 /var/www/hosttest.com/app/Controllers/Fairs.php(85): CodeIgniter\Files\File->__construct()
#1 /var/www/hosttest.com/app/Controllers/Fairs.php(58): App\Controllers\Fairs->displayImage()
#2 /var/www/hosttest.com/system/CodeIgniter.php(926): App\Controllers\Fairs->uploadFile()
#3 /var/www/hosttest.com/system/CodeIgniter.php(412): CodeIgniter\CodeIgniter->runController()
#4 /var/www/hosttest.com/system/CodeIgniter.php(320): CodeIgniter\CodeIgniter->handleRequest()
#5 /var/www/hosttest.com/public/index.php(45): CodeIgniter\CodeIgniter->run()
#6 /var/www/hosttest.com/system/Commands/Server/rewrite.php(34): require_once('/var/www/hostte...')
#7 {main}
CRITICAL - 2020-09-21 04:34:53 --> Too few arguments to function CodeIgniter\Files\File::__construct(), 0 passed in /var/www/hosttest.com/app/Controllers/Fairs.php on line 85 and at least 1 expected
#0 /var/www/hosttest.com/app/Controllers/Fairs.php(85): CodeIgniter\Files\File->__construct()
#1 /var/www/hosttest.com/app/Controllers/Fairs.php(58): App\Controllers\Fairs->displayImage()
#2 /var/www/hosttest.com/system/CodeIgniter.php(926): App\Controllers\Fairs->uploadFile()
#3 /var/www/hosttest.com/system/CodeIgniter.php(412): CodeIgniter\CodeIgniter->runController()
#4 /var/www/hosttest.com/system/CodeIgniter.php(320): CodeIgniter\CodeIgniter->handleRequest()
#5 /var/www/hosttest.com/public/index.php(45): CodeIgniter\CodeIgniter->run()
#6 /var/www/hosttest.com/system/Commands/Server/rewrite.php(34): require_once('/var/www/hostte...')
#7 {main}
CRITICAL - 2020-09-21 05:36:05 --> Argument 1 passed to CodeIgniter\Model::__construct() must be an instance of CodeIgniter\Database\ConnectionInterface or null, string given, called in /var/www/hosttest.com/app/Controllers/Fairs.php on line 76
#0 /var/www/hosttest.com/app/Controllers/Fairs.php(76): CodeIgniter\Model->__construct()
#1 /var/www/hosttest.com/system/CodeIgniter.php(926): App\Controllers\Fairs->uploadFile()
#2 /var/www/hosttest.com/system/CodeIgniter.php(412): CodeIgniter\CodeIgniter->runController()
#3 /var/www/hosttest.com/system/CodeIgniter.php(320): CodeIgniter\CodeIgniter->handleRequest()
#4 /var/www/hosttest.com/public/index.php(45): CodeIgniter\CodeIgniter->run()
#5 /var/www/hosttest.com/system/Commands/Server/rewrite.php(34): require_once('/var/www/hostte...')
#6 {main}
CRITICAL - 2020-09-21 05:42:06 --> Argument 1 passed to CodeIgniter\Model::__construct() must be an instance of CodeIgniter\Database\ConnectionInterface or null, string given, called in /var/www/hosttest.com/app/Controllers/Fairs.php on line 76
#0 /var/www/hosttest.com/app/Controllers/Fairs.php(76): CodeIgniter\Model->__construct()
#1 /var/www/hosttest.com/system/CodeIgniter.php(926): App\Controllers\Fairs->uploadFile()
#2 /var/www/hosttest.com/system/CodeIgniter.php(412): CodeIgniter\CodeIgniter->runController()
#3 /var/www/hosttest.com/system/CodeIgniter.php(320): CodeIgniter\CodeIgniter->handleRequest()
#4 /var/www/hosttest.com/public/index.php(45): CodeIgniter\CodeIgniter->run()
#5 /var/www/hosttest.com/system/Commands/Server/rewrite.php(34): require_once('/var/www/hostte...')
#6 {main}
CRITICAL - 2020-09-21 05:47:35 --> Argument 1 passed to CodeIgniter\Model::__construct() must be an instance of CodeIgniter\Database\ConnectionInterface or null, string given, called in /var/www/hosttest.com/app/Controllers/Fairs.php on line 76
#0 /var/www/hosttest.com/app/Controllers/Fairs.php(76): CodeIgniter\Model->__construct()
#1 /var/www/hosttest.com/system/CodeIgniter.php(926): App\Controllers\Fairs->uploadFile()
#2 /var/www/hosttest.com/system/CodeIgniter.php(412): CodeIgniter\CodeIgniter->runController()
#3 /var/www/hosttest.com/system/CodeIgniter.php(320): CodeIgniter\CodeIgniter->handleRequest()
#4 /var/www/hosttest.com/public/index.php(45): CodeIgniter\CodeIgniter->run()
#5 /var/www/hosttest.com/system/Commands/Server/rewrite.php(34): require_once('/var/www/hostte...')
#6 {main}
CRITICAL - 2020-09-21 05:56:49 --> You must set the database table to be used with your query.
#0 /var/www/hosttest.com/system/Model.php(1237): CodeIgniter\Database\BaseConnection->table()
#1 /var/www/hosttest.com/system/Model.php(1816): CodeIgniter\Model->builder()
#2 /var/www/hosttest.com/app/Controllers/Fairs.php(77): CodeIgniter\Model->__call()
#3 /var/www/hosttest.com/system/CodeIgniter.php(926): App\Controllers\Fairs->uploadFile()
#4 /var/www/hosttest.com/system/CodeIgniter.php(412): CodeIgniter\CodeIgniter->runController()
#5 /var/www/hosttest.com/system/CodeIgniter.php(320): CodeIgniter\CodeIgniter->handleRequest()
#6 /var/www/hosttest.com/public/index.php(45): CodeIgniter\CodeIgniter->run()
#7 /var/www/hosttest.com/system/Commands/Server/rewrite.php(34): require_once('/var/www/hostte...')
#8 {main}
CRITICAL - 2020-09-21 05:59:10 --> You must set the database table to be used with your query.
#0 /var/www/hosttest.com/system/Model.php(1237): CodeIgniter\Database\BaseConnection->table()
#1 /var/www/hosttest.com/system/Model.php(1816): CodeIgniter\Model->builder()
#2 /var/www/hosttest.com/app/Controllers/Fairs.php(77): CodeIgniter\Model->__call()
#3 /var/www/hosttest.com/system/CodeIgniter.php(926): App\Controllers\Fairs->uploadFile()
#4 /var/www/hosttest.com/system/CodeIgniter.php(412): CodeIgniter\CodeIgniter->runController()
#5 /var/www/hosttest.com/system/CodeIgniter.php(320): CodeIgniter\CodeIgniter->handleRequest()
#6 /var/www/hosttest.com/public/index.php(45): CodeIgniter\CodeIgniter->run()
#7 /var/www/hosttest.com/system/Commands/Server/rewrite.php(34): require_once('/var/www/hostte...')
#8 {main}
CRITICAL - 2020-09-21 06:00:19 --> Argument 1 passed to CodeIgniter\Model::__construct() must be an instance of CodeIgniter\Database\ConnectionInterface or null, string given, called in /var/www/hosttest.com/app/Controllers/Fairs.php on line 76
#0 /var/www/hosttest.com/app/Controllers/Fairs.php(76): CodeIgniter\Model->__construct()
#1 /var/www/hosttest.com/system/CodeIgniter.php(926): App\Controllers\Fairs->uploadFile()
#2 /var/www/hosttest.com/system/CodeIgniter.php(412): CodeIgniter\CodeIgniter->runController()
#3 /var/www/hosttest.com/system/CodeIgniter.php(320): CodeIgniter\CodeIgniter->handleRequest()
#4 /var/www/hosttest.com/public/index.php(45): CodeIgniter\CodeIgniter->run()
#5 /var/www/hosttest.com/system/Commands/Server/rewrite.php(34): require_once('/var/www/hostte...')
#6 {main}
CRITICAL - 2020-09-21 06:01:29 --> You must set the database table to be used with your query.
#0 /var/www/hosttest.com/system/Model.php(1237): CodeIgniter\Database\BaseConnection->table()
#1 /var/www/hosttest.com/system/Model.php(1764): CodeIgniter\Model->builder()
#2 /var/www/hosttest.com/app/Controllers/Fairs.php(77): CodeIgniter\Model->__get()
#3 /var/www/hosttest.com/system/CodeIgniter.php(926): App\Controllers\Fairs->uploadFile()
#4 /var/www/hosttest.com/system/CodeIgniter.php(412): CodeIgniter\CodeIgniter->runController()
#5 /var/www/hosttest.com/system/CodeIgniter.php(320): CodeIgniter\CodeIgniter->handleRequest()
#6 /var/www/hosttest.com/public/index.php(45): CodeIgniter\CodeIgniter->run()
#7 /var/www/hosttest.com/system/Commands/Server/rewrite.php(34): require_once('/var/www/hostte...')
#8 {main}
CRITICAL - 2020-09-21 06:03:28 --> You must set the database table to be used with your query.
#0 /var/www/hosttest.com/system/Model.php(1237): CodeIgniter\Database\BaseConnection->table()
#1 /var/www/hosttest.com/system/Model.php(382): CodeIgniter\Model->builder()
#2 /var/www/hosttest.com/app/Controllers/Fairs.php(77): CodeIgniter\Model->find()
#3 /var/www/hosttest.com/system/CodeIgniter.php(926): App\Controllers\Fairs->uploadFile()
#4 /var/www/hosttest.com/system/CodeIgniter.php(412): CodeIgniter\CodeIgniter->runController()
#5 /var/www/hosttest.com/system/CodeIgniter.php(320): CodeIgniter\CodeIgniter->handleRequest()
#6 /var/www/hosttest.com/public/index.php(45): CodeIgniter\CodeIgniter->run()
#7 /var/www/hosttest.com/system/Commands/Server/rewrite.php(34): require_once('/var/www/hostte...')
#8 {main}
CRITICAL - 2020-09-21 06:04:17 --> You must set the database table to be used with your query.
#0 /var/www/hosttest.com/system/Model.php(1237): CodeIgniter\Database\BaseConnection->table()
#1 /var/www/hosttest.com/system/Model.php(382): CodeIgniter\Model->builder()
#2 /var/www/hosttest.com/app/Controllers/Fairs.php(77): CodeIgniter\Model->find()
#3 /var/www/hosttest.com/system/CodeIgniter.php(926): App\Controllers\Fairs->uploadFile()
#4 /var/www/hosttest.com/system/CodeIgniter.php(412): CodeIgniter\CodeIgniter->runController()
#5 /var/www/hosttest.com/system/CodeIgniter.php(320): CodeIgniter\CodeIgniter->handleRequest()
#6 /var/www/hosttest.com/public/index.php(45): CodeIgniter\CodeIgniter->run()
#7 /var/www/hosttest.com/system/Commands/Server/rewrite.php(34): require_once('/var/www/hostte...')
#8 {main}
CRITICAL - 2020-09-21 06:05:31 --> You must set the database table to be used with your query.
#0 /var/www/hosttest.com/system/Model.php(1237): CodeIgniter\Database\BaseConnection->table()
#1 /var/www/hosttest.com/system/Model.php(382): CodeIgniter\Model->builder()
#2 /var/www/hosttest.com/app/Controllers/Fairs.php(77): CodeIgniter\Model->find()
#3 /var/www/hosttest.com/system/CodeIgniter.php(926): App\Controllers\Fairs->uploadFile()
#4 /var/www/hosttest.com/system/CodeIgniter.php(412): CodeIgniter\CodeIgniter->runController()
#5 /var/www/hosttest.com/system/CodeIgniter.php(320): CodeIgniter\CodeIgniter->handleRequest()
#6 /var/www/hosttest.com/public/index.php(45): CodeIgniter\CodeIgniter->run()
#7 /var/www/hosttest.com/system/Commands/Server/rewrite.php(34): require_once('/var/www/hostte...')
#8 {main}
CRITICAL - 2020-09-21 06:11:43 --> You must set the database table to be used with your query.
#0 /var/www/hosttest.com/system/Model.php(1237): CodeIgniter\Database\BaseConnection->table()
#1 /var/www/hosttest.com/system/Model.php(382): CodeIgniter\Model->builder()
#2 /var/www/hosttest.com/app/Controllers/Fairs.php(77): CodeIgniter\Model->find()
#3 /var/www/hosttest.com/system/CodeIgniter.php(926): App\Controllers\Fairs->uploadFile()
#4 /var/www/hosttest.com/system/CodeIgniter.php(412): CodeIgniter\CodeIgniter->runController()
#5 /var/www/hosttest.com/system/CodeIgniter.php(320): CodeIgniter\CodeIgniter->handleRequest()
#6 /var/www/hosttest.com/public/index.php(45): CodeIgniter\CodeIgniter->run()
#7 /var/www/hosttest.com/system/Commands/Server/rewrite.php(34): require_once('/var/www/hostte...')
#8 {main}
CRITICAL - 2020-09-21 07:14:57 --> You must set the database table to be used with your query.
#0 /var/www/hosttest.com/system/Model.php(1237): CodeIgniter\Database\BaseConnection->table()
#1 /var/www/hosttest.com/system/Model.php(382): CodeIgniter\Model->builder()
#2 /var/www/hosttest.com/app/Controllers/Fairs.php(77): CodeIgniter\Model->find()
#3 /var/www/hosttest.com/system/CodeIgniter.php(926): App\Controllers\Fairs->uploadFile()
#4 /var/www/hosttest.com/system/CodeIgniter.php(412): CodeIgniter\CodeIgniter->runController()
#5 /var/www/hosttest.com/system/CodeIgniter.php(320): CodeIgniter\CodeIgniter->handleRequest()
#6 /var/www/hosttest.com/public/index.php(45): CodeIgniter\CodeIgniter->run()
#7 /var/www/hosttest.com/system/Commands/Server/rewrite.php(34): require_once('/var/www/hostte...')
#8 {main}
CRITICAL - 2020-09-21 07:21:16 --> Undefined variable: fairModelv
#0 /var/www/hosttest.com/app/Controllers/Fairs.php(77): CodeIgniter\Debug\Exceptions->errorHandler()
#1 /var/www/hosttest.com/system/CodeIgniter.php(926): App\Controllers\Fairs->uploadFile()
#2 /var/www/hosttest.com/system/CodeIgniter.php(412): CodeIgniter\CodeIgniter->runController()
#3 /var/www/hosttest.com/system/CodeIgniter.php(320): CodeIgniter\CodeIgniter->handleRequest()
#4 /var/www/hosttest.com/public/index.php(45): CodeIgniter\CodeIgniter->run()
#5 /var/www/hosttest.com/system/Commands/Server/rewrite.php(34): require_once('/var/www/hostte...')
#6 {main}
CRITICAL - 2020-09-21 07:21:39 --> You must set the database table to be used with your query.
#0 /var/www/hosttest.com/system/Model.php(1237): CodeIgniter\Database\BaseConnection->table()
#1 /var/www/hosttest.com/system/Model.php(382): CodeIgniter\Model->builder()
#2 /var/www/hosttest.com/app/Controllers/Fairs.php(77): CodeIgniter\Model->find()
#3 /var/www/hosttest.com/system/CodeIgniter.php(926): App\Controllers\Fairs->uploadFile()
#4 /var/www/hosttest.com/system/CodeIgniter.php(412): CodeIgniter\CodeIgniter->runController()
#5 /var/www/hosttest.com/system/CodeIgniter.php(320): CodeIgniter\CodeIgniter->handleRequest()
#6 /var/www/hosttest.com/public/index.php(45): CodeIgniter\CodeIgniter->run()
#7 /var/www/hosttest.com/system/Commands/Server/rewrite.php(34): require_once('/var/www/hostte...')
#8 {main}
CRITICAL - 2020-09-21 07:23:54 --> You must set the database table to be used with your query.
#0 /var/www/hosttest.com/system/Model.php(1237): CodeIgniter\Database\BaseConnection->table()
#1 /var/www/hosttest.com/system/Model.php(382): CodeIgniter\Model->builder()
#2 /var/www/hosttest.com/app/Models/FairModel.php(32): CodeIgniter\Model->find()
#3 /var/www/hosttest.com/app/Controllers/Fairs.php(77): App\Models\FairModel->getAll()
#4 /var/www/hosttest.com/system/CodeIgniter.php(926): App\Controllers\Fairs->uploadFile()
#5 /var/www/hosttest.com/system/CodeIgniter.php(412): CodeIgniter\CodeIgniter->runController()
#6 /var/www/hosttest.com/system/CodeIgniter.php(320): CodeIgniter\CodeIgniter->handleRequest()
#7 /var/www/hosttest.com/public/index.php(45): CodeIgniter\CodeIgniter->run()
#8 /var/www/hosttest.com/system/Commands/Server/rewrite.php(34): require_once('/var/www/hostte...')
#9 {main}
CRITICAL - 2020-09-21 07:34:05 --> You must set the database table to be used with your query.
#0 /var/www/hosttest.com/system/Model.php(1237): CodeIgniter\Database\BaseConnection->table()
#1 /var/www/hosttest.com/system/Model.php(1764): CodeIgniter\Model->builder()
#2 /var/www/hosttest.com/app/Models/FairModel.php(27): CodeIgniter\Model->__get()
#3 /var/www/hosttest.com/app/Controllers/Fairs.php(76): App\Models\FairModel->__construct()
#4 /var/www/hosttest.com/system/CodeIgniter.php(926): App\Controllers\Fairs->uploadFile()
#5 /var/www/hosttest.com/system/CodeIgniter.php(412): CodeIgniter\CodeIgniter->runController()
#6 /var/www/hosttest.com/system/CodeIgniter.php(320): CodeIgniter\CodeIgniter->handleRequest()
#7 /var/www/hosttest.com/public/index.php(45): CodeIgniter\CodeIgniter->run()
#8 /var/www/hosttest.com/system/Commands/Server/rewrite.php(34): require_once('/var/www/hostte...')
#9 {main}
CRITICAL - 2020-09-21 07:36:04 --> You must set the database table to be used with your query.
#0 /var/www/hosttest.com/system/Model.php(1237): CodeIgniter\Database\BaseConnection->table()
#1 /var/www/hosttest.com/system/Model.php(1764): CodeIgniter\Model->builder()
#2 /var/www/hosttest.com/app/Models/FairModel.php(27): CodeIgniter\Model->__get()
#3 /var/www/hosttest.com/app/Controllers/Fairs.php(76): App\Models\FairModel->__construct()
#4 /var/www/hosttest.com/system/CodeIgniter.php(926): App\Controllers\Fairs->uploadFile()
#5 /var/www/hosttest.com/system/CodeIgniter.php(412): CodeIgniter\CodeIgniter->runController()
#6 /var/www/hosttest.com/system/CodeIgniter.php(320): CodeIgniter\CodeIgniter->handleRequest()
#7 /var/www/hosttest.com/public/index.php(45): CodeIgniter\CodeIgniter->run()
#8 /var/www/hosttest.com/system/Commands/Server/rewrite.php(34): require_once('/var/www/hostte...')
#9 {main}
CRITICAL - 2020-09-21 07:41:40 --> Call to undefined method App\Models\FairModel::getById
#0 /var/www/hosttest.com/app/Controllers/Fairs.php(77): CodeIgniter\Model->__call()
#1 /var/www/hosttest.com/system/CodeIgniter.php(926): App\Controllers\Fairs->uploadFile()
#2 /var/www/hosttest.com/system/CodeIgniter.php(412): CodeIgniter\CodeIgniter->runController()
#3 /var/www/hosttest.com/system/CodeIgniter.php(320): CodeIgniter\CodeIgniter->handleRequest()
#4 /var/www/hosttest.com/public/index.php(45): CodeIgniter\CodeIgniter->run()
#5 /var/www/hosttest.com/system/Commands/Server/rewrite.php(34): require_once('/var/www/hostte...')
#6 {main}
CRITICAL - 2020-09-21 07:44:44 --> Argument 1 passed to CodeIgniter\Model::__construct() must be an instance of CodeIgniter\Database\ConnectionInterface or null, string given, called in /var/www/hosttest.com/app/Controllers/Fairs.php on line 76
#0 /var/www/hosttest.com/app/Controllers/Fairs.php(76): CodeIgniter\Model->__construct()
#1 /var/www/hosttest.com/system/CodeIgniter.php(926): App\Controllers\Fairs->uploadFile()
#2 /var/www/hosttest.com/system/CodeIgniter.php(412): CodeIgniter\CodeIgniter->runController()
#3 /var/www/hosttest.com/system/CodeIgniter.php(320): CodeIgniter\CodeIgniter->handleRequest()
#4 /var/www/hosttest.com/public/index.php(45): CodeIgniter\CodeIgniter->run()
#5 /var/www/hosttest.com/system/Commands/Server/rewrite.php(34): require_once('/var/www/hostte...')
#6 {main}
CRITICAL - 2020-09-21 07:47:34 --> Undefined variable: fairmodel
#0 /var/www/hosttest.com/app/Controllers/Fairs.php(81): CodeIgniter\Debug\Exceptions->errorHandler()
#1 /var/www/hosttest.com/system/CodeIgniter.php(926): App\Controllers\Fairs->uploadFile()
#2 /var/www/hosttest.com/system/CodeIgniter.php(412): CodeIgniter\CodeIgniter->runController()
#3 /var/www/hosttest.com/system/CodeIgniter.php(320): CodeIgniter\CodeIgniter->handleRequest()
#4 /var/www/hosttest.com/public/index.php(45): CodeIgniter\CodeIgniter->run()
#5 /var/www/hosttest.com/system/Commands/Server/rewrite.php(34): require_once('/var/www/hostte...')
#6 {main}
CRITICAL - 2020-09-21 07:48:05 --> You must use the "set" method to update an entry.
#0 /var/www/hosttest.com/system/Database/BaseBuilder.php(2430): CodeIgniter\Database\BaseBuilder->validateUpdate()
#1 /var/www/hosttest.com/system/Model.php(889): CodeIgniter\Database\BaseBuilder->update()
#2 /var/www/hosttest.com/app/Controllers/Fairs.php(81): CodeIgniter\Model->update()
#3 /var/www/hosttest.com/system/CodeIgniter.php(926): App\Controllers\Fairs->uploadFile()
#4 /var/www/hosttest.com/system/CodeIgniter.php(412): CodeIgniter\CodeIgniter->runController()
#5 /var/www/hosttest.com/system/CodeIgniter.php(320): CodeIgniter\CodeIgniter->handleRequest()
#6 /var/www/hosttest.com/public/index.php(45): CodeIgniter\CodeIgniter->run()
#7 /var/www/hosttest.com/system/Commands/Server/rewrite.php(34): require_once('/var/www/hostte...')
#8 {main}
CRITICAL - 2020-09-21 07:56:09 --> There is no data to update.
#0 /var/www/hosttest.com/system/Model.php(834): CodeIgniter\Database\Exceptions\DataException::forEmptyDataset()
#1 /var/www/hosttest.com/app/Controllers/Fairs.php(84): CodeIgniter\Model->update()
#2 /var/www/hosttest.com/system/CodeIgniter.php(926): App\Controllers\Fairs->uploadFile()
#3 /var/www/hosttest.com/system/CodeIgniter.php(412): CodeIgniter\CodeIgniter->runController()
#4 /var/www/hosttest.com/system/CodeIgniter.php(320): CodeIgniter\CodeIgniter->handleRequest()
#5 /var/www/hosttest.com/public/index.php(45): CodeIgniter\CodeIgniter->run()
#6 /var/www/hosttest.com/system/Commands/Server/rewrite.php(34): require_once('/var/www/hostte...')
#7 {main}
CRITICAL - 2020-09-21 07:59:28 --> You must use the "set" method to update an entry.
#0 /var/www/hosttest.com/system/Database/BaseBuilder.php(2430): CodeIgniter\Database\BaseBuilder->validateUpdate()
#1 /var/www/hosttest.com/system/Model.php(889): CodeIgniter\Database\BaseBuilder->update()
#2 /var/www/hosttest.com/app/Controllers/Fairs.php(81): CodeIgniter\Model->update()
#3 /var/www/hosttest.com/system/CodeIgniter.php(926): App\Controllers\Fairs->uploadFile()
#4 /var/www/hosttest.com/system/CodeIgniter.php(412): CodeIgniter\CodeIgniter->runController()
#5 /var/www/hosttest.com/system/CodeIgniter.php(320): CodeIgniter\CodeIgniter->handleRequest()
#6 /var/www/hosttest.com/public/index.php(45): CodeIgniter\CodeIgniter->run()
#7 /var/www/hosttest.com/system/Commands/Server/rewrite.php(34): require_once('/var/www/hostte...')
#8 {main}
CRITICAL - 2020-09-21 08:00:18 --> There is no data to update.
#0 /var/www/hosttest.com/system/Model.php(834): CodeIgniter\Database\Exceptions\DataException::forEmptyDataset()
#1 /var/www/hosttest.com/app/Controllers/Fairs.php(84): CodeIgniter\Model->update()
#2 /var/www/hosttest.com/system/CodeIgniter.php(926): App\Controllers\Fairs->uploadFile()
#3 /var/www/hosttest.com/system/CodeIgniter.php(412): CodeIgniter\CodeIgniter->runController()
#4 /var/www/hosttest.com/system/CodeIgniter.php(320): CodeIgniter\CodeIgniter->handleRequest()
#5 /var/www/hosttest.com/public/index.php(45): CodeIgniter\CodeIgniter->run()
#6 /var/www/hosttest.com/system/Commands/Server/rewrite.php(34): require_once('/var/www/hostte...')
#7 {main}
CRITICAL - 2020-09-21 08:04:05 --> There is no data to update.
#0 /var/www/hosttest.com/system/Model.php(834): CodeIgniter\Database\Exceptions\DataException::forEmptyDataset()
#1 /var/www/hosttest.com/app/Controllers/Fairs.php(83): CodeIgniter\Model->update()
#2 /var/www/hosttest.com/system/CodeIgniter.php(926): App\Controllers\Fairs->uploadFile()
#3 /var/www/hosttest.com/system/CodeIgniter.php(412): CodeIgniter\CodeIgniter->runController()
#4 /var/www/hosttest.com/system/CodeIgniter.php(320): CodeIgniter\CodeIgniter->handleRequest()
#5 /var/www/hosttest.com/public/index.php(45): CodeIgniter\CodeIgniter->run()
#6 /var/www/hosttest.com/system/Commands/Server/rewrite.php(34): require_once('/var/www/hostte...')
#7 {main}
CRITICAL - 2020-09-21 08:07:34 --> There is no data to update.
#0 /var/www/hosttest.com/system/Model.php(834): CodeIgniter\Database\Exceptions\DataException::forEmptyDataset()
#1 /var/www/hosttest.com/app/Controllers/Fairs.php(82): CodeIgniter\Model->update()
#2 /var/www/hosttest.com/system/CodeIgniter.php(926): App\Controllers\Fairs->uploadFile()
#3 /var/www/hosttest.com/system/CodeIgniter.php(412): CodeIgniter\CodeIgniter->runController()
#4 /var/www/hosttest.com/system/CodeIgniter.php(320): CodeIgniter\CodeIgniter->handleRequest()
#5 /var/www/hosttest.com/public/index.php(45): CodeIgniter\CodeIgniter->run()
#6 /var/www/hosttest.com/system/Commands/Server/rewrite.php(34): require_once('/var/www/hostte...')
#7 {main}
CRITICAL - 2020-09-21 08:08:34 --> Argument 1 passed to CodeIgniter\Model::doProtectFields() must be of the type array, string given, called in /var/www/hosttest.com/system/Model.php on line 870
#0 /var/www/hosttest.com/system/Model.php(870): CodeIgniter\Model->doProtectFields()
#1 /var/www/hosttest.com/app/Controllers/Fairs.php(82): CodeIgniter\Model->update()
#2 /var/www/hosttest.com/system/CodeIgniter.php(926): App\Controllers\Fairs->uploadFile()
#3 /var/www/hosttest.com/system/CodeIgniter.php(412): CodeIgniter\CodeIgniter->runController()
#4 /var/www/hosttest.com/system/CodeIgniter.php(320): CodeIgniter\CodeIgniter->handleRequest()
#5 /var/www/hosttest.com/public/index.php(45): CodeIgniter\CodeIgniter->run()
#6 /var/www/hosttest.com/system/Commands/Server/rewrite.php(34): require_once('/var/www/hostte...')
#7 {main}
CRITICAL - 2020-09-21 08:22:14 --> Argument 1 passed to CodeIgniter\Model::doProtectFields() must be of the type array, string given, called in /var/www/hosttest.com/system/Model.php on line 870
#0 /var/www/hosttest.com/system/Model.php(870): CodeIgniter\Model->doProtectFields()
#1 /var/www/hosttest.com/app/Controllers/Fairs.php(82): CodeIgniter\Model->update()
#2 /var/www/hosttest.com/system/CodeIgniter.php(926): App\Controllers\Fairs->uploadFile()
#3 /var/www/hosttest.com/system/CodeIgniter.php(412): CodeIgniter\CodeIgniter->runController()
#4 /var/www/hosttest.com/system/CodeIgniter.php(320): CodeIgniter\CodeIgniter->handleRequest()
#5 /var/www/hosttest.com/public/index.php(45): CodeIgniter\CodeIgniter->run()
#6 /var/www/hosttest.com/system/Commands/Server/rewrite.php(34): require_once('/var/www/hostte...')
#7 {main}
CRITICAL - 2020-09-21 08:49:44 --> Too few arguments to function App\Controllers\Fairs::removeImage(), 0 passed in /var/www/hosttest.com/system/CodeIgniter.php on line 926 and exactly 1 expected
#0 /var/www/hosttest.com/system/CodeIgniter.php(926): App\Controllers\Fairs->removeImage()
#1 /var/www/hosttest.com/system/CodeIgniter.php(412): CodeIgniter\CodeIgniter->runController()
#2 /var/www/hosttest.com/system/CodeIgniter.php(320): CodeIgniter\CodeIgniter->handleRequest()
#3 /var/www/hosttest.com/public/index.php(45): CodeIgniter\CodeIgniter->run()
#4 /var/www/hosttest.com/system/Commands/Server/rewrite.php(34): require_once('/var/www/hostte...')
#5 {main}
CRITICAL - 2020-09-21 09:06:45 --> Undefined variable: validation
#0 /var/www/hosttest.com/app/Views/fairs/upload.php(6): CodeIgniter\Debug\Exceptions->errorHandler()
#1 /var/www/hosttest.com/system/View/View.php(246): include('/var/www/hostte...')
#2 /var/www/hosttest.com/system/Common.php(1119): CodeIgniter\View\View->render()
#3 /var/www/hosttest.com/app/Controllers/Fairs.php(33): view()
#4 /var/www/hosttest.com/system/CodeIgniter.php(926): App\Controllers\Fairs->uploadFileForm()
#5 /var/www/hosttest.com/system/CodeIgniter.php(412): CodeIgniter\CodeIgniter->runController()
#6 /var/www/hosttest.com/system/CodeIgniter.php(320): CodeIgniter\CodeIgniter->handleRequest()
#7 /var/www/hosttest.com/public/index.php(45): CodeIgniter\CodeIgniter->run()
#8 /var/www/hosttest.com/system/Commands/Server/rewrite.php(34): require_once('/var/www/hostte...')
#9 {main}
CRITICAL - 2020-09-21 09:19:11 --> Call to undefined method App\Controllers\Pavilions::displayImage()
#0 /var/www/hosttest.com/system/View/View.php(246): include()
#1 /var/www/hosttest.com/system/Common.php(1119): CodeIgniter\View\View->render()
#2 /var/www/hosttest.com/app/Controllers/Pavilions.php(30): view()
#3 /var/www/hosttest.com/system/CodeIgniter.php(926): App\Controllers\Pavilions->uploadImageForm()
#4 /var/www/hosttest.com/system/CodeIgniter.php(412): CodeIgniter\CodeIgniter->runController()
#5 /var/www/hosttest.com/system/CodeIgniter.php(320): CodeIgniter\CodeIgniter->handleRequest()
#6 /var/www/hosttest.com/public/index.php(45): CodeIgniter\CodeIgniter->run()
#7 /var/www/hosttest.com/system/Commands/Server/rewrite.php(34): require_once('/var/www/hostte...')
#8 {main}
CRITICAL - 2020-09-21 09:25:43 --> Class 'App\Controllers\PavilionModel' not found
#0 /var/www/hosttest.com/system/CodeIgniter.php(926): App\Controllers\Pavilions->uploadImage()
#1 /var/www/hosttest.com/system/CodeIgniter.php(412): CodeIgniter\CodeIgniter->runController()
#2 /var/www/hosttest.com/system/CodeIgniter.php(320): CodeIgniter\CodeIgniter->handleRequest()
#3 /var/www/hosttest.com/public/index.php(45): CodeIgniter\CodeIgniter->run()
#4 /var/www/hosttest.com/system/Commands/Server/rewrite.php(34): require_once('/var/www/hostte...')
#5 {main}
