CRITICAL - 2020-09-27 07:47:05 --> You have an error in your SQL syntax; check the manual that corresponds to your MySQL server version for the right syntax to use near '' at line 1
#0 C:\wamp64\www\hosttest.com\system\Database\MySQLi\Connection.php(331): mysqli->query('SELECT * FROM `...')
#1 C:\wamp64\www\hosttest.com\system\Database\BaseConnection.php(741): CodeIgniter\Database\MySQLi\Connection->execute('SELECT * FROM `...')
#2 C:\wamp64\www\hosttest.com\system\Database\BaseConnection.php(669): CodeIgniter\Database\BaseConnection->simpleQuery('SELECT * FROM `...')
#3 C:\wamp64\www\hosttest.com\app\Models\UserModel.php(46): CodeIgniter\Database\BaseConnection->query('SELECT * FROM `...')
#4 C:\wamp64\www\hosttest.com\app\Controllers\Owner.php(18): App\Models\UserModel->getUserData(NULL)
#5 C:\wamp64\www\hosttest.com\system\CodeIgniter.php(898): App\Controllers\Owner->__construct()
#6 C:\wamp64\www\hosttest.com\system\CodeIgniter.php(407): CodeIgniter\CodeIgniter->createController()
#7 C:\wamp64\www\hosttest.com\system\CodeIgniter.php(320): CodeIgniter\CodeIgniter->handleRequest(NULL, Object(Config\Cache), false)
#8 C:\wamp64\www\hosttest.com\public\index.php(45): CodeIgniter\CodeIgniter->run()
#9 C:\wamp64\www\hosttest.com\system\Commands\Server\rewrite.php(34): require_once('C:\\wamp64\\www\\h...')
#10 {main}
CRITICAL - 2020-09-27 07:47:08 --> You have an error in your SQL syntax; check the manual that corresponds to your MySQL server version for the right syntax to use near '' at line 1
#0 C:\wamp64\www\hosttest.com\system\Database\MySQLi\Connection.php(331): mysqli->query('SELECT * FROM `...')
#1 C:\wamp64\www\hosttest.com\system\Database\BaseConnection.php(741): CodeIgniter\Database\MySQLi\Connection->execute('SELECT * FROM `...')
#2 C:\wamp64\www\hosttest.com\system\Database\BaseConnection.php(669): CodeIgniter\Database\BaseConnection->simpleQuery('SELECT * FROM `...')
#3 C:\wamp64\www\hosttest.com\app\Models\UserModel.php(46): CodeIgniter\Database\BaseConnection->query('SELECT * FROM `...')
#4 C:\wamp64\www\hosttest.com\app\Controllers\Owner.php(18): App\Models\UserModel->getUserData(NULL)
#5 C:\wamp64\www\hosttest.com\system\CodeIgniter.php(898): App\Controllers\Owner->__construct()
#6 C:\wamp64\www\hosttest.com\system\CodeIgniter.php(407): CodeIgniter\CodeIgniter->createController()
#7 C:\wamp64\www\hosttest.com\system\CodeIgniter.php(320): CodeIgniter\CodeIgniter->handleRequest(NULL, Object(Config\Cache), false)
#8 C:\wamp64\www\hosttest.com\public\index.php(45): CodeIgniter\CodeIgniter->run()
#9 C:\wamp64\www\hosttest.com\system\Commands\Server\rewrite.php(34): require_once('C:\\wamp64\\www\\h...')
#10 {main}
CRITICAL - 2020-09-27 07:47:21 --> You have an error in your SQL syntax; check the manual that corresponds to your MySQL server version for the right syntax to use near '' at line 1
#0 C:\wamp64\www\hosttest.com\system\Database\MySQLi\Connection.php(331): mysqli->query('SELECT * FROM `...')
#1 C:\wamp64\www\hosttest.com\system\Database\BaseConnection.php(741): CodeIgniter\Database\MySQLi\Connection->execute('SELECT * FROM `...')
#2 C:\wamp64\www\hosttest.com\system\Database\BaseConnection.php(669): CodeIgniter\Database\BaseConnection->simpleQuery('SELECT * FROM `...')
#3 C:\wamp64\www\hosttest.com\app\Models\UserModel.php(46): CodeIgniter\Database\BaseConnection->query('SELECT * FROM `...')
#4 C:\wamp64\www\hosttest.com\app\Controllers\Owner.php(18): App\Models\UserModel->getUserData(NULL)
#5 C:\wamp64\www\hosttest.com\system\CodeIgniter.php(898): App\Controllers\Owner->__construct()
#6 C:\wamp64\www\hosttest.com\system\CodeIgniter.php(407): CodeIgniter\CodeIgniter->createController()
#7 C:\wamp64\www\hosttest.com\system\CodeIgniter.php(320): CodeIgniter\CodeIgniter->handleRequest(NULL, Object(Config\Cache), false)
#8 C:\wamp64\www\hosttest.com\public\index.php(45): CodeIgniter\CodeIgniter->run()
#9 C:\wamp64\www\hosttest.com\system\Commands\Server\rewrite.php(34): require_once('C:\\wamp64\\www\\h...')
#10 {main}
CRITICAL - 2020-09-27 07:48:12 --> You have an error in your SQL syntax; check the manual that corresponds to your MySQL server version for the right syntax to use near '' at line 1
#0 C:\wamp64\www\hosttest.com\system\Database\MySQLi\Connection.php(331): mysqli->query('SELECT * FROM `...')
#1 C:\wamp64\www\hosttest.com\system\Database\BaseConnection.php(741): CodeIgniter\Database\MySQLi\Connection->execute('SELECT * FROM `...')
#2 C:\wamp64\www\hosttest.com\system\Database\BaseConnection.php(669): CodeIgniter\Database\BaseConnection->simpleQuery('SELECT * FROM `...')
#3 C:\wamp64\www\hosttest.com\app\Models\UserModel.php(46): CodeIgniter\Database\BaseConnection->query('SELECT * FROM `...')
#4 C:\wamp64\www\hosttest.com\app\Controllers\Owner.php(18): App\Models\UserModel->getUserData(NULL)
#5 C:\wamp64\www\hosttest.com\system\CodeIgniter.php(898): App\Controllers\Owner->__construct()
#6 C:\wamp64\www\hosttest.com\system\CodeIgniter.php(407): CodeIgniter\CodeIgniter->createController()
#7 C:\wamp64\www\hosttest.com\system\CodeIgniter.php(320): CodeIgniter\CodeIgniter->handleRequest(NULL, Object(Config\Cache), false)
#8 C:\wamp64\www\hosttest.com\public\index.php(45): CodeIgniter\CodeIgniter->run()
#9 C:\wamp64\www\hosttest.com\system\Commands\Server\rewrite.php(34): require_once('C:\\wamp64\\www\\h...')
#10 {main}
CRITICAL - 2020-09-27 07:48:14 --> You have an error in your SQL syntax; check the manual that corresponds to your MySQL server version for the right syntax to use near '' at line 1
#0 C:\wamp64\www\hosttest.com\system\Database\MySQLi\Connection.php(331): mysqli->query('SELECT * FROM `...')
#1 C:\wamp64\www\hosttest.com\system\Database\BaseConnection.php(741): CodeIgniter\Database\MySQLi\Connection->execute('SELECT * FROM `...')
#2 C:\wamp64\www\hosttest.com\system\Database\BaseConnection.php(669): CodeIgniter\Database\BaseConnection->simpleQuery('SELECT * FROM `...')
#3 C:\wamp64\www\hosttest.com\app\Models\UserModel.php(46): CodeIgniter\Database\BaseConnection->query('SELECT * FROM `...')
#4 C:\wamp64\www\hosttest.com\app\Controllers\Owner.php(18): App\Models\UserModel->getUserData(NULL)
#5 C:\wamp64\www\hosttest.com\system\CodeIgniter.php(898): App\Controllers\Owner->__construct()
#6 C:\wamp64\www\hosttest.com\system\CodeIgniter.php(407): CodeIgniter\CodeIgniter->createController()
#7 C:\wamp64\www\hosttest.com\system\CodeIgniter.php(320): CodeIgniter\CodeIgniter->handleRequest(NULL, Object(Config\Cache), false)
#8 C:\wamp64\www\hosttest.com\public\index.php(45): CodeIgniter\CodeIgniter->run()
#9 C:\wamp64\www\hosttest.com\system\Commands\Server\rewrite.php(34): require_once('C:\\wamp64\\www\\h...')
#10 {main}
CRITICAL - 2020-09-27 07:48:38 --> You have an error in your SQL syntax; check the manual that corresponds to your MySQL server version for the right syntax to use near '' at line 1
#0 C:\wamp64\www\hosttest.com\system\Database\MySQLi\Connection.php(331): mysqli->query('SELECT * FROM `...')
#1 C:\wamp64\www\hosttest.com\system\Database\BaseConnection.php(741): CodeIgniter\Database\MySQLi\Connection->execute('SELECT * FROM `...')
#2 C:\wamp64\www\hosttest.com\system\Database\BaseConnection.php(669): CodeIgniter\Database\BaseConnection->simpleQuery('SELECT * FROM `...')
#3 C:\wamp64\www\hosttest.com\app\Models\UserModel.php(46): CodeIgniter\Database\BaseConnection->query('SELECT * FROM `...')
#4 C:\wamp64\www\hosttest.com\app\Controllers\Owner.php(18): App\Models\UserModel->getUserData(NULL)
#5 C:\wamp64\www\hosttest.com\system\CodeIgniter.php(898): App\Controllers\Owner->__construct()
#6 C:\wamp64\www\hosttest.com\system\CodeIgniter.php(407): CodeIgniter\CodeIgniter->createController()
#7 C:\wamp64\www\hosttest.com\system\CodeIgniter.php(320): CodeIgniter\CodeIgniter->handleRequest(NULL, Object(Config\Cache), false)
#8 C:\wamp64\www\hosttest.com\public\index.php(45): CodeIgniter\CodeIgniter->run()
#9 C:\wamp64\www\hosttest.com\system\Commands\Server\rewrite.php(34): require_once('C:\\wamp64\\www\\h...')
#10 {main}
CRITICAL - 2020-09-27 07:49:08 --> Undefined index: user_id
#0 C:\wamp64\www\hosttest.com\app\Views\client\index.php(15): CodeIgniter\Debug\Exceptions->errorHandler(8, 'Undefined index...', 'C:\\wamp64\\www\\h...', 15, Array)
#1 C:\wamp64\www\hosttest.com\system\View\View.php(246): include('C:\\wamp64\\www\\h...')
#2 C:\wamp64\www\hosttest.com\system\Common.php(1119): CodeIgniter\View\View->render('client/index', Array, true)
#3 C:\wamp64\www\hosttest.com\app\Controllers\Owner.php(31): view('client/index')
#4 C:\wamp64\www\hosttest.com\system\CodeIgniter.php(926): App\Controllers\Owner->index()
#5 C:\wamp64\www\hosttest.com\system\CodeIgniter.php(412): CodeIgniter\CodeIgniter->runController(Object(App\Controllers\Owner))
#6 C:\wamp64\www\hosttest.com\system\CodeIgniter.php(320): CodeIgniter\CodeIgniter->handleRequest(NULL, Object(Config\Cache), false)
#7 C:\wamp64\www\hosttest.com\public\index.php(45): CodeIgniter\CodeIgniter->run()
#8 C:\wamp64\www\hosttest.com\system\Commands\Server\rewrite.php(34): require_once('C:\\wamp64\\www\\h...')
#9 {main}
CRITICAL - 2020-09-27 07:49:31 --> Array to string conversion
#0 C:\wamp64\www\hosttest.com\app\Controllers\Owner.php(82): CodeIgniter\Debug\Exceptions->errorHandler(8, 'Array to string...', 'C:\\wamp64\\www\\h...', 82, Array)
#1 C:\wamp64\www\hosttest.com\app\Views\client\fairs.php(22): App\Controllers\Owner->clientsBoothsOnSingleFair(Array)
#2 C:\wamp64\www\hosttest.com\system\View\View.php(246): include('C:\\wamp64\\www\\h...')
#3 C:\wamp64\www\hosttest.com\system\Common.php(1119): CodeIgniter\View\View->render('client/fairs', Array, true)
#4 C:\wamp64\www\hosttest.com\app\Controllers\Owner.php(42): view('client/fairs', Array)
#5 C:\wamp64\www\hosttest.com\system\CodeIgniter.php(926): App\Controllers\Owner->fairsView()
#6 C:\wamp64\www\hosttest.com\system\CodeIgniter.php(412): CodeIgniter\CodeIgniter->runController(Object(App\Controllers\Owner))
#7 C:\wamp64\www\hosttest.com\system\CodeIgniter.php(320): CodeIgniter\CodeIgniter->handleRequest(NULL, Object(Config\Cache), false)
#8 C:\wamp64\www\hosttest.com\public\index.php(45): CodeIgniter\CodeIgniter->run()
#9 C:\wamp64\www\hosttest.com\system\Commands\Server\rewrite.php(34): require_once('C:\\wamp64\\www\\h...')
#10 {main}
CRITICAL - 2020-09-27 07:49:40 --> Array to string conversion
#0 C:\wamp64\www\hosttest.com\app\Controllers\Owner.php(82): CodeIgniter\Debug\Exceptions->errorHandler(8, 'Array to string...', 'C:\\wamp64\\www\\h...', 82, Array)
#1 C:\wamp64\www\hosttest.com\app\Views\client\fairs.php(22): App\Controllers\Owner->clientsBoothsOnSingleFair(Array)
#2 C:\wamp64\www\hosttest.com\system\View\View.php(246): include('C:\\wamp64\\www\\h...')
#3 C:\wamp64\www\hosttest.com\system\Common.php(1119): CodeIgniter\View\View->render('client/fairs', Array, true)
#4 C:\wamp64\www\hosttest.com\app\Controllers\Owner.php(42): view('client/fairs', Array)
#5 C:\wamp64\www\hosttest.com\system\CodeIgniter.php(926): App\Controllers\Owner->fairsView()
#6 C:\wamp64\www\hosttest.com\system\CodeIgniter.php(412): CodeIgniter\CodeIgniter->runController(Object(App\Controllers\Owner))
#7 C:\wamp64\www\hosttest.com\system\CodeIgniter.php(320): CodeIgniter\CodeIgniter->handleRequest(NULL, Object(Config\Cache), false)
#8 C:\wamp64\www\hosttest.com\public\index.php(45): CodeIgniter\CodeIgniter->run()
#9 C:\wamp64\www\hosttest.com\system\Commands\Server\rewrite.php(34): require_once('C:\\wamp64\\www\\h...')
#10 {main}
