CRITICAL - 2020-09-09 02:17:30 --> Unable to connect to the database.
#0 /opt/lampp/htdocs/grocery-crud-demo/system/Database/BaseConnection.php(646): CodeIgniter\Database\BaseConnection->initialize()
#1 /opt/lampp/htdocs/grocery-crud-demo/system/Database/BaseBuilder.php(1860): CodeIgniter\Database\BaseConnection->query()
#2 /opt/lampp/htdocs/grocery-crud-demo/system/Model.php(462): CodeIgniter\Database\BaseBuilder->get()
#3 /opt/lampp/htdocs/grocery-crud-demo/app/Models/NewsModel.php(13): CodeIgniter\Model->findAll()
#4 /opt/lampp/htdocs/grocery-crud-demo/app/Controllers/News.php(13): App\Models\NewsModel->getNews()
#5 /opt/lampp/htdocs/grocery-crud-demo/system/CodeIgniter.php(926): App\Controllers\News->index()
#6 /opt/lampp/htdocs/grocery-crud-demo/system/CodeIgniter.php(412): CodeIgniter\CodeIgniter->runController()
#7 /opt/lampp/htdocs/grocery-crud-demo/system/CodeIgniter.php(320): CodeIgniter\CodeIgniter->handleRequest()
#8 /opt/lampp/htdocs/grocery-crud-demo/public/index.php(45): CodeIgniter\CodeIgniter->run()
#9 /opt/lampp/htdocs/grocery-crud-demo/system/Commands/Server/rewrite.php(34): require_once('/opt/lampp/htdo...')
#10 {main}
CRITICAL - 2020-09-09 02:18:28 --> Unable to connect to the database.
#0 /opt/lampp/htdocs/grocery-crud-demo/system/Database/BaseConnection.php(646): CodeIgniter\Database\BaseConnection->initialize()
#1 /opt/lampp/htdocs/grocery-crud-demo/system/Database/BaseBuilder.php(1860): CodeIgniter\Database\BaseConnection->query()
#2 /opt/lampp/htdocs/grocery-crud-demo/system/Model.php(462): CodeIgniter\Database\BaseBuilder->get()
#3 /opt/lampp/htdocs/grocery-crud-demo/app/Models/NewsModel.php(13): CodeIgniter\Model->findAll()
#4 /opt/lampp/htdocs/grocery-crud-demo/app/Controllers/News.php(13): App\Models\NewsModel->getNews()
#5 /opt/lampp/htdocs/grocery-crud-demo/system/CodeIgniter.php(926): App\Controllers\News->index()
#6 /opt/lampp/htdocs/grocery-crud-demo/system/CodeIgniter.php(412): CodeIgniter\CodeIgniter->runController()
#7 /opt/lampp/htdocs/grocery-crud-demo/system/CodeIgniter.php(320): CodeIgniter\CodeIgniter->handleRequest()
#8 /opt/lampp/htdocs/grocery-crud-demo/public/index.php(45): CodeIgniter\CodeIgniter->run()
#9 /opt/lampp/htdocs/grocery-crud-demo/system/Commands/Server/rewrite.php(34): require_once('/opt/lampp/htdo...')
#10 {main}
CRITICAL - 2020-09-09 02:18:31 --> Unable to connect to the database.
#0 /opt/lampp/htdocs/grocery-crud-demo/system/Database/BaseConnection.php(646): CodeIgniter\Database\BaseConnection->initialize()
#1 /opt/lampp/htdocs/grocery-crud-demo/system/Database/BaseBuilder.php(1860): CodeIgniter\Database\BaseConnection->query()
#2 /opt/lampp/htdocs/grocery-crud-demo/system/Model.php(462): CodeIgniter\Database\BaseBuilder->get()
#3 /opt/lampp/htdocs/grocery-crud-demo/app/Models/NewsModel.php(13): CodeIgniter\Model->findAll()
#4 /opt/lampp/htdocs/grocery-crud-demo/app/Controllers/News.php(13): App\Models\NewsModel->getNews()
#5 /opt/lampp/htdocs/grocery-crud-demo/system/CodeIgniter.php(926): App\Controllers\News->index()
#6 /opt/lampp/htdocs/grocery-crud-demo/system/CodeIgniter.php(412): CodeIgniter\CodeIgniter->runController()
#7 /opt/lampp/htdocs/grocery-crud-demo/system/CodeIgniter.php(320): CodeIgniter\CodeIgniter->handleRequest()
#8 /opt/lampp/htdocs/grocery-crud-demo/public/index.php(45): CodeIgniter\CodeIgniter->run()
#9 /opt/lampp/htdocs/grocery-crud-demo/system/Commands/Server/rewrite.php(34): require_once('/opt/lampp/htdo...')
#10 {main}
CRITICAL - 2020-09-09 02:38:44 --> Unable to connect to the database.
#0 /opt/lampp/htdocs/grocery-crud-demo/system/Database/BaseConnection.php(646): CodeIgniter\Database\BaseConnection->initialize()
#1 /opt/lampp/htdocs/grocery-crud-demo/system/Database/BaseBuilder.php(1860): CodeIgniter\Database\BaseConnection->query()
#2 /opt/lampp/htdocs/grocery-crud-demo/system/Model.php(462): CodeIgniter\Database\BaseBuilder->get()
#3 /opt/lampp/htdocs/grocery-crud-demo/app/Models/NewsModel.php(13): CodeIgniter\Model->findAll()
#4 /opt/lampp/htdocs/grocery-crud-demo/app/Controllers/News.php(13): App\Models\NewsModel->getNews()
#5 /opt/lampp/htdocs/grocery-crud-demo/system/CodeIgniter.php(926): App\Controllers\News->index()
#6 /opt/lampp/htdocs/grocery-crud-demo/system/CodeIgniter.php(412): CodeIgniter\CodeIgniter->runController()
#7 /opt/lampp/htdocs/grocery-crud-demo/system/CodeIgniter.php(320): CodeIgniter\CodeIgniter->handleRequest()
#8 /opt/lampp/htdocs/grocery-crud-demo/public/index.php(45): CodeIgniter\CodeIgniter->run()
#9 /opt/lampp/htdocs/grocery-crud-demo/system/Commands/Server/rewrite.php(34): require_once('/opt/lampp/htdo...')
#10 {main}
CRITICAL - 2020-09-09 02:38:46 --> Unable to connect to the database.
#0 /opt/lampp/htdocs/grocery-crud-demo/system/Database/BaseConnection.php(646): CodeIgniter\Database\BaseConnection->initialize()
#1 /opt/lampp/htdocs/grocery-crud-demo/system/Database/BaseBuilder.php(1860): CodeIgniter\Database\BaseConnection->query()
#2 /opt/lampp/htdocs/grocery-crud-demo/system/Model.php(462): CodeIgniter\Database\BaseBuilder->get()
#3 /opt/lampp/htdocs/grocery-crud-demo/app/Models/NewsModel.php(13): CodeIgniter\Model->findAll()
#4 /opt/lampp/htdocs/grocery-crud-demo/app/Controllers/News.php(13): App\Models\NewsModel->getNews()
#5 /opt/lampp/htdocs/grocery-crud-demo/system/CodeIgniter.php(926): App\Controllers\News->index()
#6 /opt/lampp/htdocs/grocery-crud-demo/system/CodeIgniter.php(412): CodeIgniter\CodeIgniter->runController()
#7 /opt/lampp/htdocs/grocery-crud-demo/system/CodeIgniter.php(320): CodeIgniter\CodeIgniter->handleRequest()
#8 /opt/lampp/htdocs/grocery-crud-demo/public/index.php(45): CodeIgniter\CodeIgniter->run()
#9 /opt/lampp/htdocs/grocery-crud-demo/system/Commands/Server/rewrite.php(34): require_once('/opt/lampp/htdo...')
#10 {main}
CRITICAL - 2020-09-09 02:38:48 --> Unable to connect to the database.
#0 /opt/lampp/htdocs/grocery-crud-demo/system/Database/BaseConnection.php(646): CodeIgniter\Database\BaseConnection->initialize()
#1 /opt/lampp/htdocs/grocery-crud-demo/system/Database/BaseBuilder.php(1860): CodeIgniter\Database\BaseConnection->query()
#2 /opt/lampp/htdocs/grocery-crud-demo/system/Model.php(462): CodeIgniter\Database\BaseBuilder->get()
#3 /opt/lampp/htdocs/grocery-crud-demo/app/Models/NewsModel.php(13): CodeIgniter\Model->findAll()
#4 /opt/lampp/htdocs/grocery-crud-demo/app/Controllers/News.php(13): App\Models\NewsModel->getNews()
#5 /opt/lampp/htdocs/grocery-crud-demo/system/CodeIgniter.php(926): App\Controllers\News->index()
#6 /opt/lampp/htdocs/grocery-crud-demo/system/CodeIgniter.php(412): CodeIgniter\CodeIgniter->runController()
#7 /opt/lampp/htdocs/grocery-crud-demo/system/CodeIgniter.php(320): CodeIgniter\CodeIgniter->handleRequest()
#8 /opt/lampp/htdocs/grocery-crud-demo/public/index.php(45): CodeIgniter\CodeIgniter->run()
#9 /opt/lampp/htdocs/grocery-crud-demo/system/Commands/Server/rewrite.php(34): require_once('/opt/lampp/htdo...')
#10 {main}
CRITICAL - 2020-09-09 02:38:48 --> Unable to connect to the database.
#0 /opt/lampp/htdocs/grocery-crud-demo/system/Database/BaseConnection.php(646): CodeIgniter\Database\BaseConnection->initialize()
#1 /opt/lampp/htdocs/grocery-crud-demo/system/Database/BaseBuilder.php(1860): CodeIgniter\Database\BaseConnection->query()
#2 /opt/lampp/htdocs/grocery-crud-demo/system/Model.php(462): CodeIgniter\Database\BaseBuilder->get()
#3 /opt/lampp/htdocs/grocery-crud-demo/app/Models/NewsModel.php(13): CodeIgniter\Model->findAll()
#4 /opt/lampp/htdocs/grocery-crud-demo/app/Controllers/News.php(13): App\Models\NewsModel->getNews()
#5 /opt/lampp/htdocs/grocery-crud-demo/system/CodeIgniter.php(926): App\Controllers\News->index()
#6 /opt/lampp/htdocs/grocery-crud-demo/system/CodeIgniter.php(412): CodeIgniter\CodeIgniter->runController()
#7 /opt/lampp/htdocs/grocery-crud-demo/system/CodeIgniter.php(320): CodeIgniter\CodeIgniter->handleRequest()
#8 /opt/lampp/htdocs/grocery-crud-demo/public/index.php(45): CodeIgniter\CodeIgniter->run()
#9 /opt/lampp/htdocs/grocery-crud-demo/system/Commands/Server/rewrite.php(34): require_once('/opt/lampp/htdo...')
#10 {main}
CRITICAL - 2020-09-09 02:38:49 --> Unable to connect to the database.
#0 /opt/lampp/htdocs/grocery-crud-demo/system/Database/BaseConnection.php(646): CodeIgniter\Database\BaseConnection->initialize()
#1 /opt/lampp/htdocs/grocery-crud-demo/system/Database/BaseBuilder.php(1860): CodeIgniter\Database\BaseConnection->query()
#2 /opt/lampp/htdocs/grocery-crud-demo/system/Model.php(462): CodeIgniter\Database\BaseBuilder->get()
#3 /opt/lampp/htdocs/grocery-crud-demo/app/Models/NewsModel.php(13): CodeIgniter\Model->findAll()
#4 /opt/lampp/htdocs/grocery-crud-demo/app/Controllers/News.php(13): App\Models\NewsModel->getNews()
#5 /opt/lampp/htdocs/grocery-crud-demo/system/CodeIgniter.php(926): App\Controllers\News->index()
#6 /opt/lampp/htdocs/grocery-crud-demo/system/CodeIgniter.php(412): CodeIgniter\CodeIgniter->runController()
#7 /opt/lampp/htdocs/grocery-crud-demo/system/CodeIgniter.php(320): CodeIgniter\CodeIgniter->handleRequest()
#8 /opt/lampp/htdocs/grocery-crud-demo/public/index.php(45): CodeIgniter\CodeIgniter->run()
#9 /opt/lampp/htdocs/grocery-crud-demo/system/Commands/Server/rewrite.php(34): require_once('/opt/lampp/htdo...')
#10 {main}
CRITICAL - 2020-09-09 02:38:49 --> Unable to connect to the database.
#0 /opt/lampp/htdocs/grocery-crud-demo/system/Database/BaseConnection.php(646): CodeIgniter\Database\BaseConnection->initialize()
#1 /opt/lampp/htdocs/grocery-crud-demo/system/Database/BaseBuilder.php(1860): CodeIgniter\Database\BaseConnection->query()
#2 /opt/lampp/htdocs/grocery-crud-demo/system/Model.php(462): CodeIgniter\Database\BaseBuilder->get()
#3 /opt/lampp/htdocs/grocery-crud-demo/app/Models/NewsModel.php(13): CodeIgniter\Model->findAll()
#4 /opt/lampp/htdocs/grocery-crud-demo/app/Controllers/News.php(13): App\Models\NewsModel->getNews()
#5 /opt/lampp/htdocs/grocery-crud-demo/system/CodeIgniter.php(926): App\Controllers\News->index()
#6 /opt/lampp/htdocs/grocery-crud-demo/system/CodeIgniter.php(412): CodeIgniter\CodeIgniter->runController()
#7 /opt/lampp/htdocs/grocery-crud-demo/system/CodeIgniter.php(320): CodeIgniter\CodeIgniter->handleRequest()
#8 /opt/lampp/htdocs/grocery-crud-demo/public/index.php(45): CodeIgniter\CodeIgniter->run()
#9 /opt/lampp/htdocs/grocery-crud-demo/system/Commands/Server/rewrite.php(34): require_once('/opt/lampp/htdo...')
#10 {main}
CRITICAL - 2020-09-09 02:41:37 --> Unable to connect to the database.
#0 /opt/lampp/htdocs/grocery-crud-demo/system/Database/BaseConnection.php(646): CodeIgniter\Database\BaseConnection->initialize()
#1 /opt/lampp/htdocs/grocery-crud-demo/system/Database/BaseBuilder.php(1860): CodeIgniter\Database\BaseConnection->query()
#2 /opt/lampp/htdocs/grocery-crud-demo/system/Model.php(462): CodeIgniter\Database\BaseBuilder->get()
#3 /opt/lampp/htdocs/grocery-crud-demo/app/Models/NewsModel.php(13): CodeIgniter\Model->findAll()
#4 /opt/lampp/htdocs/grocery-crud-demo/app/Controllers/News.php(13): App\Models\NewsModel->getNews()
#5 /opt/lampp/htdocs/grocery-crud-demo/system/CodeIgniter.php(926): App\Controllers\News->index()
#6 /opt/lampp/htdocs/grocery-crud-demo/system/CodeIgniter.php(412): CodeIgniter\CodeIgniter->runController()
#7 /opt/lampp/htdocs/grocery-crud-demo/system/CodeIgniter.php(320): CodeIgniter\CodeIgniter->handleRequest()
#8 /opt/lampp/htdocs/grocery-crud-demo/public/index.php(45): CodeIgniter\CodeIgniter->run()
#9 /opt/lampp/htdocs/grocery-crud-demo/system/Commands/Server/rewrite.php(34): require_once('/opt/lampp/htdo...')
#10 {main}
CRITICAL - 2020-09-09 02:41:38 --> Unable to connect to the database.
#0 /opt/lampp/htdocs/grocery-crud-demo/system/Database/BaseConnection.php(646): CodeIgniter\Database\BaseConnection->initialize()
#1 /opt/lampp/htdocs/grocery-crud-demo/system/Database/BaseBuilder.php(1860): CodeIgniter\Database\BaseConnection->query()
#2 /opt/lampp/htdocs/grocery-crud-demo/system/Model.php(462): CodeIgniter\Database\BaseBuilder->get()
#3 /opt/lampp/htdocs/grocery-crud-demo/app/Models/NewsModel.php(13): CodeIgniter\Model->findAll()
#4 /opt/lampp/htdocs/grocery-crud-demo/app/Controllers/News.php(13): App\Models\NewsModel->getNews()
#5 /opt/lampp/htdocs/grocery-crud-demo/system/CodeIgniter.php(926): App\Controllers\News->index()
#6 /opt/lampp/htdocs/grocery-crud-demo/system/CodeIgniter.php(412): CodeIgniter\CodeIgniter->runController()
#7 /opt/lampp/htdocs/grocery-crud-demo/system/CodeIgniter.php(320): CodeIgniter\CodeIgniter->handleRequest()
#8 /opt/lampp/htdocs/grocery-crud-demo/public/index.php(45): CodeIgniter\CodeIgniter->run()
#9 /opt/lampp/htdocs/grocery-crud-demo/system/Commands/Server/rewrite.php(34): require_once('/opt/lampp/htdo...')
#10 {main}
CRITICAL - 2020-09-09 04:42:50 --> Unable to connect to the database.
#0 /opt/lampp/htdocs/grocery-crud-demo/system/Database/BaseConnection.php(646): CodeIgniter\Database\BaseConnection->initialize()
#1 /opt/lampp/htdocs/grocery-crud-demo/system/Database/BaseBuilder.php(1860): CodeIgniter\Database\BaseConnection->query()
#2 /opt/lampp/htdocs/grocery-crud-demo/system/Model.php(462): CodeIgniter\Database\BaseBuilder->get()
#3 /opt/lampp/htdocs/grocery-crud-demo/app/Models/NewsModel.php(13): CodeIgniter\Model->findAll()
#4 /opt/lampp/htdocs/grocery-crud-demo/app/Controllers/News.php(13): App\Models\NewsModel->getNews()
#5 /opt/lampp/htdocs/grocery-crud-demo/system/CodeIgniter.php(926): App\Controllers\News->index()
#6 /opt/lampp/htdocs/grocery-crud-demo/system/CodeIgniter.php(412): CodeIgniter\CodeIgniter->runController()
#7 /opt/lampp/htdocs/grocery-crud-demo/system/CodeIgniter.php(320): CodeIgniter\CodeIgniter->handleRequest()
#8 /opt/lampp/htdocs/grocery-crud-demo/public/index.php(45): CodeIgniter\CodeIgniter->run()
#9 /opt/lampp/htdocs/grocery-crud-demo/system/Commands/Server/rewrite.php(34): require_once('/opt/lampp/htdo...')
#10 {main}
CRITICAL - 2020-09-09 04:42:51 --> Unable to connect to the database.
#0 /opt/lampp/htdocs/grocery-crud-demo/system/Database/BaseConnection.php(646): CodeIgniter\Database\BaseConnection->initialize()
#1 /opt/lampp/htdocs/grocery-crud-demo/system/Database/BaseBuilder.php(1860): CodeIgniter\Database\BaseConnection->query()
#2 /opt/lampp/htdocs/grocery-crud-demo/system/Model.php(462): CodeIgniter\Database\BaseBuilder->get()
#3 /opt/lampp/htdocs/grocery-crud-demo/app/Models/NewsModel.php(13): CodeIgniter\Model->findAll()
#4 /opt/lampp/htdocs/grocery-crud-demo/app/Controllers/News.php(13): App\Models\NewsModel->getNews()
#5 /opt/lampp/htdocs/grocery-crud-demo/system/CodeIgniter.php(926): App\Controllers\News->index()
#6 /opt/lampp/htdocs/grocery-crud-demo/system/CodeIgniter.php(412): CodeIgniter\CodeIgniter->runController()
#7 /opt/lampp/htdocs/grocery-crud-demo/system/CodeIgniter.php(320): CodeIgniter\CodeIgniter->handleRequest()
#8 /opt/lampp/htdocs/grocery-crud-demo/public/index.php(45): CodeIgniter\CodeIgniter->run()
#9 /opt/lampp/htdocs/grocery-crud-demo/system/Commands/Server/rewrite.php(34): require_once('/opt/lampp/htdo...')
#10 {main}
CRITICAL - 2020-09-09 04:42:51 --> Unable to connect to the database.
#0 /opt/lampp/htdocs/grocery-crud-demo/system/Database/BaseConnection.php(646): CodeIgniter\Database\BaseConnection->initialize()
#1 /opt/lampp/htdocs/grocery-crud-demo/system/Database/BaseBuilder.php(1860): CodeIgniter\Database\BaseConnection->query()
#2 /opt/lampp/htdocs/grocery-crud-demo/system/Model.php(462): CodeIgniter\Database\BaseBuilder->get()
#3 /opt/lampp/htdocs/grocery-crud-demo/app/Models/NewsModel.php(13): CodeIgniter\Model->findAll()
#4 /opt/lampp/htdocs/grocery-crud-demo/app/Controllers/News.php(13): App\Models\NewsModel->getNews()
#5 /opt/lampp/htdocs/grocery-crud-demo/system/CodeIgniter.php(926): App\Controllers\News->index()
#6 /opt/lampp/htdocs/grocery-crud-demo/system/CodeIgniter.php(412): CodeIgniter\CodeIgniter->runController()
#7 /opt/lampp/htdocs/grocery-crud-demo/system/CodeIgniter.php(320): CodeIgniter\CodeIgniter->handleRequest()
#8 /opt/lampp/htdocs/grocery-crud-demo/public/index.php(45): CodeIgniter\CodeIgniter->run()
#9 /opt/lampp/htdocs/grocery-crud-demo/system/Commands/Server/rewrite.php(34): require_once('/opt/lampp/htdo...')
#10 {main}
CRITICAL - 2020-09-09 04:42:53 --> Unable to connect to the database.
#0 /opt/lampp/htdocs/grocery-crud-demo/system/Database/BaseConnection.php(646): CodeIgniter\Database\BaseConnection->initialize()
#1 /opt/lampp/htdocs/grocery-crud-demo/system/Database/BaseBuilder.php(1860): CodeIgniter\Database\BaseConnection->query()
#2 /opt/lampp/htdocs/grocery-crud-demo/system/Model.php(462): CodeIgniter\Database\BaseBuilder->get()
#3 /opt/lampp/htdocs/grocery-crud-demo/app/Models/NewsModel.php(13): CodeIgniter\Model->findAll()
#4 /opt/lampp/htdocs/grocery-crud-demo/app/Controllers/News.php(13): App\Models\NewsModel->getNews()
#5 /opt/lampp/htdocs/grocery-crud-demo/system/CodeIgniter.php(926): App\Controllers\News->index()
#6 /opt/lampp/htdocs/grocery-crud-demo/system/CodeIgniter.php(412): CodeIgniter\CodeIgniter->runController()
#7 /opt/lampp/htdocs/grocery-crud-demo/system/CodeIgniter.php(320): CodeIgniter\CodeIgniter->handleRequest()
#8 /opt/lampp/htdocs/grocery-crud-demo/public/index.php(45): CodeIgniter\CodeIgniter->run()
#9 /opt/lampp/htdocs/grocery-crud-demo/system/Commands/Server/rewrite.php(34): require_once('/opt/lampp/htdo...')
#10 {main}
CRITICAL - 2020-09-09 04:42:54 --> Unable to connect to the database.
#0 /opt/lampp/htdocs/grocery-crud-demo/system/Database/BaseConnection.php(646): CodeIgniter\Database\BaseConnection->initialize()
#1 /opt/lampp/htdocs/grocery-crud-demo/system/Database/BaseBuilder.php(1860): CodeIgniter\Database\BaseConnection->query()
#2 /opt/lampp/htdocs/grocery-crud-demo/system/Model.php(462): CodeIgniter\Database\BaseBuilder->get()
#3 /opt/lampp/htdocs/grocery-crud-demo/app/Models/NewsModel.php(13): CodeIgniter\Model->findAll()
#4 /opt/lampp/htdocs/grocery-crud-demo/app/Controllers/News.php(13): App\Models\NewsModel->getNews()
#5 /opt/lampp/htdocs/grocery-crud-demo/system/CodeIgniter.php(926): App\Controllers\News->index()
#6 /opt/lampp/htdocs/grocery-crud-demo/system/CodeIgniter.php(412): CodeIgniter\CodeIgniter->runController()
#7 /opt/lampp/htdocs/grocery-crud-demo/system/CodeIgniter.php(320): CodeIgniter\CodeIgniter->handleRequest()
#8 /opt/lampp/htdocs/grocery-crud-demo/public/index.php(45): CodeIgniter\CodeIgniter->run()
#9 /opt/lampp/htdocs/grocery-crud-demo/system/Commands/Server/rewrite.php(34): require_once('/opt/lampp/htdo...')
#10 {main}
CRITICAL - 2020-09-09 04:46:50 --> Unable to connect to the database.
#0 /opt/lampp/htdocs/grocery-crud-demo/system/Database/BaseConnection.php(646): CodeIgniter\Database\BaseConnection->initialize()
#1 /opt/lampp/htdocs/grocery-crud-demo/system/Database/BaseBuilder.php(1860): CodeIgniter\Database\BaseConnection->query()
#2 /opt/lampp/htdocs/grocery-crud-demo/system/Model.php(462): CodeIgniter\Database\BaseBuilder->get()
#3 /opt/lampp/htdocs/grocery-crud-demo/app/Models/NewsModel.php(13): CodeIgniter\Model->findAll()
#4 /opt/lampp/htdocs/grocery-crud-demo/app/Controllers/News.php(13): App\Models\NewsModel->getNews()
#5 /opt/lampp/htdocs/grocery-crud-demo/system/CodeIgniter.php(926): App\Controllers\News->index()
#6 /opt/lampp/htdocs/grocery-crud-demo/system/CodeIgniter.php(412): CodeIgniter\CodeIgniter->runController()
#7 /opt/lampp/htdocs/grocery-crud-demo/system/CodeIgniter.php(320): CodeIgniter\CodeIgniter->handleRequest()
#8 /opt/lampp/htdocs/grocery-crud-demo/public/index.php(45): CodeIgniter\CodeIgniter->run()
#9 /opt/lampp/htdocs/grocery-crud-demo/system/Commands/Server/rewrite.php(34): require_once('/opt/lampp/htdo...')
#10 {main}
CRITICAL - 2020-09-09 04:46:52 --> Unable to connect to the database.
#0 /opt/lampp/htdocs/grocery-crud-demo/system/Database/BaseConnection.php(646): CodeIgniter\Database\BaseConnection->initialize()
#1 /opt/lampp/htdocs/grocery-crud-demo/system/Database/BaseBuilder.php(1860): CodeIgniter\Database\BaseConnection->query()
#2 /opt/lampp/htdocs/grocery-crud-demo/system/Model.php(462): CodeIgniter\Database\BaseBuilder->get()
#3 /opt/lampp/htdocs/grocery-crud-demo/app/Models/NewsModel.php(13): CodeIgniter\Model->findAll()
#4 /opt/lampp/htdocs/grocery-crud-demo/app/Controllers/News.php(13): App\Models\NewsModel->getNews()
#5 /opt/lampp/htdocs/grocery-crud-demo/system/CodeIgniter.php(926): App\Controllers\News->index()
#6 /opt/lampp/htdocs/grocery-crud-demo/system/CodeIgniter.php(412): CodeIgniter\CodeIgniter->runController()
#7 /opt/lampp/htdocs/grocery-crud-demo/system/CodeIgniter.php(320): CodeIgniter\CodeIgniter->handleRequest()
#8 /opt/lampp/htdocs/grocery-crud-demo/public/index.php(45): CodeIgniter\CodeIgniter->run()
#9 /opt/lampp/htdocs/grocery-crud-demo/system/Commands/Server/rewrite.php(34): require_once('/opt/lampp/htdo...')
#10 {main}
CRITICAL - 2020-09-09 07:04:20 --> Invalid argument supplied for foreach()
#0 /opt/lampp/htdocs/grocery-crud-demo/app/Views/example.php(7): CodeIgniter\Debug\Exceptions->errorHandler()
#1 /opt/lampp/htdocs/grocery-crud-demo/system/View/View.php(246): include('/opt/lampp/htdo...')
#2 /opt/lampp/htdocs/grocery-crud-demo/system/Common.php(1119): CodeIgniter\View\View->render()
#3 /opt/lampp/htdocs/grocery-crud-demo/app/Controllers/Examples.php(10): view()
#4 /opt/lampp/htdocs/grocery-crud-demo/system/CodeIgniter.php(926): App\Controllers\Examples->index()
#5 /opt/lampp/htdocs/grocery-crud-demo/system/CodeIgniter.php(412): CodeIgniter\CodeIgniter->runController()
#6 /opt/lampp/htdocs/grocery-crud-demo/system/CodeIgniter.php(320): CodeIgniter\CodeIgniter->handleRequest()
#7 /opt/lampp/htdocs/grocery-crud-demo/public/index.php(45): CodeIgniter\CodeIgniter->run()
#8 /opt/lampp/htdocs/grocery-crud-demo/system/Commands/Server/rewrite.php(34): require_once('/opt/lampp/htdo...')
#9 {main}
CRITICAL - 2020-09-09 07:04:36 --> Invalid argument supplied for foreach()
#0 /opt/lampp/htdocs/grocery-crud-demo/app/Views/example.php(7): CodeIgniter\Debug\Exceptions->errorHandler()
#1 /opt/lampp/htdocs/grocery-crud-demo/system/View/View.php(246): include('/opt/lampp/htdo...')
#2 /opt/lampp/htdocs/grocery-crud-demo/system/Common.php(1119): CodeIgniter\View\View->render()
#3 /opt/lampp/htdocs/grocery-crud-demo/app/Controllers/Examples.php(10): view()
#4 /opt/lampp/htdocs/grocery-crud-demo/system/CodeIgniter.php(926): App\Controllers\Examples->index()
#5 /opt/lampp/htdocs/grocery-crud-demo/system/CodeIgniter.php(412): CodeIgniter\CodeIgniter->runController()
#6 /opt/lampp/htdocs/grocery-crud-demo/system/CodeIgniter.php(320): CodeIgniter\CodeIgniter->handleRequest()
#7 /opt/lampp/htdocs/grocery-crud-demo/public/index.php(45): CodeIgniter\CodeIgniter->run()
#8 /opt/lampp/htdocs/grocery-crud-demo/system/Commands/Server/rewrite.php(34): require_once('/opt/lampp/htdo...')
#9 {main}
CRITICAL - 2020-09-09 08:27:54 --> Invalid argument supplied for foreach()
#0 /opt/lampp/htdocs/grocery-crud-demo/app/Views/example.php(7): CodeIgniter\Debug\Exceptions->errorHandler()
#1 /opt/lampp/htdocs/grocery-crud-demo/system/View/View.php(246): include('/opt/lampp/htdo...')
#2 /opt/lampp/htdocs/grocery-crud-demo/system/Common.php(1119): CodeIgniter\View\View->render()
#3 /opt/lampp/htdocs/grocery-crud-demo/app/Controllers/Examples.php(10): view()
#4 /opt/lampp/htdocs/grocery-crud-demo/system/CodeIgniter.php(926): App\Controllers\Examples->index()
#5 /opt/lampp/htdocs/grocery-crud-demo/system/CodeIgniter.php(412): CodeIgniter\CodeIgniter->runController()
#6 /opt/lampp/htdocs/grocery-crud-demo/system/CodeIgniter.php(320): CodeIgniter\CodeIgniter->handleRequest()
#7 /opt/lampp/htdocs/grocery-crud-demo/public/index.php(45): CodeIgniter\CodeIgniter->run()
#8 /opt/lampp/htdocs/grocery-crud-demo/system/Commands/Server/rewrite.php(34): require_once('/opt/lampp/htdo...')
#9 {main}
