CRITICAL - 2020-09-16 04:11:50 --> Cannot call constructor
#0 /var/www/hosttest.com/system/CodeIgniter.php(898): App\Controllers\Fair->__construct()
#1 /var/www/hosttest.com/system/CodeIgniter.php(407): CodeIgniter\CodeIgniter->createController()
#2 /var/www/hosttest.com/system/CodeIgniter.php(320): CodeIgniter\CodeIgniter->handleRequest()
#3 /var/www/hosttest.com/public/index.php(45): CodeIgniter\CodeIgniter->run()
#4 /var/www/hosttest.com/system/Commands/Server/rewrite.php(34): require_once('/var/www/hostte...')
#5 {main}
CRITICAL - 2020-09-16 04:14:48 --> Undefined property: App\Controllers\Fair::$load
#0 /var/www/hosttest.com/app/Controllers/Fair.php(12): CodeIgniter\Debug\Exceptions->errorHandler()
#1 /var/www/hosttest.com/system/CodeIgniter.php(898): App\Controllers\Fair->__construct()
#2 /var/www/hosttest.com/system/CodeIgniter.php(407): CodeIgniter\CodeIgniter->createController()
#3 /var/www/hosttest.com/system/CodeIgniter.php(320): CodeIgniter\CodeIgniter->handleRequest()
#4 /var/www/hosttest.com/public/index.php(45): CodeIgniter\CodeIgniter->run()
#5 /var/www/hosttest.com/system/Commands/Server/rewrite.php(34): require_once('/var/www/hostte...')
#6 {main}
CRITICAL - 2020-09-16 06:35:50 --> Invalid file: fairs.fairs
#0 /var/www/hosttest.com/system/View/View.php(228): CodeIgniter\Exceptions\FrameworkException::forInvalidFile()
#1 /var/www/hosttest.com/system/Common.php(1119): CodeIgniter\View\View->render()
#2 /var/www/hosttest.com/app/Controllers/Fairs.php(25): view()
#3 /var/www/hosttest.com/app/Controllers/Fairs.php(20): App\Controllers\Fairs->_exampleOutput()
#4 /var/www/hosttest.com/system/CodeIgniter.php(926): App\Controllers\Fairs->fairs()
#5 /var/www/hosttest.com/system/CodeIgniter.php(412): CodeIgniter\CodeIgniter->runController()
#6 /var/www/hosttest.com/system/CodeIgniter.php(320): CodeIgniter\CodeIgniter->handleRequest()
#7 /var/www/hosttest.com/public/index.php(45): CodeIgniter\CodeIgniter->run()
#8 /var/www/hosttest.com/system/Commands/Server/rewrite.php(34): require_once('/var/www/hostte...')
#9 {main}
CRITICAL - 2020-09-16 08:47:09 --> Table 'ci4.fairs_pavilions' doesn't exist
#0 /var/www/hosttest.com/system/Database/MySQLi/Connection.php(331): mysqli->query()
#1 /var/www/hosttest.com/system/Database/BaseConnection.php(741): CodeIgniter\Database\MySQLi\Connection->execute()
#2 /var/www/hosttest.com/system/Database/BaseConnection.php(669): CodeIgniter\Database\BaseConnection->simpleQuery()
#3 /var/www/hosttest.com/system/Database/BaseBuilder.php(1860): CodeIgniter\Database\BaseConnection->query()
#4 /var/www/hosttest.com/app/Models/GroceryCrudModel.php(339): CodeIgniter\Database\BaseBuilder->get()
#5 /var/www/hosttest.com/app/Libraries/GroceryCrud.php(1421): App\Models\GroceryCrudModel->get_relation_n_n_selection_array()
#6 /var/www/hosttest.com/app/Libraries/GroceryCrud.php(1397): App\Libraries\grocery_CRUD_Model_Driver->get_relation_n_n_selection_array()
#7 /var/www/hosttest.com/app/Libraries/GroceryCrud.php(1863): App\Libraries\grocery_CRUD_Model_Driver->get_edit_values()
#8 /var/www/hosttest.com/app/Libraries/GroceryCrud.php(4680): App\Libraries\grocery_CRUD_Layout->showReadForm()
#9 /var/www/hosttest.com/app/Controllers/Fairs.php(34): App\Libraries\GroceryCrud->render()
#10 /var/www/hosttest.com/system/CodeIgniter.php(926): App\Controllers\Fairs->pavilions()
#11 /var/www/hosttest.com/system/CodeIgniter.php(412): CodeIgniter\CodeIgniter->runController()
#12 /var/www/hosttest.com/system/CodeIgniter.php(320): CodeIgniter\CodeIgniter->handleRequest()
#13 /var/www/hosttest.com/public/index.php(45): CodeIgniter\CodeIgniter->run()
#14 /var/www/hosttest.com/system/Commands/Server/rewrite.php(34): require_once('/var/www/hostte...')
#15 {main}
CRITICAL - 2020-09-16 08:53:59 --> Table 'ci4.title' doesn't exist
#0 /var/www/hosttest.com/system/Database/MySQLi/Connection.php(331): mysqli->query()
#1 /var/www/hosttest.com/system/Database/BaseConnection.php(741): CodeIgniter\Database\MySQLi\Connection->execute()
#2 /var/www/hosttest.com/system/Database/BaseConnection.php(669): CodeIgniter\Database\BaseConnection->simpleQuery()
#3 /var/www/hosttest.com/system/Database/MySQLi/Connection.php(489): CodeIgniter\Database\BaseConnection->query()
#4 /var/www/hosttest.com/system/Database/BaseConnection.php(1679): CodeIgniter\Database\MySQLi\Connection->_fieldData()
#5 /var/www/hosttest.com/app/Models/GroceryCrudModel.php(478): CodeIgniter\Database\BaseConnection->getFieldData()
#6 /var/www/hosttest.com/app/Models/GroceryCrudModel.php(567): App\Models\GroceryCrudModel->get_field_types()
#7 /var/www/hosttest.com/app/Models/GroceryCrudModel.php(328): App\Models\GroceryCrudModel->get_primary_key()
#8 /var/www/hosttest.com/app/Libraries/GroceryCrud.php(1421): App\Models\GroceryCrudModel->get_relation_n_n_selection_array()
#9 /var/www/hosttest.com/app/Libraries/GroceryCrud.php(1397): App\Libraries\grocery_CRUD_Model_Driver->get_relation_n_n_selection_array()
#10 /var/www/hosttest.com/app/Libraries/GroceryCrud.php(1863): App\Libraries\grocery_CRUD_Model_Driver->get_edit_values()
#11 /var/www/hosttest.com/app/Libraries/GroceryCrud.php(4680): App\Libraries\grocery_CRUD_Layout->showReadForm()
#12 /var/www/hosttest.com/app/Controllers/Fairs.php(19): App\Libraries\GroceryCrud->render()
#13 /var/www/hosttest.com/system/CodeIgniter.php(926): App\Controllers\Fairs->fairs()
#14 /var/www/hosttest.com/system/CodeIgniter.php(412): CodeIgniter\CodeIgniter->runController()
#15 /var/www/hosttest.com/system/CodeIgniter.php(320): CodeIgniter\CodeIgniter->handleRequest()
#16 /var/www/hosttest.com/public/index.php(45): CodeIgniter\CodeIgniter->run()
#17 /var/www/hosttest.com/system/Commands/Server/rewrite.php(34): require_once('/var/www/hostte...')
#18 {main}
