CRITICAL - 2020-09-28 03:06:48 --> Class 'BoothModel' not found
#0 /var/www/hosttest.com/system/View/View.php(246): include()
#1 /var/www/hosttest.com/system/Common.php(1119): CodeIgniter\View\View->render()
#2 /var/www/hosttest.com/app/Controllers/Owner.php(95): view()
#3 /var/www/hosttest.com/system/CodeIgniter.php(926): App\Controllers\Owner->clientsBoothById()
#4 /var/www/hosttest.com/system/CodeIgniter.php(412): CodeIgniter\CodeIgniter->runController()
#5 /var/www/hosttest.com/system/CodeIgniter.php(320): CodeIgniter\CodeIgniter->handleRequest()
#6 /var/www/hosttest.com/public/index.php(45): CodeIgniter\CodeIgniter->run()
#7 /var/www/hosttest.com/system/Commands/Server/rewrite.php(34): require_once('/var/www/hostte...')
#8 {main}
CRITICAL - 2020-09-28 03:07:27 --> Undefined variable: g
#0 /var/www/hosttest.com/app/Models/BoothModel.php(50): CodeIgniter\Debug\Exceptions->errorHandler()
#1 /var/www/hosttest.com/app/Views/client/booth.php(9): App\Models\BoothModel->getBoothType()
#2 /var/www/hosttest.com/system/View/View.php(246): include('/var/www/hostte...')
#3 /var/www/hosttest.com/system/Common.php(1119): CodeIgniter\View\View->render()
#4 /var/www/hosttest.com/app/Controllers/Owner.php(95): view()
#5 /var/www/hosttest.com/system/CodeIgniter.php(926): App\Controllers\Owner->clientsBoothById()
#6 /var/www/hosttest.com/system/CodeIgniter.php(412): CodeIgniter\CodeIgniter->runController()
#7 /var/www/hosttest.com/system/CodeIgniter.php(320): CodeIgniter\CodeIgniter->handleRequest()
#8 /var/www/hosttest.com/public/index.php(45): CodeIgniter\CodeIgniter->run()
#9 /var/www/hosttest.com/system/Commands/Server/rewrite.php(34): require_once('/var/www/hostte...')
#10 {main}
CRITICAL - 2020-09-28 03:07:46 --> Call to a member function getResult() on null
#0 /var/www/hosttest.com/app/Views/client/booth.php(9): App\Models\BoothModel->getBoothType()
#1 /var/www/hosttest.com/system/View/View.php(246): include('/var/www/hostte...')
#2 /var/www/hosttest.com/system/Common.php(1119): CodeIgniter\View\View->render()
#3 /var/www/hosttest.com/app/Controllers/Owner.php(95): view()
#4 /var/www/hosttest.com/system/CodeIgniter.php(926): App\Controllers\Owner->clientsBoothById()
#5 /var/www/hosttest.com/system/CodeIgniter.php(412): CodeIgniter\CodeIgniter->runController()
#6 /var/www/hosttest.com/system/CodeIgniter.php(320): CodeIgniter\CodeIgniter->handleRequest()
#7 /var/www/hosttest.com/public/index.php(45): CodeIgniter\CodeIgniter->run()
#8 /var/www/hosttest.com/system/Commands/Server/rewrite.php(34): require_once('/var/www/hostte...')
#9 {main}
CRITICAL - 2020-09-28 03:08:15 --> Call to a member function getResult() on null
#0 /var/www/hosttest.com/app/Views/client/booth.php(9): App\Models\BoothModel->getBoothType()
#1 /var/www/hosttest.com/system/View/View.php(246): include('/var/www/hostte...')
#2 /var/www/hosttest.com/system/Common.php(1119): CodeIgniter\View\View->render()
#3 /var/www/hosttest.com/app/Controllers/Owner.php(95): view()
#4 /var/www/hosttest.com/system/CodeIgniter.php(926): App\Controllers\Owner->clientsBoothById()
#5 /var/www/hosttest.com/system/CodeIgniter.php(412): CodeIgniter\CodeIgniter->runController()
#6 /var/www/hosttest.com/system/CodeIgniter.php(320): CodeIgniter\CodeIgniter->handleRequest()
#7 /var/www/hosttest.com/public/index.php(45): CodeIgniter\CodeIgniter->run()
#8 /var/www/hosttest.com/system/Commands/Server/rewrite.php(34): require_once('/var/www/hostte...')
#9 {main}
CRITICAL - 2020-09-28 03:16:28 --> Undefined index: booth_title
#0 /var/www/hosttest.com/app/Views/client/booth.php(13): CodeIgniter\Debug\Exceptions->errorHandler()
#1 /var/www/hosttest.com/system/View/View.php(246): include('/var/www/hostte...')
#2 /var/www/hosttest.com/system/Common.php(1119): CodeIgniter\View\View->render()
#3 /var/www/hosttest.com/app/Controllers/Owner.php(95): view()
#4 /var/www/hosttest.com/system/CodeIgniter.php(926): App\Controllers\Owner->clientsBoothById()
#5 /var/www/hosttest.com/system/CodeIgniter.php(412): CodeIgniter\CodeIgniter->runController()
#6 /var/www/hosttest.com/system/CodeIgniter.php(320): CodeIgniter\CodeIgniter->handleRequest()
#7 /var/www/hosttest.com/public/index.php(45): CodeIgniter\CodeIgniter->run()
#8 /var/www/hosttest.com/system/Commands/Server/rewrite.php(34): require_once('/var/www/hostte...')
#9 {main}
CRITICAL - 2020-09-28 03:44:08 --> Trying to get property 'company_name' of non-object
#0 /var/www/hosttest.com/app/Models/CompanyModel.php(46): CodeIgniter\Debug\Exceptions->errorHandler()
#1 /var/www/hosttest.com/app/Views/client/booth.php(27): App\Models\CompanyModel->getCompanyFilesPath()
#2 /var/www/hosttest.com/system/View/View.php(246): include('/var/www/hostte...')
#3 /var/www/hosttest.com/system/Common.php(1119): CodeIgniter\View\View->render()
#4 /var/www/hosttest.com/app/Controllers/Owner.php(95): view()
#5 /var/www/hosttest.com/system/CodeIgniter.php(926): App\Controllers\Owner->clientsBoothById()
#6 /var/www/hosttest.com/system/CodeIgniter.php(412): CodeIgniter\CodeIgniter->runController()
#7 /var/www/hosttest.com/system/CodeIgniter.php(320): CodeIgniter\CodeIgniter->handleRequest()
#8 /var/www/hosttest.com/public/index.php(45): CodeIgniter\CodeIgniter->run()
#9 /var/www/hosttest.com/system/Commands/Server/rewrite.php(34): require_once('/var/www/hostte...')
#10 {main}
CRITICAL - 2020-09-28 04:43:21 --> Class 'App\Model\BoothModel' not found
#0 /var/www/hosttest.com/system/View/View.php(246): include()
#1 /var/www/hosttest.com/system/Common.php(1119): CodeIgniter\View\View->render()
#2 /var/www/hosttest.com/app/Controllers/Owner.php(95): view()
#3 /var/www/hosttest.com/system/CodeIgniter.php(926): App\Controllers\Owner->clientsBoothById()
#4 /var/www/hosttest.com/system/CodeIgniter.php(412): CodeIgniter\CodeIgniter->runController()
#5 /var/www/hosttest.com/system/CodeIgniter.php(320): CodeIgniter\CodeIgniter->handleRequest()
#6 /var/www/hosttest.com/public/index.php(45): CodeIgniter\CodeIgniter->run()
#7 /var/www/hosttest.com/system/Commands/Server/rewrite.php(34): require_once('/var/www/hostte...')
#8 {main}
CRITICAL - 2020-09-28 04:43:31 --> Undefined variable: id
#0 /var/www/hosttest.com/app/Views/client/booth.php(25): CodeIgniter\Debug\Exceptions->errorHandler()
#1 /var/www/hosttest.com/system/View/View.php(246): include('/var/www/hostte...')
#2 /var/www/hosttest.com/system/Common.php(1119): CodeIgniter\View\View->render()
#3 /var/www/hosttest.com/app/Controllers/Owner.php(95): view()
#4 /var/www/hosttest.com/system/CodeIgniter.php(926): App\Controllers\Owner->clientsBoothById()
#5 /var/www/hosttest.com/system/CodeIgniter.php(412): CodeIgniter\CodeIgniter->runController()
#6 /var/www/hosttest.com/system/CodeIgniter.php(320): CodeIgniter\CodeIgniter->handleRequest()
#7 /var/www/hosttest.com/public/index.php(45): CodeIgniter\CodeIgniter->run()
#8 /var/www/hosttest.com/system/Commands/Server/rewrite.php(34): require_once('/var/www/hostte...')
#9 {main}
CRITICAL - 2020-09-28 04:45:48 --> Class 'CompanyModel' not found
#0 /var/www/hosttest.com/app/Views/client/booth.php(25): App\Models\BoothModel->displayBoothImage()
#1 /var/www/hosttest.com/system/View/View.php(246): include('/var/www/hostte...')
#2 /var/www/hosttest.com/system/Common.php(1119): CodeIgniter\View\View->render()
#3 /var/www/hosttest.com/app/Controllers/Owner.php(95): view()
#4 /var/www/hosttest.com/system/CodeIgniter.php(926): App\Controllers\Owner->clientsBoothById()
#5 /var/www/hosttest.com/system/CodeIgniter.php(412): CodeIgniter\CodeIgniter->runController()
#6 /var/www/hosttest.com/system/CodeIgniter.php(320): CodeIgniter\CodeIgniter->handleRequest()
#7 /var/www/hosttest.com/public/index.php(45): CodeIgniter\CodeIgniter->run()
#8 /var/www/hosttest.com/system/Commands/Server/rewrite.php(34): require_once('/var/www/hostte...')
#9 {main}
CRITICAL - 2020-09-28 07:09:24 --> Call to undefined method CodeIgniter\Database\MySQLi\Connection::getResult()
#0 /var/www/hosttest.com/app/Controllers/Booths.php(85): App\Models\BoothModel->checkTypeForImages()
#1 /var/www/hosttest.com/system/CodeIgniter.php(926): App\Controllers\Booths->uploadBoothImage()
#2 /var/www/hosttest.com/system/CodeIgniter.php(412): CodeIgniter\CodeIgniter->runController()
#3 /var/www/hosttest.com/system/CodeIgniter.php(320): CodeIgniter\CodeIgniter->handleRequest()
#4 /var/www/hosttest.com/public/index.php(45): CodeIgniter\CodeIgniter->run()
#5 /var/www/hosttest.com/system/Commands/Server/rewrite.php(34): require_once('/var/www/hostte...')
#6 {main}
CRITICAL - 2020-09-28 07:12:32 --> Call to undefined method CodeIgniter\Database\MySQLi\Connection::getResult()
#0 /var/www/hosttest.com/app/Controllers/Booths.php(85): App\Models\BoothModel->checkTypeForImages()
#1 /var/www/hosttest.com/system/CodeIgniter.php(926): App\Controllers\Booths->uploadBoothImage()
#2 /var/www/hosttest.com/system/CodeIgniter.php(412): CodeIgniter\CodeIgniter->runController()
#3 /var/www/hosttest.com/system/CodeIgniter.php(320): CodeIgniter\CodeIgniter->handleRequest()
#4 /var/www/hosttest.com/public/index.php(45): CodeIgniter\CodeIgniter->run()
#5 /var/www/hosttest.com/system/Commands/Server/rewrite.php(34): require_once('/var/www/hostte...')
#6 {main}
CRITICAL - 2020-09-28 07:13:58 --> Call to undefined method CodeIgniter\Database\MySQLi\Connection::getRowArray()
#0 /var/www/hosttest.com/app/Controllers/Booths.php(85): App\Models\BoothModel->checkTypeForImages()
#1 /var/www/hosttest.com/system/CodeIgniter.php(926): App\Controllers\Booths->uploadBoothImage()
#2 /var/www/hosttest.com/system/CodeIgniter.php(412): CodeIgniter\CodeIgniter->runController()
#3 /var/www/hosttest.com/system/CodeIgniter.php(320): CodeIgniter\CodeIgniter->handleRequest()
#4 /var/www/hosttest.com/public/index.php(45): CodeIgniter\CodeIgniter->run()
#5 /var/www/hosttest.com/system/Commands/Server/rewrite.php(34): require_once('/var/www/hostte...')
#6 {main}
CRITICAL - 2020-09-28 07:16:24 --> Call to undefined method CodeIgniter\Database\MySQLi\Result::affectedRows()
#0 /var/www/hosttest.com/app/Controllers/Booths.php(85): App\Models\BoothModel->checkTypeForImages()
#1 /var/www/hosttest.com/system/CodeIgniter.php(926): App\Controllers\Booths->uploadBoothImage()
#2 /var/www/hosttest.com/system/CodeIgniter.php(412): CodeIgniter\CodeIgniter->runController()
#3 /var/www/hosttest.com/system/CodeIgniter.php(320): CodeIgniter\CodeIgniter->handleRequest()
#4 /var/www/hosttest.com/public/index.php(45): CodeIgniter\CodeIgniter->run()
#5 /var/www/hosttest.com/system/Commands/Server/rewrite.php(34): require_once('/var/www/hostte...')
#6 {main}
CRITICAL - 2020-09-28 07:17:08 --> Cannot use object of type CodeIgniter\Database\MySQLi\Result as array
#0 /var/www/hosttest.com/app/Controllers/Booths.php(85): App\Models\BoothModel->checkTypeForImages()
#1 /var/www/hosttest.com/system/CodeIgniter.php(926): App\Controllers\Booths->uploadBoothImage()
#2 /var/www/hosttest.com/system/CodeIgniter.php(412): CodeIgniter\CodeIgniter->runController()
#3 /var/www/hosttest.com/system/CodeIgniter.php(320): CodeIgniter\CodeIgniter->handleRequest()
#4 /var/www/hosttest.com/public/index.php(45): CodeIgniter\CodeIgniter->run()
#5 /var/www/hosttest.com/system/Commands/Server/rewrite.php(34): require_once('/var/www/hostte...')
#6 {main}
CRITICAL - 2020-09-28 07:19:06 --> Undefined variable: images
#0 /var/www/hosttest.com/app/Models/BoothModel.php(110): CodeIgniter\Debug\Exceptions->errorHandler()
#1 /var/www/hosttest.com/app/Controllers/Booths.php(85): App\Models\BoothModel->checkTypeForImages()
#2 /var/www/hosttest.com/system/CodeIgniter.php(926): App\Controllers\Booths->uploadBoothImage()
#3 /var/www/hosttest.com/system/CodeIgniter.php(412): CodeIgniter\CodeIgniter->runController()
#4 /var/www/hosttest.com/system/CodeIgniter.php(320): CodeIgniter\CodeIgniter->handleRequest()
#5 /var/www/hosttest.com/public/index.php(45): CodeIgniter\CodeIgniter->run()
#6 /var/www/hosttest.com/system/Commands/Server/rewrite.php(34): require_once('/var/www/hostte...')
#7 {main}
CRITICAL - 2020-09-28 07:19:57 --> Call to undefined method CodeIgniter\Database\MySQLi\Connection::get()
#0 /var/www/hosttest.com/app/Controllers/Booths.php(85): App\Models\BoothModel->checkTypeForImages()
#1 /var/www/hosttest.com/system/CodeIgniter.php(926): App\Controllers\Booths->uploadBoothImage()
#2 /var/www/hosttest.com/system/CodeIgniter.php(412): CodeIgniter\CodeIgniter->runController()
#3 /var/www/hosttest.com/system/CodeIgniter.php(320): CodeIgniter\CodeIgniter->handleRequest()
#4 /var/www/hosttest.com/public/index.php(45): CodeIgniter\CodeIgniter->run()
#5 /var/www/hosttest.com/system/Commands/Server/rewrite.php(34): require_once('/var/www/hostte...')
#6 {main}
CRITICAL - 2020-09-28 07:21:17 --> Call to undefined method CodeIgniter\Database\MySQLi\Result::affectedRows()
#0 /var/www/hosttest.com/app/Controllers/Booths.php(85): App\Models\BoothModel->checkTypeForImages()
#1 /var/www/hosttest.com/system/CodeIgniter.php(926): App\Controllers\Booths->uploadBoothImage()
#2 /var/www/hosttest.com/system/CodeIgniter.php(412): CodeIgniter\CodeIgniter->runController()
#3 /var/www/hosttest.com/system/CodeIgniter.php(320): CodeIgniter\CodeIgniter->handleRequest()
#4 /var/www/hosttest.com/public/index.php(45): CodeIgniter\CodeIgniter->run()
#5 /var/www/hosttest.com/system/Commands/Server/rewrite.php(34): require_once('/var/www/hostte...')
#6 {main}
CRITICAL - 2020-09-28 07:21:45 --> Trying to access array offset on value of type null
#0 /var/www/hosttest.com/app/Models/BoothModel.php(110): CodeIgniter\Debug\Exceptions->errorHandler()
#1 /var/www/hosttest.com/app/Controllers/Booths.php(85): App\Models\BoothModel->checkTypeForImages()
#2 /var/www/hosttest.com/system/CodeIgniter.php(926): App\Controllers\Booths->uploadBoothImage()
#3 /var/www/hosttest.com/system/CodeIgniter.php(412): CodeIgniter\CodeIgniter->runController()
#4 /var/www/hosttest.com/system/CodeIgniter.php(320): CodeIgniter\CodeIgniter->handleRequest()
#5 /var/www/hosttest.com/public/index.php(45): CodeIgniter\CodeIgniter->run()
#6 /var/www/hosttest.com/system/Commands/Server/rewrite.php(34): require_once('/var/www/hostte...')
#7 {main}
CRITICAL - 2020-09-28 07:22:26 --> Call to undefined function App\Controllers\random_string()
#0 /var/www/hosttest.com/system/CodeIgniter.php(926): App\Controllers\Booths->uploadBoothImage()
#1 /var/www/hosttest.com/system/CodeIgniter.php(412): CodeIgniter\CodeIgniter->runController()
#2 /var/www/hosttest.com/system/CodeIgniter.php(320): CodeIgniter\CodeIgniter->handleRequest()
#3 /var/www/hosttest.com/public/index.php(45): CodeIgniter\CodeIgniter->run()
#4 /var/www/hosttest.com/system/Commands/Server/rewrite.php(34): require_once('/var/www/hostte...')
#5 {main}
CRITICAL - 2020-09-28 07:25:34 --> Class 'App\Controllers\CompanyModel' not found
#0 /var/www/hosttest.com/system/CodeIgniter.php(926): App\Controllers\Booths->uploadBoothImage()
#1 /var/www/hosttest.com/system/CodeIgniter.php(412): CodeIgniter\CodeIgniter->runController()
#2 /var/www/hosttest.com/system/CodeIgniter.php(320): CodeIgniter\CodeIgniter->handleRequest()
#3 /var/www/hosttest.com/public/index.php(45): CodeIgniter\CodeIgniter->run()
#4 /var/www/hosttest.com/system/Commands/Server/rewrite.php(34): require_once('/var/www/hostte...')
#5 {main}
CRITICAL - 2020-09-28 07:26:24 --> You have an error in your SQL syntax; check the manual that corresponds to your MariaDB server version for the right syntax to use near '/uploads/companies/Company Test-20/booths/1.'/'.mLgOkCfMjpg)' at line 2
#0 /var/www/hosttest.com/system/Database/MySQLi/Connection.php(331): mysqli->query()
#1 /var/www/hosttest.com/system/Database/BaseConnection.php(741): CodeIgniter\Database\MySQLi\Connection->execute()
#2 /var/www/hosttest.com/system/Database/BaseConnection.php(669): CodeIgniter\Database\BaseConnection->simpleQuery()
#3 /var/www/hosttest.com/app/Controllers/Booths.php(111): CodeIgniter\Database\BaseConnection->query()
#4 /var/www/hosttest.com/system/CodeIgniter.php(926): App\Controllers\Booths->uploadBoothImage()
#5 /var/www/hosttest.com/system/CodeIgniter.php(412): CodeIgniter\CodeIgniter->runController()
#6 /var/www/hosttest.com/system/CodeIgniter.php(320): CodeIgniter\CodeIgniter->handleRequest()
#7 /var/www/hosttest.com/public/index.php(45): CodeIgniter\CodeIgniter->run()
#8 /var/www/hosttest.com/system/Commands/Server/rewrite.php(34): require_once('/var/www/hostte...')
#9 {main}
CRITICAL - 2020-09-28 07:32:52 --> You have an error in your SQL syntax; check the manual that corresponds to your MariaDB server version for the right syntax to use near '/uploads/companies/Company Test-20/booths/1.'/'.8oQYEJiwjpg)' at line 2
#0 /var/www/hosttest.com/system/Database/MySQLi/Connection.php(331): mysqli->query()
#1 /var/www/hosttest.com/system/Database/BaseConnection.php(741): CodeIgniter\Database\MySQLi\Connection->execute()
#2 /var/www/hosttest.com/system/Database/BaseConnection.php(669): CodeIgniter\Database\BaseConnection->simpleQuery()
#3 /var/www/hosttest.com/app/Controllers/Booths.php(111): CodeIgniter\Database\BaseConnection->query()
#4 /var/www/hosttest.com/system/CodeIgniter.php(926): App\Controllers\Booths->uploadBoothImage()
#5 /var/www/hosttest.com/system/CodeIgniter.php(412): CodeIgniter\CodeIgniter->runController()
#6 /var/www/hosttest.com/system/CodeIgniter.php(320): CodeIgniter\CodeIgniter->handleRequest()
#7 /var/www/hosttest.com/public/index.php(45): CodeIgniter\CodeIgniter->run()
#8 /var/www/hosttest.com/system/Commands/Server/rewrite.php(34): require_once('/var/www/hostte...')
#9 {main}
CRITICAL - 2020-09-28 07:35:13 --> Object of class CodeIgniter\Database\MySQLi\Result could not be converted to string
#0 /var/www/hosttest.com/system/CodeIgniter.php(926): App\Controllers\Booths->uploadBoothImage()
#1 /var/www/hosttest.com/system/CodeIgniter.php(412): CodeIgniter\CodeIgniter->runController()
#2 /var/www/hosttest.com/system/CodeIgniter.php(320): CodeIgniter\CodeIgniter->handleRequest()
#3 /var/www/hosttest.com/public/index.php(45): CodeIgniter\CodeIgniter->run()
#4 /var/www/hosttest.com/system/Commands/Server/rewrite.php(34): require_once('/var/www/hostte...')
#5 {main}
CRITICAL - 2020-09-28 07:40:28 --> Call to undefined method CodeIgniter\Database\MySQLi\Result::get()
#0 /var/www/hosttest.com/system/CodeIgniter.php(926): App\Controllers\Booths->uploadBoothImage()
#1 /var/www/hosttest.com/system/CodeIgniter.php(412): CodeIgniter\CodeIgniter->runController()
#2 /var/www/hosttest.com/system/CodeIgniter.php(320): CodeIgniter\CodeIgniter->handleRequest()
#3 /var/www/hosttest.com/public/index.php(45): CodeIgniter\CodeIgniter->run()
#4 /var/www/hosttest.com/system/Commands/Server/rewrite.php(34): require_once('/var/www/hostte...')
#5 {main}
CRITICAL - 2020-09-28 07:50:36 --> Cannot use object of type stdClass as array
#0 /var/www/hosttest.com/system/CodeIgniter.php(926): App\Controllers\Booths->uploadBoothImage()
#1 /var/www/hosttest.com/system/CodeIgniter.php(412): CodeIgniter\CodeIgniter->runController()
#2 /var/www/hosttest.com/system/CodeIgniter.php(320): CodeIgniter\CodeIgniter->handleRequest()
#3 /var/www/hosttest.com/public/index.php(45): CodeIgniter\CodeIgniter->run()
#4 /var/www/hosttest.com/system/Commands/Server/rewrite.php(34): require_once('/var/www/hostte...')
#5 {main}
CRITICAL - 2020-09-28 07:53:21 --> Argument 2 passed to CodeIgniter\HTTP\RedirectResponse::to() must be of the type int or null, string given, called in /var/www/hosttest.com/app/Controllers/Booths.php on line 125
#0 /var/www/hosttest.com/app/Controllers/Booths.php(125): CodeIgniter\HTTP\RedirectResponse->to()
#1 /var/www/hosttest.com/system/CodeIgniter.php(926): App\Controllers\Booths->uploadBoothImage()
#2 /var/www/hosttest.com/system/CodeIgniter.php(412): CodeIgniter\CodeIgniter->runController()
#3 /var/www/hosttest.com/system/CodeIgniter.php(320): CodeIgniter\CodeIgniter->handleRequest()
#4 /var/www/hosttest.com/public/index.php(45): CodeIgniter\CodeIgniter->run()
#5 /var/www/hosttest.com/system/Commands/Server/rewrite.php(34): require_once('/var/www/hostte...')
#6 {main}
CRITICAL - 2020-09-28 08:45:25 --> mkdir(): No such file or directory
#0 [internal function]: CodeIgniter\Debug\Exceptions->errorHandler()
#1 /var/www/hosttest.com/app/Models/CompanyModel.php(49): mkdir()
#2 /var/www/hosttest.com/app/Models/BoothModel.php(83): App\Models\CompanyModel->getCompanyFilesPath()
#3 /var/www/hosttest.com/app/Controllers/Booths.php(44): App\Models\BoothModel->displayBoothImage()
#4 /var/www/hosttest.com/app/Views/client/booth.php(28): App\Controllers\Booths->displayBoothImage()
#5 /var/www/hosttest.com/system/View/View.php(246): include('/var/www/hostte...')
#6 /var/www/hosttest.com/system/Common.php(1119): CodeIgniter\View\View->render()
#7 /var/www/hosttest.com/app/Controllers/Owner.php(95): view()
#8 /var/www/hosttest.com/system/CodeIgniter.php(926): App\Controllers\Owner->clientsBoothById()
#9 /var/www/hosttest.com/system/CodeIgniter.php(412): CodeIgniter\CodeIgniter->runController()
#10 /var/www/hosttest.com/system/CodeIgniter.php(320): CodeIgniter\CodeIgniter->handleRequest()
#11 /var/www/hosttest.com/public/index.php(45): CodeIgniter\CodeIgniter->run()
#12 /var/www/hosttest.com/system/Commands/Server/rewrite.php(34): require_once('/var/www/hostte...')
#13 {main}
CRITICAL - 2020-09-28 09:38:14 --> closedir() expects parameter 1 to be resource, string given
#0 [internal function]: CodeIgniter\Debug\Exceptions->errorHandler()
#1 /var/www/hosttest.com/app/Models/BoothModel.php(87): closedir()
#2 /var/www/hosttest.com/app/Controllers/Booths.php(44): App\Models\BoothModel->displayBoothImage()
#3 /var/www/hosttest.com/app/Views/client/booth.php(28): App\Controllers\Booths->displayBoothImage()
#4 /var/www/hosttest.com/system/View/View.php(246): include('/var/www/hostte...')
#5 /var/www/hosttest.com/system/Common.php(1119): CodeIgniter\View\View->render()
#6 /var/www/hosttest.com/app/Controllers/Owner.php(95): view()
#7 /var/www/hosttest.com/system/CodeIgniter.php(926): App\Controllers\Owner->clientsBoothById()
#8 /var/www/hosttest.com/system/CodeIgniter.php(412): CodeIgniter\CodeIgniter->runController()
#9 /var/www/hosttest.com/system/CodeIgniter.php(320): CodeIgniter\CodeIgniter->handleRequest()
#10 /var/www/hosttest.com/public/index.php(45): CodeIgniter\CodeIgniter->run()
#11 /var/www/hosttest.com/system/Commands/Server/rewrite.php(34): require_once('/var/www/hostte...')
#12 {main}
CRITICAL - 2020-09-28 09:52:58 --> Undefined variable: report
#0 /var/www/hosttest.com/app/Models/BoothModel.php(90): CodeIgniter\Debug\Exceptions->errorHandler()
#1 /var/www/hosttest.com/app/Controllers/Booths.php(44): App\Models\BoothModel->displayBoothImage()
#2 /var/www/hosttest.com/app/Views/client/booth.php(28): App\Controllers\Booths->displayBoothImage()
#3 /var/www/hosttest.com/system/View/View.php(246): include('/var/www/hostte...')
#4 /var/www/hosttest.com/system/Common.php(1119): CodeIgniter\View\View->render()
#5 /var/www/hosttest.com/app/Controllers/Owner.php(95): view()
#6 /var/www/hosttest.com/system/CodeIgniter.php(926): App\Controllers\Owner->clientsBoothById()
#7 /var/www/hosttest.com/system/CodeIgniter.php(412): CodeIgniter\CodeIgniter->runController()
#8 /var/www/hosttest.com/system/CodeIgniter.php(320): CodeIgniter\CodeIgniter->handleRequest()
#9 /var/www/hosttest.com/public/index.php(45): CodeIgniter\CodeIgniter->run()
#10 /var/www/hosttest.com/system/Commands/Server/rewrite.php(34): require_once('/var/www/hostte...')
#11 {main}
CRITICAL - 2020-09-28 09:55:07 --> unlink(.): Is a directory
#0 [internal function]: CodeIgniter\Debug\Exceptions->errorHandler()
#1 /var/www/hosttest.com/app/Controllers/Booths.php(130): unlink()
#2 /var/www/hosttest.com/system/CodeIgniter.php(926): App\Controllers\Booths->removeImage()
#3 /var/www/hosttest.com/system/CodeIgniter.php(412): CodeIgniter\CodeIgniter->runController()
#4 /var/www/hosttest.com/system/CodeIgniter.php(320): CodeIgniter\CodeIgniter->handleRequest()
#5 /var/www/hosttest.com/public/index.php(45): CodeIgniter\CodeIgniter->run()
#6 /var/www/hosttest.com/system/Commands/Server/rewrite.php(34): require_once('/var/www/hostte...')
#7 {main}
CRITICAL - 2020-09-28 10:32:36 --> preg_match(): Unknown modifier '/'
#0 [internal function]: CodeIgniter\Debug\Exceptions->errorHandler()
#1 /var/www/hosttest.com/app/Controllers/Booths.php(159): preg_match()
#2 /var/www/hosttest.com/app/Views/client/booth.php(60): App\Controllers\Booths->createEmbedLink()
#3 /var/www/hosttest.com/system/View/View.php(246): include('/var/www/hostte...')
#4 /var/www/hosttest.com/system/Common.php(1119): CodeIgniter\View\View->render()
#5 /var/www/hosttest.com/app/Controllers/Owner.php(95): view()
#6 /var/www/hosttest.com/system/CodeIgniter.php(926): App\Controllers\Owner->clientsBoothById()
#7 /var/www/hosttest.com/system/CodeIgniter.php(412): CodeIgniter\CodeIgniter->runController()
#8 /var/www/hosttest.com/system/CodeIgniter.php(320): CodeIgniter\CodeIgniter->handleRequest()
#9 /var/www/hosttest.com/public/index.php(45): CodeIgniter\CodeIgniter->run()
#10 /var/www/hosttest.com/system/Commands/Server/rewrite.php(34): require_once('/var/www/hostte...')
#11 {main}
CRITICAL - 2020-09-28 10:33:09 --> preg_match(): Unknown modifier '/'
#0 [internal function]: CodeIgniter\Debug\Exceptions->errorHandler()
#1 /var/www/hosttest.com/app/Controllers/Booths.php(159): preg_match()
#2 /var/www/hosttest.com/app/Views/client/booth.php(60): App\Controllers\Booths->createEmbedLink()
#3 /var/www/hosttest.com/system/View/View.php(246): include('/var/www/hostte...')
#4 /var/www/hosttest.com/system/Common.php(1119): CodeIgniter\View\View->render()
#5 /var/www/hosttest.com/app/Controllers/Owner.php(95): view()
#6 /var/www/hosttest.com/system/CodeIgniter.php(926): App\Controllers\Owner->clientsBoothById()
#7 /var/www/hosttest.com/system/CodeIgniter.php(412): CodeIgniter\CodeIgniter->runController()
#8 /var/www/hosttest.com/system/CodeIgniter.php(320): CodeIgniter\CodeIgniter->handleRequest()
#9 /var/www/hosttest.com/public/index.php(45): CodeIgniter\CodeIgniter->run()
#10 /var/www/hosttest.com/system/Commands/Server/rewrite.php(34): require_once('/var/www/hostte...')
#11 {main}
CRITICAL - 2020-09-28 10:35:09 --> Undefined offset: 2
#0 /var/www/hosttest.com/app/Controllers/Booths.php(165): CodeIgniter\Debug\Exceptions->errorHandler()
#1 /var/www/hosttest.com/app/Views/client/booth.php(60): App\Controllers\Booths->createEmbedLink()
#2 /var/www/hosttest.com/system/View/View.php(246): include('/var/www/hostte...')
#3 /var/www/hosttest.com/system/Common.php(1119): CodeIgniter\View\View->render()
#4 /var/www/hosttest.com/app/Controllers/Owner.php(95): view()
#5 /var/www/hosttest.com/system/CodeIgniter.php(926): App\Controllers\Owner->clientsBoothById()
#6 /var/www/hosttest.com/system/CodeIgniter.php(412): CodeIgniter\CodeIgniter->runController()
#7 /var/www/hosttest.com/system/CodeIgniter.php(320): CodeIgniter\CodeIgniter->handleRequest()
#8 /var/www/hosttest.com/public/index.php(45): CodeIgniter\CodeIgniter->run()
#9 /var/www/hosttest.com/system/Commands/Server/rewrite.php(34): require_once('/var/www/hostte...')
#10 {main}
CRITICAL - 2020-09-28 10:36:31 --> preg_match(): Unknown modifier '('
#0 [internal function]: CodeIgniter\Debug\Exceptions->errorHandler()
#1 /var/www/hosttest.com/app/Controllers/Booths.php(159): preg_match()
#2 /var/www/hosttest.com/app/Views/client/booth.php(60): App\Controllers\Booths->createEmbedLink()
#3 /var/www/hosttest.com/system/View/View.php(246): include('/var/www/hostte...')
#4 /var/www/hosttest.com/system/Common.php(1119): CodeIgniter\View\View->render()
#5 /var/www/hosttest.com/app/Controllers/Owner.php(95): view()
#6 /var/www/hosttest.com/system/CodeIgniter.php(926): App\Controllers\Owner->clientsBoothById()
#7 /var/www/hosttest.com/system/CodeIgniter.php(412): CodeIgniter\CodeIgniter->runController()
#8 /var/www/hosttest.com/system/CodeIgniter.php(320): CodeIgniter\CodeIgniter->handleRequest()
#9 /var/www/hosttest.com/public/index.php(45): CodeIgniter\CodeIgniter->run()
#10 /var/www/hosttest.com/system/Commands/Server/rewrite.php(34): require_once('/var/www/hostte...')
#11 {main}
CRITICAL - 2020-09-28 11:29:38 --> Call to undefined method App\Controllers\Booths::generateVideoEmbedUrl()
#0 /var/www/hosttest.com/system/View/View.php(246): include()
#1 /var/www/hosttest.com/system/Common.php(1119): CodeIgniter\View\View->render()
#2 /var/www/hosttest.com/app/Controllers/Owner.php(95): view()
#3 /var/www/hosttest.com/system/CodeIgniter.php(926): App\Controllers\Owner->clientsBoothById()
#4 /var/www/hosttest.com/system/CodeIgniter.php(412): CodeIgniter\CodeIgniter->runController()
#5 /var/www/hosttest.com/system/CodeIgniter.php(320): CodeIgniter\CodeIgniter->handleRequest()
#6 /var/www/hosttest.com/public/index.php(45): CodeIgniter\CodeIgniter->run()
#7 /var/www/hosttest.com/system/Commands/Server/rewrite.php(34): require_once('/var/www/hostte...')
#8 {main}
CRITICAL - 2020-09-28 12:02:11 --> syntax error, unexpected '}'
#0 /var/www/hosttest.com/system/Autoloader/Autoloader.php(296): CodeIgniter\Autoloader\Autoloader->requireFile()
#1 /var/www/hosttest.com/system/Autoloader/Autoloader.php(258): CodeIgniter\Autoloader\Autoloader->loadInNamespace()
#2 [internal function]: CodeIgniter\Autoloader\Autoloader->loadClass()
#3 /var/www/hosttest.com/app/Views/client/booth.php(27): spl_autoload_call()
#4 /var/www/hosttest.com/system/View/View.php(246): include('/var/www/hostte...')
#5 /var/www/hosttest.com/system/Common.php(1119): CodeIgniter\View\View->render()
#6 /var/www/hosttest.com/app/Controllers/Owner.php(95): view()
#7 /var/www/hosttest.com/system/CodeIgniter.php(926): App\Controllers\Owner->clientsBoothById()
#8 /var/www/hosttest.com/system/CodeIgniter.php(412): CodeIgniter\CodeIgniter->runController()
#9 /var/www/hosttest.com/system/CodeIgniter.php(320): CodeIgniter\CodeIgniter->handleRequest()
#10 /var/www/hosttest.com/public/index.php(45): CodeIgniter\CodeIgniter->run()
#11 /var/www/hosttest.com/system/Commands/Server/rewrite.php(34): require_once('/var/www/hostte...')
#12 {main}
