CRITICAL - 2020-10-08 04:26:23 --> Undefined index: company_id
#0 /var/www/hosttest.com/app/Views/client/vidgallery.php(74): CodeIgniter\Debug\Exceptions->errorHandler()
#1 /var/www/hosttest.com/system/View/View.php(246): include('/var/www/hostte...')
#2 /var/www/hosttest.com/system/Common.php(1119): CodeIgniter\View\View->render()
#3 /var/www/hosttest.com/app/Controllers/Booths.php(42): view()
#4 /var/www/hosttest.com/system/CodeIgniter.php(926): App\Controllers\Booths->vidGallery()
#5 /var/www/hosttest.com/system/CodeIgniter.php(412): CodeIgniter\CodeIgniter->runController()
#6 /var/www/hosttest.com/system/CodeIgniter.php(320): CodeIgniter\CodeIgniter->handleRequest()
#7 /var/www/hosttest.com/public/index.php(45): CodeIgniter\CodeIgniter->run()
#8 /var/www/hosttest.com/system/Commands/Server/rewrite.php(34): require_once('/var/www/hostte...')
#9 {main}
CRITICAL - 2020-10-08 08:35:02 --> Class 'BoothModel' not found
#0 /var/www/hosttest.com/app/Controllers/Booths.php(210): App\Models\VideoModel->uploadToDb()
#1 /var/www/hosttest.com/system/CodeIgniter.php(926): App\Controllers\Booths->uploadVideo()
#2 /var/www/hosttest.com/system/CodeIgniter.php(412): CodeIgniter\CodeIgniter->runController()
#3 /var/www/hosttest.com/system/CodeIgniter.php(320): CodeIgniter\CodeIgniter->handleRequest()
#4 /var/www/hosttest.com/public/index.php(45): CodeIgniter\CodeIgniter->run()
#5 /var/www/hosttest.com/system/Commands/Server/rewrite.php(34): require_once('/var/www/hostte...')
#6 {main}
CRITICAL - 2020-10-08 08:36:06 --> Class 'BoothModel' not found
#0 /var/www/hosttest.com/app/Controllers/Booths.php(210): App\Models\VideoModel->uploadToDb()
#1 /var/www/hosttest.com/system/CodeIgniter.php(926): App\Controllers\Booths->uploadVideo()
#2 /var/www/hosttest.com/system/CodeIgniter.php(412): CodeIgniter\CodeIgniter->runController()
#3 /var/www/hosttest.com/system/CodeIgniter.php(320): CodeIgniter\CodeIgniter->handleRequest()
#4 /var/www/hosttest.com/public/index.php(45): CodeIgniter\CodeIgniter->run()
#5 /var/www/hosttest.com/system/Commands/Server/rewrite.php(34): require_once('/var/www/hostte...')
#6 {main}
CRITICAL - 2020-10-08 08:37:01 --> Array to string conversion
#0 /var/www/hosttest.com/app/Models/VideoModel.php(122): CodeIgniter\Debug\Exceptions->errorHandler()
#1 /var/www/hosttest.com/app/Controllers/Booths.php(210): App\Models\VideoModel->uploadToDb()
#2 /var/www/hosttest.com/system/CodeIgniter.php(926): App\Controllers\Booths->uploadVideo()
#3 /var/www/hosttest.com/system/CodeIgniter.php(412): CodeIgniter\CodeIgniter->runController()
#4 /var/www/hosttest.com/system/CodeIgniter.php(320): CodeIgniter\CodeIgniter->handleRequest()
#5 /var/www/hosttest.com/public/index.php(45): CodeIgniter\CodeIgniter->run()
#6 /var/www/hosttest.com/system/Commands/Server/rewrite.php(34): require_once('/var/www/hostte...')
#7 {main}
CRITICAL - 2020-10-08 08:45:38 --> Undefined index: max(`video_id`)
#0 /var/www/hosttest.com/app/Models/VideoModel.php(119): CodeIgniter\Debug\Exceptions->errorHandler()
#1 /var/www/hosttest.com/app/Controllers/Booths.php(210): App\Models\VideoModel->uploadToDb()
#2 /var/www/hosttest.com/system/CodeIgniter.php(926): App\Controllers\Booths->uploadVideo()
#3 /var/www/hosttest.com/system/CodeIgniter.php(412): CodeIgniter\CodeIgniter->runController()
#4 /var/www/hosttest.com/system/CodeIgniter.php(320): CodeIgniter\CodeIgniter->handleRequest()
#5 /var/www/hosttest.com/public/index.php(45): CodeIgniter\CodeIgniter->run()
#6 /var/www/hosttest.com/system/Commands/Server/rewrite.php(34): require_once('/var/www/hostte...')
#7 {main}
CRITICAL - 2020-10-08 08:46:24 --> Undefined index: max(`video_id`)
#0 /var/www/hosttest.com/app/Models/VideoModel.php(119): CodeIgniter\Debug\Exceptions->errorHandler()
#1 /var/www/hosttest.com/app/Controllers/Booths.php(210): App\Models\VideoModel->uploadToDb()
#2 /var/www/hosttest.com/system/CodeIgniter.php(926): App\Controllers\Booths->uploadVideo()
#3 /var/www/hosttest.com/system/CodeIgniter.php(412): CodeIgniter\CodeIgniter->runController()
#4 /var/www/hosttest.com/system/CodeIgniter.php(320): CodeIgniter\CodeIgniter->handleRequest()
#5 /var/www/hosttest.com/public/index.php(45): CodeIgniter\CodeIgniter->run()
#6 /var/www/hosttest.com/system/Commands/Server/rewrite.php(34): require_once('/var/www/hostte...')
#7 {main}
CRITICAL - 2020-10-08 08:47:52 --> Undefined index: videId
#0 /var/www/hosttest.com/app/Models/VideoModel.php(120): CodeIgniter\Debug\Exceptions->errorHandler()
#1 /var/www/hosttest.com/app/Controllers/Booths.php(210): App\Models\VideoModel->uploadToDb()
#2 /var/www/hosttest.com/system/CodeIgniter.php(926): App\Controllers\Booths->uploadVideo()
#3 /var/www/hosttest.com/system/CodeIgniter.php(412): CodeIgniter\CodeIgniter->runController()
#4 /var/www/hosttest.com/system/CodeIgniter.php(320): CodeIgniter\CodeIgniter->handleRequest()
#5 /var/www/hosttest.com/public/index.php(45): CodeIgniter\CodeIgniter->run()
#6 /var/www/hosttest.com/system/Commands/Server/rewrite.php(34): require_once('/var/www/hostte...')
#7 {main}
CRITICAL - 2020-10-08 10:08:30 --> Argument 1 passed to IonAuth\Models\IonAuthModel::getUsersGroups() must be of the type int, null given, called in /var/www/hosttest.com/vendor/benedmunds/codeigniter-ion-auth/Models/IonAuthModel.php on line 1574
#0 /var/www/hosttest.com/vendor/benedmunds/codeigniter-ion-auth/Models/IonAuthModel.php(1574): IonAuth\Models\IonAuthModel->getUsersGroups()
#1 [internal function]: IonAuth\Models\IonAuthModel->inGroup()
#2 /var/www/hosttest.com/app/Libraries/IonAuth.php(104): call_user_func_array()
#3 /var/www/hosttest.com/app/Controllers/Owner.php(29): App\Libraries\IonAuth->__call()
#4 /var/www/hosttest.com/app/Controllers/Owner.php(34): App\Controllers\Owner->groupCheck()
#5 /var/www/hosttest.com/system/CodeIgniter.php(926): App\Controllers\Owner->index()
#6 /var/www/hosttest.com/system/CodeIgniter.php(412): CodeIgniter\CodeIgniter->runController()
#7 /var/www/hosttest.com/system/CodeIgniter.php(320): CodeIgniter\CodeIgniter->handleRequest()
#8 /var/www/hosttest.com/public/index.php(45): CodeIgniter\CodeIgniter->run()
#9 /var/www/hosttest.com/system/Commands/Server/rewrite.php(34): require_once('/var/www/hostte...')
#10 {main}
CRITICAL - 2020-10-08 10:08:31 --> Argument 1 passed to IonAuth\Models\IonAuthModel::getUsersGroups() must be of the type int, null given, called in /var/www/hosttest.com/vendor/benedmunds/codeigniter-ion-auth/Models/IonAuthModel.php on line 1574
#0 /var/www/hosttest.com/vendor/benedmunds/codeigniter-ion-auth/Models/IonAuthModel.php(1574): IonAuth\Models\IonAuthModel->getUsersGroups()
#1 [internal function]: IonAuth\Models\IonAuthModel->inGroup()
#2 /var/www/hosttest.com/app/Libraries/IonAuth.php(104): call_user_func_array()
#3 /var/www/hosttest.com/app/Controllers/Owner.php(29): App\Libraries\IonAuth->__call()
#4 /var/www/hosttest.com/app/Controllers/Owner.php(34): App\Controllers\Owner->groupCheck()
#5 /var/www/hosttest.com/system/CodeIgniter.php(926): App\Controllers\Owner->index()
#6 /var/www/hosttest.com/system/CodeIgniter.php(412): CodeIgniter\CodeIgniter->runController()
#7 /var/www/hosttest.com/system/CodeIgniter.php(320): CodeIgniter\CodeIgniter->handleRequest()
#8 /var/www/hosttest.com/public/index.php(45): CodeIgniter\CodeIgniter->run()
#9 /var/www/hosttest.com/system/Commands/Server/rewrite.php(34): require_once('/var/www/hostte...')
#10 {main}
CRITICAL - 2020-10-08 10:08:36 --> Argument 1 passed to IonAuth\Models\IonAuthModel::getUsersGroups() must be of the type int, null given, called in /var/www/hosttest.com/vendor/benedmunds/codeigniter-ion-auth/Models/IonAuthModel.php on line 1574
#0 /var/www/hosttest.com/vendor/benedmunds/codeigniter-ion-auth/Models/IonAuthModel.php(1574): IonAuth\Models\IonAuthModel->getUsersGroups()
#1 [internal function]: IonAuth\Models\IonAuthModel->inGroup()
#2 /var/www/hosttest.com/app/Libraries/IonAuth.php(104): call_user_func_array()
#3 /var/www/hosttest.com/app/Controllers/Owner.php(29): App\Libraries\IonAuth->__call()
#4 /var/www/hosttest.com/app/Controllers/Owner.php(34): App\Controllers\Owner->groupCheck()
#5 /var/www/hosttest.com/system/CodeIgniter.php(926): App\Controllers\Owner->index()
#6 /var/www/hosttest.com/system/CodeIgniter.php(412): CodeIgniter\CodeIgniter->runController()
#7 /var/www/hosttest.com/system/CodeIgniter.php(320): CodeIgniter\CodeIgniter->handleRequest()
#8 /var/www/hosttest.com/public/index.php(45): CodeIgniter\CodeIgniter->run()
#9 /var/www/hosttest.com/system/Commands/Server/rewrite.php(34): require_once('/var/www/hostte...')
#10 {main}
