CRITICAL - 2020-09-18 03:07:17 --> Call to undefined method App\Libraries\GroceryCrud::unset_jquery()
#0 /var/www/hosttest.com/system/CodeIgniter.php(926): App\Controllers\Fairs->fairs_management()
#1 /var/www/hosttest.com/system/CodeIgniter.php(412): CodeIgniter\CodeIgniter->runController()
#2 /var/www/hosttest.com/system/CodeIgniter.php(320): CodeIgniter\CodeIgniter->handleRequest()
#3 /var/www/hosttest.com/public/index.php(45): CodeIgniter\CodeIgniter->run()
#4 /var/www/hosttest.com/system/Commands/Server/rewrite.php(34): require_once('/var/www/hostte...')
#5 {main}
CRITICAL - 2020-09-18 03:09:38 --> Call to undefined method App\Libraries\GroceryCrud::unset_jquery()
#0 /var/www/hosttest.com/system/CodeIgniter.php(926): App\Controllers\Fairs->fairs_management()
#1 /var/www/hosttest.com/system/CodeIgniter.php(412): CodeIgniter\CodeIgniter->runController()
#2 /var/www/hosttest.com/system/CodeIgniter.php(320): CodeIgniter\CodeIgniter->handleRequest()
#3 /var/www/hosttest.com/public/index.php(45): CodeIgniter\CodeIgniter->run()
#4 /var/www/hosttest.com/system/Commands/Server/rewrite.php(34): require_once('/var/www/hostte...')
#5 {main}
CRITICAL - 2020-09-18 03:45:46 --> Call to undefined method App\Libraries\GroceryCrud::set_field_upload()
#0 /var/www/hosttest.com/system/CodeIgniter.php(926): App\Controllers\Fairs->fairs()
#1 /var/www/hosttest.com/system/CodeIgniter.php(412): CodeIgniter\CodeIgniter->runController()
#2 /var/www/hosttest.com/system/CodeIgniter.php(320): CodeIgniter\CodeIgniter->handleRequest()
#3 /var/www/hosttest.com/public/index.php(45): CodeIgniter\CodeIgniter->run()
#4 /var/www/hosttest.com/system/Commands/Server/rewrite.php(34): require_once('/var/www/hostte...')
#5 {main}
CRITICAL - 2020-09-18 03:50:04 --> Call to undefined method App\Libraries\GroceryCrud::set_field_upload()
#0 /var/www/hosttest.com/system/CodeIgniter.php(926): App\Controllers\Fairs->fairs()
#1 /var/www/hosttest.com/system/CodeIgniter.php(412): CodeIgniter\CodeIgniter->runController()
#2 /var/www/hosttest.com/system/CodeIgniter.php(320): CodeIgniter\CodeIgniter->handleRequest()
#3 /var/www/hosttest.com/public/index.php(45): CodeIgniter\CodeIgniter->run()
#4 /var/www/hosttest.com/system/Commands/Server/rewrite.php(34): require_once('/var/www/hostte...')
#5 {main}
CRITICAL - 2020-09-18 04:47:00 --> Argument 2 passed to App\Libraries\GroceryCrud::setActionButton() must be of the type string, object given, called in /var/www/hosttest.com/app/Controllers/Fairs.php on line 22
#0 /var/www/hosttest.com/app/Controllers/Fairs.php(22): App\Libraries\GroceryCrud->setActionButton()
#1 /var/www/hosttest.com/system/CodeIgniter.php(926): App\Controllers\Fairs->fairs()
#2 /var/www/hosttest.com/system/CodeIgniter.php(412): CodeIgniter\CodeIgniter->runController()
#3 /var/www/hosttest.com/system/CodeIgniter.php(320): CodeIgniter\CodeIgniter->handleRequest()
#4 /var/www/hosttest.com/public/index.php(45): CodeIgniter\CodeIgniter->run()
#5 /var/www/hosttest.com/system/Commands/Server/rewrite.php(34): require_once('/var/www/hostte...')
#6 {main}
CRITICAL - 2020-09-18 04:48:28 --> Invalid file: /.php
#0 /var/www/hosttest.com/system/View/View.php(228): CodeIgniter\Exceptions\FrameworkException::forInvalidFile()
#1 /var/www/hosttest.com/system/Common.php(1119): CodeIgniter\View\View->render()
#2 /var/www/hosttest.com/app/Controllers/Fairs.php(21): view()
#3 [internal function]: App\Controllers\Fairs->App\Controllers\{closure}()
#4 /var/www/hosttest.com/app/Libraries/GroceryCrud.php(1724): call_user_func()
#5 /var/www/hosttest.com/app/Libraries/GroceryCrud.php(1505): App\Libraries\grocery_CRUD_Layout->change_list_add_actions()
#6 /var/www/hosttest.com/app/Libraries/GroceryCrud.php(4496): App\Libraries\grocery_CRUD_Layout->showList()
#7 /var/www/hosttest.com/app/Controllers/Fairs.php(24): App\Libraries\GroceryCrud->render()
#8 /var/www/hosttest.com/system/CodeIgniter.php(926): App\Controllers\Fairs->fairs()
#9 /var/www/hosttest.com/system/CodeIgniter.php(412): CodeIgniter\CodeIgniter->runController()
#10 /var/www/hosttest.com/system/CodeIgniter.php(320): CodeIgniter\CodeIgniter->handleRequest()
#11 /var/www/hosttest.com/public/index.php(45): CodeIgniter\CodeIgniter->run()
#12 /var/www/hosttest.com/system/Commands/Server/rewrite.php(34): require_once('/var/www/hostte...')
#13 {main}
CRITICAL - 2020-09-18 04:51:58 -->  route cannot be found while reverse-routing.
#0 /var/www/hosttest.com/system/HTTP/RedirectResponse.php(92): CodeIgniter\HTTP\Exceptions\HTTPException::forInvalidRedirectRoute()
#1 /var/www/hosttest.com/system/Common.php(845): CodeIgniter\HTTP\RedirectResponse->route()
#2 /var/www/hosttest.com/app/Controllers/Fairs.php(21): redirect()
#3 [internal function]: App\Controllers\Fairs->App\Controllers\{closure}()
#4 /var/www/hosttest.com/app/Libraries/GroceryCrud.php(1724): call_user_func()
#5 /var/www/hosttest.com/app/Libraries/GroceryCrud.php(1505): App\Libraries\grocery_CRUD_Layout->change_list_add_actions()
#6 /var/www/hosttest.com/app/Libraries/GroceryCrud.php(4496): App\Libraries\grocery_CRUD_Layout->showList()
#7 /var/www/hosttest.com/app/Controllers/Fairs.php(24): App\Libraries\GroceryCrud->render()
#8 /var/www/hosttest.com/system/CodeIgniter.php(926): App\Controllers\Fairs->fairs()
#9 /var/www/hosttest.com/system/CodeIgniter.php(412): CodeIgniter\CodeIgniter->runController()
#10 /var/www/hosttest.com/system/CodeIgniter.php(320): CodeIgniter\CodeIgniter->handleRequest()
#11 /var/www/hosttest.com/public/index.php(45): CodeIgniter\CodeIgniter->run()
#12 /var/www/hosttest.com/system/Commands/Server/rewrite.php(34): require_once('/var/www/hostte...')
#13 {main}
CRITICAL - 2020-09-18 04:52:12 -->  route cannot be found while reverse-routing.
#0 /var/www/hosttest.com/system/HTTP/RedirectResponse.php(92): CodeIgniter\HTTP\Exceptions\HTTPException::forInvalidRedirectRoute()
#1 /var/www/hosttest.com/system/Common.php(845): CodeIgniter\HTTP\RedirectResponse->route()
#2 /var/www/hosttest.com/app/Controllers/Fairs.php(21): redirect()
#3 [internal function]: App\Controllers\Fairs->App\Controllers\{closure}()
#4 /var/www/hosttest.com/app/Libraries/GroceryCrud.php(1724): call_user_func()
#5 /var/www/hosttest.com/app/Libraries/GroceryCrud.php(1505): App\Libraries\grocery_CRUD_Layout->change_list_add_actions()
#6 /var/www/hosttest.com/app/Libraries/GroceryCrud.php(4496): App\Libraries\grocery_CRUD_Layout->showList()
#7 /var/www/hosttest.com/app/Controllers/Fairs.php(24): App\Libraries\GroceryCrud->render()
#8 /var/www/hosttest.com/system/CodeIgniter.php(926): App\Controllers\Fairs->fairs()
#9 /var/www/hosttest.com/system/CodeIgniter.php(412): CodeIgniter\CodeIgniter->runController()
#10 /var/www/hosttest.com/system/CodeIgniter.php(320): CodeIgniter\CodeIgniter->handleRequest()
#11 /var/www/hosttest.com/public/index.php(45): CodeIgniter\CodeIgniter->run()
#12 /var/www/hosttest.com/system/Commands/Server/rewrite.php(34): require_once('/var/www/hostte...')
#13 {main}
CRITICAL - 2020-09-18 04:52:27 -->  route cannot be found while reverse-routing.
#0 /var/www/hosttest.com/system/HTTP/RedirectResponse.php(92): CodeIgniter\HTTP\Exceptions\HTTPException::forInvalidRedirectRoute()
#1 /var/www/hosttest.com/system/Common.php(845): CodeIgniter\HTTP\RedirectResponse->route()
#2 /var/www/hosttest.com/app/Controllers/Fairs.php(21): redirect()
#3 [internal function]: App\Controllers\Fairs->App\Controllers\{closure}()
#4 /var/www/hosttest.com/app/Libraries/GroceryCrud.php(1724): call_user_func()
#5 /var/www/hosttest.com/app/Libraries/GroceryCrud.php(1505): App\Libraries\grocery_CRUD_Layout->change_list_add_actions()
#6 /var/www/hosttest.com/app/Libraries/GroceryCrud.php(4496): App\Libraries\grocery_CRUD_Layout->showList()
#7 /var/www/hosttest.com/app/Controllers/Fairs.php(24): App\Libraries\GroceryCrud->render()
#8 /var/www/hosttest.com/system/CodeIgniter.php(926): App\Controllers\Fairs->fairs()
#9 /var/www/hosttest.com/system/CodeIgniter.php(412): CodeIgniter\CodeIgniter->runController()
#10 /var/www/hosttest.com/system/CodeIgniter.php(320): CodeIgniter\CodeIgniter->handleRequest()
#11 /var/www/hosttest.com/public/index.php(45): CodeIgniter\CodeIgniter->run()
#12 /var/www/hosttest.com/system/Commands/Server/rewrite.php(34): require_once('/var/www/hostte...')
#13 {main}
CRITICAL - 2020-09-18 05:17:31 --> Undefined index: id
#0 /var/www/hosttest.com/app/Views/fairs/upload.php(4): CodeIgniter\Debug\Exceptions->errorHandler()
#1 /var/www/hosttest.com/system/View/View.php(246): include('/var/www/hostte...')
#2 /var/www/hosttest.com/system/Common.php(1119): CodeIgniter\View\View->render()
#3 /var/www/hosttest.com/app/Controllers/Fairs.php(32): view()
#4 /var/www/hosttest.com/system/CodeIgniter.php(926): App\Controllers\Fairs->uploadFileForm()
#5 /var/www/hosttest.com/system/CodeIgniter.php(412): CodeIgniter\CodeIgniter->runController()
#6 /var/www/hosttest.com/system/CodeIgniter.php(320): CodeIgniter\CodeIgniter->handleRequest()
#7 /var/www/hosttest.com/public/index.php(45): CodeIgniter\CodeIgniter->run()
#8 /var/www/hosttest.com/system/Commands/Server/rewrite.php(34): require_once('/var/www/hostte...')
#9 {main}
CRITICAL - 2020-09-18 05:18:01 --> Undefined index: primaryKey
#0 /var/www/hosttest.com/app/Views/fairs/upload.php(4): CodeIgniter\Debug\Exceptions->errorHandler()
#1 /var/www/hosttest.com/system/View/View.php(246): include('/var/www/hostte...')
#2 /var/www/hosttest.com/system/Common.php(1119): CodeIgniter\View\View->render()
#3 /var/www/hosttest.com/app/Controllers/Fairs.php(32): view()
#4 /var/www/hosttest.com/system/CodeIgniter.php(926): App\Controllers\Fairs->uploadFileForm()
#5 /var/www/hosttest.com/system/CodeIgniter.php(412): CodeIgniter\CodeIgniter->runController()
#6 /var/www/hosttest.com/system/CodeIgniter.php(320): CodeIgniter\CodeIgniter->handleRequest()
#7 /var/www/hosttest.com/public/index.php(45): CodeIgniter\CodeIgniter->run()
#8 /var/www/hosttest.com/system/Commands/Server/rewrite.php(34): require_once('/var/www/hostte...')
#9 {main}
CRITICAL - 2020-09-18 05:24:10 --> Argument 2 passed to view() must be of the type array, string given, called in /var/www/hosttest.com/app/Controllers/Fairs.php on line 33
#0 /var/www/hosttest.com/app/Controllers/Fairs.php(33): view()
#1 /var/www/hosttest.com/app/Controllers/Fairs.php(22): App\Controllers\Fairs->uploadFileForm()
#2 [internal function]: App\Controllers\Fairs->App\Controllers\{closure}()
#3 /var/www/hosttest.com/app/Libraries/GroceryCrud.php(1724): call_user_func()
#4 /var/www/hosttest.com/app/Libraries/GroceryCrud.php(1505): App\Libraries\grocery_CRUD_Layout->change_list_add_actions()
#5 /var/www/hosttest.com/app/Libraries/GroceryCrud.php(4496): App\Libraries\grocery_CRUD_Layout->showList()
#6 /var/www/hosttest.com/app/Controllers/Fairs.php(25): App\Libraries\GroceryCrud->render()
#7 /var/www/hosttest.com/system/CodeIgniter.php(926): App\Controllers\Fairs->fairs()
#8 /var/www/hosttest.com/system/CodeIgniter.php(412): CodeIgniter\CodeIgniter->runController()
#9 /var/www/hosttest.com/system/CodeIgniter.php(320): CodeIgniter\CodeIgniter->handleRequest()
#10 /var/www/hosttest.com/public/index.php(45): CodeIgniter\CodeIgniter->run()
#11 /var/www/hosttest.com/system/Commands/Server/rewrite.php(34): require_once('/var/www/hostte...')
#12 {main}
CRITICAL - 2020-09-18 05:24:33 --> Call to a member function with() on string
#0 /var/www/hosttest.com/app/Controllers/Fairs.php(22): App\Controllers\Fairs->uploadFileForm()
#1 [internal function]: App\Controllers\Fairs->App\Controllers\{closure}()
#2 /var/www/hosttest.com/app/Libraries/GroceryCrud.php(1724): call_user_func()
#3 /var/www/hosttest.com/app/Libraries/GroceryCrud.php(1505): App\Libraries\grocery_CRUD_Layout->change_list_add_actions()
#4 /var/www/hosttest.com/app/Libraries/GroceryCrud.php(4496): App\Libraries\grocery_CRUD_Layout->showList()
#5 /var/www/hosttest.com/app/Controllers/Fairs.php(25): App\Libraries\GroceryCrud->render()
#6 /var/www/hosttest.com/system/CodeIgniter.php(926): App\Controllers\Fairs->fairs()
#7 /var/www/hosttest.com/system/CodeIgniter.php(412): CodeIgniter\CodeIgniter->runController()
#8 /var/www/hosttest.com/system/CodeIgniter.php(320): CodeIgniter\CodeIgniter->handleRequest()
#9 /var/www/hosttest.com/public/index.php(45): CodeIgniter\CodeIgniter->run()
#10 /var/www/hosttest.com/system/Commands/Server/rewrite.php(34): require_once('/var/www/hostte...')
#11 {main}
CRITICAL - 2020-09-18 05:29:47 --> Call to undefined function url()
#0 /var/www/hosttest.com/system/View/View.php(246): include()
#1 /var/www/hosttest.com/system/Common.php(1119): CodeIgniter\View\View->render()
#2 /var/www/hosttest.com/app/Controllers/Fairs.php(33): view()
#3 /var/www/hosttest.com/system/CodeIgniter.php(926): App\Controllers\Fairs->uploadFileForm()
#4 /var/www/hosttest.com/system/CodeIgniter.php(412): CodeIgniter\CodeIgniter->runController()
#5 /var/www/hosttest.com/system/CodeIgniter.php(320): CodeIgniter\CodeIgniter->handleRequest()
#6 /var/www/hosttest.com/public/index.php(45): CodeIgniter\CodeIgniter->run()
#7 /var/www/hosttest.com/system/Commands/Server/rewrite.php(34): require_once('/var/www/hostte...')
#8 {main}
CRITICAL - 2020-09-18 06:54:29 --> basename() expects at least 1 parameter, 0 given
#0 [internal function]: CodeIgniter\Debug\Exceptions->errorHandler()
#1 /var/www/hosttest.com/app/Views/fairs/upload.php(4): basename()
#2 /var/www/hosttest.com/system/View/View.php(246): include('/var/www/hostte...')
#3 /var/www/hosttest.com/system/Common.php(1119): CodeIgniter\View\View->render()
#4 /var/www/hosttest.com/app/Controllers/Fairs.php(33): view()
#5 /var/www/hosttest.com/system/CodeIgniter.php(926): App\Controllers\Fairs->uploadFileForm()
#6 /var/www/hosttest.com/system/CodeIgniter.php(412): CodeIgniter\CodeIgniter->runController()
#7 /var/www/hosttest.com/system/CodeIgniter.php(320): CodeIgniter\CodeIgniter->handleRequest()
#8 /var/www/hosttest.com/public/index.php(45): CodeIgniter\CodeIgniter->run()
#9 /var/www/hosttest.com/system/Commands/Server/rewrite.php(34): require_once('/var/www/hostte...')
#10 {main}
CRITICAL - 2020-09-18 07:13:52 --> Undefined property: CodeIgniter\HTTP\IncomingRequest::$id
#0 /var/www/hosttest.com/app/Controllers/Fairs.php(39): CodeIgniter\Debug\Exceptions->errorHandler()
#1 /var/www/hosttest.com/system/CodeIgniter.php(926): App\Controllers\Fairs->uploadFile()
#2 /var/www/hosttest.com/system/CodeIgniter.php(412): CodeIgniter\CodeIgniter->runController()
#3 /var/www/hosttest.com/system/CodeIgniter.php(320): CodeIgniter\CodeIgniter->handleRequest()
#4 /var/www/hosttest.com/public/index.php(45): CodeIgniter\CodeIgniter->run()
#5 /var/www/hosttest.com/system/Commands/Server/rewrite.php(34): require_once('/var/www/hostte...')
#6 {main}
CRITICAL - 2020-09-18 07:16:58 --> Call to undefined method App\Controllers\Fairs::request()
#0 /var/www/hosttest.com/system/CodeIgniter.php(926): App\Controllers\Fairs->uploadFile()
#1 /var/www/hosttest.com/system/CodeIgniter.php(412): CodeIgniter\CodeIgniter->runController()
#2 /var/www/hosttest.com/system/CodeIgniter.php(320): CodeIgniter\CodeIgniter->handleRequest()
#3 /var/www/hosttest.com/public/index.php(45): CodeIgniter\CodeIgniter->run()
#4 /var/www/hosttest.com/system/Commands/Server/rewrite.php(34): require_once('/var/www/hostte...')
#5 {main}
CRITICAL - 2020-09-18 07:17:32 --> syntax error, unexpected ';', expecting ')'
#0 /var/www/hosttest.com/system/Router/Router.php(195): CodeIgniter\Router\Router->autoRoute()
#1 /var/www/hosttest.com/system/CodeIgniter.php(801): CodeIgniter\Router\Router->handle()
#2 /var/www/hosttest.com/system/CodeIgniter.php(372): CodeIgniter\CodeIgniter->tryToRouteIt()
#3 /var/www/hosttest.com/system/CodeIgniter.php(320): CodeIgniter\CodeIgniter->handleRequest()
#4 /var/www/hosttest.com/public/index.php(45): CodeIgniter\CodeIgniter->run()
#5 /var/www/hosttest.com/system/Commands/Server/rewrite.php(34): require_once('/var/www/hostte...')
#6 {main}
CRITICAL - 2020-09-18 07:17:38 --> syntax error, unexpected ';', expecting ')'
#0 /var/www/hosttest.com/system/Router/Router.php(195): CodeIgniter\Router\Router->autoRoute()
#1 /var/www/hosttest.com/system/CodeIgniter.php(801): CodeIgniter\Router\Router->handle()
#2 /var/www/hosttest.com/system/CodeIgniter.php(372): CodeIgniter\CodeIgniter->tryToRouteIt()
#3 /var/www/hosttest.com/system/CodeIgniter.php(320): CodeIgniter\CodeIgniter->handleRequest()
#4 /var/www/hosttest.com/public/index.php(45): CodeIgniter\CodeIgniter->run()
#5 /var/www/hosttest.com/system/Commands/Server/rewrite.php(34): require_once('/var/www/hostte...')
#6 {main}
CRITICAL - 2020-09-18 07:17:55 --> Cannot use object of type CodeIgniter\HTTP\IncomingRequest as array
#0 /var/www/hosttest.com/system/CodeIgniter.php(926): App\Controllers\Fairs->uploadFile()
#1 /var/www/hosttest.com/system/CodeIgniter.php(412): CodeIgniter\CodeIgniter->runController()
#2 /var/www/hosttest.com/system/CodeIgniter.php(320): CodeIgniter\CodeIgniter->handleRequest()
#3 /var/www/hosttest.com/public/index.php(45): CodeIgniter\CodeIgniter->run()
#4 /var/www/hosttest.com/system/Commands/Server/rewrite.php(34): require_once('/var/www/hostte...')
#5 {main}
CRITICAL - 2020-09-18 07:22:17 --> Cannot use object of type CodeIgniter\HTTP\Files\UploadedFile as array
#0 /var/www/hosttest.com/system/CodeIgniter.php(926): App\Controllers\Fairs->uploadFile()
#1 /var/www/hosttest.com/system/CodeIgniter.php(412): CodeIgniter\CodeIgniter->runController()
#2 /var/www/hosttest.com/system/CodeIgniter.php(320): CodeIgniter\CodeIgniter->handleRequest()
#3 /var/www/hosttest.com/public/index.php(45): CodeIgniter\CodeIgniter->run()
#4 /var/www/hosttest.com/system/Commands/Server/rewrite.php(34): require_once('/var/www/hostte...')
#5 {main}
CRITICAL - 2020-09-18 07:23:11 --> Undefined index: name
#0 /var/www/hosttest.com/app/Controllers/Fairs.php(42): CodeIgniter\Debug\Exceptions->errorHandler()
#1 /var/www/hosttest.com/system/CodeIgniter.php(926): App\Controllers\Fairs->uploadFile()
#2 /var/www/hosttest.com/system/CodeIgniter.php(412): CodeIgniter\CodeIgniter->runController()
#3 /var/www/hosttest.com/system/CodeIgniter.php(320): CodeIgniter\CodeIgniter->handleRequest()
#4 /var/www/hosttest.com/public/index.php(45): CodeIgniter\CodeIgniter->run()
#5 /var/www/hosttest.com/system/Commands/Server/rewrite.php(34): require_once('/var/www/hostte...')
#6 {main}
CRITICAL - 2020-09-18 07:40:38 --> Undefined property: App\Controllers\Fairs::$load
#0 /var/www/hosttest.com/app/Controllers/Fairs.php(52): CodeIgniter\Debug\Exceptions->errorHandler()
#1 /var/www/hosttest.com/system/CodeIgniter.php(926): App\Controllers\Fairs->uploadFile()
#2 /var/www/hosttest.com/system/CodeIgniter.php(412): CodeIgniter\CodeIgniter->runController()
#3 /var/www/hosttest.com/system/CodeIgniter.php(320): CodeIgniter\CodeIgniter->handleRequest()
#4 /var/www/hosttest.com/public/index.php(45): CodeIgniter\CodeIgniter->run()
#5 /var/www/hosttest.com/system/Commands/Server/rewrite.php(34): require_once('/var/www/hostte...')
#6 {main}
CRITICAL - 2020-09-18 07:41:10 --> Undefined property: App\Controllers\Fairs::$load
#0 /var/www/hosttest.com/app/Controllers/Fairs.php(53): CodeIgniter\Debug\Exceptions->errorHandler()
#1 /var/www/hosttest.com/system/CodeIgniter.php(926): App\Controllers\Fairs->uploadFile()
#2 /var/www/hosttest.com/system/CodeIgniter.php(412): CodeIgniter\CodeIgniter->runController()
#3 /var/www/hosttest.com/system/CodeIgniter.php(320): CodeIgniter\CodeIgniter->handleRequest()
#4 /var/www/hosttest.com/public/index.php(45): CodeIgniter\CodeIgniter->run()
#5 /var/www/hosttest.com/system/Commands/Server/rewrite.php(34): require_once('/var/www/hostte...')
#6 {main}
CRITICAL - 2020-09-18 07:44:31 --> Call to a member function store() on null
#0 /var/www/hosttest.com/system/CodeIgniter.php(926): App\Controllers\Fairs->uploadFile()
#1 /var/www/hosttest.com/system/CodeIgniter.php(412): CodeIgniter\CodeIgniter->runController()
#2 /var/www/hosttest.com/system/CodeIgniter.php(320): CodeIgniter\CodeIgniter->handleRequest()
#3 /var/www/hosttest.com/public/index.php(45): CodeIgniter\CodeIgniter->run()
#4 /var/www/hosttest.com/system/Commands/Server/rewrite.php(34): require_once('/var/www/hostte...')
#5 {main}
CRITICAL - 2020-09-18 07:47:59 --> Undefined variable: file
#0 /var/www/hosttest.com/app/Controllers/Fairs.php(38): CodeIgniter\Debug\Exceptions->errorHandler()
#1 /var/www/hosttest.com/system/CodeIgniter.php(926): App\Controllers\Fairs->uploadFile()
#2 /var/www/hosttest.com/system/CodeIgniter.php(412): CodeIgniter\CodeIgniter->runController()
#3 /var/www/hosttest.com/system/CodeIgniter.php(320): CodeIgniter\CodeIgniter->handleRequest()
#4 /var/www/hosttest.com/public/index.php(45): CodeIgniter\CodeIgniter->run()
#5 /var/www/hosttest.com/system/Commands/Server/rewrite.php(34): require_once('/var/www/hostte...')
#6 {main}
CRITICAL - 2020-09-18 07:48:13 --> Undefined variable: file
#0 /var/www/hosttest.com/app/Controllers/Fairs.php(38): CodeIgniter\Debug\Exceptions->errorHandler()
#1 /var/www/hosttest.com/system/CodeIgniter.php(926): App\Controllers\Fairs->uploadFile()
#2 /var/www/hosttest.com/system/CodeIgniter.php(412): CodeIgniter\CodeIgniter->runController()
#3 /var/www/hosttest.com/system/CodeIgniter.php(320): CodeIgniter\CodeIgniter->handleRequest()
#4 /var/www/hosttest.com/public/index.php(45): CodeIgniter\CodeIgniter->run()
#5 /var/www/hosttest.com/system/Commands/Server/rewrite.php(34): require_once('/var/www/hostte...')
#6 {main}
CRITICAL - 2020-09-18 07:48:42 --> Undefined property: CodeIgniter\HTTP\IncomingRequest::$file
#0 /var/www/hosttest.com/app/Controllers/Fairs.php(38): CodeIgniter\Debug\Exceptions->errorHandler()
#1 /var/www/hosttest.com/system/CodeIgniter.php(926): App\Controllers\Fairs->uploadFile()
#2 /var/www/hosttest.com/system/CodeIgniter.php(412): CodeIgniter\CodeIgniter->runController()
#3 /var/www/hosttest.com/system/CodeIgniter.php(320): CodeIgniter\CodeIgniter->handleRequest()
#4 /var/www/hosttest.com/public/index.php(45): CodeIgniter\CodeIgniter->run()
#5 /var/www/hosttest.com/system/Commands/Server/rewrite.php(34): require_once('/var/www/hostte...')
#6 {main}
CRITICAL - 2020-09-18 07:49:20 --> Call to a member function getName() on array
#0 /var/www/hosttest.com/system/CodeIgniter.php(926): App\Controllers\Fairs->uploadFile()
#1 /var/www/hosttest.com/system/CodeIgniter.php(412): CodeIgniter\CodeIgniter->runController()
#2 /var/www/hosttest.com/system/CodeIgniter.php(320): CodeIgniter\CodeIgniter->handleRequest()
#3 /var/www/hosttest.com/public/index.php(45): CodeIgniter\CodeIgniter->run()
#4 /var/www/hosttest.com/system/Commands/Server/rewrite.php(34): require_once('/var/www/hostte...')
#5 {main}
CRITICAL - 2020-09-18 07:51:07 --> Call to a member function store() on null
#0 /var/www/hosttest.com/system/CodeIgniter.php(926): App\Controllers\Fairs->uploadFile()
#1 /var/www/hosttest.com/system/CodeIgniter.php(412): CodeIgniter\CodeIgniter->runController()
#2 /var/www/hosttest.com/system/CodeIgniter.php(320): CodeIgniter\CodeIgniter->handleRequest()
#3 /var/www/hosttest.com/public/index.php(45): CodeIgniter\CodeIgniter->run()
#4 /var/www/hosttest.com/system/Commands/Server/rewrite.php(34): require_once('/var/www/hostte...')
#5 {main}
CRITICAL - 2020-09-18 07:51:58 --> syntax error, unexpected '$files' (T_VARIABLE)
#0 /var/www/hosttest.com/system/Router/Router.php(195): CodeIgniter\Router\Router->autoRoute()
#1 /var/www/hosttest.com/system/CodeIgniter.php(801): CodeIgniter\Router\Router->handle()
#2 /var/www/hosttest.com/system/CodeIgniter.php(372): CodeIgniter\CodeIgniter->tryToRouteIt()
#3 /var/www/hosttest.com/system/CodeIgniter.php(320): CodeIgniter\CodeIgniter->handleRequest()
#4 /var/www/hosttest.com/public/index.php(45): CodeIgniter\CodeIgniter->run()
#5 /var/www/hosttest.com/system/Commands/Server/rewrite.php(34): require_once('/var/www/hostte...')
#6 {main}
CRITICAL - 2020-09-18 07:51:59 --> syntax error, unexpected '$files' (T_VARIABLE)
#0 /var/www/hosttest.com/system/Router/Router.php(195): CodeIgniter\Router\Router->autoRoute()
#1 /var/www/hosttest.com/system/CodeIgniter.php(801): CodeIgniter\Router\Router->handle()
#2 /var/www/hosttest.com/system/CodeIgniter.php(372): CodeIgniter\CodeIgniter->tryToRouteIt()
#3 /var/www/hosttest.com/system/CodeIgniter.php(320): CodeIgniter\CodeIgniter->handleRequest()
#4 /var/www/hosttest.com/public/index.php(45): CodeIgniter\CodeIgniter->run()
#5 /var/www/hosttest.com/system/Commands/Server/rewrite.php(34): require_once('/var/www/hostte...')
#6 {main}
CRITICAL - 2020-09-18 07:52:03 --> syntax error, unexpected '$files' (T_VARIABLE)
#0 /var/www/hosttest.com/system/Router/Router.php(195): CodeIgniter\Router\Router->autoRoute()
#1 /var/www/hosttest.com/system/CodeIgniter.php(801): CodeIgniter\Router\Router->handle()
#2 /var/www/hosttest.com/system/CodeIgniter.php(372): CodeIgniter\CodeIgniter->tryToRouteIt()
#3 /var/www/hosttest.com/system/CodeIgniter.php(320): CodeIgniter\CodeIgniter->handleRequest()
#4 /var/www/hosttest.com/public/index.php(45): CodeIgniter\CodeIgniter->run()
#5 /var/www/hosttest.com/system/Commands/Server/rewrite.php(34): require_once('/var/www/hostte...')
#6 {main}
CRITICAL - 2020-09-18 08:12:45 --> Too few arguments to function CodeIgniter\HTTP\IncomingRequest::getFile(), 0 passed in /var/www/hosttest.com/app/Controllers/Fairs.php on line 39 and exactly 1 expected
#0 /var/www/hosttest.com/app/Controllers/Fairs.php(39): CodeIgniter\HTTP\IncomingRequest->getFile()
#1 /var/www/hosttest.com/system/CodeIgniter.php(926): App\Controllers\Fairs->uploadFile()
#2 /var/www/hosttest.com/system/CodeIgniter.php(412): CodeIgniter\CodeIgniter->runController()
#3 /var/www/hosttest.com/system/CodeIgniter.php(320): CodeIgniter\CodeIgniter->handleRequest()
#4 /var/www/hosttest.com/public/index.php(45): CodeIgniter\CodeIgniter->run()
#5 /var/www/hosttest.com/system/Commands/Server/rewrite.php(34): require_once('/var/www/hostte...')
#6 {main}
CRITICAL - 2020-09-18 08:20:15 -->  route cannot be found while reverse-routing.
#0 /var/www/hosttest.com/system/HTTP/RedirectResponse.php(92): CodeIgniter\HTTP\Exceptions\HTTPException::forInvalidRedirectRoute()
#1 /var/www/hosttest.com/system/Common.php(845): CodeIgniter\HTTP\RedirectResponse->route()
#2 /var/www/hosttest.com/app/Controllers/Fairs.php(48): redirect()
#3 /var/www/hosttest.com/system/CodeIgniter.php(926): App\Controllers\Fairs->uploadFile()
#4 /var/www/hosttest.com/system/CodeIgniter.php(412): CodeIgniter\CodeIgniter->runController()
#5 /var/www/hosttest.com/system/CodeIgniter.php(320): CodeIgniter\CodeIgniter->handleRequest()
#6 /var/www/hosttest.com/public/index.php(45): CodeIgniter\CodeIgniter->run()
#7 /var/www/hosttest.com/system/Commands/Server/rewrite.php(34): require_once('/var/www/hostte...')
#8 {main}
CRITICAL - 2020-09-18 08:27:35 --> Array to string conversion
#0 /var/www/hosttest.com/app/Controllers/Fairs.php(42): CodeIgniter\Debug\Exceptions->errorHandler()
#1 /var/www/hosttest.com/system/CodeIgniter.php(926): App\Controllers\Fairs->uploadFile()
#2 /var/www/hosttest.com/system/CodeIgniter.php(412): CodeIgniter\CodeIgniter->runController()
#3 /var/www/hosttest.com/system/CodeIgniter.php(320): CodeIgniter\CodeIgniter->handleRequest()
#4 /var/www/hosttest.com/public/index.php(45): CodeIgniter\CodeIgniter->run()
#5 /var/www/hosttest.com/system/Commands/Server/rewrite.php(34): require_once('/var/www/hostte...')
#6 {main}
CRITICAL - 2020-09-18 08:28:07 -->  route cannot be found while reverse-routing.
#0 /var/www/hosttest.com/system/HTTP/RedirectResponse.php(92): CodeIgniter\HTTP\Exceptions\HTTPException::forInvalidRedirectRoute()
#1 /var/www/hosttest.com/system/Common.php(845): CodeIgniter\HTTP\RedirectResponse->route()
#2 /var/www/hosttest.com/app/Controllers/Fairs.php(50): redirect()
#3 /var/www/hosttest.com/system/CodeIgniter.php(926): App\Controllers\Fairs->uploadFile()
#4 /var/www/hosttest.com/system/CodeIgniter.php(412): CodeIgniter\CodeIgniter->runController()
#5 /var/www/hosttest.com/system/CodeIgniter.php(320): CodeIgniter\CodeIgniter->handleRequest()
#6 /var/www/hosttest.com/public/index.php(45): CodeIgniter\CodeIgniter->run()
#7 /var/www/hosttest.com/system/Commands/Server/rewrite.php(34): require_once('/var/www/hostte...')
#8 {main}
CRITICAL - 2020-09-18 08:31:02 --> Call to undefined function App\Controllers\getExtension()
#0 /var/www/hosttest.com/system/CodeIgniter.php(926): App\Controllers\Fairs->uploadFile()
#1 /var/www/hosttest.com/system/CodeIgniter.php(412): CodeIgniter\CodeIgniter->runController()
#2 /var/www/hosttest.com/system/CodeIgniter.php(320): CodeIgniter\CodeIgniter->handleRequest()
#3 /var/www/hosttest.com/public/index.php(45): CodeIgniter\CodeIgniter->run()
#4 /var/www/hosttest.com/system/Commands/Server/rewrite.php(34): require_once('/var/www/hostte...')
#5 {main}
CRITICAL - 2020-09-18 08:35:38 --> Call to undefined function App\Controllers\getExtension()
#0 /var/www/hosttest.com/system/CodeIgniter.php(926): App\Controllers\Fairs->uploadFile()
#1 /var/www/hosttest.com/system/CodeIgniter.php(412): CodeIgniter\CodeIgniter->runController()
#2 /var/www/hosttest.com/system/CodeIgniter.php(320): CodeIgniter\CodeIgniter->handleRequest()
#3 /var/www/hosttest.com/public/index.php(45): CodeIgniter\CodeIgniter->run()
#4 /var/www/hosttest.com/system/Commands/Server/rewrite.php(34): require_once('/var/www/hostte...')
#5 {main}
CRITICAL - 2020-09-18 08:39:30 -->  route cannot be found while reverse-routing.
#0 /var/www/hosttest.com/system/HTTP/RedirectResponse.php(92): CodeIgniter\HTTP\Exceptions\HTTPException::forInvalidRedirectRoute()
#1 /var/www/hosttest.com/system/Common.php(845): CodeIgniter\HTTP\RedirectResponse->route()
#2 /var/www/hosttest.com/app/Controllers/Fairs.php(52): redirect()
#3 /var/www/hosttest.com/system/CodeIgniter.php(926): App\Controllers\Fairs->uploadFile()
#4 /var/www/hosttest.com/system/CodeIgniter.php(412): CodeIgniter\CodeIgniter->runController()
#5 /var/www/hosttest.com/system/CodeIgniter.php(320): CodeIgniter\CodeIgniter->handleRequest()
#6 /var/www/hosttest.com/public/index.php(45): CodeIgniter\CodeIgniter->run()
#7 /var/www/hosttest.com/system/Commands/Server/rewrite.php(34): require_once('/var/www/hostte...')
#8 {main}
CRITICAL - 2020-09-18 08:41:55 -->  route cannot be found while reverse-routing.
#0 /var/www/hosttest.com/system/HTTP/RedirectResponse.php(92): CodeIgniter\HTTP\Exceptions\HTTPException::forInvalidRedirectRoute()
#1 /var/www/hosttest.com/system/Common.php(845): CodeIgniter\HTTP\RedirectResponse->route()
#2 /var/www/hosttest.com/app/Controllers/Fairs.php(52): redirect()
#3 /var/www/hosttest.com/system/CodeIgniter.php(926): App\Controllers\Fairs->uploadFile()
#4 /var/www/hosttest.com/system/CodeIgniter.php(412): CodeIgniter\CodeIgniter->runController()
#5 /var/www/hosttest.com/system/CodeIgniter.php(320): CodeIgniter\CodeIgniter->handleRequest()
#6 /var/www/hosttest.com/public/index.php(45): CodeIgniter\CodeIgniter->run()
#7 /var/www/hosttest.com/system/Commands/Server/rewrite.php(34): require_once('/var/www/hostte...')
#8 {main}
CRITICAL - 2020-09-18 08:44:10 -->  route cannot be found while reverse-routing.
#0 /var/www/hosttest.com/system/HTTP/RedirectResponse.php(92): CodeIgniter\HTTP\Exceptions\HTTPException::forInvalidRedirectRoute()
#1 /var/www/hosttest.com/system/Common.php(845): CodeIgniter\HTTP\RedirectResponse->route()
#2 /var/www/hosttest.com/app/Controllers/Fairs.php(52): redirect()
#3 /var/www/hosttest.com/system/CodeIgniter.php(926): App\Controllers\Fairs->uploadFile()
#4 /var/www/hosttest.com/system/CodeIgniter.php(412): CodeIgniter\CodeIgniter->runController()
#5 /var/www/hosttest.com/system/CodeIgniter.php(320): CodeIgniter\CodeIgniter->handleRequest()
#6 /var/www/hosttest.com/public/index.php(45): CodeIgniter\CodeIgniter->run()
#7 /var/www/hosttest.com/system/Commands/Server/rewrite.php(34): require_once('/var/www/hostte...')
#8 {main}
CRITICAL - 2020-09-18 08:48:41 --> Object of class CodeIgniter\HTTP\RedirectResponse could not be converted to string
#0 /var/www/hosttest.com/app/Libraries/GroceryCrud.php(2801): include()
#1 /var/www/hosttest.com/app/Libraries/GroceryCrud.php(1562): App\Libraries\grocery_CRUD_Layout->_theme_view()
#2 /var/www/hosttest.com/app/Libraries/GroceryCrud.php(4496): App\Libraries\grocery_CRUD_Layout->showList()
#3 /var/www/hosttest.com/app/Controllers/Fairs.php(25): App\Libraries\GroceryCrud->render()
#4 /var/www/hosttest.com/system/CodeIgniter.php(926): App\Controllers\Fairs->fairs()
#5 /var/www/hosttest.com/system/CodeIgniter.php(412): CodeIgniter\CodeIgniter->runController()
#6 /var/www/hosttest.com/system/CodeIgniter.php(320): CodeIgniter\CodeIgniter->handleRequest()
#7 /var/www/hosttest.com/public/index.php(45): CodeIgniter\CodeIgniter->run()
#8 /var/www/hosttest.com/system/Commands/Server/rewrite.php(34): require_once('/var/www/hostte...')
#9 {main}
CRITICAL - 2020-09-18 08:57:55 --> Class 'App\Controllers\RuntimeException' not found
#0 /var/www/hosttest.com/system/CodeIgniter.php(926): App\Controllers\Fairs->uploadFile()
#1 /var/www/hosttest.com/system/CodeIgniter.php(412): CodeIgniter\CodeIgniter->runController()
#2 /var/www/hosttest.com/system/CodeIgniter.php(320): CodeIgniter\CodeIgniter->handleRequest()
#3 /var/www/hosttest.com/public/index.php(45): CodeIgniter\CodeIgniter->run()
#4 /var/www/hosttest.com/system/Commands/Server/rewrite.php(34): require_once('/var/www/hostte...')
#5 {main}
CRITICAL - 2020-09-18 09:04:17 --> syntax error, unexpected '}', expecting ';'
#0 /var/www/hosttest.com/system/Router/Router.php(195): CodeIgniter\Router\Router->autoRoute()
#1 /var/www/hosttest.com/system/CodeIgniter.php(801): CodeIgniter\Router\Router->handle()
#2 /var/www/hosttest.com/system/CodeIgniter.php(372): CodeIgniter\CodeIgniter->tryToRouteIt()
#3 /var/www/hosttest.com/system/CodeIgniter.php(320): CodeIgniter\CodeIgniter->handleRequest()
#4 /var/www/hosttest.com/public/index.php(45): CodeIgniter\CodeIgniter->run()
#5 /var/www/hosttest.com/system/Commands/Server/rewrite.php(34): require_once('/var/www/hostte...')
#6 {main}
CRITICAL - 2020-09-18 09:51:35 --> Undefined variable: validation
#0 /var/www/hosttest.com/app/Views/fairs/upload.php(9): CodeIgniter\Debug\Exceptions->errorHandler()
#1 /var/www/hosttest.com/system/View/View.php(246): include('/var/www/hostte...')
#2 /var/www/hosttest.com/system/Common.php(1119): CodeIgniter\View\View->render()
#3 /var/www/hosttest.com/app/Controllers/Fairs.php(32): view()
#4 /var/www/hosttest.com/system/CodeIgniter.php(926): App\Controllers\Fairs->uploadFileForm()
#5 /var/www/hosttest.com/system/CodeIgniter.php(412): CodeIgniter\CodeIgniter->runController()
#6 /var/www/hosttest.com/system/CodeIgniter.php(320): CodeIgniter\CodeIgniter->handleRequest()
#7 /var/www/hosttest.com/public/index.php(45): CodeIgniter\CodeIgniter->run()
#8 /var/www/hosttest.com/system/Commands/Server/rewrite.php(34): require_once('/var/www/hostte...')
#9 {main}
CRITICAL - 2020-09-18 09:52:25 --> Undefined variable: validation
#0 /var/www/hosttest.com/app/Views/fairs/upload.php(12): CodeIgniter\Debug\Exceptions->errorHandler()
#1 /var/www/hosttest.com/system/View/View.php(246): include('/var/www/hostte...')
#2 /var/www/hosttest.com/system/Common.php(1119): CodeIgniter\View\View->render()
#3 /var/www/hosttest.com/app/Controllers/Fairs.php(32): view()
#4 /var/www/hosttest.com/system/CodeIgniter.php(926): App\Controllers\Fairs->uploadFileForm()
#5 /var/www/hosttest.com/system/CodeIgniter.php(412): CodeIgniter\CodeIgniter->runController()
#6 /var/www/hosttest.com/system/CodeIgniter.php(320): CodeIgniter\CodeIgniter->handleRequest()
#7 /var/www/hosttest.com/public/index.php(45): CodeIgniter\CodeIgniter->run()
#8 /var/www/hosttest.com/system/Commands/Server/rewrite.php(34): require_once('/var/www/hostte...')
#9 {main}
CRITICAL - 2020-09-18 09:57:19 --> Undefined variable: validation
#0 /var/www/hosttest.com/app/Views/fairs/upload.php(6): CodeIgniter\Debug\Exceptions->errorHandler()
#1 /var/www/hosttest.com/system/View/View.php(246): include('/var/www/hostte...')
#2 /var/www/hosttest.com/system/Common.php(1119): CodeIgniter\View\View->render()
#3 /var/www/hosttest.com/app/Controllers/Fairs.php(32): view()
#4 /var/www/hosttest.com/system/CodeIgniter.php(926): App\Controllers\Fairs->uploadFileForm()
#5 /var/www/hosttest.com/system/CodeIgniter.php(412): CodeIgniter\CodeIgniter->runController()
#6 /var/www/hosttest.com/system/CodeIgniter.php(320): CodeIgniter\CodeIgniter->handleRequest()
#7 /var/www/hosttest.com/public/index.php(45): CodeIgniter\CodeIgniter->run()
#8 /var/www/hosttest.com/system/Commands/Server/rewrite.php(34): require_once('/var/www/hostte...')
#9 {main}
CRITICAL - 2020-09-18 09:58:38 --> Undefined variable: validation
#0 /var/www/hosttest.com/app/Views/fairs/upload.php(6): CodeIgniter\Debug\Exceptions->errorHandler()
#1 /var/www/hosttest.com/system/View/View.php(246): include('/var/www/hostte...')
#2 /var/www/hosttest.com/system/Common.php(1119): CodeIgniter\View\View->render()
#3 /var/www/hosttest.com/app/Controllers/Fairs.php(32): view()
#4 /var/www/hosttest.com/system/CodeIgniter.php(926): App\Controllers\Fairs->uploadFileForm()
#5 /var/www/hosttest.com/system/CodeIgniter.php(412): CodeIgniter\CodeIgniter->runController()
#6 /var/www/hosttest.com/system/CodeIgniter.php(320): CodeIgniter\CodeIgniter->handleRequest()
#7 /var/www/hosttest.com/public/index.php(45): CodeIgniter\CodeIgniter->run()
#8 /var/www/hosttest.com/system/Commands/Server/rewrite.php(34): require_once('/var/www/hostte...')
#9 {main}
