CRITICAL - 2020-10-05 01:56:59 --> Argument 1 passed to IonAuth\Models\IonAuthModel::getUsersGroups() must be of the type int, null given, called in /var/www/hosttest.com/vendor/benedmunds/codeigniter-ion-auth/Models/IonAuthModel.php on line 1574
#0 /var/www/hosttest.com/vendor/benedmunds/codeigniter-ion-auth/Models/IonAuthModel.php(1574): IonAuth\Models\IonAuthModel->getUsersGroups()
#1 [internal function]: IonAuth\Models\IonAuthModel->inGroup()
#2 /var/www/hosttest.com/app/Libraries/IonAuth.php(104): call_user_func_array()
#3 /var/www/hosttest.com/app/Controllers/Admin.php(25): App\Libraries\IonAuth->__call()
#4 /var/www/hosttest.com/app/Controllers/Admin.php(31): App\Controllers\Admin->groupCheck()
#5 /var/www/hosttest.com/system/CodeIgniter.php(926): App\Controllers\Admin->index()
#6 /var/www/hosttest.com/system/CodeIgniter.php(412): CodeIgniter\CodeIgniter->runController()
#7 /var/www/hosttest.com/system/CodeIgniter.php(320): CodeIgniter\CodeIgniter->handleRequest()
#8 /var/www/hosttest.com/public/index.php(45): CodeIgniter\CodeIgniter->run()
#9 /var/www/hosttest.com/system/Commands/Server/rewrite.php(34): require_once('/var/www/hostte...')
#10 {main}
CRITICAL - 2020-10-05 01:57:06 --> Argument 1 passed to IonAuth\Models\IonAuthModel::getUsersGroups() must be of the type int, null given, called in /var/www/hosttest.com/vendor/benedmunds/codeigniter-ion-auth/Models/IonAuthModel.php on line 1574
#0 /var/www/hosttest.com/vendor/benedmunds/codeigniter-ion-auth/Models/IonAuthModel.php(1574): IonAuth\Models\IonAuthModel->getUsersGroups()
#1 [internal function]: IonAuth\Models\IonAuthModel->inGroup()
#2 /var/www/hosttest.com/app/Libraries/IonAuth.php(104): call_user_func_array()
#3 /var/www/hosttest.com/app/Controllers/Owner.php(29): App\Libraries\IonAuth->__call()
#4 /var/www/hosttest.com/app/Controllers/Owner.php(34): App\Controllers\Owner->groupCheck()
#5 /var/www/hosttest.com/system/CodeIgniter.php(926): App\Controllers\Owner->index()
#6 /var/www/hosttest.com/system/CodeIgniter.php(412): CodeIgniter\CodeIgniter->runController()
#7 /var/www/hosttest.com/system/CodeIgniter.php(320): CodeIgniter\CodeIgniter->handleRequest()
#8 /var/www/hosttest.com/public/index.php(45): CodeIgniter\CodeIgniter->run()
#9 /var/www/hosttest.com/system/Commands/Server/rewrite.php(34): require_once('/var/www/hostte...')
#10 {main}
CRITICAL - 2020-10-05 08:42:59 --> Call to undefined function displayBoothImage()
#0 /var/www/hosttest.com/system/View/View.php(246): include()
#1 /var/www/hosttest.com/system/Common.php(1119): CodeIgniter\View\View->render()
#2 /var/www/hosttest.com/app/Controllers/Owner.php(104): view()
#3 /var/www/hosttest.com/system/CodeIgniter.php(926): App\Controllers\Owner->clientsBoothById()
#4 /var/www/hosttest.com/system/CodeIgniter.php(412): CodeIgniter\CodeIgniter->runController()
#5 /var/www/hosttest.com/system/CodeIgniter.php(320): CodeIgniter\CodeIgniter->handleRequest()
#6 /var/www/hosttest.com/public/index.php(45): CodeIgniter\CodeIgniter->run()
#7 /var/www/hosttest.com/system/Commands/Server/rewrite.php(34): require_once('/var/www/hostte...')
#8 {main}
CRITICAL - 2020-10-05 08:43:24 --> Call to undefined function displayBoothImage()
#0 /var/www/hosttest.com/system/View/View.php(246): include()
#1 /var/www/hosttest.com/system/Common.php(1119): CodeIgniter\View\View->render()
#2 /var/www/hosttest.com/app/Controllers/Owner.php(104): view()
#3 /var/www/hosttest.com/system/CodeIgniter.php(926): App\Controllers\Owner->clientsBoothById()
#4 /var/www/hosttest.com/system/CodeIgniter.php(412): CodeIgniter\CodeIgniter->runController()
#5 /var/www/hosttest.com/system/CodeIgniter.php(320): CodeIgniter\CodeIgniter->handleRequest()
#6 /var/www/hosttest.com/public/index.php(45): CodeIgniter\CodeIgniter->run()
#7 /var/www/hosttest.com/system/Commands/Server/rewrite.php(34): require_once('/var/www/hostte...')
#8 {main}
CRITICAL - 2020-10-05 08:43:33 --> You have an error in your SQL syntax; check the manual that corresponds to your MariaDB server version for the right syntax to use near '' at line 1
#0 /var/www/hosttest.com/system/Database/MySQLi/Connection.php(331): mysqli->query()
#1 /var/www/hosttest.com/system/Database/BaseConnection.php(741): CodeIgniter\Database\MySQLi\Connection->execute()
#2 /var/www/hosttest.com/system/Database/BaseConnection.php(669): CodeIgniter\Database\BaseConnection->simpleQuery()
#3 /var/www/hosttest.com/app/Controllers/Owner.php(57): CodeIgniter\Database\BaseConnection->query()
#4 /var/www/hosttest.com/app/Controllers/Owner.php(69): App\Controllers\Owner->getClientCompanyId()
#5 /var/www/hosttest.com/app/Controllers/Owner.php(44): App\Controllers\Owner->clientsFairsIDs()
#6 /var/www/hosttest.com/system/CodeIgniter.php(926): App\Controllers\Owner->fairsView()
#7 /var/www/hosttest.com/system/CodeIgniter.php(412): CodeIgniter\CodeIgniter->runController()
#8 /var/www/hosttest.com/system/CodeIgniter.php(320): CodeIgniter\CodeIgniter->handleRequest()
#9 /var/www/hosttest.com/public/index.php(45): CodeIgniter\CodeIgniter->run()
#10 /var/www/hosttest.com/system/Commands/Server/rewrite.php(34): require_once('/var/www/hostte...')
#11 {main}
CRITICAL - 2020-10-05 08:43:37 --> Call to undefined function displayBoothImage()
#0 /var/www/hosttest.com/system/View/View.php(246): include()
#1 /var/www/hosttest.com/system/Common.php(1119): CodeIgniter\View\View->render()
#2 /var/www/hosttest.com/app/Controllers/Owner.php(104): view()
#3 /var/www/hosttest.com/system/CodeIgniter.php(926): App\Controllers\Owner->clientsBoothById()
#4 /var/www/hosttest.com/system/CodeIgniter.php(412): CodeIgniter\CodeIgniter->runController()
#5 /var/www/hosttest.com/system/CodeIgniter.php(320): CodeIgniter\CodeIgniter->handleRequest()
#6 /var/www/hosttest.com/public/index.php(45): CodeIgniter\CodeIgniter->run()
#7 /var/www/hosttest.com/system/Commands/Server/rewrite.php(34): require_once('/var/www/hostte...')
#8 {main}
CRITICAL - 2020-10-05 08:43:39 --> Call to undefined function displayBoothImage()
#0 /var/www/hosttest.com/system/View/View.php(246): include()
#1 /var/www/hosttest.com/system/Common.php(1119): CodeIgniter\View\View->render()
#2 /var/www/hosttest.com/app/Controllers/Owner.php(104): view()
#3 /var/www/hosttest.com/system/CodeIgniter.php(926): App\Controllers\Owner->clientsBoothById()
#4 /var/www/hosttest.com/system/CodeIgniter.php(412): CodeIgniter\CodeIgniter->runController()
#5 /var/www/hosttest.com/system/CodeIgniter.php(320): CodeIgniter\CodeIgniter->handleRequest()
#6 /var/www/hosttest.com/public/index.php(45): CodeIgniter\CodeIgniter->run()
#7 /var/www/hosttest.com/system/Commands/Server/rewrite.php(34): require_once('/var/www/hostte...')
#8 {main}
CRITICAL - 2020-10-05 08:44:08 --> Undefined variable: image
#0 /var/www/hosttest.com/app/Views/client/booth.php(63): CodeIgniter\Debug\Exceptions->errorHandler()
#1 /var/www/hosttest.com/system/View/View.php(246): include('/var/www/hostte...')
#2 /var/www/hosttest.com/system/Common.php(1119): CodeIgniter\View\View->render()
#3 /var/www/hosttest.com/app/Controllers/Owner.php(104): view()
#4 /var/www/hosttest.com/system/CodeIgniter.php(926): App\Controllers\Owner->clientsBoothById()
#5 /var/www/hosttest.com/system/CodeIgniter.php(412): CodeIgniter\CodeIgniter->runController()
#6 /var/www/hosttest.com/system/CodeIgniter.php(320): CodeIgniter\CodeIgniter->handleRequest()
#7 /var/www/hosttest.com/public/index.php(45): CodeIgniter\CodeIgniter->run()
#8 /var/www/hosttest.com/system/Commands/Server/rewrite.php(34): require_once('/var/www/hostte...')
#9 {main}
CRITICAL - 2020-10-05 09:28:35 --> Call to undefined method App\Models\BoothModel::displayBoothImage
#0 /var/www/hosttest.com/app/Views/client/booth.php(62): CodeIgniter\Model->__call()
#1 /var/www/hosttest.com/system/View/View.php(246): include('/var/www/hostte...')
#2 /var/www/hosttest.com/system/Common.php(1119): CodeIgniter\View\View->render()
#3 /var/www/hosttest.com/app/Controllers/Owner.php(104): view()
#4 /var/www/hosttest.com/system/CodeIgniter.php(926): App\Controllers\Owner->clientsBoothById()
#5 /var/www/hosttest.com/system/CodeIgniter.php(412): CodeIgniter\CodeIgniter->runController()
#6 /var/www/hosttest.com/system/CodeIgniter.php(320): CodeIgniter\CodeIgniter->handleRequest()
#7 /var/www/hosttest.com/public/index.php(45): CodeIgniter\CodeIgniter->run()
#8 /var/www/hosttest.com/system/Commands/Server/rewrite.php(34): require_once('/var/www/hostte...')
#9 {main}
CRITICAL - 2020-10-05 09:32:05 --> Call to undefined method App\Models\BoothModel::displayBoothImage
#0 /var/www/hosttest.com/app/Views/client/booth.php(62): CodeIgniter\Model->__call()
#1 /var/www/hosttest.com/system/View/View.php(246): include('/var/www/hostte...')
#2 /var/www/hosttest.com/system/Common.php(1119): CodeIgniter\View\View->render()
#3 /var/www/hosttest.com/app/Controllers/Owner.php(104): view()
#4 /var/www/hosttest.com/system/CodeIgniter.php(926): App\Controllers\Owner->clientsBoothById()
#5 /var/www/hosttest.com/system/CodeIgniter.php(412): CodeIgniter\CodeIgniter->runController()
#6 /var/www/hosttest.com/system/CodeIgniter.php(320): CodeIgniter\CodeIgniter->handleRequest()
#7 /var/www/hosttest.com/public/index.php(45): CodeIgniter\CodeIgniter->run()
#8 /var/www/hosttest.com/system/Commands/Server/rewrite.php(34): require_once('/var/www/hostte...')
#9 {main}
CRITICAL - 2020-10-05 09:32:51 --> Call to undefined method CodeIgniter\Database\MySQLi\Result::get()
#0 /var/www/hosttest.com/app/Views/client/booth.php(62): App\Models\BoothModel->getBoothImagesPath()
#1 /var/www/hosttest.com/system/View/View.php(246): include('/var/www/hostte...')
#2 /var/www/hosttest.com/system/Common.php(1119): CodeIgniter\View\View->render()
#3 /var/www/hosttest.com/app/Controllers/Owner.php(104): view()
#4 /var/www/hosttest.com/system/CodeIgniter.php(926): App\Controllers\Owner->clientsBoothById()
#5 /var/www/hosttest.com/system/CodeIgniter.php(412): CodeIgniter\CodeIgniter->runController()
#6 /var/www/hosttest.com/system/CodeIgniter.php(320): CodeIgniter\CodeIgniter->handleRequest()
#7 /var/www/hosttest.com/public/index.php(45): CodeIgniter\CodeIgniter->run()
#8 /var/www/hosttest.com/system/Commands/Server/rewrite.php(34): require_once('/var/www/hostte...')
#9 {main}
CRITICAL - 2020-10-05 09:33:23 --> Array to string conversion
#0 /var/www/hosttest.com/app/Views/client/booth.php(70): CodeIgniter\Debug\Exceptions->errorHandler()
#1 /var/www/hosttest.com/system/View/View.php(246): include('/var/www/hostte...')
#2 /var/www/hosttest.com/system/Common.php(1119): CodeIgniter\View\View->render()
#3 /var/www/hosttest.com/app/Controllers/Owner.php(104): view()
#4 /var/www/hosttest.com/system/CodeIgniter.php(926): App\Controllers\Owner->clientsBoothById()
#5 /var/www/hosttest.com/system/CodeIgniter.php(412): CodeIgniter\CodeIgniter->runController()
#6 /var/www/hosttest.com/system/CodeIgniter.php(320): CodeIgniter\CodeIgniter->handleRequest()
#7 /var/www/hosttest.com/public/index.php(45): CodeIgniter\CodeIgniter->run()
#8 /var/www/hosttest.com/system/Commands/Server/rewrite.php(34): require_once('/var/www/hostte...')
#9 {main}
CRITICAL - 2020-10-05 09:38:02 --> Call to undefined method App\Models\BoothModel::displayBoothImage
#0 /var/www/hosttest.com/app/Controllers/Booths.php(21): CodeIgniter\Model->__call()
#1 /var/www/hosttest.com/app/Views/client/booth.php(115): App\Controllers\Booths->displayBoothImage()
#2 /var/www/hosttest.com/system/View/View.php(246): include('/var/www/hostte...')
#3 /var/www/hosttest.com/system/Common.php(1119): CodeIgniter\View\View->render()
#4 /var/www/hosttest.com/app/Controllers/Owner.php(104): view()
#5 /var/www/hosttest.com/system/CodeIgniter.php(926): App\Controllers\Owner->clientsBoothById()
#6 /var/www/hosttest.com/system/CodeIgniter.php(412): CodeIgniter\CodeIgniter->runController()
#7 /var/www/hosttest.com/system/CodeIgniter.php(320): CodeIgniter\CodeIgniter->handleRequest()
#8 /var/www/hosttest.com/public/index.php(45): CodeIgniter\CodeIgniter->run()
#9 /var/www/hosttest.com/system/Commands/Server/rewrite.php(34): require_once('/var/www/hostte...')
#10 {main}
CRITICAL - 2020-10-05 09:38:33 --> ltrim() expects parameter 1 to be string, array given
#0 [internal function]: CodeIgniter\Debug\Exceptions->errorHandler()
#1 /var/www/hosttest.com/app/Views/client/booth.php(118): ltrim()
#2 /var/www/hosttest.com/system/View/View.php(246): include('/var/www/hostte...')
#3 /var/www/hosttest.com/system/Common.php(1119): CodeIgniter\View\View->render()
#4 /var/www/hosttest.com/app/Controllers/Owner.php(104): view()
#5 /var/www/hosttest.com/system/CodeIgniter.php(926): App\Controllers\Owner->clientsBoothById()
#6 /var/www/hosttest.com/system/CodeIgniter.php(412): CodeIgniter\CodeIgniter->runController()
#7 /var/www/hosttest.com/system/CodeIgniter.php(320): CodeIgniter\CodeIgniter->handleRequest()
#8 /var/www/hosttest.com/public/index.php(45): CodeIgniter\CodeIgniter->run()
#9 /var/www/hosttest.com/system/Commands/Server/rewrite.php(34): require_once('/var/www/hostte...')
#10 {main}
CRITICAL - 2020-10-05 09:39:31 --> ltrim() expects parameter 1 to be string, array given
#0 [internal function]: CodeIgniter\Debug\Exceptions->errorHandler()
#1 /var/www/hosttest.com/app/Views/client/booth.php(118): ltrim()
#2 /var/www/hosttest.com/system/View/View.php(246): include('/var/www/hostte...')
#3 /var/www/hosttest.com/system/Common.php(1119): CodeIgniter\View\View->render()
#4 /var/www/hosttest.com/app/Controllers/Owner.php(104): view()
#5 /var/www/hosttest.com/system/CodeIgniter.php(926): App\Controllers\Owner->clientsBoothById()
#6 /var/www/hosttest.com/system/CodeIgniter.php(412): CodeIgniter\CodeIgniter->runController()
#7 /var/www/hosttest.com/system/CodeIgniter.php(320): CodeIgniter\CodeIgniter->handleRequest()
#8 /var/www/hosttest.com/public/index.php(45): CodeIgniter\CodeIgniter->run()
#9 /var/www/hosttest.com/system/Commands/Server/rewrite.php(34): require_once('/var/www/hostte...')
#10 {main}
CRITICAL - 2020-10-05 09:39:54 --> Undefined index: file_path
#0 /var/www/hosttest.com/app/Views/client/booth.php(74): CodeIgniter\Debug\Exceptions->errorHandler()
#1 /var/www/hosttest.com/system/View/View.php(246): include('/var/www/hostte...')
#2 /var/www/hosttest.com/system/Common.php(1119): CodeIgniter\View\View->render()
#3 /var/www/hosttest.com/app/Controllers/Owner.php(104): view()
#4 /var/www/hosttest.com/system/CodeIgniter.php(926): App\Controllers\Owner->clientsBoothById()
#5 /var/www/hosttest.com/system/CodeIgniter.php(412): CodeIgniter\CodeIgniter->runController()
#6 /var/www/hosttest.com/system/CodeIgniter.php(320): CodeIgniter\CodeIgniter->handleRequest()
#7 /var/www/hosttest.com/public/index.php(45): CodeIgniter\CodeIgniter->run()
#8 /var/www/hosttest.com/system/Commands/Server/rewrite.php(34): require_once('/var/www/hostte...')
#9 {main}
CRITICAL - 2020-10-05 09:39:55 --> Undefined index: file_path
#0 /var/www/hosttest.com/app/Views/client/booth.php(74): CodeIgniter\Debug\Exceptions->errorHandler()
#1 /var/www/hosttest.com/system/View/View.php(246): include('/var/www/hostte...')
#2 /var/www/hosttest.com/system/Common.php(1119): CodeIgniter\View\View->render()
#3 /var/www/hosttest.com/app/Controllers/Owner.php(104): view()
#4 /var/www/hosttest.com/system/CodeIgniter.php(926): App\Controllers\Owner->clientsBoothById()
#5 /var/www/hosttest.com/system/CodeIgniter.php(412): CodeIgniter\CodeIgniter->runController()
#6 /var/www/hosttest.com/system/CodeIgniter.php(320): CodeIgniter\CodeIgniter->handleRequest()
#7 /var/www/hosttest.com/public/index.php(45): CodeIgniter\CodeIgniter->run()
#8 /var/www/hosttest.com/system/Commands/Server/rewrite.php(34): require_once('/var/www/hostte...')
#9 {main}
CRITICAL - 2020-10-05 10:03:47 --> syntax error, unexpected 'else' (T_ELSE), expecting end of file
#0 /var/www/hosttest.com/system/Common.php(1119): CodeIgniter\View\View->render()
#1 /var/www/hosttest.com/app/Controllers/Owner.php(104): view()
#2 /var/www/hosttest.com/system/CodeIgniter.php(926): App\Controllers\Owner->clientsBoothById()
#3 /var/www/hosttest.com/system/CodeIgniter.php(412): CodeIgniter\CodeIgniter->runController()
#4 /var/www/hosttest.com/system/CodeIgniter.php(320): CodeIgniter\CodeIgniter->handleRequest()
#5 /var/www/hosttest.com/public/index.php(45): CodeIgniter\CodeIgniter->run()
#6 /var/www/hosttest.com/system/Commands/Server/rewrite.php(34): require_once('/var/www/hostte...')
#7 {main}
CRITICAL - 2020-10-05 10:03:47 --> syntax error, unexpected 'else' (T_ELSE), expecting end of file
#0 /var/www/hosttest.com/system/Common.php(1119): CodeIgniter\View\View->render()
#1 /var/www/hosttest.com/app/Controllers/Owner.php(104): view()
#2 /var/www/hosttest.com/system/CodeIgniter.php(926): App\Controllers\Owner->clientsBoothById()
#3 /var/www/hosttest.com/system/CodeIgniter.php(412): CodeIgniter\CodeIgniter->runController()
#4 /var/www/hosttest.com/system/CodeIgniter.php(320): CodeIgniter\CodeIgniter->handleRequest()
#5 /var/www/hosttest.com/public/index.php(45): CodeIgniter\CodeIgniter->run()
#6 /var/www/hosttest.com/system/Commands/Server/rewrite.php(34): require_once('/var/www/hostte...')
#7 {main}
CRITICAL - 2020-10-05 10:03:56 --> syntax error, unexpected 'else' (T_ELSE), expecting end of file
#0 /var/www/hosttest.com/system/Common.php(1119): CodeIgniter\View\View->render()
#1 /var/www/hosttest.com/app/Controllers/Owner.php(104): view()
#2 /var/www/hosttest.com/system/CodeIgniter.php(926): App\Controllers\Owner->clientsBoothById()
#3 /var/www/hosttest.com/system/CodeIgniter.php(412): CodeIgniter\CodeIgniter->runController()
#4 /var/www/hosttest.com/system/CodeIgniter.php(320): CodeIgniter\CodeIgniter->handleRequest()
#5 /var/www/hosttest.com/public/index.php(45): CodeIgniter\CodeIgniter->run()
#6 /var/www/hosttest.com/system/Commands/Server/rewrite.php(34): require_once('/var/www/hostte...')
#7 {main}
CRITICAL - 2020-10-05 10:03:56 --> syntax error, unexpected 'else' (T_ELSE), expecting end of file
#0 /var/www/hosttest.com/system/Common.php(1119): CodeIgniter\View\View->render()
#1 /var/www/hosttest.com/app/Controllers/Owner.php(104): view()
#2 /var/www/hosttest.com/system/CodeIgniter.php(926): App\Controllers\Owner->clientsBoothById()
#3 /var/www/hosttest.com/system/CodeIgniter.php(412): CodeIgniter\CodeIgniter->runController()
#4 /var/www/hosttest.com/system/CodeIgniter.php(320): CodeIgniter\CodeIgniter->handleRequest()
#5 /var/www/hosttest.com/public/index.php(45): CodeIgniter\CodeIgniter->run()
#6 /var/www/hosttest.com/system/Commands/Server/rewrite.php(34): require_once('/var/www/hostte...')
#7 {main}
CRITICAL - 2020-10-05 10:04:28 --> syntax error, unexpected end of file
#0 /var/www/hosttest.com/system/Common.php(1119): CodeIgniter\View\View->render()
#1 /var/www/hosttest.com/app/Controllers/Owner.php(104): view()
#2 /var/www/hosttest.com/system/CodeIgniter.php(926): App\Controllers\Owner->clientsBoothById()
#3 /var/www/hosttest.com/system/CodeIgniter.php(412): CodeIgniter\CodeIgniter->runController()
#4 /var/www/hosttest.com/system/CodeIgniter.php(320): CodeIgniter\CodeIgniter->handleRequest()
#5 /var/www/hosttest.com/public/index.php(45): CodeIgniter\CodeIgniter->run()
#6 /var/www/hosttest.com/system/Commands/Server/rewrite.php(34): require_once('/var/www/hostte...')
#7 {main}
CRITICAL - 2020-10-05 10:05:41 --> syntax error, unexpected end of file
#0 /var/www/hosttest.com/system/Common.php(1119): CodeIgniter\View\View->render()
#1 /var/www/hosttest.com/app/Controllers/Owner.php(104): view()
#2 /var/www/hosttest.com/system/CodeIgniter.php(926): App\Controllers\Owner->clientsBoothById()
#3 /var/www/hosttest.com/system/CodeIgniter.php(412): CodeIgniter\CodeIgniter->runController()
#4 /var/www/hosttest.com/system/CodeIgniter.php(320): CodeIgniter\CodeIgniter->handleRequest()
#5 /var/www/hosttest.com/public/index.php(45): CodeIgniter\CodeIgniter->run()
#6 /var/www/hosttest.com/system/Commands/Server/rewrite.php(34): require_once('/var/www/hostte...')
#7 {main}
