CRITICAL - 2020-09-08 08:27:36 --> syntax error, unexpected '}', expecting ';'
#0 /opt/lampp/htdocs/grocery-crud-demo/system/Autoloader/Autoloader.php(296): CodeIgniter\Autoloader\Autoloader->requireFile()
#1 /opt/lampp/htdocs/grocery-crud-demo/system/Autoloader/Autoloader.php(258): CodeIgniter\Autoloader\Autoloader->loadInNamespace()
#2 [internal function]: CodeIgniter\Autoloader\Autoloader->loadClass()
#3 [internal function]: spl_autoload_call()
#4 /opt/lampp/htdocs/grocery-crud-demo/system/CodeIgniter.php(877): class_exists()
#5 /opt/lampp/htdocs/grocery-crud-demo/system/CodeIgniter.php(402): CodeIgniter\CodeIgniter->startController()
#6 /opt/lampp/htdocs/grocery-crud-demo/system/CodeIgniter.php(320): CodeIgniter\CodeIgniter->handleRequest()
#7 /opt/lampp/htdocs/grocery-crud-demo/public/index.php(45): CodeIgniter\CodeIgniter->run()
#8 /opt/lampp/htdocs/grocery-crud-demo/system/Commands/Server/rewrite.php(34): require_once('/opt/lampp/htdo...')
#9 {main}
CRITICAL - 2020-09-08 09:26:04 --> Unable to connect to the database.
#0 /opt/lampp/htdocs/grocery-crud-demo/system/Database/BaseConnection.php(646): CodeIgniter\Database\BaseConnection->initialize()
#1 /opt/lampp/htdocs/grocery-crud-demo/system/Database/BaseBuilder.php(1860): CodeIgniter\Database\BaseConnection->query()
#2 /opt/lampp/htdocs/grocery-crud-demo/system/Model.php(462): CodeIgniter\Database\BaseBuilder->get()
#3 /opt/lampp/htdocs/grocery-crud-demo/app/Models/NewsModel.php(13): CodeIgniter\Model->findAll()
#4 /opt/lampp/htdocs/grocery-crud-demo/app/Controllers/News.php(13): App\Models\NewsModel->getNews()
#5 /opt/lampp/htdocs/grocery-crud-demo/system/CodeIgniter.php(926): App\Controllers\News->index()
#6 /opt/lampp/htdocs/grocery-crud-demo/system/CodeIgniter.php(412): CodeIgniter\CodeIgniter->runController()
#7 /opt/lampp/htdocs/grocery-crud-demo/system/CodeIgniter.php(320): CodeIgniter\CodeIgniter->handleRequest()
#8 /opt/lampp/htdocs/grocery-crud-demo/public/index.php(45): CodeIgniter\CodeIgniter->run()
#9 /opt/lampp/htdocs/grocery-crud-demo/system/Commands/Server/rewrite.php(34): require_once('/opt/lampp/htdo...')
#10 {main}
CRITICAL - 2020-09-08 09:26:47 --> Unable to connect to the database.
#0 /opt/lampp/htdocs/grocery-crud-demo/system/Database/BaseConnection.php(646): CodeIgniter\Database\BaseConnection->initialize()
#1 /opt/lampp/htdocs/grocery-crud-demo/system/Database/BaseBuilder.php(1860): CodeIgniter\Database\BaseConnection->query()
#2 /opt/lampp/htdocs/grocery-crud-demo/system/Model.php(462): CodeIgniter\Database\BaseBuilder->get()
#3 /opt/lampp/htdocs/grocery-crud-demo/app/Models/NewsModel.php(13): CodeIgniter\Model->findAll()
#4 /opt/lampp/htdocs/grocery-crud-demo/app/Controllers/News.php(13): App\Models\NewsModel->getNews()
#5 /opt/lampp/htdocs/grocery-crud-demo/system/CodeIgniter.php(926): App\Controllers\News->index()
#6 /opt/lampp/htdocs/grocery-crud-demo/system/CodeIgniter.php(412): CodeIgniter\CodeIgniter->runController()
#7 /opt/lampp/htdocs/grocery-crud-demo/system/CodeIgniter.php(320): CodeIgniter\CodeIgniter->handleRequest()
#8 /opt/lampp/htdocs/grocery-crud-demo/public/index.php(45): CodeIgniter\CodeIgniter->run()
#9 /opt/lampp/htdocs/grocery-crud-demo/system/Commands/Server/rewrite.php(34): require_once('/opt/lampp/htdo...')
#10 {main}
CRITICAL - 2020-09-08 09:26:49 --> Unable to connect to the database.
#0 /opt/lampp/htdocs/grocery-crud-demo/system/Database/BaseConnection.php(646): CodeIgniter\Database\BaseConnection->initialize()
#1 /opt/lampp/htdocs/grocery-crud-demo/system/Database/BaseBuilder.php(1860): CodeIgniter\Database\BaseConnection->query()
#2 /opt/lampp/htdocs/grocery-crud-demo/system/Model.php(462): CodeIgniter\Database\BaseBuilder->get()
#3 /opt/lampp/htdocs/grocery-crud-demo/app/Models/NewsModel.php(13): CodeIgniter\Model->findAll()
#4 /opt/lampp/htdocs/grocery-crud-demo/app/Controllers/News.php(13): App\Models\NewsModel->getNews()
#5 /opt/lampp/htdocs/grocery-crud-demo/system/CodeIgniter.php(926): App\Controllers\News->index()
#6 /opt/lampp/htdocs/grocery-crud-demo/system/CodeIgniter.php(412): CodeIgniter\CodeIgniter->runController()
#7 /opt/lampp/htdocs/grocery-crud-demo/system/CodeIgniter.php(320): CodeIgniter\CodeIgniter->handleRequest()
#8 /opt/lampp/htdocs/grocery-crud-demo/public/index.php(45): CodeIgniter\CodeIgniter->run()
#9 /opt/lampp/htdocs/grocery-crud-demo/system/Commands/Server/rewrite.php(34): require_once('/opt/lampp/htdo...')
#10 {main}
CRITICAL - 2020-09-08 09:28:50 --> Unable to connect to the database.
#0 /opt/lampp/htdocs/grocery-crud-demo/system/Database/BaseConnection.php(646): CodeIgniter\Database\BaseConnection->initialize()
#1 /opt/lampp/htdocs/grocery-crud-demo/system/Database/BaseBuilder.php(1860): CodeIgniter\Database\BaseConnection->query()
#2 /opt/lampp/htdocs/grocery-crud-demo/system/Model.php(462): CodeIgniter\Database\BaseBuilder->get()
#3 /opt/lampp/htdocs/grocery-crud-demo/app/Models/NewsModel.php(13): CodeIgniter\Model->findAll()
#4 /opt/lampp/htdocs/grocery-crud-demo/app/Controllers/News.php(13): App\Models\NewsModel->getNews()
#5 /opt/lampp/htdocs/grocery-crud-demo/system/CodeIgniter.php(926): App\Controllers\News->index()
#6 /opt/lampp/htdocs/grocery-crud-demo/system/CodeIgniter.php(412): CodeIgniter\CodeIgniter->runController()
#7 /opt/lampp/htdocs/grocery-crud-demo/system/CodeIgniter.php(320): CodeIgniter\CodeIgniter->handleRequest()
#8 /opt/lampp/htdocs/grocery-crud-demo/public/index.php(45): CodeIgniter\CodeIgniter->run()
#9 /opt/lampp/htdocs/grocery-crud-demo/system/Commands/Server/rewrite.php(34): require_once('/opt/lampp/htdo...')
#10 {main}
CRITICAL - 2020-09-08 09:29:12 --> Class '\CodeIgniter\Database\MySQL\Connection' not found
#0 /opt/lampp/htdocs/grocery-crud-demo/system/Database/Config.php(115): CodeIgniter\Database\Database->load()
#1 /opt/lampp/htdocs/grocery-crud-demo/system/Model.php(352): CodeIgniter\Database\Config::connect()
#2 /opt/lampp/htdocs/grocery-crud-demo/app/Controllers/News.php(10): CodeIgniter\Model->__construct()
#3 /opt/lampp/htdocs/grocery-crud-demo/system/CodeIgniter.php(926): App\Controllers\News->index()
#4 /opt/lampp/htdocs/grocery-crud-demo/system/CodeIgniter.php(412): CodeIgniter\CodeIgniter->runController()
#5 /opt/lampp/htdocs/grocery-crud-demo/system/CodeIgniter.php(320): CodeIgniter\CodeIgniter->handleRequest()
#6 /opt/lampp/htdocs/grocery-crud-demo/public/index.php(45): CodeIgniter\CodeIgniter->run()
#7 /opt/lampp/htdocs/grocery-crud-demo/system/Commands/Server/rewrite.php(34): require_once('/opt/lampp/htdo...')
#8 {main}
CRITICAL - 2020-09-08 09:29:13 --> Class '\CodeIgniter\Database\MySQL\Connection' not found
#0 /opt/lampp/htdocs/grocery-crud-demo/system/Database/Config.php(115): CodeIgniter\Database\Database->load()
#1 /opt/lampp/htdocs/grocery-crud-demo/system/Model.php(352): CodeIgniter\Database\Config::connect()
#2 /opt/lampp/htdocs/grocery-crud-demo/app/Controllers/News.php(10): CodeIgniter\Model->__construct()
#3 /opt/lampp/htdocs/grocery-crud-demo/system/CodeIgniter.php(926): App\Controllers\News->index()
#4 /opt/lampp/htdocs/grocery-crud-demo/system/CodeIgniter.php(412): CodeIgniter\CodeIgniter->runController()
#5 /opt/lampp/htdocs/grocery-crud-demo/system/CodeIgniter.php(320): CodeIgniter\CodeIgniter->handleRequest()
#6 /opt/lampp/htdocs/grocery-crud-demo/public/index.php(45): CodeIgniter\CodeIgniter->run()
#7 /opt/lampp/htdocs/grocery-crud-demo/system/Commands/Server/rewrite.php(34): require_once('/opt/lampp/htdo...')
#8 {main}
CRITICAL - 2020-09-08 09:29:33 --> Unable to connect to the database.
#0 /opt/lampp/htdocs/grocery-crud-demo/system/Database/BaseConnection.php(646): CodeIgniter\Database\BaseConnection->initialize()
#1 /opt/lampp/htdocs/grocery-crud-demo/system/Database/BaseBuilder.php(1860): CodeIgniter\Database\BaseConnection->query()
#2 /opt/lampp/htdocs/grocery-crud-demo/system/Model.php(462): CodeIgniter\Database\BaseBuilder->get()
#3 /opt/lampp/htdocs/grocery-crud-demo/app/Models/NewsModel.php(13): CodeIgniter\Model->findAll()
#4 /opt/lampp/htdocs/grocery-crud-demo/app/Controllers/News.php(13): App\Models\NewsModel->getNews()
#5 /opt/lampp/htdocs/grocery-crud-demo/system/CodeIgniter.php(926): App\Controllers\News->index()
#6 /opt/lampp/htdocs/grocery-crud-demo/system/CodeIgniter.php(412): CodeIgniter\CodeIgniter->runController()
#7 /opt/lampp/htdocs/grocery-crud-demo/system/CodeIgniter.php(320): CodeIgniter\CodeIgniter->handleRequest()
#8 /opt/lampp/htdocs/grocery-crud-demo/public/index.php(45): CodeIgniter\CodeIgniter->run()
#9 /opt/lampp/htdocs/grocery-crud-demo/system/Commands/Server/rewrite.php(34): require_once('/opt/lampp/htdo...')
#10 {main}
CRITICAL - 2020-09-08 09:29:35 --> Unable to connect to the database.
#0 /opt/lampp/htdocs/grocery-crud-demo/system/Database/BaseConnection.php(646): CodeIgniter\Database\BaseConnection->initialize()
#1 /opt/lampp/htdocs/grocery-crud-demo/system/Database/BaseBuilder.php(1860): CodeIgniter\Database\BaseConnection->query()
#2 /opt/lampp/htdocs/grocery-crud-demo/system/Model.php(462): CodeIgniter\Database\BaseBuilder->get()
#3 /opt/lampp/htdocs/grocery-crud-demo/app/Models/NewsModel.php(13): CodeIgniter\Model->findAll()
#4 /opt/lampp/htdocs/grocery-crud-demo/app/Controllers/News.php(13): App\Models\NewsModel->getNews()
#5 /opt/lampp/htdocs/grocery-crud-demo/system/CodeIgniter.php(926): App\Controllers\News->index()
#6 /opt/lampp/htdocs/grocery-crud-demo/system/CodeIgniter.php(412): CodeIgniter\CodeIgniter->runController()
#7 /opt/lampp/htdocs/grocery-crud-demo/system/CodeIgniter.php(320): CodeIgniter\CodeIgniter->handleRequest()
#8 /opt/lampp/htdocs/grocery-crud-demo/public/index.php(45): CodeIgniter\CodeIgniter->run()
#9 /opt/lampp/htdocs/grocery-crud-demo/system/Commands/Server/rewrite.php(34): require_once('/opt/lampp/htdo...')
#10 {main}
CRITICAL - 2020-09-08 09:29:37 --> Unable to connect to the database.
#0 /opt/lampp/htdocs/grocery-crud-demo/system/Database/BaseConnection.php(646): CodeIgniter\Database\BaseConnection->initialize()
#1 /opt/lampp/htdocs/grocery-crud-demo/system/Database/BaseBuilder.php(1860): CodeIgniter\Database\BaseConnection->query()
#2 /opt/lampp/htdocs/grocery-crud-demo/system/Model.php(462): CodeIgniter\Database\BaseBuilder->get()
#3 /opt/lampp/htdocs/grocery-crud-demo/app/Models/NewsModel.php(13): CodeIgniter\Model->findAll()
#4 /opt/lampp/htdocs/grocery-crud-demo/app/Controllers/News.php(13): App\Models\NewsModel->getNews()
#5 /opt/lampp/htdocs/grocery-crud-demo/system/CodeIgniter.php(926): App\Controllers\News->index()
#6 /opt/lampp/htdocs/grocery-crud-demo/system/CodeIgniter.php(412): CodeIgniter\CodeIgniter->runController()
#7 /opt/lampp/htdocs/grocery-crud-demo/system/CodeIgniter.php(320): CodeIgniter\CodeIgniter->handleRequest()
#8 /opt/lampp/htdocs/grocery-crud-demo/public/index.php(45): CodeIgniter\CodeIgniter->run()
#9 /opt/lampp/htdocs/grocery-crud-demo/system/Commands/Server/rewrite.php(34): require_once('/opt/lampp/htdo...')
#10 {main}
CRITICAL - 2020-09-08 09:29:38 --> Unable to connect to the database.
#0 /opt/lampp/htdocs/grocery-crud-demo/system/Database/BaseConnection.php(646): CodeIgniter\Database\BaseConnection->initialize()
#1 /opt/lampp/htdocs/grocery-crud-demo/system/Database/BaseBuilder.php(1860): CodeIgniter\Database\BaseConnection->query()
#2 /opt/lampp/htdocs/grocery-crud-demo/system/Model.php(462): CodeIgniter\Database\BaseBuilder->get()
#3 /opt/lampp/htdocs/grocery-crud-demo/app/Models/NewsModel.php(13): CodeIgniter\Model->findAll()
#4 /opt/lampp/htdocs/grocery-crud-demo/app/Controllers/News.php(13): App\Models\NewsModel->getNews()
#5 /opt/lampp/htdocs/grocery-crud-demo/system/CodeIgniter.php(926): App\Controllers\News->index()
#6 /opt/lampp/htdocs/grocery-crud-demo/system/CodeIgniter.php(412): CodeIgniter\CodeIgniter->runController()
#7 /opt/lampp/htdocs/grocery-crud-demo/system/CodeIgniter.php(320): CodeIgniter\CodeIgniter->handleRequest()
#8 /opt/lampp/htdocs/grocery-crud-demo/public/index.php(45): CodeIgniter\CodeIgniter->run()
#9 /opt/lampp/htdocs/grocery-crud-demo/system/Commands/Server/rewrite.php(34): require_once('/opt/lampp/htdo...')
#10 {main}
CRITICAL - 2020-09-08 09:32:17 --> Unable to connect to the database.
#0 /opt/lampp/htdocs/grocery-crud-demo/system/Database/BaseConnection.php(646): CodeIgniter\Database\BaseConnection->initialize()
#1 /opt/lampp/htdocs/grocery-crud-demo/system/Database/BaseBuilder.php(1860): CodeIgniter\Database\BaseConnection->query()
#2 /opt/lampp/htdocs/grocery-crud-demo/system/Model.php(462): CodeIgniter\Database\BaseBuilder->get()
#3 /opt/lampp/htdocs/grocery-crud-demo/app/Models/NewsModel.php(13): CodeIgniter\Model->findAll()
#4 /opt/lampp/htdocs/grocery-crud-demo/app/Controllers/News.php(13): App\Models\NewsModel->getNews()
#5 /opt/lampp/htdocs/grocery-crud-demo/system/CodeIgniter.php(926): App\Controllers\News->index()
#6 /opt/lampp/htdocs/grocery-crud-demo/system/CodeIgniter.php(412): CodeIgniter\CodeIgniter->runController()
#7 /opt/lampp/htdocs/grocery-crud-demo/system/CodeIgniter.php(320): CodeIgniter\CodeIgniter->handleRequest()
#8 /opt/lampp/htdocs/grocery-crud-demo/public/index.php(45): CodeIgniter\CodeIgniter->run()
#9 /opt/lampp/htdocs/grocery-crud-demo/system/Commands/Server/rewrite.php(34): require_once('/opt/lampp/htdo...')
#10 {main}
CRITICAL - 2020-09-08 09:38:50 --> Unable to connect to the database.
#0 /opt/lampp/htdocs/grocery-crud-demo/system/Database/BaseConnection.php(646): CodeIgniter\Database\BaseConnection->initialize()
#1 /opt/lampp/htdocs/grocery-crud-demo/system/Database/BaseBuilder.php(1860): CodeIgniter\Database\BaseConnection->query()
#2 /opt/lampp/htdocs/grocery-crud-demo/system/Model.php(462): CodeIgniter\Database\BaseBuilder->get()
#3 /opt/lampp/htdocs/grocery-crud-demo/app/Models/NewsModel.php(13): CodeIgniter\Model->findAll()
#4 /opt/lampp/htdocs/grocery-crud-demo/app/Controllers/News.php(13): App\Models\NewsModel->getNews()
#5 /opt/lampp/htdocs/grocery-crud-demo/system/CodeIgniter.php(926): App\Controllers\News->index()
#6 /opt/lampp/htdocs/grocery-crud-demo/system/CodeIgniter.php(412): CodeIgniter\CodeIgniter->runController()
#7 /opt/lampp/htdocs/grocery-crud-demo/system/CodeIgniter.php(320): CodeIgniter\CodeIgniter->handleRequest()
#8 /opt/lampp/htdocs/grocery-crud-demo/public/index.php(45): CodeIgniter\CodeIgniter->run()
#9 /opt/lampp/htdocs/grocery-crud-demo/system/Commands/Server/rewrite.php(34): require_once('/opt/lampp/htdo...')
#10 {main}
CRITICAL - 2020-09-08 09:38:52 --> Unable to connect to the database.
#0 /opt/lampp/htdocs/grocery-crud-demo/system/Database/BaseConnection.php(646): CodeIgniter\Database\BaseConnection->initialize()
#1 /opt/lampp/htdocs/grocery-crud-demo/system/Database/BaseBuilder.php(1860): CodeIgniter\Database\BaseConnection->query()
#2 /opt/lampp/htdocs/grocery-crud-demo/system/Model.php(462): CodeIgniter\Database\BaseBuilder->get()
#3 /opt/lampp/htdocs/grocery-crud-demo/app/Models/NewsModel.php(13): CodeIgniter\Model->findAll()
#4 /opt/lampp/htdocs/grocery-crud-demo/app/Controllers/News.php(13): App\Models\NewsModel->getNews()
#5 /opt/lampp/htdocs/grocery-crud-demo/system/CodeIgniter.php(926): App\Controllers\News->index()
#6 /opt/lampp/htdocs/grocery-crud-demo/system/CodeIgniter.php(412): CodeIgniter\CodeIgniter->runController()
#7 /opt/lampp/htdocs/grocery-crud-demo/system/CodeIgniter.php(320): CodeIgniter\CodeIgniter->handleRequest()
#8 /opt/lampp/htdocs/grocery-crud-demo/public/index.php(45): CodeIgniter\CodeIgniter->run()
#9 /opt/lampp/htdocs/grocery-crud-demo/system/Commands/Server/rewrite.php(34): require_once('/opt/lampp/htdo...')
#10 {main}
CRITICAL - 2020-09-08 09:38:54 --> Unable to connect to the database.
#0 /opt/lampp/htdocs/grocery-crud-demo/system/Database/BaseConnection.php(646): CodeIgniter\Database\BaseConnection->initialize()
#1 /opt/lampp/htdocs/grocery-crud-demo/system/Database/BaseBuilder.php(1860): CodeIgniter\Database\BaseConnection->query()
#2 /opt/lampp/htdocs/grocery-crud-demo/system/Model.php(462): CodeIgniter\Database\BaseBuilder->get()
#3 /opt/lampp/htdocs/grocery-crud-demo/app/Models/NewsModel.php(13): CodeIgniter\Model->findAll()
#4 /opt/lampp/htdocs/grocery-crud-demo/app/Controllers/News.php(13): App\Models\NewsModel->getNews()
#5 /opt/lampp/htdocs/grocery-crud-demo/system/CodeIgniter.php(926): App\Controllers\News->index()
#6 /opt/lampp/htdocs/grocery-crud-demo/system/CodeIgniter.php(412): CodeIgniter\CodeIgniter->runController()
#7 /opt/lampp/htdocs/grocery-crud-demo/system/CodeIgniter.php(320): CodeIgniter\CodeIgniter->handleRequest()
#8 /opt/lampp/htdocs/grocery-crud-demo/public/index.php(45): CodeIgniter\CodeIgniter->run()
#9 /opt/lampp/htdocs/grocery-crud-demo/system/Commands/Server/rewrite.php(34): require_once('/opt/lampp/htdo...')
#10 {main}
CRITICAL - 2020-09-08 09:38:54 --> Unable to connect to the database.
#0 /opt/lampp/htdocs/grocery-crud-demo/system/Database/BaseConnection.php(646): CodeIgniter\Database\BaseConnection->initialize()
#1 /opt/lampp/htdocs/grocery-crud-demo/system/Database/BaseBuilder.php(1860): CodeIgniter\Database\BaseConnection->query()
#2 /opt/lampp/htdocs/grocery-crud-demo/system/Model.php(462): CodeIgniter\Database\BaseBuilder->get()
#3 /opt/lampp/htdocs/grocery-crud-demo/app/Models/NewsModel.php(13): CodeIgniter\Model->findAll()
#4 /opt/lampp/htdocs/grocery-crud-demo/app/Controllers/News.php(13): App\Models\NewsModel->getNews()
#5 /opt/lampp/htdocs/grocery-crud-demo/system/CodeIgniter.php(926): App\Controllers\News->index()
#6 /opt/lampp/htdocs/grocery-crud-demo/system/CodeIgniter.php(412): CodeIgniter\CodeIgniter->runController()
#7 /opt/lampp/htdocs/grocery-crud-demo/system/CodeIgniter.php(320): CodeIgniter\CodeIgniter->handleRequest()
#8 /opt/lampp/htdocs/grocery-crud-demo/public/index.php(45): CodeIgniter\CodeIgniter->run()
#9 /opt/lampp/htdocs/grocery-crud-demo/system/Commands/Server/rewrite.php(34): require_once('/opt/lampp/htdo...')
#10 {main}
CRITICAL - 2020-09-08 09:38:55 --> Unable to connect to the database.
#0 /opt/lampp/htdocs/grocery-crud-demo/system/Database/BaseConnection.php(646): CodeIgniter\Database\BaseConnection->initialize()
#1 /opt/lampp/htdocs/grocery-crud-demo/system/Database/BaseBuilder.php(1860): CodeIgniter\Database\BaseConnection->query()
#2 /opt/lampp/htdocs/grocery-crud-demo/system/Model.php(462): CodeIgniter\Database\BaseBuilder->get()
#3 /opt/lampp/htdocs/grocery-crud-demo/app/Models/NewsModel.php(13): CodeIgniter\Model->findAll()
#4 /opt/lampp/htdocs/grocery-crud-demo/app/Controllers/News.php(13): App\Models\NewsModel->getNews()
#5 /opt/lampp/htdocs/grocery-crud-demo/system/CodeIgniter.php(926): App\Controllers\News->index()
#6 /opt/lampp/htdocs/grocery-crud-demo/system/CodeIgniter.php(412): CodeIgniter\CodeIgniter->runController()
#7 /opt/lampp/htdocs/grocery-crud-demo/system/CodeIgniter.php(320): CodeIgniter\CodeIgniter->handleRequest()
#8 /opt/lampp/htdocs/grocery-crud-demo/public/index.php(45): CodeIgniter\CodeIgniter->run()
#9 /opt/lampp/htdocs/grocery-crud-demo/system/Commands/Server/rewrite.php(34): require_once('/opt/lampp/htdo...')
#10 {main}
CRITICAL - 2020-09-08 09:38:55 --> Unable to connect to the database.
#0 /opt/lampp/htdocs/grocery-crud-demo/system/Database/BaseConnection.php(646): CodeIgniter\Database\BaseConnection->initialize()
#1 /opt/lampp/htdocs/grocery-crud-demo/system/Database/BaseBuilder.php(1860): CodeIgniter\Database\BaseConnection->query()
#2 /opt/lampp/htdocs/grocery-crud-demo/system/Model.php(462): CodeIgniter\Database\BaseBuilder->get()
#3 /opt/lampp/htdocs/grocery-crud-demo/app/Models/NewsModel.php(13): CodeIgniter\Model->findAll()
#4 /opt/lampp/htdocs/grocery-crud-demo/app/Controllers/News.php(13): App\Models\NewsModel->getNews()
#5 /opt/lampp/htdocs/grocery-crud-demo/system/CodeIgniter.php(926): App\Controllers\News->index()
#6 /opt/lampp/htdocs/grocery-crud-demo/system/CodeIgniter.php(412): CodeIgniter\CodeIgniter->runController()
#7 /opt/lampp/htdocs/grocery-crud-demo/system/CodeIgniter.php(320): CodeIgniter\CodeIgniter->handleRequest()
#8 /opt/lampp/htdocs/grocery-crud-demo/public/index.php(45): CodeIgniter\CodeIgniter->run()
#9 /opt/lampp/htdocs/grocery-crud-demo/system/Commands/Server/rewrite.php(34): require_once('/opt/lampp/htdo...')
#10 {main}
CRITICAL - 2020-09-08 09:38:56 --> Unable to connect to the database.
#0 /opt/lampp/htdocs/grocery-crud-demo/system/Database/BaseConnection.php(646): CodeIgniter\Database\BaseConnection->initialize()
#1 /opt/lampp/htdocs/grocery-crud-demo/system/Database/BaseBuilder.php(1860): CodeIgniter\Database\BaseConnection->query()
#2 /opt/lampp/htdocs/grocery-crud-demo/system/Model.php(462): CodeIgniter\Database\BaseBuilder->get()
#3 /opt/lampp/htdocs/grocery-crud-demo/app/Models/NewsModel.php(13): CodeIgniter\Model->findAll()
#4 /opt/lampp/htdocs/grocery-crud-demo/app/Controllers/News.php(13): App\Models\NewsModel->getNews()
#5 /opt/lampp/htdocs/grocery-crud-demo/system/CodeIgniter.php(926): App\Controllers\News->index()
#6 /opt/lampp/htdocs/grocery-crud-demo/system/CodeIgniter.php(412): CodeIgniter\CodeIgniter->runController()
#7 /opt/lampp/htdocs/grocery-crud-demo/system/CodeIgniter.php(320): CodeIgniter\CodeIgniter->handleRequest()
#8 /opt/lampp/htdocs/grocery-crud-demo/public/index.php(45): CodeIgniter\CodeIgniter->run()
#9 /opt/lampp/htdocs/grocery-crud-demo/system/Commands/Server/rewrite.php(34): require_once('/opt/lampp/htdo...')
#10 {main}
CRITICAL - 2020-09-08 09:38:56 --> Unable to connect to the database.
#0 /opt/lampp/htdocs/grocery-crud-demo/system/Database/BaseConnection.php(646): CodeIgniter\Database\BaseConnection->initialize()
#1 /opt/lampp/htdocs/grocery-crud-demo/system/Database/BaseBuilder.php(1860): CodeIgniter\Database\BaseConnection->query()
#2 /opt/lampp/htdocs/grocery-crud-demo/system/Model.php(462): CodeIgniter\Database\BaseBuilder->get()
#3 /opt/lampp/htdocs/grocery-crud-demo/app/Models/NewsModel.php(13): CodeIgniter\Model->findAll()
#4 /opt/lampp/htdocs/grocery-crud-demo/app/Controllers/News.php(13): App\Models\NewsModel->getNews()
#5 /opt/lampp/htdocs/grocery-crud-demo/system/CodeIgniter.php(926): App\Controllers\News->index()
#6 /opt/lampp/htdocs/grocery-crud-demo/system/CodeIgniter.php(412): CodeIgniter\CodeIgniter->runController()
#7 /opt/lampp/htdocs/grocery-crud-demo/system/CodeIgniter.php(320): CodeIgniter\CodeIgniter->handleRequest()
#8 /opt/lampp/htdocs/grocery-crud-demo/public/index.php(45): CodeIgniter\CodeIgniter->run()
#9 /opt/lampp/htdocs/grocery-crud-demo/system/Commands/Server/rewrite.php(34): require_once('/opt/lampp/htdo...')
#10 {main}
CRITICAL - 2020-09-08 09:38:56 --> Unable to connect to the database.
#0 /opt/lampp/htdocs/grocery-crud-demo/system/Database/BaseConnection.php(646): CodeIgniter\Database\BaseConnection->initialize()
#1 /opt/lampp/htdocs/grocery-crud-demo/system/Database/BaseBuilder.php(1860): CodeIgniter\Database\BaseConnection->query()
#2 /opt/lampp/htdocs/grocery-crud-demo/system/Model.php(462): CodeIgniter\Database\BaseBuilder->get()
#3 /opt/lampp/htdocs/grocery-crud-demo/app/Models/NewsModel.php(13): CodeIgniter\Model->findAll()
#4 /opt/lampp/htdocs/grocery-crud-demo/app/Controllers/News.php(13): App\Models\NewsModel->getNews()
#5 /opt/lampp/htdocs/grocery-crud-demo/system/CodeIgniter.php(926): App\Controllers\News->index()
#6 /opt/lampp/htdocs/grocery-crud-demo/system/CodeIgniter.php(412): CodeIgniter\CodeIgniter->runController()
#7 /opt/lampp/htdocs/grocery-crud-demo/system/CodeIgniter.php(320): CodeIgniter\CodeIgniter->handleRequest()
#8 /opt/lampp/htdocs/grocery-crud-demo/public/index.php(45): CodeIgniter\CodeIgniter->run()
#9 /opt/lampp/htdocs/grocery-crud-demo/system/Commands/Server/rewrite.php(34): require_once('/opt/lampp/htdo...')
#10 {main}
CRITICAL - 2020-09-08 09:39:30 --> Unable to connect to the database.
#0 /opt/lampp/htdocs/grocery-crud-demo/system/Database/BaseConnection.php(646): CodeIgniter\Database\BaseConnection->initialize()
#1 /opt/lampp/htdocs/grocery-crud-demo/system/Database/BaseBuilder.php(1860): CodeIgniter\Database\BaseConnection->query()
#2 /opt/lampp/htdocs/grocery-crud-demo/system/Model.php(462): CodeIgniter\Database\BaseBuilder->get()
#3 /opt/lampp/htdocs/grocery-crud-demo/app/Models/NewsModel.php(13): CodeIgniter\Model->findAll()
#4 /opt/lampp/htdocs/grocery-crud-demo/app/Controllers/News.php(13): App\Models\NewsModel->getNews()
#5 /opt/lampp/htdocs/grocery-crud-demo/system/CodeIgniter.php(926): App\Controllers\News->index()
#6 /opt/lampp/htdocs/grocery-crud-demo/system/CodeIgniter.php(412): CodeIgniter\CodeIgniter->runController()
#7 /opt/lampp/htdocs/grocery-crud-demo/system/CodeIgniter.php(320): CodeIgniter\CodeIgniter->handleRequest()
#8 /opt/lampp/htdocs/grocery-crud-demo/public/index.php(45): CodeIgniter\CodeIgniter->run()
#9 /opt/lampp/htdocs/grocery-crud-demo/system/Commands/Server/rewrite.php(34): require_once('/opt/lampp/htdo...')
#10 {main}
CRITICAL - 2020-09-08 09:45:21 --> Unable to connect to the database.
#0 /opt/lampp/htdocs/grocery-crud-demo/system/Database/BaseConnection.php(646): CodeIgniter\Database\BaseConnection->initialize()
#1 /opt/lampp/htdocs/grocery-crud-demo/system/Database/BaseBuilder.php(1860): CodeIgniter\Database\BaseConnection->query()
#2 /opt/lampp/htdocs/grocery-crud-demo/system/Model.php(462): CodeIgniter\Database\BaseBuilder->get()
#3 /opt/lampp/htdocs/grocery-crud-demo/app/Models/NewsModel.php(13): CodeIgniter\Model->findAll()
#4 /opt/lampp/htdocs/grocery-crud-demo/app/Controllers/News.php(13): App\Models\NewsModel->getNews()
#5 /opt/lampp/htdocs/grocery-crud-demo/system/CodeIgniter.php(926): App\Controllers\News->index()
#6 /opt/lampp/htdocs/grocery-crud-demo/system/CodeIgniter.php(412): CodeIgniter\CodeIgniter->runController()
#7 /opt/lampp/htdocs/grocery-crud-demo/system/CodeIgniter.php(320): CodeIgniter\CodeIgniter->handleRequest()
#8 /opt/lampp/htdocs/grocery-crud-demo/public/index.php(45): CodeIgniter\CodeIgniter->run()
#9 /opt/lampp/htdocs/grocery-crud-demo/system/Commands/Server/rewrite.php(34): require_once('/opt/lampp/htdo...')
#10 {main}
CRITICAL - 2020-09-08 09:45:23 --> Unable to connect to the database.
#0 /opt/lampp/htdocs/grocery-crud-demo/system/Database/BaseConnection.php(646): CodeIgniter\Database\BaseConnection->initialize()
#1 /opt/lampp/htdocs/grocery-crud-demo/system/Database/BaseBuilder.php(1860): CodeIgniter\Database\BaseConnection->query()
#2 /opt/lampp/htdocs/grocery-crud-demo/system/Model.php(462): CodeIgniter\Database\BaseBuilder->get()
#3 /opt/lampp/htdocs/grocery-crud-demo/app/Models/NewsModel.php(13): CodeIgniter\Model->findAll()
#4 /opt/lampp/htdocs/grocery-crud-demo/app/Controllers/News.php(13): App\Models\NewsModel->getNews()
#5 /opt/lampp/htdocs/grocery-crud-demo/system/CodeIgniter.php(926): App\Controllers\News->index()
#6 /opt/lampp/htdocs/grocery-crud-demo/system/CodeIgniter.php(412): CodeIgniter\CodeIgniter->runController()
#7 /opt/lampp/htdocs/grocery-crud-demo/system/CodeIgniter.php(320): CodeIgniter\CodeIgniter->handleRequest()
#8 /opt/lampp/htdocs/grocery-crud-demo/public/index.php(45): CodeIgniter\CodeIgniter->run()
#9 /opt/lampp/htdocs/grocery-crud-demo/system/Commands/Server/rewrite.php(34): require_once('/opt/lampp/htdo...')
#10 {main}
CRITICAL - 2020-09-08 09:45:54 --> Unable to connect to the database.
#0 /opt/lampp/htdocs/grocery-crud-demo/system/Database/BaseConnection.php(646): CodeIgniter\Database\BaseConnection->initialize()
#1 /opt/lampp/htdocs/grocery-crud-demo/system/Database/BaseBuilder.php(1860): CodeIgniter\Database\BaseConnection->query()
#2 /opt/lampp/htdocs/grocery-crud-demo/system/Model.php(462): CodeIgniter\Database\BaseBuilder->get()
#3 /opt/lampp/htdocs/grocery-crud-demo/app/Models/NewsModel.php(13): CodeIgniter\Model->findAll()
#4 /opt/lampp/htdocs/grocery-crud-demo/app/Controllers/News.php(13): App\Models\NewsModel->getNews()
#5 /opt/lampp/htdocs/grocery-crud-demo/system/CodeIgniter.php(926): App\Controllers\News->index()
#6 /opt/lampp/htdocs/grocery-crud-demo/system/CodeIgniter.php(412): CodeIgniter\CodeIgniter->runController()
#7 /opt/lampp/htdocs/grocery-crud-demo/system/CodeIgniter.php(320): CodeIgniter\CodeIgniter->handleRequest()
#8 /opt/lampp/htdocs/grocery-crud-demo/public/index.php(45): CodeIgniter\CodeIgniter->run()
#9 /opt/lampp/htdocs/grocery-crud-demo/system/Commands/Server/rewrite.php(34): require_once('/opt/lampp/htdo...')
#10 {main}
CRITICAL - 2020-09-08 09:45:55 --> Unable to connect to the database.
#0 /opt/lampp/htdocs/grocery-crud-demo/system/Database/BaseConnection.php(646): CodeIgniter\Database\BaseConnection->initialize()
#1 /opt/lampp/htdocs/grocery-crud-demo/system/Database/BaseBuilder.php(1860): CodeIgniter\Database\BaseConnection->query()
#2 /opt/lampp/htdocs/grocery-crud-demo/system/Model.php(462): CodeIgniter\Database\BaseBuilder->get()
#3 /opt/lampp/htdocs/grocery-crud-demo/app/Models/NewsModel.php(13): CodeIgniter\Model->findAll()
#4 /opt/lampp/htdocs/grocery-crud-demo/app/Controllers/News.php(13): App\Models\NewsModel->getNews()
#5 /opt/lampp/htdocs/grocery-crud-demo/system/CodeIgniter.php(926): App\Controllers\News->index()
#6 /opt/lampp/htdocs/grocery-crud-demo/system/CodeIgniter.php(412): CodeIgniter\CodeIgniter->runController()
#7 /opt/lampp/htdocs/grocery-crud-demo/system/CodeIgniter.php(320): CodeIgniter\CodeIgniter->handleRequest()
#8 /opt/lampp/htdocs/grocery-crud-demo/public/index.php(45): CodeIgniter\CodeIgniter->run()
#9 /opt/lampp/htdocs/grocery-crud-demo/system/Commands/Server/rewrite.php(34): require_once('/opt/lampp/htdo...')
#10 {main}
CRITICAL - 2020-09-08 09:45:57 --> Unable to connect to the database.
#0 /opt/lampp/htdocs/grocery-crud-demo/system/Database/BaseConnection.php(646): CodeIgniter\Database\BaseConnection->initialize()
#1 /opt/lampp/htdocs/grocery-crud-demo/system/Database/BaseBuilder.php(1860): CodeIgniter\Database\BaseConnection->query()
#2 /opt/lampp/htdocs/grocery-crud-demo/system/Model.php(462): CodeIgniter\Database\BaseBuilder->get()
#3 /opt/lampp/htdocs/grocery-crud-demo/app/Models/NewsModel.php(13): CodeIgniter\Model->findAll()
#4 /opt/lampp/htdocs/grocery-crud-demo/app/Controllers/News.php(13): App\Models\NewsModel->getNews()
#5 /opt/lampp/htdocs/grocery-crud-demo/system/CodeIgniter.php(926): App\Controllers\News->index()
#6 /opt/lampp/htdocs/grocery-crud-demo/system/CodeIgniter.php(412): CodeIgniter\CodeIgniter->runController()
#7 /opt/lampp/htdocs/grocery-crud-demo/system/CodeIgniter.php(320): CodeIgniter\CodeIgniter->handleRequest()
#8 /opt/lampp/htdocs/grocery-crud-demo/public/index.php(45): CodeIgniter\CodeIgniter->run()
#9 /opt/lampp/htdocs/grocery-crud-demo/system/Commands/Server/rewrite.php(34): require_once('/opt/lampp/htdo...')
#10 {main}
CRITICAL - 2020-09-08 09:46:19 --> Unable to connect to the database.
#0 /opt/lampp/htdocs/grocery-crud-demo/system/Database/BaseConnection.php(646): CodeIgniter\Database\BaseConnection->initialize()
#1 /opt/lampp/htdocs/grocery-crud-demo/system/Database/BaseBuilder.php(1860): CodeIgniter\Database\BaseConnection->query()
#2 /opt/lampp/htdocs/grocery-crud-demo/system/Model.php(462): CodeIgniter\Database\BaseBuilder->get()
#3 /opt/lampp/htdocs/grocery-crud-demo/app/Models/NewsModel.php(13): CodeIgniter\Model->findAll()
#4 /opt/lampp/htdocs/grocery-crud-demo/app/Controllers/News.php(13): App\Models\NewsModel->getNews()
#5 /opt/lampp/htdocs/grocery-crud-demo/system/CodeIgniter.php(926): App\Controllers\News->index()
#6 /opt/lampp/htdocs/grocery-crud-demo/system/CodeIgniter.php(412): CodeIgniter\CodeIgniter->runController()
#7 /opt/lampp/htdocs/grocery-crud-demo/system/CodeIgniter.php(320): CodeIgniter\CodeIgniter->handleRequest()
#8 /opt/lampp/htdocs/grocery-crud-demo/public/index.php(45): CodeIgniter\CodeIgniter->run()
#9 /opt/lampp/htdocs/grocery-crud-demo/system/Commands/Server/rewrite.php(34): require_once('/opt/lampp/htdo...')
#10 {main}
CRITICAL - 2020-09-08 09:46:24 --> Unable to connect to the database.
#0 /opt/lampp/htdocs/grocery-crud-demo/system/Database/BaseConnection.php(646): CodeIgniter\Database\BaseConnection->initialize()
#1 /opt/lampp/htdocs/grocery-crud-demo/system/Database/BaseBuilder.php(1860): CodeIgniter\Database\BaseConnection->query()
#2 /opt/lampp/htdocs/grocery-crud-demo/system/Model.php(462): CodeIgniter\Database\BaseBuilder->get()
#3 /opt/lampp/htdocs/grocery-crud-demo/app/Models/NewsModel.php(13): CodeIgniter\Model->findAll()
#4 /opt/lampp/htdocs/grocery-crud-demo/app/Controllers/News.php(13): App\Models\NewsModel->getNews()
#5 /opt/lampp/htdocs/grocery-crud-demo/system/CodeIgniter.php(926): App\Controllers\News->index()
#6 /opt/lampp/htdocs/grocery-crud-demo/system/CodeIgniter.php(412): CodeIgniter\CodeIgniter->runController()
#7 /opt/lampp/htdocs/grocery-crud-demo/system/CodeIgniter.php(320): CodeIgniter\CodeIgniter->handleRequest()
#8 /opt/lampp/htdocs/grocery-crud-demo/public/index.php(45): CodeIgniter\CodeIgniter->run()
#9 /opt/lampp/htdocs/grocery-crud-demo/system/Commands/Server/rewrite.php(34): require_once('/opt/lampp/htdo...')
#10 {main}
CRITICAL - 2020-09-08 09:51:35 --> Unable to connect to the database.
#0 /opt/lampp/htdocs/grocery-crud-demo/system/Database/BaseConnection.php(646): CodeIgniter\Database\BaseConnection->initialize()
#1 /opt/lampp/htdocs/grocery-crud-demo/system/Database/BaseBuilder.php(1860): CodeIgniter\Database\BaseConnection->query()
#2 /opt/lampp/htdocs/grocery-crud-demo/system/Model.php(462): CodeIgniter\Database\BaseBuilder->get()
#3 /opt/lampp/htdocs/grocery-crud-demo/app/Models/NewsModel.php(13): CodeIgniter\Model->findAll()
#4 /opt/lampp/htdocs/grocery-crud-demo/app/Controllers/News.php(13): App\Models\NewsModel->getNews()
#5 /opt/lampp/htdocs/grocery-crud-demo/system/CodeIgniter.php(926): App\Controllers\News->index()
#6 /opt/lampp/htdocs/grocery-crud-demo/system/CodeIgniter.php(412): CodeIgniter\CodeIgniter->runController()
#7 /opt/lampp/htdocs/grocery-crud-demo/system/CodeIgniter.php(320): CodeIgniter\CodeIgniter->handleRequest()
#8 /opt/lampp/htdocs/grocery-crud-demo/public/index.php(45): CodeIgniter\CodeIgniter->run()
#9 /opt/lampp/htdocs/grocery-crud-demo/system/Commands/Server/rewrite.php(34): require_once('/opt/lampp/htdo...')
#10 {main}
CRITICAL - 2020-09-08 09:51:36 --> Unable to connect to the database.
#0 /opt/lampp/htdocs/grocery-crud-demo/system/Database/BaseConnection.php(646): CodeIgniter\Database\BaseConnection->initialize()
#1 /opt/lampp/htdocs/grocery-crud-demo/system/Database/BaseBuilder.php(1860): CodeIgniter\Database\BaseConnection->query()
#2 /opt/lampp/htdocs/grocery-crud-demo/system/Model.php(462): CodeIgniter\Database\BaseBuilder->get()
#3 /opt/lampp/htdocs/grocery-crud-demo/app/Models/NewsModel.php(13): CodeIgniter\Model->findAll()
#4 /opt/lampp/htdocs/grocery-crud-demo/app/Controllers/News.php(13): App\Models\NewsModel->getNews()
#5 /opt/lampp/htdocs/grocery-crud-demo/system/CodeIgniter.php(926): App\Controllers\News->index()
#6 /opt/lampp/htdocs/grocery-crud-demo/system/CodeIgniter.php(412): CodeIgniter\CodeIgniter->runController()
#7 /opt/lampp/htdocs/grocery-crud-demo/system/CodeIgniter.php(320): CodeIgniter\CodeIgniter->handleRequest()
#8 /opt/lampp/htdocs/grocery-crud-demo/public/index.php(45): CodeIgniter\CodeIgniter->run()
#9 /opt/lampp/htdocs/grocery-crud-demo/system/Commands/Server/rewrite.php(34): require_once('/opt/lampp/htdo...')
#10 {main}
CRITICAL - 2020-09-08 09:52:58 --> Unable to connect to the database.
#0 /opt/lampp/htdocs/grocery-crud-demo/system/Database/BaseConnection.php(646): CodeIgniter\Database\BaseConnection->initialize()
#1 /opt/lampp/htdocs/grocery-crud-demo/system/Database/BaseBuilder.php(1860): CodeIgniter\Database\BaseConnection->query()
#2 /opt/lampp/htdocs/grocery-crud-demo/system/Model.php(462): CodeIgniter\Database\BaseBuilder->get()
#3 /opt/lampp/htdocs/grocery-crud-demo/app/Models/NewsModel.php(13): CodeIgniter\Model->findAll()
#4 /opt/lampp/htdocs/grocery-crud-demo/app/Controllers/News.php(13): App\Models\NewsModel->getNews()
#5 /opt/lampp/htdocs/grocery-crud-demo/system/CodeIgniter.php(926): App\Controllers\News->index()
#6 /opt/lampp/htdocs/grocery-crud-demo/system/CodeIgniter.php(412): CodeIgniter\CodeIgniter->runController()
#7 /opt/lampp/htdocs/grocery-crud-demo/system/CodeIgniter.php(320): CodeIgniter\CodeIgniter->handleRequest()
#8 /opt/lampp/htdocs/grocery-crud-demo/public/index.php(45): CodeIgniter\CodeIgniter->run()
#9 /opt/lampp/htdocs/grocery-crud-demo/system/Commands/Server/rewrite.php(34): require_once('/opt/lampp/htdo...')
#10 {main}
CRITICAL - 2020-09-08 09:53:00 --> Unable to connect to the database.
#0 /opt/lampp/htdocs/grocery-crud-demo/system/Database/BaseConnection.php(646): CodeIgniter\Database\BaseConnection->initialize()
#1 /opt/lampp/htdocs/grocery-crud-demo/system/Database/BaseBuilder.php(1860): CodeIgniter\Database\BaseConnection->query()
#2 /opt/lampp/htdocs/grocery-crud-demo/system/Model.php(462): CodeIgniter\Database\BaseBuilder->get()
#3 /opt/lampp/htdocs/grocery-crud-demo/app/Models/NewsModel.php(13): CodeIgniter\Model->findAll()
#4 /opt/lampp/htdocs/grocery-crud-demo/app/Controllers/News.php(13): App\Models\NewsModel->getNews()
#5 /opt/lampp/htdocs/grocery-crud-demo/system/CodeIgniter.php(926): App\Controllers\News->index()
#6 /opt/lampp/htdocs/grocery-crud-demo/system/CodeIgniter.php(412): CodeIgniter\CodeIgniter->runController()
#7 /opt/lampp/htdocs/grocery-crud-demo/system/CodeIgniter.php(320): CodeIgniter\CodeIgniter->handleRequest()
#8 /opt/lampp/htdocs/grocery-crud-demo/public/index.php(45): CodeIgniter\CodeIgniter->run()
#9 /opt/lampp/htdocs/grocery-crud-demo/system/Commands/Server/rewrite.php(34): require_once('/opt/lampp/htdo...')
#10 {main}
CRITICAL - 2020-09-08 09:53:17 --> Unable to connect to the database.
#0 /opt/lampp/htdocs/grocery-crud-demo/system/Database/BaseConnection.php(646): CodeIgniter\Database\BaseConnection->initialize()
#1 /opt/lampp/htdocs/grocery-crud-demo/system/Database/BaseBuilder.php(1860): CodeIgniter\Database\BaseConnection->query()
#2 /opt/lampp/htdocs/grocery-crud-demo/system/Model.php(462): CodeIgniter\Database\BaseBuilder->get()
#3 /opt/lampp/htdocs/grocery-crud-demo/app/Models/NewsModel.php(13): CodeIgniter\Model->findAll()
#4 /opt/lampp/htdocs/grocery-crud-demo/app/Controllers/News.php(13): App\Models\NewsModel->getNews()
#5 /opt/lampp/htdocs/grocery-crud-demo/system/CodeIgniter.php(926): App\Controllers\News->index()
#6 /opt/lampp/htdocs/grocery-crud-demo/system/CodeIgniter.php(412): CodeIgniter\CodeIgniter->runController()
#7 /opt/lampp/htdocs/grocery-crud-demo/system/CodeIgniter.php(320): CodeIgniter\CodeIgniter->handleRequest()
#8 /opt/lampp/htdocs/grocery-crud-demo/public/index.php(45): CodeIgniter\CodeIgniter->run()
#9 /opt/lampp/htdocs/grocery-crud-demo/system/Commands/Server/rewrite.php(34): require_once('/opt/lampp/htdo...')
#10 {main}
CRITICAL - 2020-09-08 09:53:18 --> Unable to connect to the database.
#0 /opt/lampp/htdocs/grocery-crud-demo/system/Database/BaseConnection.php(646): CodeIgniter\Database\BaseConnection->initialize()
#1 /opt/lampp/htdocs/grocery-crud-demo/system/Database/BaseBuilder.php(1860): CodeIgniter\Database\BaseConnection->query()
#2 /opt/lampp/htdocs/grocery-crud-demo/system/Model.php(462): CodeIgniter\Database\BaseBuilder->get()
#3 /opt/lampp/htdocs/grocery-crud-demo/app/Models/NewsModel.php(13): CodeIgniter\Model->findAll()
#4 /opt/lampp/htdocs/grocery-crud-demo/app/Controllers/News.php(13): App\Models\NewsModel->getNews()
#5 /opt/lampp/htdocs/grocery-crud-demo/system/CodeIgniter.php(926): App\Controllers\News->index()
#6 /opt/lampp/htdocs/grocery-crud-demo/system/CodeIgniter.php(412): CodeIgniter\CodeIgniter->runController()
#7 /opt/lampp/htdocs/grocery-crud-demo/system/CodeIgniter.php(320): CodeIgniter\CodeIgniter->handleRequest()
#8 /opt/lampp/htdocs/grocery-crud-demo/public/index.php(45): CodeIgniter\CodeIgniter->run()
#9 /opt/lampp/htdocs/grocery-crud-demo/system/Commands/Server/rewrite.php(34): require_once('/opt/lampp/htdo...')
#10 {main}
CRITICAL - 2020-09-08 09:53:19 --> Unable to connect to the database.
#0 /opt/lampp/htdocs/grocery-crud-demo/system/Database/BaseConnection.php(646): CodeIgniter\Database\BaseConnection->initialize()
#1 /opt/lampp/htdocs/grocery-crud-demo/system/Database/BaseBuilder.php(1860): CodeIgniter\Database\BaseConnection->query()
#2 /opt/lampp/htdocs/grocery-crud-demo/system/Model.php(462): CodeIgniter\Database\BaseBuilder->get()
#3 /opt/lampp/htdocs/grocery-crud-demo/app/Models/NewsModel.php(13): CodeIgniter\Model->findAll()
#4 /opt/lampp/htdocs/grocery-crud-demo/app/Controllers/News.php(13): App\Models\NewsModel->getNews()
#5 /opt/lampp/htdocs/grocery-crud-demo/system/CodeIgniter.php(926): App\Controllers\News->index()
#6 /opt/lampp/htdocs/grocery-crud-demo/system/CodeIgniter.php(412): CodeIgniter\CodeIgniter->runController()
#7 /opt/lampp/htdocs/grocery-crud-demo/system/CodeIgniter.php(320): CodeIgniter\CodeIgniter->handleRequest()
#8 /opt/lampp/htdocs/grocery-crud-demo/public/index.php(45): CodeIgniter\CodeIgniter->run()
#9 /opt/lampp/htdocs/grocery-crud-demo/system/Commands/Server/rewrite.php(34): require_once('/opt/lampp/htdo...')
#10 {main}
CRITICAL - 2020-09-08 09:53:29 --> Unable to connect to the database.
#0 /opt/lampp/htdocs/grocery-crud-demo/system/Database/BaseConnection.php(646): CodeIgniter\Database\BaseConnection->initialize()
#1 /opt/lampp/htdocs/grocery-crud-demo/system/Database/BaseBuilder.php(1860): CodeIgniter\Database\BaseConnection->query()
#2 /opt/lampp/htdocs/grocery-crud-demo/system/Model.php(462): CodeIgniter\Database\BaseBuilder->get()
#3 /opt/lampp/htdocs/grocery-crud-demo/app/Models/NewsModel.php(13): CodeIgniter\Model->findAll()
#4 /opt/lampp/htdocs/grocery-crud-demo/app/Controllers/News.php(13): App\Models\NewsModel->getNews()
#5 /opt/lampp/htdocs/grocery-crud-demo/system/CodeIgniter.php(926): App\Controllers\News->index()
#6 /opt/lampp/htdocs/grocery-crud-demo/system/CodeIgniter.php(412): CodeIgniter\CodeIgniter->runController()
#7 /opt/lampp/htdocs/grocery-crud-demo/system/CodeIgniter.php(320): CodeIgniter\CodeIgniter->handleRequest()
#8 /opt/lampp/htdocs/grocery-crud-demo/public/index.php(45): CodeIgniter\CodeIgniter->run()
#9 /opt/lampp/htdocs/grocery-crud-demo/system/Commands/Server/rewrite.php(34): require_once('/opt/lampp/htdo...')
#10 {main}
CRITICAL - 2020-09-08 09:53:40 --> Unable to connect to the database.
#0 /opt/lampp/htdocs/grocery-crud-demo/system/Database/BaseConnection.php(646): CodeIgniter\Database\BaseConnection->initialize()
#1 /opt/lampp/htdocs/grocery-crud-demo/system/Database/BaseBuilder.php(1860): CodeIgniter\Database\BaseConnection->query()
#2 /opt/lampp/htdocs/grocery-crud-demo/system/Model.php(462): CodeIgniter\Database\BaseBuilder->get()
#3 /opt/lampp/htdocs/grocery-crud-demo/app/Models/NewsModel.php(13): CodeIgniter\Model->findAll()
#4 /opt/lampp/htdocs/grocery-crud-demo/app/Controllers/News.php(13): App\Models\NewsModel->getNews()
#5 /opt/lampp/htdocs/grocery-crud-demo/system/CodeIgniter.php(926): App\Controllers\News->index()
#6 /opt/lampp/htdocs/grocery-crud-demo/system/CodeIgniter.php(412): CodeIgniter\CodeIgniter->runController()
#7 /opt/lampp/htdocs/grocery-crud-demo/system/CodeIgniter.php(320): CodeIgniter\CodeIgniter->handleRequest()
#8 /opt/lampp/htdocs/grocery-crud-demo/public/index.php(45): CodeIgniter\CodeIgniter->run()
#9 /opt/lampp/htdocs/grocery-crud-demo/system/Commands/Server/rewrite.php(34): require_once('/opt/lampp/htdo...')
#10 {main}
CRITICAL - 2020-09-08 09:54:21 --> Unable to connect to the database.
#0 /opt/lampp/htdocs/grocery-crud-demo/system/Database/BaseConnection.php(646): CodeIgniter\Database\BaseConnection->initialize()
#1 /opt/lampp/htdocs/grocery-crud-demo/system/Database/BaseBuilder.php(1860): CodeIgniter\Database\BaseConnection->query()
#2 /opt/lampp/htdocs/grocery-crud-demo/system/Model.php(462): CodeIgniter\Database\BaseBuilder->get()
#3 /opt/lampp/htdocs/grocery-crud-demo/app/Models/NewsModel.php(13): CodeIgniter\Model->findAll()
#4 /opt/lampp/htdocs/grocery-crud-demo/app/Controllers/News.php(13): App\Models\NewsModel->getNews()
#5 /opt/lampp/htdocs/grocery-crud-demo/system/CodeIgniter.php(926): App\Controllers\News->index()
#6 /opt/lampp/htdocs/grocery-crud-demo/system/CodeIgniter.php(412): CodeIgniter\CodeIgniter->runController()
#7 /opt/lampp/htdocs/grocery-crud-demo/system/CodeIgniter.php(320): CodeIgniter\CodeIgniter->handleRequest()
#8 /opt/lampp/htdocs/grocery-crud-demo/public/index.php(45): CodeIgniter\CodeIgniter->run()
#9 /opt/lampp/htdocs/grocery-crud-demo/system/Commands/Server/rewrite.php(34): require_once('/opt/lampp/htdo...')
#10 {main}
CRITICAL - 2020-09-08 09:54:23 --> Unable to connect to the database.
#0 /opt/lampp/htdocs/grocery-crud-demo/system/Database/BaseConnection.php(646): CodeIgniter\Database\BaseConnection->initialize()
#1 /opt/lampp/htdocs/grocery-crud-demo/system/Database/BaseBuilder.php(1860): CodeIgniter\Database\BaseConnection->query()
#2 /opt/lampp/htdocs/grocery-crud-demo/system/Model.php(462): CodeIgniter\Database\BaseBuilder->get()
#3 /opt/lampp/htdocs/grocery-crud-demo/app/Models/NewsModel.php(13): CodeIgniter\Model->findAll()
#4 /opt/lampp/htdocs/grocery-crud-demo/app/Controllers/News.php(13): App\Models\NewsModel->getNews()
#5 /opt/lampp/htdocs/grocery-crud-demo/system/CodeIgniter.php(926): App\Controllers\News->index()
#6 /opt/lampp/htdocs/grocery-crud-demo/system/CodeIgniter.php(412): CodeIgniter\CodeIgniter->runController()
#7 /opt/lampp/htdocs/grocery-crud-demo/system/CodeIgniter.php(320): CodeIgniter\CodeIgniter->handleRequest()
#8 /opt/lampp/htdocs/grocery-crud-demo/public/index.php(45): CodeIgniter\CodeIgniter->run()
#9 /opt/lampp/htdocs/grocery-crud-demo/system/Commands/Server/rewrite.php(34): require_once('/opt/lampp/htdo...')
#10 {main}
CRITICAL - 2020-09-08 09:54:38 --> Unable to connect to the database.
#0 /opt/lampp/htdocs/grocery-crud-demo/system/Database/BaseConnection.php(646): CodeIgniter\Database\BaseConnection->initialize()
#1 /opt/lampp/htdocs/grocery-crud-demo/system/Database/BaseBuilder.php(1860): CodeIgniter\Database\BaseConnection->query()
#2 /opt/lampp/htdocs/grocery-crud-demo/system/Model.php(462): CodeIgniter\Database\BaseBuilder->get()
#3 /opt/lampp/htdocs/grocery-crud-demo/app/Models/NewsModel.php(13): CodeIgniter\Model->findAll()
#4 /opt/lampp/htdocs/grocery-crud-demo/app/Controllers/News.php(13): App\Models\NewsModel->getNews()
#5 /opt/lampp/htdocs/grocery-crud-demo/system/CodeIgniter.php(926): App\Controllers\News->index()
#6 /opt/lampp/htdocs/grocery-crud-demo/system/CodeIgniter.php(412): CodeIgniter\CodeIgniter->runController()
#7 /opt/lampp/htdocs/grocery-crud-demo/system/CodeIgniter.php(320): CodeIgniter\CodeIgniter->handleRequest()
#8 /opt/lampp/htdocs/grocery-crud-demo/public/index.php(45): CodeIgniter\CodeIgniter->run()
#9 /opt/lampp/htdocs/grocery-crud-demo/system/Commands/Server/rewrite.php(34): require_once('/opt/lampp/htdo...')
#10 {main}
CRITICAL - 2020-09-08 09:54:40 --> Unable to connect to the database.
#0 /opt/lampp/htdocs/grocery-crud-demo/system/Database/BaseConnection.php(646): CodeIgniter\Database\BaseConnection->initialize()
#1 /opt/lampp/htdocs/grocery-crud-demo/system/Database/BaseBuilder.php(1860): CodeIgniter\Database\BaseConnection->query()
#2 /opt/lampp/htdocs/grocery-crud-demo/system/Model.php(462): CodeIgniter\Database\BaseBuilder->get()
#3 /opt/lampp/htdocs/grocery-crud-demo/app/Models/NewsModel.php(13): CodeIgniter\Model->findAll()
#4 /opt/lampp/htdocs/grocery-crud-demo/app/Controllers/News.php(13): App\Models\NewsModel->getNews()
#5 /opt/lampp/htdocs/grocery-crud-demo/system/CodeIgniter.php(926): App\Controllers\News->index()
#6 /opt/lampp/htdocs/grocery-crud-demo/system/CodeIgniter.php(412): CodeIgniter\CodeIgniter->runController()
#7 /opt/lampp/htdocs/grocery-crud-demo/system/CodeIgniter.php(320): CodeIgniter\CodeIgniter->handleRequest()
#8 /opt/lampp/htdocs/grocery-crud-demo/public/index.php(45): CodeIgniter\CodeIgniter->run()
#9 /opt/lampp/htdocs/grocery-crud-demo/system/Commands/Server/rewrite.php(34): require_once('/opt/lampp/htdo...')
#10 {main}
CRITICAL - 2020-09-08 09:56:18 --> Unable to connect to the database.
#0 /opt/lampp/htdocs/grocery-crud-demo/system/Database/BaseConnection.php(646): CodeIgniter\Database\BaseConnection->initialize()
#1 /opt/lampp/htdocs/grocery-crud-demo/system/Database/BaseBuilder.php(1860): CodeIgniter\Database\BaseConnection->query()
#2 /opt/lampp/htdocs/grocery-crud-demo/system/Model.php(462): CodeIgniter\Database\BaseBuilder->get()
#3 /opt/lampp/htdocs/grocery-crud-demo/app/Models/NewsModel.php(13): CodeIgniter\Model->findAll()
#4 /opt/lampp/htdocs/grocery-crud-demo/app/Controllers/News.php(13): App\Models\NewsModel->getNews()
#5 /opt/lampp/htdocs/grocery-crud-demo/system/CodeIgniter.php(926): App\Controllers\News->index()
#6 /opt/lampp/htdocs/grocery-crud-demo/system/CodeIgniter.php(412): CodeIgniter\CodeIgniter->runController()
#7 /opt/lampp/htdocs/grocery-crud-demo/system/CodeIgniter.php(320): CodeIgniter\CodeIgniter->handleRequest()
#8 /opt/lampp/htdocs/grocery-crud-demo/public/index.php(45): CodeIgniter\CodeIgniter->run()
#9 /opt/lampp/htdocs/grocery-crud-demo/system/Commands/Server/rewrite.php(34): require_once('/opt/lampp/htdo...')
#10 {main}
CRITICAL - 2020-09-08 09:59:04 --> Unable to connect to the database.
#0 /opt/lampp/htdocs/grocery-crud-demo/system/Database/BaseConnection.php(646): CodeIgniter\Database\BaseConnection->initialize()
#1 /opt/lampp/htdocs/grocery-crud-demo/system/Database/BaseBuilder.php(1860): CodeIgniter\Database\BaseConnection->query()
#2 /opt/lampp/htdocs/grocery-crud-demo/system/Model.php(462): CodeIgniter\Database\BaseBuilder->get()
#3 /opt/lampp/htdocs/grocery-crud-demo/app/Models/NewsModel.php(13): CodeIgniter\Model->findAll()
#4 /opt/lampp/htdocs/grocery-crud-demo/app/Controllers/News.php(13): App\Models\NewsModel->getNews()
#5 /opt/lampp/htdocs/grocery-crud-demo/system/CodeIgniter.php(926): App\Controllers\News->index()
#6 /opt/lampp/htdocs/grocery-crud-demo/system/CodeIgniter.php(412): CodeIgniter\CodeIgniter->runController()
#7 /opt/lampp/htdocs/grocery-crud-demo/system/CodeIgniter.php(320): CodeIgniter\CodeIgniter->handleRequest()
#8 /opt/lampp/htdocs/grocery-crud-demo/public/index.php(45): CodeIgniter\CodeIgniter->run()
#9 /opt/lampp/htdocs/grocery-crud-demo/system/Commands/Server/rewrite.php(34): require_once('/opt/lampp/htdo...')
#10 {main}
