CRITICAL - 2020-09-23 02:24:18 --> Undefined variable: builder
#0 /var/www/hosttest.com/app/Controllers/Booths.php(148): CodeIgniter\Debug\Exceptions->errorHandler()
#1 /var/www/hosttest.com/app/Views/booths/gallery.php(156): App\Controllers\Booths->boothVideo()
#2 /var/www/hosttest.com/system/View/View.php(246): include('/var/www/hostte...')
#3 /var/www/hosttest.com/system/Common.php(1119): CodeIgniter\View\View->render()
#4 /var/www/hosttest.com/app/Controllers/Booths.php(33): view()
#5 /var/www/hosttest.com/system/CodeIgniter.php(926): App\Controllers\Booths->gallery()
#6 /var/www/hosttest.com/system/CodeIgniter.php(412): CodeIgniter\CodeIgniter->runController()
#7 /var/www/hosttest.com/system/CodeIgniter.php(320): CodeIgniter\CodeIgniter->handleRequest()
#8 /var/www/hosttest.com/public/index.php(45): CodeIgniter\CodeIgniter->run()
#9 /var/www/hosttest.com/system/Commands/Server/rewrite.php(34): require_once('/var/www/hostte...')
#10 {main}
CRITICAL - 2020-09-23 02:24:41 --> Call to undefined method CodeIgniter\Database\MySQLi\Result::where()
#0 /var/www/hosttest.com/app/Views/booths/gallery.php(156): App\Controllers\Booths->boothVideo()
#1 /var/www/hosttest.com/system/View/View.php(246): include('/var/www/hostte...')
#2 /var/www/hosttest.com/system/Common.php(1119): CodeIgniter\View\View->render()
#3 /var/www/hosttest.com/app/Controllers/Booths.php(33): view()
#4 /var/www/hosttest.com/system/CodeIgniter.php(926): App\Controllers\Booths->gallery()
#5 /var/www/hosttest.com/system/CodeIgniter.php(412): CodeIgniter\CodeIgniter->runController()
#6 /var/www/hosttest.com/system/CodeIgniter.php(320): CodeIgniter\CodeIgniter->handleRequest()
#7 /var/www/hosttest.com/public/index.php(45): CodeIgniter\CodeIgniter->run()
#8 /var/www/hosttest.com/system/Commands/Server/rewrite.php(34): require_once('/var/www/hostte...')
#9 {main}
CRITICAL - 2020-09-23 02:26:49 --> Unknown column 'id' in 'where clause'
#0 /var/www/hosttest.com/system/Database/MySQLi/Connection.php(331): mysqli->query()
#1 /var/www/hosttest.com/system/Database/BaseConnection.php(741): CodeIgniter\Database\MySQLi\Connection->execute()
#2 /var/www/hosttest.com/system/Database/BaseConnection.php(669): CodeIgniter\Database\BaseConnection->simpleQuery()
#3 /var/www/hosttest.com/system/Database/BaseBuilder.php(1860): CodeIgniter\Database\BaseConnection->query()
#4 /var/www/hosttest.com/system/Model.php(1818): CodeIgniter\Database\BaseBuilder->get()
#5 /var/www/hosttest.com/app/Controllers/Booths.php(149): CodeIgniter\Model->__call()
#6 /var/www/hosttest.com/app/Views/booths/gallery.php(156): App\Controllers\Booths->boothVideo()
#7 /var/www/hosttest.com/system/View/View.php(246): include('/var/www/hostte...')
#8 /var/www/hosttest.com/system/Common.php(1119): CodeIgniter\View\View->render()
#9 /var/www/hosttest.com/app/Controllers/Booths.php(33): view()
#10 /var/www/hosttest.com/system/CodeIgniter.php(926): App\Controllers\Booths->gallery()
#11 /var/www/hosttest.com/system/CodeIgniter.php(412): CodeIgniter\CodeIgniter->runController()
#12 /var/www/hosttest.com/system/CodeIgniter.php(320): CodeIgniter\CodeIgniter->handleRequest()
#13 /var/www/hosttest.com/public/index.php(45): CodeIgniter\CodeIgniter->run()
#14 /var/www/hosttest.com/system/Commands/Server/rewrite.php(34): require_once('/var/www/hostte...')
#15 {main}
CRITICAL - 2020-09-23 02:27:02 --> Undefined property: CodeIgniter\Database\MySQLi\Result::$booth_video
#0 /var/www/hosttest.com/app/Controllers/Booths.php(150): CodeIgniter\Debug\Exceptions->errorHandler()
#1 /var/www/hosttest.com/app/Views/booths/gallery.php(156): App\Controllers\Booths->boothVideo()
#2 /var/www/hosttest.com/system/View/View.php(246): include('/var/www/hostte...')
#3 /var/www/hosttest.com/system/Common.php(1119): CodeIgniter\View\View->render()
#4 /var/www/hosttest.com/app/Controllers/Booths.php(33): view()
#5 /var/www/hosttest.com/system/CodeIgniter.php(926): App\Controllers\Booths->gallery()
#6 /var/www/hosttest.com/system/CodeIgniter.php(412): CodeIgniter\CodeIgniter->runController()
#7 /var/www/hosttest.com/system/CodeIgniter.php(320): CodeIgniter\CodeIgniter->handleRequest()
#8 /var/www/hosttest.com/public/index.php(45): CodeIgniter\CodeIgniter->run()
#9 /var/www/hosttest.com/system/Commands/Server/rewrite.php(34): require_once('/var/www/hostte...')
#10 {main}
CRITICAL - 2020-09-23 02:27:35 --> Cannot use object of type CodeIgniter\Database\MySQLi\Result as array
#0 /var/www/hosttest.com/app/Views/booths/gallery.php(156): App\Controllers\Booths->boothVideo()
#1 /var/www/hosttest.com/system/View/View.php(246): include('/var/www/hostte...')
#2 /var/www/hosttest.com/system/Common.php(1119): CodeIgniter\View\View->render()
#3 /var/www/hosttest.com/app/Controllers/Booths.php(33): view()
#4 /var/www/hosttest.com/system/CodeIgniter.php(926): App\Controllers\Booths->gallery()
#5 /var/www/hosttest.com/system/CodeIgniter.php(412): CodeIgniter\CodeIgniter->runController()
#6 /var/www/hosttest.com/system/CodeIgniter.php(320): CodeIgniter\CodeIgniter->handleRequest()
#7 /var/www/hosttest.com/public/index.php(45): CodeIgniter\CodeIgniter->run()
#8 /var/www/hosttest.com/system/Commands/Server/rewrite.php(34): require_once('/var/www/hostte...')
#9 {main}
CRITICAL - 2020-09-23 02:27:58 --> Object of class CodeIgniter\Database\MySQLi\Result could not be converted to string
#0 /var/www/hosttest.com/system/View/View.php(246): include()
#1 /var/www/hosttest.com/system/Common.php(1119): CodeIgniter\View\View->render()
#2 /var/www/hosttest.com/app/Controllers/Booths.php(33): view()
#3 /var/www/hosttest.com/system/CodeIgniter.php(926): App\Controllers\Booths->gallery()
#4 /var/www/hosttest.com/system/CodeIgniter.php(412): CodeIgniter\CodeIgniter->runController()
#5 /var/www/hosttest.com/system/CodeIgniter.php(320): CodeIgniter\CodeIgniter->handleRequest()
#6 /var/www/hosttest.com/public/index.php(45): CodeIgniter\CodeIgniter->run()
#7 /var/www/hosttest.com/system/Commands/Server/rewrite.php(34): require_once('/var/www/hostte...')
#8 {main}
CRITICAL - 2020-09-23 02:31:04 --> Call to undefined method App\Models\BoothModel::getRow
#0 /var/www/hosttest.com/app/Controllers/Booths.php(149): CodeIgniter\Model->__call()
#1 /var/www/hosttest.com/app/Views/booths/gallery.php(156): App\Controllers\Booths->boothVideo()
#2 /var/www/hosttest.com/system/View/View.php(246): include('/var/www/hostte...')
#3 /var/www/hosttest.com/system/Common.php(1119): CodeIgniter\View\View->render()
#4 /var/www/hosttest.com/app/Controllers/Booths.php(33): view()
#5 /var/www/hosttest.com/system/CodeIgniter.php(926): App\Controllers\Booths->gallery()
#6 /var/www/hosttest.com/system/CodeIgniter.php(412): CodeIgniter\CodeIgniter->runController()
#7 /var/www/hosttest.com/system/CodeIgniter.php(320): CodeIgniter\CodeIgniter->handleRequest()
#8 /var/www/hosttest.com/public/index.php(45): CodeIgniter\CodeIgniter->run()
#9 /var/www/hosttest.com/system/Commands/Server/rewrite.php(34): require_once('/var/www/hostte...')
#10 {main}
CRITICAL - 2020-09-23 02:32:16 --> Undefined property: mysqli::$booth_video
#0 /var/www/hosttest.com/app/Controllers/Booths.php(151): CodeIgniter\Debug\Exceptions->errorHandler()
#1 /var/www/hosttest.com/app/Views/booths/gallery.php(156): App\Controllers\Booths->boothVideo()
#2 /var/www/hosttest.com/system/View/View.php(246): include('/var/www/hostte...')
#3 /var/www/hosttest.com/system/Common.php(1119): CodeIgniter\View\View->render()
#4 /var/www/hosttest.com/app/Controllers/Booths.php(33): view()
#5 /var/www/hosttest.com/system/CodeIgniter.php(926): App\Controllers\Booths->gallery()
#6 /var/www/hosttest.com/system/CodeIgniter.php(412): CodeIgniter\CodeIgniter->runController()
#7 /var/www/hosttest.com/system/CodeIgniter.php(320): CodeIgniter\CodeIgniter->handleRequest()
#8 /var/www/hosttest.com/public/index.php(45): CodeIgniter\CodeIgniter->run()
#9 /var/www/hosttest.com/system/Commands/Server/rewrite.php(34): require_once('/var/www/hostte...')
#10 {main}
CRITICAL - 2020-09-23 02:32:46 --> Object of class mysqli could not be converted to string
#0 /var/www/hosttest.com/system/View/View.php(246): include()
#1 /var/www/hosttest.com/system/Common.php(1119): CodeIgniter\View\View->render()
#2 /var/www/hosttest.com/app/Controllers/Booths.php(33): view()
#3 /var/www/hosttest.com/system/CodeIgniter.php(926): App\Controllers\Booths->gallery()
#4 /var/www/hosttest.com/system/CodeIgniter.php(412): CodeIgniter\CodeIgniter->runController()
#5 /var/www/hosttest.com/system/CodeIgniter.php(320): CodeIgniter\CodeIgniter->handleRequest()
#6 /var/www/hosttest.com/public/index.php(45): CodeIgniter\CodeIgniter->run()
#7 /var/www/hosttest.com/system/Commands/Server/rewrite.php(34): require_once('/var/www/hostte...')
#8 {main}
CRITICAL - 2020-09-23 02:32:50 --> Object of class mysqli could not be converted to string
#0 /var/www/hosttest.com/system/View/View.php(246): include()
#1 /var/www/hosttest.com/system/Common.php(1119): CodeIgniter\View\View->render()
#2 /var/www/hosttest.com/app/Controllers/Booths.php(33): view()
#3 /var/www/hosttest.com/system/CodeIgniter.php(926): App\Controllers\Booths->gallery()
#4 /var/www/hosttest.com/system/CodeIgniter.php(412): CodeIgniter\CodeIgniter->runController()
#5 /var/www/hosttest.com/system/CodeIgniter.php(320): CodeIgniter\CodeIgniter->handleRequest()
#6 /var/www/hosttest.com/public/index.php(45): CodeIgniter\CodeIgniter->run()
#7 /var/www/hosttest.com/system/Commands/Server/rewrite.php(34): require_once('/var/www/hostte...')
#8 {main}
CRITICAL - 2020-09-23 02:40:15 --> Argument 1 passed to CodeIgniter\Model::__construct() must be an instance of CodeIgniter\Database\ConnectionInterface or null, string given, called in /var/www/hosttest.com/app/Controllers/Booths.php on line 147
#0 /var/www/hosttest.com/app/Controllers/Booths.php(147): CodeIgniter\Model->__construct()
#1 /var/www/hosttest.com/app/Views/booths/gallery.php(156): App\Controllers\Booths->boothVideo()
#2 /var/www/hosttest.com/system/View/View.php(246): include('/var/www/hostte...')
#3 /var/www/hosttest.com/system/Common.php(1119): CodeIgniter\View\View->render()
#4 /var/www/hosttest.com/app/Controllers/Booths.php(33): view()
#5 /var/www/hosttest.com/system/CodeIgniter.php(926): App\Controllers\Booths->gallery()
#6 /var/www/hosttest.com/system/CodeIgniter.php(412): CodeIgniter\CodeIgniter->runController()
#7 /var/www/hosttest.com/system/CodeIgniter.php(320): CodeIgniter\CodeIgniter->handleRequest()
#8 /var/www/hosttest.com/public/index.php(45): CodeIgniter\CodeIgniter->run()
#9 /var/www/hosttest.com/system/Commands/Server/rewrite.php(34): require_once('/var/www/hostte...')
#10 {main}
CRITICAL - 2020-09-23 02:40:30 --> Argument 1 passed to CodeIgniter\Model::__construct() must be an instance of CodeIgniter\Database\ConnectionInterface or null, string given, called in /var/www/hosttest.com/app/Controllers/Booths.php on line 147
#0 /var/www/hosttest.com/app/Controllers/Booths.php(147): CodeIgniter\Model->__construct()
#1 /var/www/hosttest.com/app/Views/booths/gallery.php(156): App\Controllers\Booths->boothVideo()
#2 /var/www/hosttest.com/system/View/View.php(246): include('/var/www/hostte...')
#3 /var/www/hosttest.com/system/Common.php(1119): CodeIgniter\View\View->render()
#4 /var/www/hosttest.com/app/Controllers/Booths.php(33): view()
#5 /var/www/hosttest.com/system/CodeIgniter.php(926): App\Controllers\Booths->gallery()
#6 /var/www/hosttest.com/system/CodeIgniter.php(412): CodeIgniter\CodeIgniter->runController()
#7 /var/www/hosttest.com/system/CodeIgniter.php(320): CodeIgniter\CodeIgniter->handleRequest()
#8 /var/www/hosttest.com/public/index.php(45): CodeIgniter\CodeIgniter->run()
#9 /var/www/hosttest.com/system/Commands/Server/rewrite.php(34): require_once('/var/www/hostte...')
#10 {main}
CRITICAL - 2020-09-23 02:49:05 --> Trying to access array offset on value of type null
#0 /var/www/hosttest.com/app/Controllers/Booths.php(150): CodeIgniter\Debug\Exceptions->errorHandler()
#1 /var/www/hosttest.com/app/Views/booths/gallery.php(156): App\Controllers\Booths->boothVideo()
#2 /var/www/hosttest.com/system/View/View.php(246): include('/var/www/hostte...')
#3 /var/www/hosttest.com/system/Common.php(1119): CodeIgniter\View\View->render()
#4 /var/www/hosttest.com/app/Controllers/Booths.php(33): view()
#5 /var/www/hosttest.com/system/CodeIgniter.php(926): App\Controllers\Booths->gallery()
#6 /var/www/hosttest.com/system/CodeIgniter.php(412): CodeIgniter\CodeIgniter->runController()
#7 /var/www/hosttest.com/system/CodeIgniter.php(320): CodeIgniter\CodeIgniter->handleRequest()
#8 /var/www/hosttest.com/public/index.php(45): CodeIgniter\CodeIgniter->run()
#9 /var/www/hosttest.com/system/Commands/Server/rewrite.php(34): require_once('/var/www/hostte...')
#10 {main}
CRITICAL - 2020-09-23 02:49:39 --> Trying to access array offset on value of type null
#0 /var/www/hosttest.com/app/Controllers/Booths.php(150): CodeIgniter\Debug\Exceptions->errorHandler()
#1 /var/www/hosttest.com/app/Views/booths/gallery.php(156): App\Controllers\Booths->boothVideo()
#2 /var/www/hosttest.com/system/View/View.php(246): include('/var/www/hostte...')
#3 /var/www/hosttest.com/system/Common.php(1119): CodeIgniter\View\View->render()
#4 /var/www/hosttest.com/app/Controllers/Booths.php(33): view()
#5 /var/www/hosttest.com/system/CodeIgniter.php(926): App\Controllers\Booths->gallery()
#6 /var/www/hosttest.com/system/CodeIgniter.php(412): CodeIgniter\CodeIgniter->runController()
#7 /var/www/hosttest.com/system/CodeIgniter.php(320): CodeIgniter\CodeIgniter->handleRequest()
#8 /var/www/hosttest.com/public/index.php(45): CodeIgniter\CodeIgniter->run()
#9 /var/www/hosttest.com/system/Commands/Server/rewrite.php(34): require_once('/var/www/hostte...')
#10 {main}
CRITICAL - 2020-09-23 02:50:05 --> Trying to get property 'booth_video' of non-object
#0 /var/www/hosttest.com/app/Controllers/Booths.php(150): CodeIgniter\Debug\Exceptions->errorHandler()
#1 /var/www/hosttest.com/app/Views/booths/gallery.php(156): App\Controllers\Booths->boothVideo()
#2 /var/www/hosttest.com/system/View/View.php(246): include('/var/www/hostte...')
#3 /var/www/hosttest.com/system/Common.php(1119): CodeIgniter\View\View->render()
#4 /var/www/hosttest.com/app/Controllers/Booths.php(33): view()
#5 /var/www/hosttest.com/system/CodeIgniter.php(926): App\Controllers\Booths->gallery()
#6 /var/www/hosttest.com/system/CodeIgniter.php(412): CodeIgniter\CodeIgniter->runController()
#7 /var/www/hosttest.com/system/CodeIgniter.php(320): CodeIgniter\CodeIgniter->handleRequest()
#8 /var/www/hosttest.com/public/index.php(45): CodeIgniter\CodeIgniter->run()
#9 /var/www/hosttest.com/system/Commands/Server/rewrite.php(34): require_once('/var/www/hostte...')
#10 {main}
CRITICAL - 2020-09-23 02:50:19 --> Trying to get property 'booth_video' of non-object
#0 /var/www/hosttest.com/app/Controllers/Booths.php(150): CodeIgniter\Debug\Exceptions->errorHandler()
#1 /var/www/hosttest.com/app/Views/booths/gallery.php(156): App\Controllers\Booths->boothVideo()
#2 /var/www/hosttest.com/system/View/View.php(246): include('/var/www/hostte...')
#3 /var/www/hosttest.com/system/Common.php(1119): CodeIgniter\View\View->render()
#4 /var/www/hosttest.com/app/Controllers/Booths.php(33): view()
#5 /var/www/hosttest.com/system/CodeIgniter.php(926): App\Controllers\Booths->gallery()
#6 /var/www/hosttest.com/system/CodeIgniter.php(412): CodeIgniter\CodeIgniter->runController()
#7 /var/www/hosttest.com/system/CodeIgniter.php(320): CodeIgniter\CodeIgniter->handleRequest()
#8 /var/www/hosttest.com/public/index.php(45): CodeIgniter\CodeIgniter->run()
#9 /var/www/hosttest.com/system/Commands/Server/rewrite.php(34): require_once('/var/www/hostte...')
#10 {main}
CRITICAL - 2020-09-23 02:50:37 --> Trying to get property 'booth_video' of non-object
#0 /var/www/hosttest.com/app/Controllers/Booths.php(150): CodeIgniter\Debug\Exceptions->errorHandler()
#1 /var/www/hosttest.com/app/Views/booths/gallery.php(156): App\Controllers\Booths->boothVideo()
#2 /var/www/hosttest.com/system/View/View.php(246): include('/var/www/hostte...')
#3 /var/www/hosttest.com/system/Common.php(1119): CodeIgniter\View\View->render()
#4 /var/www/hosttest.com/app/Controllers/Booths.php(33): view()
#5 /var/www/hosttest.com/system/CodeIgniter.php(926): App\Controllers\Booths->gallery()
#6 /var/www/hosttest.com/system/CodeIgniter.php(412): CodeIgniter\CodeIgniter->runController()
#7 /var/www/hosttest.com/system/CodeIgniter.php(320): CodeIgniter\CodeIgniter->handleRequest()
#8 /var/www/hosttest.com/public/index.php(45): CodeIgniter\CodeIgniter->run()
#9 /var/www/hosttest.com/system/Commands/Server/rewrite.php(34): require_once('/var/www/hostte...')
#10 {main}
CRITICAL - 2020-09-23 02:50:53 --> Trying to access array offset on value of type null
#0 /var/www/hosttest.com/app/Controllers/Booths.php(150): CodeIgniter\Debug\Exceptions->errorHandler()
#1 /var/www/hosttest.com/app/Views/booths/gallery.php(156): App\Controllers\Booths->boothVideo()
#2 /var/www/hosttest.com/system/View/View.php(246): include('/var/www/hostte...')
#3 /var/www/hosttest.com/system/Common.php(1119): CodeIgniter\View\View->render()
#4 /var/www/hosttest.com/app/Controllers/Booths.php(33): view()
#5 /var/www/hosttest.com/system/CodeIgniter.php(926): App\Controllers\Booths->gallery()
#6 /var/www/hosttest.com/system/CodeIgniter.php(412): CodeIgniter\CodeIgniter->runController()
#7 /var/www/hosttest.com/system/CodeIgniter.php(320): CodeIgniter\CodeIgniter->handleRequest()
#8 /var/www/hosttest.com/public/index.php(45): CodeIgniter\CodeIgniter->run()
#9 /var/www/hosttest.com/system/Commands/Server/rewrite.php(34): require_once('/var/www/hostte...')
#10 {main}
CRITICAL - 2020-09-23 02:51:16 --> Trying to access array offset on value of type null
#0 /var/www/hosttest.com/app/Controllers/Booths.php(150): CodeIgniter\Debug\Exceptions->errorHandler()
#1 /var/www/hosttest.com/app/Views/booths/gallery.php(156): App\Controllers\Booths->boothVideo()
#2 /var/www/hosttest.com/system/View/View.php(246): include('/var/www/hostte...')
#3 /var/www/hosttest.com/system/Common.php(1119): CodeIgniter\View\View->render()
#4 /var/www/hosttest.com/app/Controllers/Booths.php(33): view()
#5 /var/www/hosttest.com/system/CodeIgniter.php(926): App\Controllers\Booths->gallery()
#6 /var/www/hosttest.com/system/CodeIgniter.php(412): CodeIgniter\CodeIgniter->runController()
#7 /var/www/hosttest.com/system/CodeIgniter.php(320): CodeIgniter\CodeIgniter->handleRequest()
#8 /var/www/hosttest.com/public/index.php(45): CodeIgniter\CodeIgniter->run()
#9 /var/www/hosttest.com/system/Commands/Server/rewrite.php(34): require_once('/var/www/hostte...')
#10 {main}
CRITICAL - 2020-09-23 02:52:20 --> Invalid argument supplied for foreach()
#0 /var/www/hosttest.com/app/Controllers/Booths.php(149): CodeIgniter\Debug\Exceptions->errorHandler()
#1 /var/www/hosttest.com/app/Views/booths/gallery.php(156): App\Controllers\Booths->boothVideo()
#2 /var/www/hosttest.com/system/View/View.php(246): include('/var/www/hostte...')
#3 /var/www/hosttest.com/system/Common.php(1119): CodeIgniter\View\View->render()
#4 /var/www/hosttest.com/app/Controllers/Booths.php(33): view()
#5 /var/www/hosttest.com/system/CodeIgniter.php(926): App\Controllers\Booths->gallery()
#6 /var/www/hosttest.com/system/CodeIgniter.php(412): CodeIgniter\CodeIgniter->runController()
#7 /var/www/hosttest.com/system/CodeIgniter.php(320): CodeIgniter\CodeIgniter->handleRequest()
#8 /var/www/hosttest.com/public/index.php(45): CodeIgniter\CodeIgniter->run()
#9 /var/www/hosttest.com/system/Commands/Server/rewrite.php(34): require_once('/var/www/hostte...')
#10 {main}
CRITICAL - 2020-09-23 02:53:01 --> Illegal string offset 'booth_video'
#0 /var/www/hosttest.com/app/Controllers/Booths.php(150): CodeIgniter\Debug\Exceptions->errorHandler()
#1 /var/www/hosttest.com/app/Views/booths/gallery.php(156): App\Controllers\Booths->boothVideo()
#2 /var/www/hosttest.com/system/View/View.php(246): include('/var/www/hostte...')
#3 /var/www/hosttest.com/system/Common.php(1119): CodeIgniter\View\View->render()
#4 /var/www/hosttest.com/app/Controllers/Booths.php(33): view()
#5 /var/www/hosttest.com/system/CodeIgniter.php(926): App\Controllers\Booths->gallery()
#6 /var/www/hosttest.com/system/CodeIgniter.php(412): CodeIgniter\CodeIgniter->runController()
#7 /var/www/hosttest.com/system/CodeIgniter.php(320): CodeIgniter\CodeIgniter->handleRequest()
#8 /var/www/hosttest.com/public/index.php(45): CodeIgniter\CodeIgniter->run()
#9 /var/www/hosttest.com/system/Commands/Server/rewrite.php(34): require_once('/var/www/hostte...')
#10 {main}
CRITICAL - 2020-09-23 02:54:40 --> Illegal string offset 'booth_id'
#0 /var/www/hosttest.com/app/Controllers/Booths.php(152): CodeIgniter\Debug\Exceptions->errorHandler()
#1 /var/www/hosttest.com/app/Views/booths/gallery.php(156): App\Controllers\Booths->boothVideo()
#2 /var/www/hosttest.com/system/View/View.php(246): include('/var/www/hostte...')
#3 /var/www/hosttest.com/system/Common.php(1119): CodeIgniter\View\View->render()
#4 /var/www/hosttest.com/app/Controllers/Booths.php(33): view()
#5 /var/www/hosttest.com/system/CodeIgniter.php(926): App\Controllers\Booths->gallery()
#6 /var/www/hosttest.com/system/CodeIgniter.php(412): CodeIgniter\CodeIgniter->runController()
#7 /var/www/hosttest.com/system/CodeIgniter.php(320): CodeIgniter\CodeIgniter->handleRequest()
#8 /var/www/hosttest.com/public/index.php(45): CodeIgniter\CodeIgniter->run()
#9 /var/www/hosttest.com/system/Commands/Server/rewrite.php(34): require_once('/var/www/hostte...')
#10 {main}
CRITICAL - 2020-09-23 02:54:55 --> Illegal string offset 'booth_video'
#0 /var/www/hosttest.com/app/Controllers/Booths.php(152): CodeIgniter\Debug\Exceptions->errorHandler()
#1 /var/www/hosttest.com/app/Views/booths/gallery.php(156): App\Controllers\Booths->boothVideo()
#2 /var/www/hosttest.com/system/View/View.php(246): include('/var/www/hostte...')
#3 /var/www/hosttest.com/system/Common.php(1119): CodeIgniter\View\View->render()
#4 /var/www/hosttest.com/app/Controllers/Booths.php(33): view()
#5 /var/www/hosttest.com/system/CodeIgniter.php(926): App\Controllers\Booths->gallery()
#6 /var/www/hosttest.com/system/CodeIgniter.php(412): CodeIgniter\CodeIgniter->runController()
#7 /var/www/hosttest.com/system/CodeIgniter.php(320): CodeIgniter\CodeIgniter->handleRequest()
#8 /var/www/hosttest.com/public/index.php(45): CodeIgniter\CodeIgniter->run()
#9 /var/www/hosttest.com/system/Commands/Server/rewrite.php(34): require_once('/var/www/hostte...')
#10 {main}
CRITICAL - 2020-09-23 02:54:56 --> Illegal string offset 'booth_video'
#0 /var/www/hosttest.com/app/Controllers/Booths.php(152): CodeIgniter\Debug\Exceptions->errorHandler()
#1 /var/www/hosttest.com/app/Views/booths/gallery.php(156): App\Controllers\Booths->boothVideo()
#2 /var/www/hosttest.com/system/View/View.php(246): include('/var/www/hostte...')
#3 /var/www/hosttest.com/system/Common.php(1119): CodeIgniter\View\View->render()
#4 /var/www/hosttest.com/app/Controllers/Booths.php(33): view()
#5 /var/www/hosttest.com/system/CodeIgniter.php(926): App\Controllers\Booths->gallery()
#6 /var/www/hosttest.com/system/CodeIgniter.php(412): CodeIgniter\CodeIgniter->runController()
#7 /var/www/hosttest.com/system/CodeIgniter.php(320): CodeIgniter\CodeIgniter->handleRequest()
#8 /var/www/hosttest.com/public/index.php(45): CodeIgniter\CodeIgniter->run()
#9 /var/www/hosttest.com/system/Commands/Server/rewrite.php(34): require_once('/var/www/hostte...')
#10 {main}
CRITICAL - 2020-09-23 02:55:09 --> Invalid argument supplied for foreach()
#0 /var/www/hosttest.com/app/Controllers/Booths.php(150): CodeIgniter\Debug\Exceptions->errorHandler()
#1 /var/www/hosttest.com/app/Views/booths/gallery.php(156): App\Controllers\Booths->boothVideo()
#2 /var/www/hosttest.com/system/View/View.php(246): include('/var/www/hostte...')
#3 /var/www/hosttest.com/system/Common.php(1119): CodeIgniter\View\View->render()
#4 /var/www/hosttest.com/app/Controllers/Booths.php(33): view()
#5 /var/www/hosttest.com/system/CodeIgniter.php(926): App\Controllers\Booths->gallery()
#6 /var/www/hosttest.com/system/CodeIgniter.php(412): CodeIgniter\CodeIgniter->runController()
#7 /var/www/hosttest.com/system/CodeIgniter.php(320): CodeIgniter\CodeIgniter->handleRequest()
#8 /var/www/hosttest.com/public/index.php(45): CodeIgniter\CodeIgniter->run()
#9 /var/www/hosttest.com/system/Commands/Server/rewrite.php(34): require_once('/var/www/hostte...')
#10 {main}
CRITICAL - 2020-09-23 02:57:58 --> Array to string conversion
#0 /var/www/hosttest.com/app/Views/booths/gallery.php(159): CodeIgniter\Debug\Exceptions->errorHandler()
#1 /var/www/hosttest.com/system/View/View.php(246): include('/var/www/hostte...')
#2 /var/www/hosttest.com/system/Common.php(1119): CodeIgniter\View\View->render()
#3 /var/www/hosttest.com/app/Controllers/Booths.php(33): view()
#4 /var/www/hosttest.com/system/CodeIgniter.php(926): App\Controllers\Booths->gallery()
#5 /var/www/hosttest.com/system/CodeIgniter.php(412): CodeIgniter\CodeIgniter->runController()
#6 /var/www/hosttest.com/system/CodeIgniter.php(320): CodeIgniter\CodeIgniter->handleRequest()
#7 /var/www/hosttest.com/public/index.php(45): CodeIgniter\CodeIgniter->run()
#8 /var/www/hosttest.com/system/Commands/Server/rewrite.php(34): require_once('/var/www/hostte...')
#9 {main}
CRITICAL - 2020-09-23 03:00:58 --> Trying to access array offset on value of type null
#0 /var/www/hosttest.com/app/Controllers/Booths.php(149): CodeIgniter\Debug\Exceptions->errorHandler()
#1 /var/www/hosttest.com/app/Views/booths/gallery.php(156): App\Controllers\Booths->boothVideo()
#2 /var/www/hosttest.com/system/View/View.php(246): include('/var/www/hostte...')
#3 /var/www/hosttest.com/system/Common.php(1119): CodeIgniter\View\View->render()
#4 /var/www/hosttest.com/app/Controllers/Booths.php(33): view()
#5 /var/www/hosttest.com/system/CodeIgniter.php(926): App\Controllers\Booths->gallery()
#6 /var/www/hosttest.com/system/CodeIgniter.php(412): CodeIgniter\CodeIgniter->runController()
#7 /var/www/hosttest.com/system/CodeIgniter.php(320): CodeIgniter\CodeIgniter->handleRequest()
#8 /var/www/hosttest.com/public/index.php(45): CodeIgniter\CodeIgniter->run()
#9 /var/www/hosttest.com/system/Commands/Server/rewrite.php(34): require_once('/var/www/hostte...')
#10 {main}
CRITICAL - 2020-09-23 03:01:14 --> Trying to access array offset on value of type null
#0 /var/www/hosttest.com/app/Controllers/Booths.php(149): CodeIgniter\Debug\Exceptions->errorHandler()
#1 /var/www/hosttest.com/app/Views/booths/gallery.php(156): App\Controllers\Booths->boothVideo()
#2 /var/www/hosttest.com/system/View/View.php(246): include('/var/www/hostte...')
#3 /var/www/hosttest.com/system/Common.php(1119): CodeIgniter\View\View->render()
#4 /var/www/hosttest.com/app/Controllers/Booths.php(33): view()
#5 /var/www/hosttest.com/system/CodeIgniter.php(926): App\Controllers\Booths->gallery()
#6 /var/www/hosttest.com/system/CodeIgniter.php(412): CodeIgniter\CodeIgniter->runController()
#7 /var/www/hosttest.com/system/CodeIgniter.php(320): CodeIgniter\CodeIgniter->handleRequest()
#8 /var/www/hosttest.com/public/index.php(45): CodeIgniter\CodeIgniter->run()
#9 /var/www/hosttest.com/system/Commands/Server/rewrite.php(34): require_once('/var/www/hostte...')
#10 {main}
CRITICAL - 2020-09-23 03:03:47 --> Trying to access array offset on value of type null
#0 /var/www/hosttest.com/app/Controllers/Booths.php(149): CodeIgniter\Debug\Exceptions->errorHandler()
#1 /var/www/hosttest.com/app/Views/booths/gallery.php(156): App\Controllers\Booths->boothVideo()
#2 /var/www/hosttest.com/system/View/View.php(246): include('/var/www/hostte...')
#3 /var/www/hosttest.com/system/Common.php(1119): CodeIgniter\View\View->render()
#4 /var/www/hosttest.com/app/Controllers/Booths.php(33): view()
#5 /var/www/hosttest.com/system/CodeIgniter.php(926): App\Controllers\Booths->gallery()
#6 /var/www/hosttest.com/system/CodeIgniter.php(412): CodeIgniter\CodeIgniter->runController()
#7 /var/www/hosttest.com/system/CodeIgniter.php(320): CodeIgniter\CodeIgniter->handleRequest()
#8 /var/www/hosttest.com/public/index.php(45): CodeIgniter\CodeIgniter->run()
#9 /var/www/hosttest.com/system/Commands/Server/rewrite.php(34): require_once('/var/www/hostte...')
#10 {main}
CRITICAL - 2020-09-23 03:04:11 --> Trying to access array offset on value of type null
#0 /var/www/hosttest.com/app/Controllers/Booths.php(149): CodeIgniter\Debug\Exceptions->errorHandler()
#1 /var/www/hosttest.com/app/Views/booths/gallery.php(156): App\Controllers\Booths->boothVideo()
#2 /var/www/hosttest.com/system/View/View.php(246): include('/var/www/hostte...')
#3 /var/www/hosttest.com/system/Common.php(1119): CodeIgniter\View\View->render()
#4 /var/www/hosttest.com/app/Controllers/Booths.php(33): view()
#5 /var/www/hosttest.com/system/CodeIgniter.php(926): App\Controllers\Booths->gallery()
#6 /var/www/hosttest.com/system/CodeIgniter.php(412): CodeIgniter\CodeIgniter->runController()
#7 /var/www/hosttest.com/system/CodeIgniter.php(320): CodeIgniter\CodeIgniter->handleRequest()
#8 /var/www/hosttest.com/public/index.php(45): CodeIgniter\CodeIgniter->run()
#9 /var/www/hosttest.com/system/Commands/Server/rewrite.php(34): require_once('/var/www/hostte...')
#10 {main}
CRITICAL - 2020-09-23 03:05:16 --> Trying to access array offset on value of type null
#0 /var/www/hosttest.com/app/Controllers/Booths.php(151): CodeIgniter\Debug\Exceptions->errorHandler()
#1 /var/www/hosttest.com/app/Views/booths/gallery.php(156): App\Controllers\Booths->boothVideo()
#2 /var/www/hosttest.com/system/View/View.php(246): include('/var/www/hostte...')
#3 /var/www/hosttest.com/system/Common.php(1119): CodeIgniter\View\View->render()
#4 /var/www/hosttest.com/app/Controllers/Booths.php(33): view()
#5 /var/www/hosttest.com/system/CodeIgniter.php(926): App\Controllers\Booths->gallery()
#6 /var/www/hosttest.com/system/CodeIgniter.php(412): CodeIgniter\CodeIgniter->runController()
#7 /var/www/hosttest.com/system/CodeIgniter.php(320): CodeIgniter\CodeIgniter->handleRequest()
#8 /var/www/hosttest.com/public/index.php(45): CodeIgniter\CodeIgniter->run()
#9 /var/www/hosttest.com/system/Commands/Server/rewrite.php(34): require_once('/var/www/hostte...')
#10 {main}
CRITICAL - 2020-09-23 03:07:56 --> Cannot use object of type App\Models\BoothModel as array
#0 /var/www/hosttest.com/app/Views/booths/gallery.php(156): App\Controllers\Booths->boothVideo()
#1 /var/www/hosttest.com/system/View/View.php(246): include('/var/www/hostte...')
#2 /var/www/hosttest.com/system/Common.php(1119): CodeIgniter\View\View->render()
#3 /var/www/hosttest.com/app/Controllers/Booths.php(33): view()
#4 /var/www/hosttest.com/system/CodeIgniter.php(926): App\Controllers\Booths->gallery()
#5 /var/www/hosttest.com/system/CodeIgniter.php(412): CodeIgniter\CodeIgniter->runController()
#6 /var/www/hosttest.com/system/CodeIgniter.php(320): CodeIgniter\CodeIgniter->handleRequest()
#7 /var/www/hosttest.com/public/index.php(45): CodeIgniter\CodeIgniter->run()
#8 /var/www/hosttest.com/system/Commands/Server/rewrite.php(34): require_once('/var/www/hostte...')
#9 {main}
CRITICAL - 2020-09-23 03:08:32 --> Cannot use object of type App\Models\BoothModel as array
#0 /var/www/hosttest.com/app/Views/booths/gallery.php(156): App\Controllers\Booths->boothVideo()
#1 /var/www/hosttest.com/system/View/View.php(246): include('/var/www/hostte...')
#2 /var/www/hosttest.com/system/Common.php(1119): CodeIgniter\View\View->render()
#3 /var/www/hosttest.com/app/Controllers/Booths.php(33): view()
#4 /var/www/hosttest.com/system/CodeIgniter.php(926): App\Controllers\Booths->gallery()
#5 /var/www/hosttest.com/system/CodeIgniter.php(412): CodeIgniter\CodeIgniter->runController()
#6 /var/www/hosttest.com/system/CodeIgniter.php(320): CodeIgniter\CodeIgniter->handleRequest()
#7 /var/www/hosttest.com/public/index.php(45): CodeIgniter\CodeIgniter->run()
#8 /var/www/hosttest.com/system/Commands/Server/rewrite.php(34): require_once('/var/www/hostte...')
#9 {main}
CRITICAL - 2020-09-23 03:10:43 --> Undefined variable: value
#0 /var/www/hosttest.com/app/Controllers/Booths.php(143): CodeIgniter\Debug\Exceptions->errorHandler()
#1 /var/www/hosttest.com/app/Views/booths/gallery.php(156): App\Controllers\Booths->boothVideo()
#2 /var/www/hosttest.com/system/View/View.php(246): include('/var/www/hostte...')
#3 /var/www/hosttest.com/system/Common.php(1119): CodeIgniter\View\View->render()
#4 /var/www/hosttest.com/app/Controllers/Booths.php(33): view()
#5 /var/www/hosttest.com/system/CodeIgniter.php(926): App\Controllers\Booths->gallery()
#6 /var/www/hosttest.com/system/CodeIgniter.php(412): CodeIgniter\CodeIgniter->runController()
#7 /var/www/hosttest.com/system/CodeIgniter.php(320): CodeIgniter\CodeIgniter->handleRequest()
#8 /var/www/hosttest.com/public/index.php(45): CodeIgniter\CodeIgniter->run()
#9 /var/www/hosttest.com/system/Commands/Server/rewrite.php(34): require_once('/var/www/hostte...')
#10 {main}
CRITICAL - 2020-09-23 03:10:56 --> Undefined variable: value
#0 /var/www/hosttest.com/app/Controllers/Booths.php(143): CodeIgniter\Debug\Exceptions->errorHandler()
#1 /var/www/hosttest.com/app/Views/booths/gallery.php(156): App\Controllers\Booths->boothVideo()
#2 /var/www/hosttest.com/system/View/View.php(246): include('/var/www/hostte...')
#3 /var/www/hosttest.com/system/Common.php(1119): CodeIgniter\View\View->render()
#4 /var/www/hosttest.com/app/Controllers/Booths.php(33): view()
#5 /var/www/hosttest.com/system/CodeIgniter.php(926): App\Controllers\Booths->gallery()
#6 /var/www/hosttest.com/system/CodeIgniter.php(412): CodeIgniter\CodeIgniter->runController()
#7 /var/www/hosttest.com/system/CodeIgniter.php(320): CodeIgniter\CodeIgniter->handleRequest()
#8 /var/www/hosttest.com/public/index.php(45): CodeIgniter\CodeIgniter->run()
#9 /var/www/hosttest.com/system/Commands/Server/rewrite.php(34): require_once('/var/www/hostte...')
#10 {main}
CRITICAL - 2020-09-23 03:14:00 --> Undefined variable: value
#0 /var/www/hosttest.com/app/Controllers/Booths.php(143): CodeIgniter\Debug\Exceptions->errorHandler()
#1 /var/www/hosttest.com/app/Views/booths/gallery.php(156): App\Controllers\Booths->boothVideo()
#2 /var/www/hosttest.com/system/View/View.php(246): include('/var/www/hostte...')
#3 /var/www/hosttest.com/system/Common.php(1119): CodeIgniter\View\View->render()
#4 /var/www/hosttest.com/app/Controllers/Booths.php(33): view()
#5 /var/www/hosttest.com/system/CodeIgniter.php(926): App\Controllers\Booths->gallery()
#6 /var/www/hosttest.com/system/CodeIgniter.php(412): CodeIgniter\CodeIgniter->runController()
#7 /var/www/hosttest.com/system/CodeIgniter.php(320): CodeIgniter\CodeIgniter->handleRequest()
#8 /var/www/hosttest.com/public/index.php(45): CodeIgniter\CodeIgniter->run()
#9 /var/www/hosttest.com/system/Commands/Server/rewrite.php(34): require_once('/var/www/hostte...')
#10 {main}
CRITICAL - 2020-09-23 03:14:47 --> Illegal offset type
#0 /var/www/hosttest.com/app/Controllers/Booths.php(144): CodeIgniter\Debug\Exceptions->errorHandler()
#1 /var/www/hosttest.com/app/Views/booths/gallery.php(156): App\Controllers\Booths->boothVideo()
#2 /var/www/hosttest.com/system/View/View.php(246): include('/var/www/hostte...')
#3 /var/www/hosttest.com/system/Common.php(1119): CodeIgniter\View\View->render()
#4 /var/www/hosttest.com/app/Controllers/Booths.php(33): view()
#5 /var/www/hosttest.com/system/CodeIgniter.php(926): App\Controllers\Booths->gallery()
#6 /var/www/hosttest.com/system/CodeIgniter.php(412): CodeIgniter\CodeIgniter->runController()
#7 /var/www/hosttest.com/system/CodeIgniter.php(320): CodeIgniter\CodeIgniter->handleRequest()
#8 /var/www/hosttest.com/public/index.php(45): CodeIgniter\CodeIgniter->run()
#9 /var/www/hosttest.com/system/Commands/Server/rewrite.php(34): require_once('/var/www/hostte...')
#10 {main}
CRITICAL - 2020-09-23 03:15:00 --> Illegal string offset 'booth_video'
#0 /var/www/hosttest.com/app/Controllers/Booths.php(144): CodeIgniter\Debug\Exceptions->errorHandler()
#1 /var/www/hosttest.com/app/Views/booths/gallery.php(156): App\Controllers\Booths->boothVideo()
#2 /var/www/hosttest.com/system/View/View.php(246): include('/var/www/hostte...')
#3 /var/www/hosttest.com/system/Common.php(1119): CodeIgniter\View\View->render()
#4 /var/www/hosttest.com/app/Controllers/Booths.php(33): view()
#5 /var/www/hosttest.com/system/CodeIgniter.php(926): App\Controllers\Booths->gallery()
#6 /var/www/hosttest.com/system/CodeIgniter.php(412): CodeIgniter\CodeIgniter->runController()
#7 /var/www/hosttest.com/system/CodeIgniter.php(320): CodeIgniter\CodeIgniter->handleRequest()
#8 /var/www/hosttest.com/public/index.php(45): CodeIgniter\CodeIgniter->run()
#9 /var/www/hosttest.com/system/Commands/Server/rewrite.php(34): require_once('/var/www/hostte...')
#10 {main}
CRITICAL - 2020-09-23 03:15:13 --> Illegal string offset 'booth_video'
#0 /var/www/hosttest.com/app/Controllers/Booths.php(144): CodeIgniter\Debug\Exceptions->errorHandler()
#1 /var/www/hosttest.com/app/Views/booths/gallery.php(156): App\Controllers\Booths->boothVideo()
#2 /var/www/hosttest.com/system/View/View.php(246): include('/var/www/hostte...')
#3 /var/www/hosttest.com/system/Common.php(1119): CodeIgniter\View\View->render()
#4 /var/www/hosttest.com/app/Controllers/Booths.php(33): view()
#5 /var/www/hosttest.com/system/CodeIgniter.php(926): App\Controllers\Booths->gallery()
#6 /var/www/hosttest.com/system/CodeIgniter.php(412): CodeIgniter\CodeIgniter->runController()
#7 /var/www/hosttest.com/system/CodeIgniter.php(320): CodeIgniter\CodeIgniter->handleRequest()
#8 /var/www/hosttest.com/public/index.php(45): CodeIgniter\CodeIgniter->run()
#9 /var/www/hosttest.com/system/Commands/Server/rewrite.php(34): require_once('/var/www/hostte...')
#10 {main}
CRITICAL - 2020-09-23 03:15:44 --> Illegal string offset 'booth_video'
#0 /var/www/hosttest.com/app/Controllers/Booths.php(144): CodeIgniter\Debug\Exceptions->errorHandler()
#1 /var/www/hosttest.com/app/Views/booths/gallery.php(156): App\Controllers\Booths->boothVideo()
#2 /var/www/hosttest.com/system/View/View.php(246): include('/var/www/hostte...')
#3 /var/www/hosttest.com/system/Common.php(1119): CodeIgniter\View\View->render()
#4 /var/www/hosttest.com/app/Controllers/Booths.php(33): view()
#5 /var/www/hosttest.com/system/CodeIgniter.php(926): App\Controllers\Booths->gallery()
#6 /var/www/hosttest.com/system/CodeIgniter.php(412): CodeIgniter\CodeIgniter->runController()
#7 /var/www/hosttest.com/system/CodeIgniter.php(320): CodeIgniter\CodeIgniter->handleRequest()
#8 /var/www/hosttest.com/public/index.php(45): CodeIgniter\CodeIgniter->run()
#9 /var/www/hosttest.com/system/Commands/Server/rewrite.php(34): require_once('/var/www/hostte...')
#10 {main}
CRITICAL - 2020-09-23 03:15:47 --> Illegal string offset 'booth_video'
#0 /var/www/hosttest.com/app/Controllers/Booths.php(144): CodeIgniter\Debug\Exceptions->errorHandler()
#1 /var/www/hosttest.com/app/Views/booths/gallery.php(156): App\Controllers\Booths->boothVideo()
#2 /var/www/hosttest.com/system/View/View.php(246): include('/var/www/hostte...')
#3 /var/www/hosttest.com/system/Common.php(1119): CodeIgniter\View\View->render()
#4 /var/www/hosttest.com/app/Controllers/Booths.php(33): view()
#5 /var/www/hosttest.com/system/CodeIgniter.php(926): App\Controllers\Booths->gallery()
#6 /var/www/hosttest.com/system/CodeIgniter.php(412): CodeIgniter\CodeIgniter->runController()
#7 /var/www/hosttest.com/system/CodeIgniter.php(320): CodeIgniter\CodeIgniter->handleRequest()
#8 /var/www/hosttest.com/public/index.php(45): CodeIgniter\CodeIgniter->run()
#9 /var/www/hosttest.com/system/Commands/Server/rewrite.php(34): require_once('/var/www/hostte...')
#10 {main}
CRITICAL - 2020-09-23 03:15:49 --> Illegal string offset 'booth_video'
#0 /var/www/hosttest.com/app/Controllers/Booths.php(144): CodeIgniter\Debug\Exceptions->errorHandler()
#1 /var/www/hosttest.com/app/Views/booths/gallery.php(156): App\Controllers\Booths->boothVideo()
#2 /var/www/hosttest.com/system/View/View.php(246): include('/var/www/hostte...')
#3 /var/www/hosttest.com/system/Common.php(1119): CodeIgniter\View\View->render()
#4 /var/www/hosttest.com/app/Controllers/Booths.php(33): view()
#5 /var/www/hosttest.com/system/CodeIgniter.php(926): App\Controllers\Booths->gallery()
#6 /var/www/hosttest.com/system/CodeIgniter.php(412): CodeIgniter\CodeIgniter->runController()
#7 /var/www/hosttest.com/system/CodeIgniter.php(320): CodeIgniter\CodeIgniter->handleRequest()
#8 /var/www/hosttest.com/public/index.php(45): CodeIgniter\CodeIgniter->run()
#9 /var/www/hosttest.com/system/Commands/Server/rewrite.php(34): require_once('/var/www/hostte...')
#10 {main}
CRITICAL - 2020-09-23 03:15:55 --> Trying to get property 'booth_video' of non-object
#0 /var/www/hosttest.com/app/Controllers/Booths.php(144): CodeIgniter\Debug\Exceptions->errorHandler()
#1 /var/www/hosttest.com/app/Views/booths/gallery.php(156): App\Controllers\Booths->boothVideo()
#2 /var/www/hosttest.com/system/View/View.php(246): include('/var/www/hostte...')
#3 /var/www/hosttest.com/system/Common.php(1119): CodeIgniter\View\View->render()
#4 /var/www/hosttest.com/app/Controllers/Booths.php(33): view()
#5 /var/www/hosttest.com/system/CodeIgniter.php(926): App\Controllers\Booths->gallery()
#6 /var/www/hosttest.com/system/CodeIgniter.php(412): CodeIgniter\CodeIgniter->runController()
#7 /var/www/hosttest.com/system/CodeIgniter.php(320): CodeIgniter\CodeIgniter->handleRequest()
#8 /var/www/hosttest.com/public/index.php(45): CodeIgniter\CodeIgniter->run()
#9 /var/www/hosttest.com/system/Commands/Server/rewrite.php(34): require_once('/var/www/hostte...')
#10 {main}
CRITICAL - 2020-09-23 03:17:16 --> Illegal string offset 'booth_video'
#0 /var/www/hosttest.com/app/Controllers/Booths.php(144): CodeIgniter\Debug\Exceptions->errorHandler()
#1 /var/www/hosttest.com/app/Views/booths/gallery.php(156): App\Controllers\Booths->boothVideo()
#2 /var/www/hosttest.com/system/View/View.php(246): include('/var/www/hostte...')
#3 /var/www/hosttest.com/system/Common.php(1119): CodeIgniter\View\View->render()
#4 /var/www/hosttest.com/app/Controllers/Booths.php(33): view()
#5 /var/www/hosttest.com/system/CodeIgniter.php(926): App\Controllers\Booths->gallery()
#6 /var/www/hosttest.com/system/CodeIgniter.php(412): CodeIgniter\CodeIgniter->runController()
#7 /var/www/hosttest.com/system/CodeIgniter.php(320): CodeIgniter\CodeIgniter->handleRequest()
#8 /var/www/hosttest.com/public/index.php(45): CodeIgniter\CodeIgniter->run()
#9 /var/www/hosttest.com/system/Commands/Server/rewrite.php(34): require_once('/var/www/hostte...')
#10 {main}
CRITICAL - 2020-09-23 03:18:21 --> Undefined variable: booth_video
#0 /var/www/hosttest.com/app/Controllers/Booths.php(144): CodeIgniter\Debug\Exceptions->errorHandler()
#1 /var/www/hosttest.com/app/Views/booths/gallery.php(156): App\Controllers\Booths->boothVideo()
#2 /var/www/hosttest.com/system/View/View.php(246): include('/var/www/hostte...')
#3 /var/www/hosttest.com/system/Common.php(1119): CodeIgniter\View\View->render()
#4 /var/www/hosttest.com/app/Controllers/Booths.php(33): view()
#5 /var/www/hosttest.com/system/CodeIgniter.php(926): App\Controllers\Booths->gallery()
#6 /var/www/hosttest.com/system/CodeIgniter.php(412): CodeIgniter\CodeIgniter->runController()
#7 /var/www/hosttest.com/system/CodeIgniter.php(320): CodeIgniter\CodeIgniter->handleRequest()
#8 /var/www/hosttest.com/public/index.php(45): CodeIgniter\CodeIgniter->run()
#9 /var/www/hosttest.com/system/Commands/Server/rewrite.php(34): require_once('/var/www/hostte...')
#10 {main}
CRITICAL - 2020-09-23 03:18:49 --> Illegal string offset 'booth_video'
#0 /var/www/hosttest.com/app/Controllers/Booths.php(144): CodeIgniter\Debug\Exceptions->errorHandler()
#1 /var/www/hosttest.com/app/Views/booths/gallery.php(156): App\Controllers\Booths->boothVideo()
#2 /var/www/hosttest.com/system/View/View.php(246): include('/var/www/hostte...')
#3 /var/www/hosttest.com/system/Common.php(1119): CodeIgniter\View\View->render()
#4 /var/www/hosttest.com/app/Controllers/Booths.php(33): view()
#5 /var/www/hosttest.com/system/CodeIgniter.php(926): App\Controllers\Booths->gallery()
#6 /var/www/hosttest.com/system/CodeIgniter.php(412): CodeIgniter\CodeIgniter->runController()
#7 /var/www/hosttest.com/system/CodeIgniter.php(320): CodeIgniter\CodeIgniter->handleRequest()
#8 /var/www/hosttest.com/public/index.php(45): CodeIgniter\CodeIgniter->run()
#9 /var/www/hosttest.com/system/Commands/Server/rewrite.php(34): require_once('/var/www/hostte...')
#10 {main}
CRITICAL - 2020-09-23 03:19:37 --> Invalid argument supplied for foreach()
#0 /var/www/hosttest.com/app/Controllers/Booths.php(143): CodeIgniter\Debug\Exceptions->errorHandler()
#1 /var/www/hosttest.com/app/Views/booths/gallery.php(156): App\Controllers\Booths->boothVideo()
#2 /var/www/hosttest.com/system/View/View.php(246): include('/var/www/hostte...')
#3 /var/www/hosttest.com/system/Common.php(1119): CodeIgniter\View\View->render()
#4 /var/www/hosttest.com/app/Controllers/Booths.php(33): view()
#5 /var/www/hosttest.com/system/CodeIgniter.php(926): App\Controllers\Booths->gallery()
#6 /var/www/hosttest.com/system/CodeIgniter.php(412): CodeIgniter\CodeIgniter->runController()
#7 /var/www/hosttest.com/system/CodeIgniter.php(320): CodeIgniter\CodeIgniter->handleRequest()
#8 /var/www/hosttest.com/public/index.php(45): CodeIgniter\CodeIgniter->run()
#9 /var/www/hosttest.com/system/Commands/Server/rewrite.php(34): require_once('/var/www/hostte...')
#10 {main}
CRITICAL - 2020-09-23 03:20:26 --> Trying to get property 'booth_video' of non-object
#0 /var/www/hosttest.com/app/Controllers/Booths.php(144): CodeIgniter\Debug\Exceptions->errorHandler()
#1 /var/www/hosttest.com/app/Views/booths/gallery.php(156): App\Controllers\Booths->boothVideo()
#2 /var/www/hosttest.com/system/View/View.php(246): include('/var/www/hostte...')
#3 /var/www/hosttest.com/system/Common.php(1119): CodeIgniter\View\View->render()
#4 /var/www/hosttest.com/app/Controllers/Booths.php(33): view()
#5 /var/www/hosttest.com/system/CodeIgniter.php(926): App\Controllers\Booths->gallery()
#6 /var/www/hosttest.com/system/CodeIgniter.php(412): CodeIgniter\CodeIgniter->runController()
#7 /var/www/hosttest.com/system/CodeIgniter.php(320): CodeIgniter\CodeIgniter->handleRequest()
#8 /var/www/hosttest.com/public/index.php(45): CodeIgniter\CodeIgniter->run()
#9 /var/www/hosttest.com/system/Commands/Server/rewrite.php(34): require_once('/var/www/hostte...')
#10 {main}
CRITICAL - 2020-09-23 03:21:04 --> Invalid argument supplied for foreach()
#0 /var/www/hosttest.com/app/Controllers/Booths.php(143): CodeIgniter\Debug\Exceptions->errorHandler()
#1 /var/www/hosttest.com/app/Views/booths/gallery.php(156): App\Controllers\Booths->boothVideo()
#2 /var/www/hosttest.com/system/View/View.php(246): include('/var/www/hostte...')
#3 /var/www/hosttest.com/system/Common.php(1119): CodeIgniter\View\View->render()
#4 /var/www/hosttest.com/app/Controllers/Booths.php(33): view()
#5 /var/www/hosttest.com/system/CodeIgniter.php(926): App\Controllers\Booths->gallery()
#6 /var/www/hosttest.com/system/CodeIgniter.php(412): CodeIgniter\CodeIgniter->runController()
#7 /var/www/hosttest.com/system/CodeIgniter.php(320): CodeIgniter\CodeIgniter->handleRequest()
#8 /var/www/hosttest.com/public/index.php(45): CodeIgniter\CodeIgniter->run()
#9 /var/www/hosttest.com/system/Commands/Server/rewrite.php(34): require_once('/var/www/hostte...')
#10 {main}
CRITICAL - 2020-09-23 03:21:44 --> Illegal string offset 'booth_video'
#0 /var/www/hosttest.com/app/Controllers/Booths.php(144): CodeIgniter\Debug\Exceptions->errorHandler()
#1 /var/www/hosttest.com/app/Views/booths/gallery.php(156): App\Controllers\Booths->boothVideo()
#2 /var/www/hosttest.com/system/View/View.php(246): include('/var/www/hostte...')
#3 /var/www/hosttest.com/system/Common.php(1119): CodeIgniter\View\View->render()
#4 /var/www/hosttest.com/app/Controllers/Booths.php(33): view()
#5 /var/www/hosttest.com/system/CodeIgniter.php(926): App\Controllers\Booths->gallery()
#6 /var/www/hosttest.com/system/CodeIgniter.php(412): CodeIgniter\CodeIgniter->runController()
#7 /var/www/hosttest.com/system/CodeIgniter.php(320): CodeIgniter\CodeIgniter->handleRequest()
#8 /var/www/hosttest.com/public/index.php(45): CodeIgniter\CodeIgniter->run()
#9 /var/www/hosttest.com/system/Commands/Server/rewrite.php(34): require_once('/var/www/hostte...')
#10 {main}
CRITICAL - 2020-09-23 03:22:33 --> Illegal string offset 'booth_video'
#0 /var/www/hosttest.com/app/Controllers/Booths.php(144): CodeIgniter\Debug\Exceptions->errorHandler()
#1 /var/www/hosttest.com/app/Views/booths/gallery.php(156): App\Controllers\Booths->boothVideo()
#2 /var/www/hosttest.com/system/View/View.php(246): include('/var/www/hostte...')
#3 /var/www/hosttest.com/system/Common.php(1119): CodeIgniter\View\View->render()
#4 /var/www/hosttest.com/app/Controllers/Booths.php(33): view()
#5 /var/www/hosttest.com/system/CodeIgniter.php(926): App\Controllers\Booths->gallery()
#6 /var/www/hosttest.com/system/CodeIgniter.php(412): CodeIgniter\CodeIgniter->runController()
#7 /var/www/hosttest.com/system/CodeIgniter.php(320): CodeIgniter\CodeIgniter->handleRequest()
#8 /var/www/hosttest.com/public/index.php(45): CodeIgniter\CodeIgniter->run()
#9 /var/www/hosttest.com/system/Commands/Server/rewrite.php(34): require_once('/var/www/hostte...')
#10 {main}
CRITICAL - 2020-09-23 03:23:17 --> Invalid argument supplied for foreach()
#0 /var/www/hosttest.com/app/Controllers/Booths.php(143): CodeIgniter\Debug\Exceptions->errorHandler()
#1 /var/www/hosttest.com/app/Views/booths/gallery.php(156): App\Controllers\Booths->boothVideo()
#2 /var/www/hosttest.com/system/View/View.php(246): include('/var/www/hostte...')
#3 /var/www/hosttest.com/system/Common.php(1119): CodeIgniter\View\View->render()
#4 /var/www/hosttest.com/app/Controllers/Booths.php(33): view()
#5 /var/www/hosttest.com/system/CodeIgniter.php(926): App\Controllers\Booths->gallery()
#6 /var/www/hosttest.com/system/CodeIgniter.php(412): CodeIgniter\CodeIgniter->runController()
#7 /var/www/hosttest.com/system/CodeIgniter.php(320): CodeIgniter\CodeIgniter->handleRequest()
#8 /var/www/hosttest.com/public/index.php(45): CodeIgniter\CodeIgniter->run()
#9 /var/www/hosttest.com/system/Commands/Server/rewrite.php(34): require_once('/var/www/hostte...')
#10 {main}
CRITICAL - 2020-09-23 03:23:49 --> Invalid argument supplied for foreach()
#0 /var/www/hosttest.com/app/Controllers/Booths.php(143): CodeIgniter\Debug\Exceptions->errorHandler()
#1 /var/www/hosttest.com/app/Views/booths/gallery.php(156): App\Controllers\Booths->boothVideo()
#2 /var/www/hosttest.com/system/View/View.php(246): include('/var/www/hostte...')
#3 /var/www/hosttest.com/system/Common.php(1119): CodeIgniter\View\View->render()
#4 /var/www/hosttest.com/app/Controllers/Booths.php(33): view()
#5 /var/www/hosttest.com/system/CodeIgniter.php(926): App\Controllers\Booths->gallery()
#6 /var/www/hosttest.com/system/CodeIgniter.php(412): CodeIgniter\CodeIgniter->runController()
#7 /var/www/hosttest.com/system/CodeIgniter.php(320): CodeIgniter\CodeIgniter->handleRequest()
#8 /var/www/hosttest.com/public/index.php(45): CodeIgniter\CodeIgniter->run()
#9 /var/www/hosttest.com/system/Commands/Server/rewrite.php(34): require_once('/var/www/hostte...')
#10 {main}
CRITICAL - 2020-09-23 03:23:50 --> Invalid argument supplied for foreach()
#0 /var/www/hosttest.com/app/Controllers/Booths.php(143): CodeIgniter\Debug\Exceptions->errorHandler()
#1 /var/www/hosttest.com/app/Views/booths/gallery.php(156): App\Controllers\Booths->boothVideo()
#2 /var/www/hosttest.com/system/View/View.php(246): include('/var/www/hostte...')
#3 /var/www/hosttest.com/system/Common.php(1119): CodeIgniter\View\View->render()
#4 /var/www/hosttest.com/app/Controllers/Booths.php(33): view()
#5 /var/www/hosttest.com/system/CodeIgniter.php(926): App\Controllers\Booths->gallery()
#6 /var/www/hosttest.com/system/CodeIgniter.php(412): CodeIgniter\CodeIgniter->runController()
#7 /var/www/hosttest.com/system/CodeIgniter.php(320): CodeIgniter\CodeIgniter->handleRequest()
#8 /var/www/hosttest.com/public/index.php(45): CodeIgniter\CodeIgniter->run()
#9 /var/www/hosttest.com/system/Commands/Server/rewrite.php(34): require_once('/var/www/hostte...')
#10 {main}
CRITICAL - 2020-09-23 03:24:30 --> Array to string conversion
#0 /var/www/hosttest.com/app/Views/booths/gallery.php(159): CodeIgniter\Debug\Exceptions->errorHandler()
#1 /var/www/hosttest.com/system/View/View.php(246): include('/var/www/hostte...')
#2 /var/www/hosttest.com/system/Common.php(1119): CodeIgniter\View\View->render()
#3 /var/www/hosttest.com/app/Controllers/Booths.php(33): view()
#4 /var/www/hosttest.com/system/CodeIgniter.php(926): App\Controllers\Booths->gallery()
#5 /var/www/hosttest.com/system/CodeIgniter.php(412): CodeIgniter\CodeIgniter->runController()
#6 /var/www/hosttest.com/system/CodeIgniter.php(320): CodeIgniter\CodeIgniter->handleRequest()
#7 /var/www/hosttest.com/public/index.php(45): CodeIgniter\CodeIgniter->run()
#8 /var/www/hosttest.com/system/Commands/Server/rewrite.php(34): require_once('/var/www/hostte...')
#9 {main}
CRITICAL - 2020-09-23 03:25:10 --> Trying to access array offset on value of type null
#0 /var/www/hosttest.com/app/Controllers/Booths.php(143): CodeIgniter\Debug\Exceptions->errorHandler()
#1 /var/www/hosttest.com/app/Views/booths/gallery.php(156): App\Controllers\Booths->boothVideo()
#2 /var/www/hosttest.com/system/View/View.php(246): include('/var/www/hostte...')
#3 /var/www/hosttest.com/system/Common.php(1119): CodeIgniter\View\View->render()
#4 /var/www/hosttest.com/app/Controllers/Booths.php(33): view()
#5 /var/www/hosttest.com/system/CodeIgniter.php(926): App\Controllers\Booths->gallery()
#6 /var/www/hosttest.com/system/CodeIgniter.php(412): CodeIgniter\CodeIgniter->runController()
#7 /var/www/hosttest.com/system/CodeIgniter.php(320): CodeIgniter\CodeIgniter->handleRequest()
#8 /var/www/hosttest.com/public/index.php(45): CodeIgniter\CodeIgniter->run()
#9 /var/www/hosttest.com/system/Commands/Server/rewrite.php(34): require_once('/var/www/hostte...')
#10 {main}
CRITICAL - 2020-09-23 03:26:16 --> Invalid argument supplied for foreach()
#0 /var/www/hosttest.com/app/Controllers/Booths.php(143): CodeIgniter\Debug\Exceptions->errorHandler()
#1 /var/www/hosttest.com/app/Views/booths/gallery.php(156): App\Controllers\Booths->boothVideo()
#2 /var/www/hosttest.com/system/View/View.php(246): include('/var/www/hostte...')
#3 /var/www/hosttest.com/system/Common.php(1119): CodeIgniter\View\View->render()
#4 /var/www/hosttest.com/app/Controllers/Booths.php(33): view()
#5 /var/www/hosttest.com/system/CodeIgniter.php(926): App\Controllers\Booths->gallery()
#6 /var/www/hosttest.com/system/CodeIgniter.php(412): CodeIgniter\CodeIgniter->runController()
#7 /var/www/hosttest.com/system/CodeIgniter.php(320): CodeIgniter\CodeIgniter->handleRequest()
#8 /var/www/hosttest.com/public/index.php(45): CodeIgniter\CodeIgniter->run()
#9 /var/www/hosttest.com/system/Commands/Server/rewrite.php(34): require_once('/var/www/hostte...')
#10 {main}
CRITICAL - 2020-09-23 03:26:56 --> Illegal string offset 'booth_video'
#0 /var/www/hosttest.com/app/Controllers/Booths.php(144): CodeIgniter\Debug\Exceptions->errorHandler()
#1 /var/www/hosttest.com/app/Views/booths/gallery.php(156): App\Controllers\Booths->boothVideo()
#2 /var/www/hosttest.com/system/View/View.php(246): include('/var/www/hostte...')
#3 /var/www/hosttest.com/system/Common.php(1119): CodeIgniter\View\View->render()
#4 /var/www/hosttest.com/app/Controllers/Booths.php(33): view()
#5 /var/www/hosttest.com/system/CodeIgniter.php(926): App\Controllers\Booths->gallery()
#6 /var/www/hosttest.com/system/CodeIgniter.php(412): CodeIgniter\CodeIgniter->runController()
#7 /var/www/hosttest.com/system/CodeIgniter.php(320): CodeIgniter\CodeIgniter->handleRequest()
#8 /var/www/hosttest.com/public/index.php(45): CodeIgniter\CodeIgniter->run()
#9 /var/www/hosttest.com/system/Commands/Server/rewrite.php(34): require_once('/var/www/hostte...')
#10 {main}
CRITICAL - 2020-09-23 03:29:51 --> syntax error, unexpected 'if' (T_IF), expecting ';'
#0 /var/www/hosttest.com/system/Router/Router.php(195): CodeIgniter\Router\Router->autoRoute()
#1 /var/www/hosttest.com/system/CodeIgniter.php(801): CodeIgniter\Router\Router->handle()
#2 /var/www/hosttest.com/system/CodeIgniter.php(372): CodeIgniter\CodeIgniter->tryToRouteIt()
#3 /var/www/hosttest.com/system/CodeIgniter.php(320): CodeIgniter\CodeIgniter->handleRequest()
#4 /var/www/hosttest.com/public/index.php(45): CodeIgniter\CodeIgniter->run()
#5 /var/www/hosttest.com/system/Commands/Server/rewrite.php(34): require_once('/var/www/hostte...')
#6 {main}
CRITICAL - 2020-09-23 03:30:03 --> Trying to access array offset on value of type null
#0 /var/www/hosttest.com/app/Controllers/Booths.php(146): CodeIgniter\Debug\Exceptions->errorHandler()
#1 /var/www/hosttest.com/app/Views/booths/gallery.php(156): App\Controllers\Booths->boothVideo()
#2 /var/www/hosttest.com/system/View/View.php(246): include('/var/www/hostte...')
#3 /var/www/hosttest.com/system/Common.php(1119): CodeIgniter\View\View->render()
#4 /var/www/hosttest.com/app/Controllers/Booths.php(33): view()
#5 /var/www/hosttest.com/system/CodeIgniter.php(926): App\Controllers\Booths->gallery()
#6 /var/www/hosttest.com/system/CodeIgniter.php(412): CodeIgniter\CodeIgniter->runController()
#7 /var/www/hosttest.com/system/CodeIgniter.php(320): CodeIgniter\CodeIgniter->handleRequest()
#8 /var/www/hosttest.com/public/index.php(45): CodeIgniter\CodeIgniter->run()
#9 /var/www/hosttest.com/system/Commands/Server/rewrite.php(34): require_once('/var/www/hostte...')
#10 {main}
CRITICAL - 2020-09-23 03:31:55 --> Trying to access array offset on value of type null
#0 /var/www/hosttest.com/app/Controllers/Booths.php(144): CodeIgniter\Debug\Exceptions->errorHandler()
#1 /var/www/hosttest.com/app/Views/booths/gallery.php(156): App\Controllers\Booths->boothVideo()
#2 /var/www/hosttest.com/system/View/View.php(246): include('/var/www/hostte...')
#3 /var/www/hosttest.com/system/Common.php(1119): CodeIgniter\View\View->render()
#4 /var/www/hosttest.com/app/Controllers/Booths.php(33): view()
#5 /var/www/hosttest.com/system/CodeIgniter.php(926): App\Controllers\Booths->gallery()
#6 /var/www/hosttest.com/system/CodeIgniter.php(412): CodeIgniter\CodeIgniter->runController()
#7 /var/www/hosttest.com/system/CodeIgniter.php(320): CodeIgniter\CodeIgniter->handleRequest()
#8 /var/www/hosttest.com/public/index.php(45): CodeIgniter\CodeIgniter->run()
#9 /var/www/hosttest.com/system/Commands/Server/rewrite.php(34): require_once('/var/www/hostte...')
#10 {main}
CRITICAL - 2020-09-23 03:33:09 --> Trying to access array offset on value of type null
#0 /var/www/hosttest.com/app/Controllers/Booths.php(144): CodeIgniter\Debug\Exceptions->errorHandler()
#1 /var/www/hosttest.com/app/Views/booths/gallery.php(156): App\Controllers\Booths->boothVideo()
#2 /var/www/hosttest.com/system/View/View.php(246): include('/var/www/hostte...')
#3 /var/www/hosttest.com/system/Common.php(1119): CodeIgniter\View\View->render()
#4 /var/www/hosttest.com/app/Controllers/Booths.php(33): view()
#5 /var/www/hosttest.com/system/CodeIgniter.php(926): App\Controllers\Booths->gallery()
#6 /var/www/hosttest.com/system/CodeIgniter.php(412): CodeIgniter\CodeIgniter->runController()
#7 /var/www/hosttest.com/system/CodeIgniter.php(320): CodeIgniter\CodeIgniter->handleRequest()
#8 /var/www/hosttest.com/public/index.php(45): CodeIgniter\CodeIgniter->run()
#9 /var/www/hosttest.com/system/Commands/Server/rewrite.php(34): require_once('/var/www/hostte...')
#10 {main}
CRITICAL - 2020-09-23 03:39:28 --> Object of class CodeIgniter\Database\MySQLi\Result could not be converted to string
#0 /var/www/hosttest.com/system/View/View.php(246): include()
#1 /var/www/hosttest.com/system/Common.php(1119): CodeIgniter\View\View->render()
#2 /var/www/hosttest.com/app/Controllers/Booths.php(33): view()
#3 /var/www/hosttest.com/system/CodeIgniter.php(926): App\Controllers\Booths->gallery()
#4 /var/www/hosttest.com/system/CodeIgniter.php(412): CodeIgniter\CodeIgniter->runController()
#5 /var/www/hosttest.com/system/CodeIgniter.php(320): CodeIgniter\CodeIgniter->handleRequest()
#6 /var/www/hosttest.com/public/index.php(45): CodeIgniter\CodeIgniter->run()
#7 /var/www/hosttest.com/system/Commands/Server/rewrite.php(34): require_once('/var/www/hostte...')
#8 {main}
CRITICAL - 2020-09-23 03:41:45 --> Object of class CodeIgniter\Database\MySQLi\Result could not be converted to string
#0 /var/www/hosttest.com/system/View/View.php(246): include()
#1 /var/www/hosttest.com/system/Common.php(1119): CodeIgniter\View\View->render()
#2 /var/www/hosttest.com/app/Controllers/Booths.php(33): view()
#3 /var/www/hosttest.com/system/CodeIgniter.php(926): App\Controllers\Booths->gallery()
#4 /var/www/hosttest.com/system/CodeIgniter.php(412): CodeIgniter\CodeIgniter->runController()
#5 /var/www/hosttest.com/system/CodeIgniter.php(320): CodeIgniter\CodeIgniter->handleRequest()
#6 /var/www/hosttest.com/public/index.php(45): CodeIgniter\CodeIgniter->run()
#7 /var/www/hosttest.com/system/Commands/Server/rewrite.php(34): require_once('/var/www/hostte...')
#8 {main}
CRITICAL - 2020-09-23 03:47:28 --> Trying to get property 'booth_video' of non-object
#0 /var/www/hosttest.com/app/Controllers/Booths.php(146): CodeIgniter\Debug\Exceptions->errorHandler()
#1 /var/www/hosttest.com/app/Views/booths/gallery.php(156): App\Controllers\Booths->boothVideo()
#2 /var/www/hosttest.com/system/View/View.php(246): include('/var/www/hostte...')
#3 /var/www/hosttest.com/system/Common.php(1119): CodeIgniter\View\View->render()
#4 /var/www/hosttest.com/app/Controllers/Booths.php(33): view()
#5 /var/www/hosttest.com/system/CodeIgniter.php(926): App\Controllers\Booths->gallery()
#6 /var/www/hosttest.com/system/CodeIgniter.php(412): CodeIgniter\CodeIgniter->runController()
#7 /var/www/hosttest.com/system/CodeIgniter.php(320): CodeIgniter\CodeIgniter->handleRequest()
#8 /var/www/hosttest.com/public/index.php(45): CodeIgniter\CodeIgniter->run()
#9 /var/www/hosttest.com/system/Commands/Server/rewrite.php(34): require_once('/var/www/hostte...')
#10 {main}
CRITICAL - 2020-09-23 03:47:59 --> Trying to access array offset on value of type null
#0 /var/www/hosttest.com/app/Controllers/Booths.php(146): CodeIgniter\Debug\Exceptions->errorHandler()
#1 /var/www/hosttest.com/app/Views/booths/gallery.php(156): App\Controllers\Booths->boothVideo()
#2 /var/www/hosttest.com/system/View/View.php(246): include('/var/www/hostte...')
#3 /var/www/hosttest.com/system/Common.php(1119): CodeIgniter\View\View->render()
#4 /var/www/hosttest.com/app/Controllers/Booths.php(33): view()
#5 /var/www/hosttest.com/system/CodeIgniter.php(926): App\Controllers\Booths->gallery()
#6 /var/www/hosttest.com/system/CodeIgniter.php(412): CodeIgniter\CodeIgniter->runController()
#7 /var/www/hosttest.com/system/CodeIgniter.php(320): CodeIgniter\CodeIgniter->handleRequest()
#8 /var/www/hosttest.com/public/index.php(45): CodeIgniter\CodeIgniter->run()
#9 /var/www/hosttest.com/system/Commands/Server/rewrite.php(34): require_once('/var/www/hostte...')
#10 {main}
CRITICAL - 2020-09-23 07:43:42 --> file_get_contents(&lt;iframe src=&quot;https://player.vimeo.com/video/460515573&quot; width=&quot;640&quot; height=&quot;360&quot; frameborder=&quot;0&quot; allow=&quot;autoplay; fullscreen&quot; allowfullscreen&gt;&lt;/iframe&gt; &lt;p&gt;&lt;a href=&quot;https://vimeo.com/460515573&quot;&gt;Marble Tables - Nero Marquina Block Table&lt;/a&gt; from &lt;a href=&quot;https://vimeo.com/user122959287&quot;&gt;Marmeren Tafels&lt;/a&gt; on &lt;a href=&quot;https://vimeo.com&quot;&gt;Vimeo&lt;/a&gt;.&lt;/p&gt;): failed to open stream: No such file or directory
#0 [internal function]: CodeIgniter\Debug\Exceptions->errorHandler()
#1 /var/www/hosttest.com/app/Controllers/Booths.php(234): file_get_contents()
#2 /var/www/hosttest.com/system/CodeIgniter.php(926): App\Controllers\Booths->embedBoothVideo()
#3 /var/www/hosttest.com/system/CodeIgniter.php(412): CodeIgniter\CodeIgniter->runController()
#4 /var/www/hosttest.com/system/CodeIgniter.php(320): CodeIgniter\CodeIgniter->handleRequest()
#5 /var/www/hosttest.com/public/index.php(45): CodeIgniter\CodeIgniter->run()
#6 /var/www/hosttest.com/system/Commands/Server/rewrite.php(34): require_once('/var/www/hostte...')
#7 {main}
CRITICAL - 2020-09-23 07:44:51 --> Array to string conversion
#0 /var/www/hosttest.com/app/Controllers/Booths.php(238): CodeIgniter\Debug\Exceptions->errorHandler()
#1 /var/www/hosttest.com/system/CodeIgniter.php(926): App\Controllers\Booths->embedBoothVideo()
#2 /var/www/hosttest.com/system/CodeIgniter.php(412): CodeIgniter\CodeIgniter->runController()
#3 /var/www/hosttest.com/system/CodeIgniter.php(320): CodeIgniter\CodeIgniter->handleRequest()
#4 /var/www/hosttest.com/public/index.php(45): CodeIgniter\CodeIgniter->run()
#5 /var/www/hosttest.com/system/Commands/Server/rewrite.php(34): require_once('/var/www/hostte...')
#6 {main}
CRITICAL - 2020-09-23 07:45:23 --> Undefined index: host
#0 /var/www/hosttest.com/app/Controllers/Booths.php(271): CodeIgniter\Debug\Exceptions->errorHandler()
#1 /var/www/hosttest.com/app/Controllers/Booths.php(242): App\Controllers\Booths->inspectEmbedLink()
#2 /var/www/hosttest.com/system/CodeIgniter.php(926): App\Controllers\Booths->embedBoothVideo()
#3 /var/www/hosttest.com/system/CodeIgniter.php(412): CodeIgniter\CodeIgniter->runController()
#4 /var/www/hosttest.com/system/CodeIgniter.php(320): CodeIgniter\CodeIgniter->handleRequest()
#5 /var/www/hosttest.com/public/index.php(45): CodeIgniter\CodeIgniter->run()
#6 /var/www/hosttest.com/system/Commands/Server/rewrite.php(34): require_once('/var/www/hostte...')
#7 {main}
CRITICAL - 2020-09-23 08:20:41 --> Undefined variable: mystring
#0 /var/www/hosttest.com/app/Controllers/Booths.php(257): CodeIgniter\Debug\Exceptions->errorHandler()
#1 /var/www/hosttest.com/app/Controllers/Booths.php(234): App\Controllers\Booths->inspectEmbedLink()
#2 /var/www/hosttest.com/system/CodeIgniter.php(926): App\Controllers\Booths->embedBoothVideo()
#3 /var/www/hosttest.com/system/CodeIgniter.php(412): CodeIgniter\CodeIgniter->runController()
#4 /var/www/hosttest.com/system/CodeIgniter.php(320): CodeIgniter\CodeIgniter->handleRequest()
#5 /var/www/hosttest.com/public/index.php(45): CodeIgniter\CodeIgniter->run()
#6 /var/www/hosttest.com/system/Commands/Server/rewrite.php(34): require_once('/var/www/hostte...')
#7 {main}
CRITICAL - 2020-09-23 08:27:39 --> unlink(./uploads/video/booths/1/&lt;iframe width=&quot;560&quot; height=&quot;315&quot; src=&quot;https://www.youtube.com/embed/kIbjHtE4fd8&quot; frameborder=&quot;0&quot; allow=&quot;accelerometer; autoplay; clipboard-write; encrypted-media; gyroscope; picture-in-picture&quot; allowfullscreen&gt;&lt;/iframe&gt;): No such file or directory
#0 [internal function]: CodeIgniter\Debug\Exceptions->errorHandler()
#1 /var/www/hosttest.com/app/Controllers/Booths.php(270): unlink()
#2 /var/www/hosttest.com/system/CodeIgniter.php(926): App\Controllers\Booths->removeVideo()
#3 /var/www/hosttest.com/system/CodeIgniter.php(412): CodeIgniter\CodeIgniter->runController()
#4 /var/www/hosttest.com/system/CodeIgniter.php(320): CodeIgniter\CodeIgniter->handleRequest()
#5 /var/www/hosttest.com/public/index.php(45): CodeIgniter\CodeIgniter->run()
#6 /var/www/hosttest.com/system/Commands/Server/rewrite.php(34): require_once('/var/www/hostte...')
#7 {main}
CRITICAL - 2020-09-23 08:28:40 --> unlink(./uploads/video/booths/1/&lt;iframe width=&quot;560&quot; height=&quot;315&quot; src=&quot;https://www.youtube.com/embed/kIbjHtE4fd8&quot; frameborder=&quot;0&quot; allow=&quot;accelerometer; autoplay; clipboard-write; encrypted-media; gyroscope; picture-in-picture&quot; allowfullscreen&gt;&lt;/iframe&gt;): No such file or directory
#0 [internal function]: CodeIgniter\Debug\Exceptions->errorHandler()
#1 /var/www/hosttest.com/app/Controllers/Booths.php(270): unlink()
#2 /var/www/hosttest.com/system/CodeIgniter.php(926): App\Controllers\Booths->removeVideo()
#3 /var/www/hosttest.com/system/CodeIgniter.php(412): CodeIgniter\CodeIgniter->runController()
#4 /var/www/hosttest.com/system/CodeIgniter.php(320): CodeIgniter\CodeIgniter->handleRequest()
#5 /var/www/hosttest.com/public/index.php(45): CodeIgniter\CodeIgniter->run()
#6 /var/www/hosttest.com/system/Commands/Server/rewrite.php(34): require_once('/var/www/hostte...')
#7 {main}
CRITICAL - 2020-09-23 08:30:53 --> Too few arguments to function App\Controllers\Booths::boothVideo(), 0 passed in /var/www/hosttest.com/app/Controllers/Booths.php on line 269 and exactly 1 expected
#0 /var/www/hosttest.com/app/Controllers/Booths.php(269): App\Controllers\Booths->boothVideo()
#1 /var/www/hosttest.com/system/CodeIgniter.php(926): App\Controllers\Booths->removeVideo()
#2 /var/www/hosttest.com/system/CodeIgniter.php(412): CodeIgniter\CodeIgniter->runController()
#3 /var/www/hosttest.com/system/CodeIgniter.php(320): CodeIgniter\CodeIgniter->handleRequest()
#4 /var/www/hosttest.com/public/index.php(45): CodeIgniter\CodeIgniter->run()
#5 /var/www/hosttest.com/system/Commands/Server/rewrite.php(34): require_once('/var/www/hostte...')
#6 {main}
CRITICAL - 2020-09-23 08:31:22 --> Undefined variable: position
#0 /var/www/hosttest.com/app/Controllers/Booths.php(275): CodeIgniter\Debug\Exceptions->errorHandler()
#1 /var/www/hosttest.com/system/CodeIgniter.php(926): App\Controllers\Booths->removeVideo()
#2 /var/www/hosttest.com/system/CodeIgniter.php(412): CodeIgniter\CodeIgniter->runController()
#3 /var/www/hosttest.com/system/CodeIgniter.php(320): CodeIgniter\CodeIgniter->handleRequest()
#4 /var/www/hosttest.com/public/index.php(45): CodeIgniter\CodeIgniter->run()
#5 /var/www/hosttest.com/system/Commands/Server/rewrite.php(34): require_once('/var/www/hostte...')
#6 {main}
CRITICAL - 2020-09-23 08:48:43 --> Table 'ci4.companies' doesn't exist
#0 /var/www/hosttest.com/system/Database/MySQLi/Connection.php(331): mysqli->query()
#1 /var/www/hosttest.com/system/Database/BaseConnection.php(741): CodeIgniter\Database\MySQLi\Connection->execute()
#2 /var/www/hosttest.com/system/Database/BaseConnection.php(669): CodeIgniter\Database\BaseConnection->simpleQuery()
#3 /var/www/hosttest.com/system/Database/MySQLi/Connection.php(489): CodeIgniter\Database\BaseConnection->query()
#4 /var/www/hosttest.com/system/Database/BaseConnection.php(1679): CodeIgniter\Database\MySQLi\Connection->_fieldData()
#5 /var/www/hosttest.com/app/Models/GroceryCrudModel.php(478): CodeIgniter\Database\BaseConnection->getFieldData()
#6 /var/www/hosttest.com/app/Models/GroceryCrudModel.php(567): App\Models\GroceryCrudModel->get_field_types()
#7 /var/www/hosttest.com/app/Models/GroceryCrudModel.php(212): App\Models\GroceryCrudModel->get_primary_key()
#8 /var/www/hosttest.com/app/Libraries/GroceryCrud.php(1347): App\Models\GroceryCrudModel->join_relation()
#9 /var/www/hosttest.com/app/Libraries/GroceryCrud.php(1503): App\Libraries\grocery_CRUD_Model_Driver->get_list()
#10 /var/www/hosttest.com/app/Libraries/GroceryCrud.php(4496): App\Libraries\grocery_CRUD_Layout->showList()
#11 /var/www/hosttest.com/app/Controllers/Booths.php(27): App\Libraries\GroceryCrud->render()
#12 /var/www/hosttest.com/system/CodeIgniter.php(926): App\Controllers\Booths->booths()
#13 /var/www/hosttest.com/system/CodeIgniter.php(412): CodeIgniter\CodeIgniter->runController()
#14 /var/www/hosttest.com/system/CodeIgniter.php(320): CodeIgniter\CodeIgniter->handleRequest()
#15 /var/www/hosttest.com/public/index.php(45): CodeIgniter\CodeIgniter->run()
#16 /var/www/hosttest.com/system/Commands/Server/rewrite.php(34): require_once('/var/www/hostte...')
#17 {main}
CRITICAL - 2020-09-23 08:53:24 --> Unknown column 'company.booths' in 'on clause'
#0 /var/www/hosttest.com/system/Database/MySQLi/Connection.php(331): mysqli->query()
#1 /var/www/hosttest.com/system/Database/BaseConnection.php(741): CodeIgniter\Database\MySQLi\Connection->execute()
#2 /var/www/hosttest.com/system/Database/BaseConnection.php(669): CodeIgniter\Database\BaseConnection->simpleQuery()
#3 /var/www/hosttest.com/system/Database/BaseBuilder.php(1860): CodeIgniter\Database\BaseConnection->query()
#4 /var/www/hosttest.com/app/Models/GroceryCrudModel.php(89): CodeIgniter\Database\BaseBuilder->get()
#5 /var/www/hosttest.com/app/Libraries/GroceryCrud.php(1383): App\Models\GroceryCrudModel->get_list()
#6 /var/www/hosttest.com/app/Libraries/GroceryCrud.php(1503): App\Libraries\grocery_CRUD_Model_Driver->get_list()
#7 /var/www/hosttest.com/app/Libraries/GroceryCrud.php(4496): App\Libraries\grocery_CRUD_Layout->showList()
#8 /var/www/hosttest.com/app/Controllers/Companies.php(51): App\Libraries\GroceryCrud->render()
#9 /var/www/hosttest.com/system/CodeIgniter.php(926): App\Controllers\Companies->companies()
#10 /var/www/hosttest.com/system/CodeIgniter.php(412): CodeIgniter\CodeIgniter->runController()
#11 /var/www/hosttest.com/system/CodeIgniter.php(320): CodeIgniter\CodeIgniter->handleRequest()
#12 /var/www/hosttest.com/public/index.php(45): CodeIgniter\CodeIgniter->run()
#13 /var/www/hosttest.com/system/Commands/Server/rewrite.php(34): require_once('/var/www/hostte...')
#14 {main}
CRITICAL - 2020-09-23 08:54:25 --> Unknown column 'company.booth_name' in 'on clause'
#0 /var/www/hosttest.com/system/Database/MySQLi/Connection.php(331): mysqli->query()
#1 /var/www/hosttest.com/system/Database/BaseConnection.php(741): CodeIgniter\Database\MySQLi\Connection->execute()
#2 /var/www/hosttest.com/system/Database/BaseConnection.php(669): CodeIgniter\Database\BaseConnection->simpleQuery()
#3 /var/www/hosttest.com/system/Database/BaseBuilder.php(1860): CodeIgniter\Database\BaseConnection->query()
#4 /var/www/hosttest.com/app/Models/GroceryCrudModel.php(89): CodeIgniter\Database\BaseBuilder->get()
#5 /var/www/hosttest.com/app/Libraries/GroceryCrud.php(1383): App\Models\GroceryCrudModel->get_list()
#6 /var/www/hosttest.com/app/Libraries/GroceryCrud.php(1503): App\Libraries\grocery_CRUD_Model_Driver->get_list()
#7 /var/www/hosttest.com/app/Libraries/GroceryCrud.php(4496): App\Libraries\grocery_CRUD_Layout->showList()
#8 /var/www/hosttest.com/app/Controllers/Companies.php(51): App\Libraries\GroceryCrud->render()
#9 /var/www/hosttest.com/system/CodeIgniter.php(926): App\Controllers\Companies->companies()
#10 /var/www/hosttest.com/system/CodeIgniter.php(412): CodeIgniter\CodeIgniter->runController()
#11 /var/www/hosttest.com/system/CodeIgniter.php(320): CodeIgniter\CodeIgniter->handleRequest()
#12 /var/www/hosttest.com/public/index.php(45): CodeIgniter\CodeIgniter->run()
#13 /var/www/hosttest.com/system/Commands/Server/rewrite.php(34): require_once('/var/www/hostte...')
#14 {main}
CRITICAL - 2020-09-23 08:54:51 --> Unknown column 'company.booth_name' in 'on clause'
#0 /var/www/hosttest.com/system/Database/MySQLi/Connection.php(331): mysqli->query()
#1 /var/www/hosttest.com/system/Database/BaseConnection.php(741): CodeIgniter\Database\MySQLi\Connection->execute()
#2 /var/www/hosttest.com/system/Database/BaseConnection.php(669): CodeIgniter\Database\BaseConnection->simpleQuery()
#3 /var/www/hosttest.com/system/Database/BaseBuilder.php(1860): CodeIgniter\Database\BaseConnection->query()
#4 /var/www/hosttest.com/app/Models/GroceryCrudModel.php(89): CodeIgniter\Database\BaseBuilder->get()
#5 /var/www/hosttest.com/app/Libraries/GroceryCrud.php(1383): App\Models\GroceryCrudModel->get_list()
#6 /var/www/hosttest.com/app/Libraries/GroceryCrud.php(1503): App\Libraries\grocery_CRUD_Model_Driver->get_list()
#7 /var/www/hosttest.com/app/Libraries/GroceryCrud.php(4496): App\Libraries\grocery_CRUD_Layout->showList()
#8 /var/www/hosttest.com/app/Controllers/Companies.php(51): App\Libraries\GroceryCrud->render()
#9 /var/www/hosttest.com/system/CodeIgniter.php(926): App\Controllers\Companies->companies()
#10 /var/www/hosttest.com/system/CodeIgniter.php(412): CodeIgniter\CodeIgniter->runController()
#11 /var/www/hosttest.com/system/CodeIgniter.php(320): CodeIgniter\CodeIgniter->handleRequest()
#12 /var/www/hosttest.com/public/index.php(45): CodeIgniter\CodeIgniter->run()
#13 /var/www/hosttest.com/system/Commands/Server/rewrite.php(34): require_once('/var/www/hostte...')
#14 {main}
CRITICAL - 2020-09-23 08:57:36 --> Not unique table/alias: 'booths'
#0 /var/www/hosttest.com/system/Database/MySQLi/Connection.php(331): mysqli->query()
#1 /var/www/hosttest.com/system/Database/BaseConnection.php(741): CodeIgniter\Database\MySQLi\Connection->execute()
#2 /var/www/hosttest.com/system/Database/BaseConnection.php(669): CodeIgniter\Database\BaseConnection->simpleQuery()
#3 /var/www/hosttest.com/system/Database/BaseBuilder.php(1860): CodeIgniter\Database\BaseConnection->query()
#4 /var/www/hosttest.com/app/Models/GroceryCrudModel.php(339): CodeIgniter\Database\BaseBuilder->get()
#5 /var/www/hosttest.com/app/Libraries/GroceryCrud.php(1421): App\Models\GroceryCrudModel->get_relation_n_n_selection_array()
#6 /var/www/hosttest.com/app/Libraries/GroceryCrud.php(1397): App\Libraries\grocery_CRUD_Model_Driver->get_relation_n_n_selection_array()
#7 /var/www/hosttest.com/app/Libraries/GroceryCrud.php(1863): App\Libraries\grocery_CRUD_Model_Driver->get_edit_values()
#8 /var/www/hosttest.com/app/Libraries/GroceryCrud.php(4680): App\Libraries\grocery_CRUD_Layout->showReadForm()
#9 /var/www/hosttest.com/app/Controllers/Companies.php(51): App\Libraries\GroceryCrud->render()
#10 /var/www/hosttest.com/system/CodeIgniter.php(926): App\Controllers\Companies->companies()
#11 /var/www/hosttest.com/system/CodeIgniter.php(412): CodeIgniter\CodeIgniter->runController()
#12 /var/www/hosttest.com/system/CodeIgniter.php(320): CodeIgniter\CodeIgniter->handleRequest()
#13 /var/www/hosttest.com/public/index.php(45): CodeIgniter\CodeIgniter->run()
#14 /var/www/hosttest.com/system/Commands/Server/rewrite.php(34): require_once('/var/www/hostte...')
#15 {main}
CRITICAL - 2020-09-23 09:12:24 --> Unknown column 'j447d3092.booths' in 'field list'
#0 /var/www/hosttest.com/system/Database/MySQLi/Connection.php(331): mysqli->query()
#1 /var/www/hosttest.com/system/Database/BaseConnection.php(741): CodeIgniter\Database\MySQLi\Connection->execute()
#2 /var/www/hosttest.com/system/Database/BaseConnection.php(669): CodeIgniter\Database\BaseConnection->simpleQuery()
#3 /var/www/hosttest.com/system/Database/BaseBuilder.php(1860): CodeIgniter\Database\BaseConnection->query()
#4 /var/www/hosttest.com/app/Models/GroceryCrudModel.php(89): CodeIgniter\Database\BaseBuilder->get()
#5 /var/www/hosttest.com/app/Libraries/GroceryCrud.php(1383): App\Models\GroceryCrudModel->get_list()
#6 /var/www/hosttest.com/app/Libraries/GroceryCrud.php(1503): App\Libraries\grocery_CRUD_Model_Driver->get_list()
#7 /var/www/hosttest.com/app/Libraries/GroceryCrud.php(4496): App\Libraries\grocery_CRUD_Layout->showList()
#8 /var/www/hosttest.com/app/Controllers/Companies.php(50): App\Libraries\GroceryCrud->render()
#9 /var/www/hosttest.com/system/CodeIgniter.php(926): App\Controllers\Companies->companies()
#10 /var/www/hosttest.com/system/CodeIgniter.php(412): CodeIgniter\CodeIgniter->runController()
#11 /var/www/hosttest.com/system/CodeIgniter.php(320): CodeIgniter\CodeIgniter->handleRequest()
#12 /var/www/hosttest.com/public/index.php(45): CodeIgniter\CodeIgniter->run()
#13 /var/www/hosttest.com/system/Commands/Server/rewrite.php(34): require_once('/var/www/hostte...')
#14 {main}
CRITICAL - 2020-09-23 09:12:44 --> Unknown column 'j447d3092.booths' in 'field list'
#0 /var/www/hosttest.com/system/Database/MySQLi/Connection.php(331): mysqli->query()
#1 /var/www/hosttest.com/system/Database/BaseConnection.php(741): CodeIgniter\Database\MySQLi\Connection->execute()
#2 /var/www/hosttest.com/system/Database/BaseConnection.php(669): CodeIgniter\Database\BaseConnection->simpleQuery()
#3 /var/www/hosttest.com/system/Database/BaseBuilder.php(1860): CodeIgniter\Database\BaseConnection->query()
#4 /var/www/hosttest.com/app/Models/GroceryCrudModel.php(89): CodeIgniter\Database\BaseBuilder->get()
#5 /var/www/hosttest.com/app/Libraries/GroceryCrud.php(1383): App\Models\GroceryCrudModel->get_list()
#6 /var/www/hosttest.com/app/Libraries/GroceryCrud.php(1503): App\Libraries\grocery_CRUD_Model_Driver->get_list()
#7 /var/www/hosttest.com/app/Libraries/GroceryCrud.php(4496): App\Libraries\grocery_CRUD_Layout->showList()
#8 /var/www/hosttest.com/app/Controllers/Companies.php(50): App\Libraries\GroceryCrud->render()
#9 /var/www/hosttest.com/system/CodeIgniter.php(926): App\Controllers\Companies->companies()
#10 /var/www/hosttest.com/system/CodeIgniter.php(412): CodeIgniter\CodeIgniter->runController()
#11 /var/www/hosttest.com/system/CodeIgniter.php(320): CodeIgniter\CodeIgniter->handleRequest()
#12 /var/www/hosttest.com/public/index.php(45): CodeIgniter\CodeIgniter->run()
#13 /var/www/hosttest.com/system/Commands/Server/rewrite.php(34): require_once('/var/www/hostte...')
#14 {main}
CRITICAL - 2020-09-23 09:17:08 --> Unknown column 'company.booth_name' in 'on clause'
#0 /var/www/hosttest.com/system/Database/MySQLi/Connection.php(331): mysqli->query()
#1 /var/www/hosttest.com/system/Database/BaseConnection.php(741): CodeIgniter\Database\MySQLi\Connection->execute()
#2 /var/www/hosttest.com/system/Database/BaseConnection.php(669): CodeIgniter\Database\BaseConnection->simpleQuery()
#3 /var/www/hosttest.com/system/Database/BaseBuilder.php(1860): CodeIgniter\Database\BaseConnection->query()
#4 /var/www/hosttest.com/app/Models/GroceryCrudModel.php(89): CodeIgniter\Database\BaseBuilder->get()
#5 /var/www/hosttest.com/app/Libraries/GroceryCrud.php(1383): App\Models\GroceryCrudModel->get_list()
#6 /var/www/hosttest.com/app/Libraries/GroceryCrud.php(1503): App\Libraries\grocery_CRUD_Model_Driver->get_list()
#7 /var/www/hosttest.com/app/Libraries/GroceryCrud.php(4496): App\Libraries\grocery_CRUD_Layout->showList()
#8 /var/www/hosttest.com/app/Controllers/Companies.php(50): App\Libraries\GroceryCrud->render()
#9 /var/www/hosttest.com/system/CodeIgniter.php(926): App\Controllers\Companies->companies()
#10 /var/www/hosttest.com/system/CodeIgniter.php(412): CodeIgniter\CodeIgniter->runController()
#11 /var/www/hosttest.com/system/CodeIgniter.php(320): CodeIgniter\CodeIgniter->handleRequest()
#12 /var/www/hosttest.com/public/index.php(45): CodeIgniter\CodeIgniter->run()
#13 /var/www/hosttest.com/system/Commands/Server/rewrite.php(34): require_once('/var/www/hostte...')
#14 {main}
CRITICAL - 2020-09-23 09:17:11 --> Unknown column 'company.booth_name' in 'on clause'
#0 /var/www/hosttest.com/system/Database/MySQLi/Connection.php(331): mysqli->query()
#1 /var/www/hosttest.com/system/Database/BaseConnection.php(741): CodeIgniter\Database\MySQLi\Connection->execute()
#2 /var/www/hosttest.com/system/Database/BaseConnection.php(669): CodeIgniter\Database\BaseConnection->simpleQuery()
#3 /var/www/hosttest.com/system/Database/BaseBuilder.php(1860): CodeIgniter\Database\BaseConnection->query()
#4 /var/www/hosttest.com/app/Models/GroceryCrudModel.php(89): CodeIgniter\Database\BaseBuilder->get()
#5 /var/www/hosttest.com/app/Libraries/GroceryCrud.php(1383): App\Models\GroceryCrudModel->get_list()
#6 /var/www/hosttest.com/app/Libraries/GroceryCrud.php(1503): App\Libraries\grocery_CRUD_Model_Driver->get_list()
#7 /var/www/hosttest.com/app/Libraries/GroceryCrud.php(4496): App\Libraries\grocery_CRUD_Layout->showList()
#8 /var/www/hosttest.com/app/Controllers/Companies.php(50): App\Libraries\GroceryCrud->render()
#9 /var/www/hosttest.com/system/CodeIgniter.php(926): App\Controllers\Companies->companies()
#10 /var/www/hosttest.com/system/CodeIgniter.php(412): CodeIgniter\CodeIgniter->runController()
#11 /var/www/hosttest.com/system/CodeIgniter.php(320): CodeIgniter\CodeIgniter->handleRequest()
#12 /var/www/hosttest.com/public/index.php(45): CodeIgniter\CodeIgniter->run()
#13 /var/www/hosttest.com/system/Commands/Server/rewrite.php(34): require_once('/var/www/hostte...')
#14 {main}
CRITICAL - 2020-09-23 09:23:31 --> Call to undefined method App\Libraries\GroceryCrud::etRelationNtoN()
#0 /var/www/hosttest.com/system/CodeIgniter.php(926): App\Controllers\Companies->companies()
#1 /var/www/hosttest.com/system/CodeIgniter.php(412): CodeIgniter\CodeIgniter->runController()
#2 /var/www/hosttest.com/system/CodeIgniter.php(320): CodeIgniter\CodeIgniter->handleRequest()
#3 /var/www/hosttest.com/public/index.php(45): CodeIgniter\CodeIgniter->run()
#4 /var/www/hosttest.com/system/Commands/Server/rewrite.php(34): require_once('/var/www/hostte...')
#5 {main}
CRITICAL - 2020-09-23 09:23:47 --> Not unique table/alias: 'booths'
#0 /var/www/hosttest.com/system/Database/MySQLi/Connection.php(331): mysqli->query()
#1 /var/www/hosttest.com/system/Database/BaseConnection.php(741): CodeIgniter\Database\MySQLi\Connection->execute()
#2 /var/www/hosttest.com/system/Database/BaseConnection.php(669): CodeIgniter\Database\BaseConnection->simpleQuery()
#3 /var/www/hosttest.com/system/Database/BaseBuilder.php(1860): CodeIgniter\Database\BaseConnection->query()
#4 /var/www/hosttest.com/app/Models/GroceryCrudModel.php(339): CodeIgniter\Database\BaseBuilder->get()
#5 /var/www/hosttest.com/app/Libraries/GroceryCrud.php(1421): App\Models\GroceryCrudModel->get_relation_n_n_selection_array()
#6 /var/www/hosttest.com/app/Libraries/GroceryCrud.php(1397): App\Libraries\grocery_CRUD_Model_Driver->get_relation_n_n_selection_array()
#7 /var/www/hosttest.com/app/Libraries/GroceryCrud.php(1863): App\Libraries\grocery_CRUD_Model_Driver->get_edit_values()
#8 /var/www/hosttest.com/app/Libraries/GroceryCrud.php(4680): App\Libraries\grocery_CRUD_Layout->showReadForm()
#9 /var/www/hosttest.com/app/Controllers/Companies.php(52): App\Libraries\GroceryCrud->render()
#10 /var/www/hosttest.com/system/CodeIgniter.php(926): App\Controllers\Companies->companies()
#11 /var/www/hosttest.com/system/CodeIgniter.php(412): CodeIgniter\CodeIgniter->runController()
#12 /var/www/hosttest.com/system/CodeIgniter.php(320): CodeIgniter\CodeIgniter->handleRequest()
#13 /var/www/hosttest.com/public/index.php(45): CodeIgniter\CodeIgniter->run()
#14 /var/www/hosttest.com/system/Commands/Server/rewrite.php(34): require_once('/var/www/hostte...')
#15 {main}
CRITICAL - 2020-09-23 09:25:19 --> Column 'company_id' in where clause is ambiguous
#0 /var/www/hosttest.com/system/Database/MySQLi/Connection.php(331): mysqli->query()
#1 /var/www/hosttest.com/system/Database/BaseConnection.php(741): CodeIgniter\Database\MySQLi\Connection->execute()
#2 /var/www/hosttest.com/system/Database/BaseConnection.php(669): CodeIgniter\Database\BaseConnection->simpleQuery()
#3 /var/www/hosttest.com/system/Database/BaseBuilder.php(1860): CodeIgniter\Database\BaseConnection->query()
#4 /var/www/hosttest.com/app/Models/GroceryCrudModel.php(339): CodeIgniter\Database\BaseBuilder->get()
#5 /var/www/hosttest.com/app/Libraries/GroceryCrud.php(1421): App\Models\GroceryCrudModel->get_relation_n_n_selection_array()
#6 /var/www/hosttest.com/app/Libraries/GroceryCrud.php(1397): App\Libraries\grocery_CRUD_Model_Driver->get_relation_n_n_selection_array()
#7 /var/www/hosttest.com/app/Libraries/GroceryCrud.php(1863): App\Libraries\grocery_CRUD_Model_Driver->get_edit_values()
#8 /var/www/hosttest.com/app/Libraries/GroceryCrud.php(4680): App\Libraries\grocery_CRUD_Layout->showReadForm()
#9 /var/www/hosttest.com/app/Controllers/Companies.php(51): App\Libraries\GroceryCrud->render()
#10 /var/www/hosttest.com/system/CodeIgniter.php(926): App\Controllers\Companies->companies()
#11 /var/www/hosttest.com/system/CodeIgniter.php(412): CodeIgniter\CodeIgniter->runController()
#12 /var/www/hosttest.com/system/CodeIgniter.php(320): CodeIgniter\CodeIgniter->handleRequest()
#13 /var/www/hosttest.com/public/index.php(45): CodeIgniter\CodeIgniter->run()
#14 /var/www/hosttest.com/system/Commands/Server/rewrite.php(34): require_once('/var/www/hostte...')
#15 {main}
