CRITICAL - 2020-09-10 02:41:55 --> Invalid argument supplied for foreach()
#0 /opt/lampp/htdocs/grocery-crud-demo/app/Views/example.php(7): CodeIgniter\Debug\Exceptions->errorHandler()
#1 /opt/lampp/htdocs/grocery-crud-demo/system/View/View.php(246): include('/opt/lampp/htdo...')
#2 /opt/lampp/htdocs/grocery-crud-demo/system/Common.php(1119): CodeIgniter\View\View->render()
#3 /opt/lampp/htdocs/grocery-crud-demo/app/Controllers/Examples.php(10): view()
#4 /opt/lampp/htdocs/grocery-crud-demo/system/CodeIgniter.php(926): App\Controllers\Examples->index()
#5 /opt/lampp/htdocs/grocery-crud-demo/system/CodeIgniter.php(412): CodeIgniter\CodeIgniter->runController()
#6 /opt/lampp/htdocs/grocery-crud-demo/system/CodeIgniter.php(320): CodeIgniter\CodeIgniter->handleRequest()
#7 /opt/lampp/htdocs/grocery-crud-demo/public/index.php(45): CodeIgniter\CodeIgniter->run()
#8 /opt/lampp/htdocs/grocery-crud-demo/system/Commands/Server/rewrite.php(34): require_once('/opt/lampp/htdo...')
#9 {main}
CRITICAL - 2020-09-10 02:54:29 --> Invalid argument supplied for foreach()
#0 /opt/lampp/htdocs/grocery-crud-demo/app/Views/example.php(7): CodeIgniter\Debug\Exceptions->errorHandler()
#1 /opt/lampp/htdocs/grocery-crud-demo/system/View/View.php(246): include('/opt/lampp/htdo...')
#2 /opt/lampp/htdocs/grocery-crud-demo/system/Common.php(1119): CodeIgniter\View\View->render()
#3 /opt/lampp/htdocs/grocery-crud-demo/app/Controllers/Examples.php(10): view()
#4 /opt/lampp/htdocs/grocery-crud-demo/system/CodeIgniter.php(926): App\Controllers\Examples->index()
#5 /opt/lampp/htdocs/grocery-crud-demo/system/CodeIgniter.php(412): CodeIgniter\CodeIgniter->runController()
#6 /opt/lampp/htdocs/grocery-crud-demo/system/CodeIgniter.php(320): CodeIgniter\CodeIgniter->handleRequest()
#7 /opt/lampp/htdocs/grocery-crud-demo/public/index.php(45): CodeIgniter\CodeIgniter->run()
#8 /opt/lampp/htdocs/grocery-crud-demo/system/Commands/Server/rewrite.php(34): require_once('/opt/lampp/htdo...')
#9 {main}
CRITICAL - 2020-09-10 03:28:33 --> Invalid argument supplied for foreach()
#0 /opt/lampp/htdocs/grocery-crud-demo/app/Views/example.php(7): CodeIgniter\Debug\Exceptions->errorHandler()
#1 /opt/lampp/htdocs/grocery-crud-demo/system/View/View.php(246): include('/opt/lampp/htdo...')
#2 /opt/lampp/htdocs/grocery-crud-demo/system/Common.php(1119): CodeIgniter\View\View->render()
#3 /opt/lampp/htdocs/grocery-crud-demo/app/Controllers/Examples.php(10): view()
#4 /opt/lampp/htdocs/grocery-crud-demo/system/CodeIgniter.php(926): App\Controllers\Examples->index()
#5 /opt/lampp/htdocs/grocery-crud-demo/system/CodeIgniter.php(412): CodeIgniter\CodeIgniter->runController()
#6 /opt/lampp/htdocs/grocery-crud-demo/system/CodeIgniter.php(320): CodeIgniter\CodeIgniter->handleRequest()
#7 /opt/lampp/htdocs/grocery-crud-demo/public/index.php(45): CodeIgniter\CodeIgniter->run()
#8 /opt/lampp/htdocs/grocery-crud-demo/system/Commands/Server/rewrite.php(34): require_once('/opt/lampp/htdo...')
#9 {main}
CRITICAL - 2020-09-10 03:28:36 --> Invalid argument supplied for foreach()
#0 /opt/lampp/htdocs/grocery-crud-demo/app/Views/example.php(7): CodeIgniter\Debug\Exceptions->errorHandler()
#1 /opt/lampp/htdocs/grocery-crud-demo/system/View/View.php(246): include('/opt/lampp/htdo...')
#2 /opt/lampp/htdocs/grocery-crud-demo/system/Common.php(1119): CodeIgniter\View\View->render()
#3 /opt/lampp/htdocs/grocery-crud-demo/app/Controllers/Examples.php(10): view()
#4 /opt/lampp/htdocs/grocery-crud-demo/system/CodeIgniter.php(926): App\Controllers\Examples->index()
#5 /opt/lampp/htdocs/grocery-crud-demo/system/CodeIgniter.php(412): CodeIgniter\CodeIgniter->runController()
#6 /opt/lampp/htdocs/grocery-crud-demo/system/CodeIgniter.php(320): CodeIgniter\CodeIgniter->handleRequest()
#7 /opt/lampp/htdocs/grocery-crud-demo/public/index.php(45): CodeIgniter\CodeIgniter->run()
#8 /opt/lampp/htdocs/grocery-crud-demo/system/Commands/Server/rewrite.php(34): require_once('/opt/lampp/htdo...')
#9 {main}
CRITICAL - 2020-09-10 03:28:48 --> Invalid file: {0}
#0 /opt/lampp/htdocs/grocery-crud-demo/system/View/View.php(228): CodeIgniter\Exceptions\FrameworkException::forInvalidFile()
#1 /opt/lampp/htdocs/grocery-crud-demo/system/Common.php(1119): CodeIgniter\View\View->render()
#2 /opt/lampp/htdocs/grocery-crud-demo/app/Controllers/Examples.php(10): view()
#3 /opt/lampp/htdocs/grocery-crud-demo/system/CodeIgniter.php(926): App\Controllers\Examples->index()
#4 /opt/lampp/htdocs/grocery-crud-demo/system/CodeIgniter.php(412): CodeIgniter\CodeIgniter->runController()
#5 /opt/lampp/htdocs/grocery-crud-demo/system/CodeIgniter.php(320): CodeIgniter\CodeIgniter->handleRequest()
#6 /opt/lampp/htdocs/grocery-crud-demo/public/index.php(45): CodeIgniter\CodeIgniter->run()
#7 /opt/lampp/htdocs/grocery-crud-demo/system/Commands/Server/rewrite.php(34): require_once('/opt/lampp/htdo...')
#8 {main}
CRITICAL - 2020-09-10 03:39:19 --> Invalid argument supplied for foreach()
#0 /opt/lampp/htdocs/grocery-crud-demo/app/Views/example.php(7): CodeIgniter\Debug\Exceptions->errorHandler()
#1 /opt/lampp/htdocs/grocery-crud-demo/system/View/View.php(246): include('/opt/lampp/htdo...')
#2 /opt/lampp/htdocs/grocery-crud-demo/system/Common.php(1119): CodeIgniter\View\View->render()
#3 /opt/lampp/htdocs/grocery-crud-demo/app/Controllers/Examples.php(10): view()
#4 /opt/lampp/htdocs/grocery-crud-demo/system/CodeIgniter.php(926): App\Controllers\Examples->index()
#5 /opt/lampp/htdocs/grocery-crud-demo/system/CodeIgniter.php(412): CodeIgniter\CodeIgniter->runController()
#6 /opt/lampp/htdocs/grocery-crud-demo/system/CodeIgniter.php(320): CodeIgniter\CodeIgniter->handleRequest()
#7 /opt/lampp/htdocs/grocery-crud-demo/public/index.php(45): CodeIgniter\CodeIgniter->run()
#8 /opt/lampp/htdocs/grocery-crud-demo/system/Commands/Server/rewrite.php(34): require_once('/opt/lampp/htdo...')
#9 {main}
CRITICAL - 2020-09-10 03:42:50 --> Invalid argument supplied for foreach()
#0 /opt/lampp/htdocs/grocery-crud-demo/app/Views/example.php(8): CodeIgniter\Debug\Exceptions->errorHandler()
#1 /opt/lampp/htdocs/grocery-crud-demo/system/View/View.php(246): include('/opt/lampp/htdo...')
#2 /opt/lampp/htdocs/grocery-crud-demo/system/Common.php(1119): CodeIgniter\View\View->render()
#3 /opt/lampp/htdocs/grocery-crud-demo/app/Controllers/Examples.php(10): view()
#4 /opt/lampp/htdocs/grocery-crud-demo/system/CodeIgniter.php(926): App\Controllers\Examples->index()
#5 /opt/lampp/htdocs/grocery-crud-demo/system/CodeIgniter.php(412): CodeIgniter\CodeIgniter->runController()
#6 /opt/lampp/htdocs/grocery-crud-demo/system/CodeIgniter.php(320): CodeIgniter\CodeIgniter->handleRequest()
#7 /opt/lampp/htdocs/grocery-crud-demo/public/index.php(45): CodeIgniter\CodeIgniter->run()
#8 /opt/lampp/htdocs/grocery-crud-demo/system/Commands/Server/rewrite.php(34): require_once('/opt/lampp/htdo...')
#9 {main}
CRITICAL - 2020-09-10 06:14:52 --> Invalid argument supplied for foreach()
#0 /opt/lampp/htdocs/grocery-crud-demo/app/Views/example.php(23): CodeIgniter\Debug\Exceptions->errorHandler()
#1 /opt/lampp/htdocs/grocery-crud-demo/system/View/View.php(246): include('/opt/lampp/htdo...')
#2 /opt/lampp/htdocs/grocery-crud-demo/system/Common.php(1119): CodeIgniter\View\View->render()
#3 /opt/lampp/htdocs/grocery-crud-demo/app/Controllers/Examples.php(9): view()
#4 /opt/lampp/htdocs/grocery-crud-demo/system/CodeIgniter.php(926): App\Controllers\Examples->index()
#5 /opt/lampp/htdocs/grocery-crud-demo/system/CodeIgniter.php(412): CodeIgniter\CodeIgniter->runController()
#6 /opt/lampp/htdocs/grocery-crud-demo/system/CodeIgniter.php(320): CodeIgniter\CodeIgniter->handleRequest()
#7 /opt/lampp/htdocs/grocery-crud-demo/public/index.php(45): CodeIgniter\CodeIgniter->run()
#8 /opt/lampp/htdocs/grocery-crud-demo/system/Commands/Server/rewrite.php(34): require_once('/opt/lampp/htdo...')
#9 {main}
CRITICAL - 2020-09-10 07:21:04 --> Call to a member function tableExists() on null
#0 /opt/lampp/htdocs/grocery-crud-demo/system/CodeIgniter.php(926): App\Controllers\Examples->index()
#1 /opt/lampp/htdocs/grocery-crud-demo/system/CodeIgniter.php(412): CodeIgniter\CodeIgniter->runController()
#2 /opt/lampp/htdocs/grocery-crud-demo/system/CodeIgniter.php(320): CodeIgniter\CodeIgniter->handleRequest()
#3 /opt/lampp/htdocs/grocery-crud-demo/public/index.php(45): CodeIgniter\CodeIgniter->run()
#4 /opt/lampp/htdocs/grocery-crud-demo/system/Commands/Server/rewrite.php(34): require_once('/opt/lampp/htdo...')
#5 {main}
CRITICAL - 2020-09-10 07:21:06 --> Call to a member function tableExists() on null
#0 /opt/lampp/htdocs/grocery-crud-demo/system/CodeIgniter.php(926): App\Controllers\Examples->index()
#1 /opt/lampp/htdocs/grocery-crud-demo/system/CodeIgniter.php(412): CodeIgniter\CodeIgniter->runController()
#2 /opt/lampp/htdocs/grocery-crud-demo/system/CodeIgniter.php(320): CodeIgniter\CodeIgniter->handleRequest()
#3 /opt/lampp/htdocs/grocery-crud-demo/public/index.php(45): CodeIgniter\CodeIgniter->run()
#4 /opt/lampp/htdocs/grocery-crud-demo/system/Commands/Server/rewrite.php(34): require_once('/opt/lampp/htdo...')
#5 {main}
CRITICAL - 2020-09-10 07:21:06 --> Call to a member function tableExists() on null
#0 /opt/lampp/htdocs/grocery-crud-demo/system/CodeIgniter.php(926): App\Controllers\Examples->index()
#1 /opt/lampp/htdocs/grocery-crud-demo/system/CodeIgniter.php(412): CodeIgniter\CodeIgniter->runController()
#2 /opt/lampp/htdocs/grocery-crud-demo/system/CodeIgniter.php(320): CodeIgniter\CodeIgniter->handleRequest()
#3 /opt/lampp/htdocs/grocery-crud-demo/public/index.php(45): CodeIgniter\CodeIgniter->run()
#4 /opt/lampp/htdocs/grocery-crud-demo/system/Commands/Server/rewrite.php(34): require_once('/opt/lampp/htdo...')
#5 {main}
CRITICAL - 2020-09-10 07:21:06 --> Call to a member function tableExists() on null
#0 /opt/lampp/htdocs/grocery-crud-demo/system/CodeIgniter.php(926): App\Controllers\Examples->index()
#1 /opt/lampp/htdocs/grocery-crud-demo/system/CodeIgniter.php(412): CodeIgniter\CodeIgniter->runController()
#2 /opt/lampp/htdocs/grocery-crud-demo/system/CodeIgniter.php(320): CodeIgniter\CodeIgniter->handleRequest()
#3 /opt/lampp/htdocs/grocery-crud-demo/public/index.php(45): CodeIgniter\CodeIgniter->run()
#4 /opt/lampp/htdocs/grocery-crud-demo/system/Commands/Server/rewrite.php(34): require_once('/opt/lampp/htdo...')
#5 {main}
CRITICAL - 2020-09-10 07:21:07 --> Call to a member function tableExists() on null
#0 /opt/lampp/htdocs/grocery-crud-demo/system/CodeIgniter.php(926): App\Controllers\Examples->index()
#1 /opt/lampp/htdocs/grocery-crud-demo/system/CodeIgniter.php(412): CodeIgniter\CodeIgniter->runController()
#2 /opt/lampp/htdocs/grocery-crud-demo/system/CodeIgniter.php(320): CodeIgniter\CodeIgniter->handleRequest()
#3 /opt/lampp/htdocs/grocery-crud-demo/public/index.php(45): CodeIgniter\CodeIgniter->run()
#4 /opt/lampp/htdocs/grocery-crud-demo/system/Commands/Server/rewrite.php(34): require_once('/opt/lampp/htdo...')
#5 {main}
