CRITICAL - 2020-09-24 02:49:02 --> Class 'Companies' not found
#0 /var/www/hosttest.com/system/View/View.php(246): include()
#1 /var/www/hosttest.com/system/Common.php(1119): CodeIgniter\View\View->render()
#2 /var/www/hosttest.com/app/Controllers/Companies.php(62): view()
#3 /var/www/hosttest.com/system/CodeIgniter.php(926): App\Controllers\Companies->booths()
#4 /var/www/hosttest.com/system/CodeIgniter.php(412): CodeIgniter\CodeIgniter->runController()
#5 /var/www/hosttest.com/system/CodeIgniter.php(320): CodeIgniter\CodeIgniter->handleRequest()
#6 /var/www/hosttest.com/public/index.php(45): CodeIgniter\CodeIgniter->run()
#7 /var/www/hosttest.com/system/Commands/Server/rewrite.php(34): require_once('/var/www/hostte...')
#8 {main}
CRITICAL - 2020-09-24 02:50:12 --> Call to undefined function App\Controllers\var_dumo()
#0 /var/www/hosttest.com/app/Views/company/booths.php(9): App\Controllers\Companies->getBooths()
#1 /var/www/hosttest.com/system/View/View.php(246): include('/var/www/hostte...')
#2 /var/www/hosttest.com/system/Common.php(1119): CodeIgniter\View\View->render()
#3 /var/www/hosttest.com/app/Controllers/Companies.php(62): view()
#4 /var/www/hosttest.com/system/CodeIgniter.php(926): App\Controllers\Companies->booths()
#5 /var/www/hosttest.com/system/CodeIgniter.php(412): CodeIgniter\CodeIgniter->runController()
#6 /var/www/hosttest.com/system/CodeIgniter.php(320): CodeIgniter\CodeIgniter->handleRequest()
#7 /var/www/hosttest.com/public/index.php(45): CodeIgniter\CodeIgniter->run()
#8 /var/www/hosttest.com/system/Commands/Server/rewrite.php(34): require_once('/var/www/hostte...')
#9 {main}
CRITICAL - 2020-09-24 02:50:46 --> Undefined variable: output
#0 /var/www/hosttest.com/app/Controllers/Companies.php(71): CodeIgniter\Debug\Exceptions->errorHandler()
#1 /var/www/hosttest.com/app/Views/company/booths.php(9): App\Controllers\Companies->getBooths()
#2 /var/www/hosttest.com/system/View/View.php(246): include('/var/www/hostte...')
#3 /var/www/hosttest.com/system/Common.php(1119): CodeIgniter\View\View->render()
#4 /var/www/hosttest.com/app/Controllers/Companies.php(62): view()
#5 /var/www/hosttest.com/system/CodeIgniter.php(926): App\Controllers\Companies->booths()
#6 /var/www/hosttest.com/system/CodeIgniter.php(412): CodeIgniter\CodeIgniter->runController()
#7 /var/www/hosttest.com/system/CodeIgniter.php(320): CodeIgniter\CodeIgniter->handleRequest()
#8 /var/www/hosttest.com/public/index.php(45): CodeIgniter\CodeIgniter->run()
#9 /var/www/hosttest.com/system/Commands/Server/rewrite.php(34): require_once('/var/www/hostte...')
#10 {main}
CRITICAL - 2020-09-24 03:01:37 --> Object of class mysqli could not be converted to string
#0 /var/www/hosttest.com/app/Views/company/booths.php(9): App\Controllers\Companies->getBooths()
#1 /var/www/hosttest.com/system/View/View.php(246): include('/var/www/hostte...')
#2 /var/www/hosttest.com/system/Common.php(1119): CodeIgniter\View\View->render()
#3 /var/www/hosttest.com/app/Controllers/Companies.php(62): view()
#4 /var/www/hosttest.com/system/CodeIgniter.php(926): App\Controllers\Companies->booths()
#5 /var/www/hosttest.com/system/CodeIgniter.php(412): CodeIgniter\CodeIgniter->runController()
#6 /var/www/hosttest.com/system/CodeIgniter.php(320): CodeIgniter\CodeIgniter->handleRequest()
#7 /var/www/hosttest.com/public/index.php(45): CodeIgniter\CodeIgniter->run()
#8 /var/www/hosttest.com/system/Commands/Server/rewrite.php(34): require_once('/var/www/hostte...')
#9 {main}
CRITICAL - 2020-09-24 03:12:22 --> syntax error, unexpected 'return' (T_RETURN)
#0 /var/www/hosttest.com/system/Router/Router.php(195): CodeIgniter\Router\Router->autoRoute()
#1 /var/www/hosttest.com/system/CodeIgniter.php(801): CodeIgniter\Router\Router->handle()
#2 /var/www/hosttest.com/system/CodeIgniter.php(372): CodeIgniter\CodeIgniter->tryToRouteIt()
#3 /var/www/hosttest.com/system/CodeIgniter.php(320): CodeIgniter\CodeIgniter->handleRequest()
#4 /var/www/hosttest.com/public/index.php(45): CodeIgniter\CodeIgniter->run()
#5 /var/www/hosttest.com/system/Commands/Server/rewrite.php(34): require_once('/var/www/hostte...')
#6 {main}
CRITICAL - 2020-09-24 03:19:51 --> syntax error, unexpected 'echo' (T_ECHO), expecting ';'
#0 /var/www/hosttest.com/system/Router/Router.php(195): CodeIgniter\Router\Router->autoRoute()
#1 /var/www/hosttest.com/system/CodeIgniter.php(801): CodeIgniter\Router\Router->handle()
#2 /var/www/hosttest.com/system/CodeIgniter.php(372): CodeIgniter\CodeIgniter->tryToRouteIt()
#3 /var/www/hosttest.com/system/CodeIgniter.php(320): CodeIgniter\CodeIgniter->handleRequest()
#4 /var/www/hosttest.com/public/index.php(45): CodeIgniter\CodeIgniter->run()
#5 /var/www/hosttest.com/system/Commands/Server/rewrite.php(34): require_once('/var/www/hostte...')
#6 {main}
CRITICAL - 2020-09-24 03:20:02 --> Array to string conversion
#0 /var/www/hosttest.com/app/Controllers/Companies.php(71): CodeIgniter\Debug\Exceptions->errorHandler()
#1 /var/www/hosttest.com/app/Views/company/booths.php(9): App\Controllers\Companies->getBooths()
#2 /var/www/hosttest.com/system/View/View.php(246): include('/var/www/hostte...')
#3 /var/www/hosttest.com/system/Common.php(1119): CodeIgniter\View\View->render()
#4 /var/www/hosttest.com/app/Controllers/Companies.php(62): view()
#5 /var/www/hosttest.com/system/CodeIgniter.php(926): App\Controllers\Companies->booths()
#6 /var/www/hosttest.com/system/CodeIgniter.php(412): CodeIgniter\CodeIgniter->runController()
#7 /var/www/hosttest.com/system/CodeIgniter.php(320): CodeIgniter\CodeIgniter->handleRequest()
#8 /var/www/hosttest.com/public/index.php(45): CodeIgniter\CodeIgniter->run()
#9 /var/www/hosttest.com/system/Commands/Server/rewrite.php(34): require_once('/var/www/hostte...')
#10 {main}
CRITICAL - 2020-09-24 03:21:09 --> Trying to access array offset on value of type int
#0 /var/www/hosttest.com/app/Controllers/Companies.php(71): CodeIgniter\Debug\Exceptions->errorHandler()
#1 /var/www/hosttest.com/app/Views/company/booths.php(9): App\Controllers\Companies->getBooths()
#2 /var/www/hosttest.com/system/View/View.php(246): include('/var/www/hostte...')
#3 /var/www/hosttest.com/system/Common.php(1119): CodeIgniter\View\View->render()
#4 /var/www/hosttest.com/app/Controllers/Companies.php(62): view()
#5 /var/www/hosttest.com/system/CodeIgniter.php(926): App\Controllers\Companies->booths()
#6 /var/www/hosttest.com/system/CodeIgniter.php(412): CodeIgniter\CodeIgniter->runController()
#7 /var/www/hosttest.com/system/CodeIgniter.php(320): CodeIgniter\CodeIgniter->handleRequest()
#8 /var/www/hosttest.com/public/index.php(45): CodeIgniter\CodeIgniter->run()
#9 /var/www/hosttest.com/system/Commands/Server/rewrite.php(34): require_once('/var/www/hostte...')
#10 {main}
CRITICAL - 2020-09-24 03:22:52 --> Trying to get property 'value' of non-object
#0 /var/www/hosttest.com/app/Controllers/Companies.php(71): CodeIgniter\Debug\Exceptions->errorHandler()
#1 /var/www/hosttest.com/app/Views/company/booths.php(9): App\Controllers\Companies->getBooths()
#2 /var/www/hosttest.com/system/View/View.php(246): include('/var/www/hostte...')
#3 /var/www/hosttest.com/system/Common.php(1119): CodeIgniter\View\View->render()
#4 /var/www/hosttest.com/app/Controllers/Companies.php(62): view()
#5 /var/www/hosttest.com/system/CodeIgniter.php(926): App\Controllers\Companies->booths()
#6 /var/www/hosttest.com/system/CodeIgniter.php(412): CodeIgniter\CodeIgniter->runController()
#7 /var/www/hosttest.com/system/CodeIgniter.php(320): CodeIgniter\CodeIgniter->handleRequest()
#8 /var/www/hosttest.com/public/index.php(45): CodeIgniter\CodeIgniter->run()
#9 /var/www/hosttest.com/system/Commands/Server/rewrite.php(34): require_once('/var/www/hostte...')
#10 {main}
CRITICAL - 2020-09-24 03:28:45 --> Undefined variable: id
#0 /var/www/hosttest.com/app/Models/BoothModel.php(45): CodeIgniter\Debug\Exceptions->errorHandler()
#1 /var/www/hosttest.com/app/Controllers/Companies.php(68): App\Models\BoothModel->getBoothsByCompanyId()
#2 /var/www/hosttest.com/app/Views/company/booths.php(9): App\Controllers\Companies->getBooths()
#3 /var/www/hosttest.com/system/View/View.php(246): include('/var/www/hostte...')
#4 /var/www/hosttest.com/system/Common.php(1119): CodeIgniter\View\View->render()
#5 /var/www/hosttest.com/app/Controllers/Companies.php(62): view()
#6 /var/www/hosttest.com/system/CodeIgniter.php(926): App\Controllers\Companies->booths()
#7 /var/www/hosttest.com/system/CodeIgniter.php(412): CodeIgniter\CodeIgniter->runController()
#8 /var/www/hosttest.com/system/CodeIgniter.php(320): CodeIgniter\CodeIgniter->handleRequest()
#9 /var/www/hosttest.com/public/index.php(45): CodeIgniter\CodeIgniter->run()
#10 /var/www/hosttest.com/system/Commands/Server/rewrite.php(34): require_once('/var/www/hostte...')
#11 {main}
CRITICAL - 2020-09-24 03:28:52 --> Undefined variable: id
#0 /var/www/hosttest.com/app/Models/BoothModel.php(45): CodeIgniter\Debug\Exceptions->errorHandler()
#1 /var/www/hosttest.com/app/Controllers/Companies.php(68): App\Models\BoothModel->getBoothsByCompanyId()
#2 /var/www/hosttest.com/app/Views/company/booths.php(9): App\Controllers\Companies->getBooths()
#3 /var/www/hosttest.com/system/View/View.php(246): include('/var/www/hostte...')
#4 /var/www/hosttest.com/system/Common.php(1119): CodeIgniter\View\View->render()
#5 /var/www/hosttest.com/app/Controllers/Companies.php(62): view()
#6 /var/www/hosttest.com/system/CodeIgniter.php(926): App\Controllers\Companies->booths()
#7 /var/www/hosttest.com/system/CodeIgniter.php(412): CodeIgniter\CodeIgniter->runController()
#8 /var/www/hosttest.com/system/CodeIgniter.php(320): CodeIgniter\CodeIgniter->handleRequest()
#9 /var/www/hosttest.com/public/index.php(45): CodeIgniter\CodeIgniter->run()
#10 /var/www/hosttest.com/system/Commands/Server/rewrite.php(34): require_once('/var/www/hostte...')
#11 {main}
CRITICAL - 2020-09-24 03:32:26 --> Trying to access array offset on value of type int
#0 /var/www/hosttest.com/app/Controllers/Companies.php(71): CodeIgniter\Debug\Exceptions->errorHandler()
#1 /var/www/hosttest.com/app/Views/company/booths.php(9): App\Controllers\Companies->getBooths()
#2 /var/www/hosttest.com/system/View/View.php(246): include('/var/www/hostte...')
#3 /var/www/hosttest.com/system/Common.php(1119): CodeIgniter\View\View->render()
#4 /var/www/hosttest.com/app/Controllers/Companies.php(62): view()
#5 /var/www/hosttest.com/system/CodeIgniter.php(926): App\Controllers\Companies->booths()
#6 /var/www/hosttest.com/system/CodeIgniter.php(412): CodeIgniter\CodeIgniter->runController()
#7 /var/www/hosttest.com/system/CodeIgniter.php(320): CodeIgniter\CodeIgniter->handleRequest()
#8 /var/www/hosttest.com/public/index.php(45): CodeIgniter\CodeIgniter->run()
#9 /var/www/hosttest.com/system/Commands/Server/rewrite.php(34): require_once('/var/www/hostte...')
#10 {main}
CRITICAL - 2020-09-24 06:59:27 --> Class 'App\Controllers\IonAuth' not found
#0 /var/www/hosttest.com/system/CodeIgniter.php(898): App\Controllers\Owner->__construct()
#1 /var/www/hosttest.com/system/CodeIgniter.php(407): CodeIgniter\CodeIgniter->createController()
#2 /var/www/hosttest.com/system/CodeIgniter.php(320): CodeIgniter\CodeIgniter->handleRequest()
#3 /var/www/hosttest.com/public/index.php(45): CodeIgniter\CodeIgniter->run()
#4 /var/www/hosttest.com/system/Commands/Server/rewrite.php(34): require_once('/var/www/hostte...')
#5 {main}
CRITICAL - 2020-09-24 06:59:56 --> Call to undefined method App\Controllers\Owner::logged_in()
#0 /var/www/hosttest.com/system/CodeIgniter.php(898): App\Controllers\Owner->__construct()
#1 /var/www/hosttest.com/system/CodeIgniter.php(407): CodeIgniter\CodeIgniter->createController()
#2 /var/www/hosttest.com/system/CodeIgniter.php(320): CodeIgniter\CodeIgniter->handleRequest()
#3 /var/www/hosttest.com/public/index.php(45): CodeIgniter\CodeIgniter->run()
#4 /var/www/hosttest.com/system/Commands/Server/rewrite.php(34): require_once('/var/www/hostte...')
#5 {main}
CRITICAL - 2020-09-24 07:03:06 --> Call to undefined method App\Controllers\Owner::logged_in()
#0 /var/www/hosttest.com/system/CodeIgniter.php(926): App\Controllers\Owner->index()
#1 /var/www/hosttest.com/system/CodeIgniter.php(412): CodeIgniter\CodeIgniter->runController()
#2 /var/www/hosttest.com/system/CodeIgniter.php(320): CodeIgniter\CodeIgniter->handleRequest()
#3 /var/www/hosttest.com/public/index.php(45): CodeIgniter\CodeIgniter->run()
#4 /var/www/hosttest.com/system/Commands/Server/rewrite.php(34): require_once('/var/www/hostte...')
#5 {main}
CRITICAL - 2020-09-24 07:03:08 --> Call to undefined method App\Controllers\Owner::logged_in()
#0 /var/www/hosttest.com/system/CodeIgniter.php(926): App\Controllers\Owner->index()
#1 /var/www/hosttest.com/system/CodeIgniter.php(412): CodeIgniter\CodeIgniter->runController()
#2 /var/www/hosttest.com/system/CodeIgniter.php(320): CodeIgniter\CodeIgniter->handleRequest()
#3 /var/www/hosttest.com/public/index.php(45): CodeIgniter\CodeIgniter->run()
#4 /var/www/hosttest.com/system/Commands/Server/rewrite.php(34): require_once('/var/www/hostte...')
#5 {main}
CRITICAL - 2020-09-24 07:03:16 --> Undefined variable: id
#0 /var/www/hosttest.com/app/Controllers/Owner.php(37): CodeIgniter\Debug\Exceptions->errorHandler()
#1 /var/www/hosttest.com/system/CodeIgniter.php(926): App\Controllers\Owner->index()
#2 /var/www/hosttest.com/system/CodeIgniter.php(412): CodeIgniter\CodeIgniter->runController()
#3 /var/www/hosttest.com/system/CodeIgniter.php(320): CodeIgniter\CodeIgniter->handleRequest()
#4 /var/www/hosttest.com/public/index.php(45): CodeIgniter\CodeIgniter->run()
#5 /var/www/hosttest.com/system/Commands/Server/rewrite.php(34): require_once('/var/www/hostte...')
#6 {main}
CRITICAL - 2020-09-24 07:06:46 --> Undefined variable: view
#0 /var/www/hosttest.com/app/Controllers/Owner.php(38): CodeIgniter\Debug\Exceptions->errorHandler()
#1 /var/www/hosttest.com/system/CodeIgniter.php(926): App\Controllers\Owner->index()
#2 /var/www/hosttest.com/system/CodeIgniter.php(412): CodeIgniter\CodeIgniter->runController()
#3 /var/www/hosttest.com/system/CodeIgniter.php(320): CodeIgniter\CodeIgniter->handleRequest()
#4 /var/www/hosttest.com/public/index.php(45): CodeIgniter\CodeIgniter->run()
#5 /var/www/hosttest.com/system/Commands/Server/rewrite.php(34): require_once('/var/www/hostte...')
#6 {main}
CRITICAL - 2020-09-24 07:08:27 --> Undefined property: App\Controllers\Owner::$load
#0 /var/www/hosttest.com/app/Controllers/Owner.php(38): CodeIgniter\Debug\Exceptions->errorHandler()
#1 /var/www/hosttest.com/system/CodeIgniter.php(926): App\Controllers\Owner->index()
#2 /var/www/hosttest.com/system/CodeIgniter.php(412): CodeIgniter\CodeIgniter->runController()
#3 /var/www/hosttest.com/system/CodeIgniter.php(320): CodeIgniter\CodeIgniter->handleRequest()
#4 /var/www/hosttest.com/public/index.php(45): CodeIgniter\CodeIgniter->run()
#5 /var/www/hosttest.com/system/Commands/Server/rewrite.php(34): require_once('/var/www/hostte...')
#6 {main}
CRITICAL - 2020-09-24 07:09:46 --> Undefined variable: data
#0 /var/www/hosttest.com/app/Views/client/index.php(2): CodeIgniter\Debug\Exceptions->errorHandler()
#1 /var/www/hosttest.com/system/View/View.php(246): include('/var/www/hostte...')
#2 /var/www/hosttest.com/system/Common.php(1119): CodeIgniter\View\View->render()
#3 /var/www/hosttest.com/app/Controllers/Owner.php(38): view()
#4 /var/www/hosttest.com/system/CodeIgniter.php(926): App\Controllers\Owner->index()
#5 /var/www/hosttest.com/system/CodeIgniter.php(412): CodeIgniter\CodeIgniter->runController()
#6 /var/www/hosttest.com/system/CodeIgniter.php(320): CodeIgniter\CodeIgniter->handleRequest()
#7 /var/www/hosttest.com/public/index.php(45): CodeIgniter\CodeIgniter->run()
#8 /var/www/hosttest.com/system/Commands/Server/rewrite.php(34): require_once('/var/www/hostte...')
#9 {main}
CRITICAL - 2020-09-24 07:34:46 --> Call to a member function table() on null
#0 /var/www/hosttest.com/app/Controllers/Owner.php(36): App\Models\UserModel->getUserData()
#1 /var/www/hosttest.com/system/CodeIgniter.php(926): App\Controllers\Owner->index()
#2 /var/www/hosttest.com/system/CodeIgniter.php(412): CodeIgniter\CodeIgniter->runController()
#3 /var/www/hosttest.com/system/CodeIgniter.php(320): CodeIgniter\CodeIgniter->handleRequest()
#4 /var/www/hosttest.com/public/index.php(45): CodeIgniter\CodeIgniter->run()
#5 /var/www/hosttest.com/system/Commands/Server/rewrite.php(34): require_once('/var/www/hostte...')
#6 {main}
CRITICAL - 2020-09-24 07:36:00 --> Undefined variable: db
#0 /var/www/hosttest.com/app/Models/UserModel.php(39): CodeIgniter\Debug\Exceptions->errorHandler()
#1 /var/www/hosttest.com/app/Controllers/Owner.php(36): App\Models\UserModel->getUserData()
#2 /var/www/hosttest.com/system/CodeIgniter.php(926): App\Controllers\Owner->index()
#3 /var/www/hosttest.com/system/CodeIgniter.php(412): CodeIgniter\CodeIgniter->runController()
#4 /var/www/hosttest.com/system/CodeIgniter.php(320): CodeIgniter\CodeIgniter->handleRequest()
#5 /var/www/hosttest.com/public/index.php(45): CodeIgniter\CodeIgniter->run()
#6 /var/www/hosttest.com/system/Commands/Server/rewrite.php(34): require_once('/var/www/hostte...')
#7 {main}
CRITICAL - 2020-09-24 07:36:48 --> Undefined index: 
#0 /var/www/hosttest.com/app/Views/client/index.php(5): CodeIgniter\Debug\Exceptions->errorHandler()
#1 /var/www/hosttest.com/system/View/View.php(246): include('/var/www/hostte...')
#2 /var/www/hosttest.com/system/Common.php(1119): CodeIgniter\View\View->render()
#3 /var/www/hosttest.com/app/Controllers/Owner.php(38): view()
#4 /var/www/hosttest.com/system/CodeIgniter.php(926): App\Controllers\Owner->index()
#5 /var/www/hosttest.com/system/CodeIgniter.php(412): CodeIgniter\CodeIgniter->runController()
#6 /var/www/hosttest.com/system/CodeIgniter.php(320): CodeIgniter\CodeIgniter->handleRequest()
#7 /var/www/hosttest.com/public/index.php(45): CodeIgniter\CodeIgniter->run()
#8 /var/www/hosttest.com/system/Commands/Server/rewrite.php(34): require_once('/var/www/hostte...')
#9 {main}
CRITICAL - 2020-09-24 07:54:07 --> Cannot use object of type CodeIgniter\Database\MySQLi\Result as array
#0 /var/www/hosttest.com/app/Controllers/Owner.php(36): App\Models\UserModel->getUserData()
#1 /var/www/hosttest.com/system/CodeIgniter.php(926): App\Controllers\Owner->index()
#2 /var/www/hosttest.com/system/CodeIgniter.php(412): CodeIgniter\CodeIgniter->runController()
#3 /var/www/hosttest.com/system/CodeIgniter.php(320): CodeIgniter\CodeIgniter->handleRequest()
#4 /var/www/hosttest.com/public/index.php(45): CodeIgniter\CodeIgniter->run()
#5 /var/www/hosttest.com/system/Commands/Server/rewrite.php(34): require_once('/var/www/hostte...')
#6 {main}
CRITICAL - 2020-09-24 07:55:57 --> Cannot use object of type CodeIgniter\Database\MySQLi\Result as array
#0 /var/www/hosttest.com/app/Controllers/Owner.php(36): App\Models\UserModel->getUserData()
#1 /var/www/hosttest.com/system/CodeIgniter.php(926): App\Controllers\Owner->index()
#2 /var/www/hosttest.com/system/CodeIgniter.php(412): CodeIgniter\CodeIgniter->runController()
#3 /var/www/hosttest.com/system/CodeIgniter.php(320): CodeIgniter\CodeIgniter->handleRequest()
#4 /var/www/hosttest.com/public/index.php(45): CodeIgniter\CodeIgniter->run()
#5 /var/www/hosttest.com/system/Commands/Server/rewrite.php(34): require_once('/var/www/hostte...')
#6 {main}
